loading model from  ./temp/adult/adult_train1_data/adult_train1_data_nbestim_25_maxdepth_3_testsplit_0.0.mod.pkl
loading data from  ./temp/adult/adult_train1_data/adult_train1_data_nbestim_25_maxdepth_3_testsplit_0.0.mod.pkl.splitdata.pkl

inst: 0
  explaining: Age = Age > 48.00 AND Workclass = Self-emp-not-inc AND Education = High School grad AND Marital Status = Married AND Occupation = Sales AND Relationship = Husband AND Race = White AND Sex = Male AND Capital Gain = High AND Capital Loss = None AND Hours per week = 40.00 < Hours per week <= 45.00 AND Country = United-States
  expl: [0, 1, 2, 3, 4, 5, 7, 8, 9, 10, 11]
  lit2imprt: {0: 0.12032441794872284, 1: -0.4397021620097803, 2: -0.1396004355046898, 3: 0.44945959048345685, 4: -0.011144828284159303, 5: 0.07119831955060363, 7: 0.04972740635275841, 8: 3.1822428703308105, 9: -0.03318977169692516, 10: 0.1920283194631338, 11: 0.003155283018713817}
  time: 0.02

inst: 1
  explaining: Age = 28.00 < Age <= 37.00 AND Workclass = Private AND Education = Dropout AND Marital Status = Married AND Occupation = Blue-Collar AND Relationship = Husband AND Race = White AND Sex = Male AND Capital Gain = None AND Capital Loss = None AND Hours per week = Hours per week <= 40.00 AND Country = Latin-America
  expl: [0, 1, 2, 3, 4, 5, 7, 8, 9, 10, 11]
  lit2imprt: {0: 0.08268708328250796, 1: -0.02014389522082638, 2: -0.9619164553005248, 3: 0.6134888578671962, 4: -0.23184131779999007, 5: 0.09782221773639321, 7: 0.057231590151786804, 8: -0.23358750343322754, 9: -0.10649573802947998, 10: -0.18342105578631163, 11: -0.5152390333532821}
  time: 0.03

inst: 2
  explaining: Age = 37.00 < Age <= 48.00 AND Workclass = Local-gov AND Education = Bachelors AND Marital Status = Separated AND Occupation = Other AND Relationship = Unmarried AND Race = White AND Sex = Female AND Capital Gain = None AND Capital Loss = None AND Hours per week = Hours per week <= 40.00 AND Country = United-States
  expl: [0, 1, 2, 3, 4, 5, 7, 8, 9, 10, 11]
  lit2imprt: {0: 0.2859381918096915, 1: -0.021370012313127518, 2: 0.3182240892201662, 3: -0.9322979401331395, 4: 0.2885066033777548, 5: -0.07789791468530893, 7: -0.13959360122680664, 8: -0.2571656294167042, 9: -0.06886301934719086, 10: -0.2900836020708084, 11: 0.002880712621845305}
  time: 0.02

inst: 3
  explaining: Age = Age > 48.00 AND Workclass = ? AND Education = Dropout AND Marital Status = Separated AND Occupation = ? AND Relationship = Not-in-family AND Race = White AND Sex = Male AND Capital Gain = None AND Capital Loss = None AND Hours per week = Hours per week <= 40.00 AND Country = United-States
  expl: [0, 1, 2, 3, 4, 5, 7, 8, 9, 10, 11]
  lit2imprt: {0: 0.22906556690577418, 1: -0.027866724951309152, 2: -0.5870739398524165, 3: -0.7287507008295506, 4: -0.25398968388617504, 5: 0.025190450716763735, 7: 0.08918504416942596, 8: -0.23366541787981987, 9: -0.07174741476774216, 10: -0.27504778653383255, 11: 0.0407132827967871}
  time: 0.03

inst: 4
  explaining: Age = Age > 48.00 AND Workclass = Private AND Education = High School grad AND Marital Status = Married AND Occupation = Sales AND Relationship = Husband AND Race = White AND Sex = Male AND Capital Gain = None AND Capital Loss = None AND Hours per week = Hours per week > 45.00 AND Country = United-States
  expl: [0, 1, 2, 3, 4, 5, 7, 8, 9, 10, 11]
  lit2imprt: {0: 0.18067223858088255, 1: -0.0024278213240904734, 2: -0.18596268282271922, 3: 0.7478318123612553, 4: -0.035480765043757856, 5: 0.07098413910716772, 7: 0.030170071870088577, 8: -0.2345094084739685, 9: -0.08577773533761501, 10: 0.3159952275454998, 11: 0.01804478935082443}
  time: 0.03

inst: 5
  explaining: Age = Age <= 28.00 AND Workclass = Private AND Education = High School grad AND Marital Status = Never-Married AND Occupation = Service AND Relationship = Own-child AND Race = White AND Sex = Male AND Capital Gain = None AND Capital Loss = None AND Hours per week = Hours per week <= 40.00 AND Country = United-States
  expl: [0, 1, 2, 3, 4, 5, 7, 8, 9, 10, 11]
  lit2imprt: {0: -0.8234790933784097, 1: -0.005250501038972288, 2: -0.21191209880635142, 3: -1.03789048246108, 4: -0.5354725154611515, 5: -0.7171033549821004, 7: 0.04722488671541214, 8: -0.25793639570474625, 9: -0.10459878668189049, 10: -0.24926509708166122, 11: 0.01804478935082443}
  time: 0.03

inst: 6
  explaining: Age = Age <= 28.00 AND Workclass = Federal-gov AND Education = High School grad AND Marital Status = Never-Married AND Occupation = Admin AND Relationship = Own-child AND Race = Black AND Sex = Female AND Capital Gain = None AND Capital Loss = None AND Hours per week = Hours per week <= 40.00 AND Country = United-States
  expl: [0, 1, 2, 3, 4, 5, 7, 8, 9, 10, 11]
  lit2imprt: {0: -0.9405494106467813, 1: 0.2467628376907669, 2: -0.1974458871409297, 3: -1.1319131141062826, 4: -0.08065392014395911, 5: -0.7629261378897354, 7: -0.13959360122680664, 8: -0.25792496278882027, 9: -0.07345895282924175, 10: -0.259855717420578, 11: 0.01771603978704661}
  time: 0.03

inst: 7
  explaining: Age = Age > 48.00 AND Workclass = Self-emp-not-inc AND Education = Masters AND Marital Status = Married AND Occupation = Professional AND Relationship = Husband AND Race = White AND Sex = Male AND Capital Gain = None AND Capital Loss = None AND Hours per week = Hours per week <= 40.00 AND Country = ?
  expl: [0, 1, 2, 3, 4, 5, 7, 8, 9, 10, 11]
  lit2imprt: {0: 0.19653160293819383, 1: -0.05473878401971888, 2: 0.33752583782188594, 3: 0.8601606697193347, 4: 0.1675527585175587, 5: 0.052014502231031656, 7: 0.05346189811825752, 8: -0.2088823150843382, 9: -0.09307572990655899, 10: -0.18342105578631163, 11: -0.014100430649705231}
  time: 0.03

inst: 8
  explaining: Age = 28.00 < Age <= 37.00 AND Workclass = Private AND Education = Associates AND Marital Status = Married AND Occupation = Blue-Collar AND Relationship = Husband AND Race = White AND Sex = Male AND Capital Gain = None AND Capital Loss = None AND Hours per week = Hours per week <= 40.00 AND Country = United-States
  expl: [0, 1, 2, 3, 4, 5, 7, 8, 9, 10, 11]
  lit2imprt: {0: 0.03780450264457613, 1: 0.002467997095664032, 2: 0.14622548292391002, 3: 0.8083154011983424, 4: -0.23668174580961931, 5: 0.09431892167776823, 7: 0.04945550113916397, 8: -0.23246222734451294, 9: -0.09988297522068024, 10: -0.18342105578631163, 11: 0.01804478935082443}
  time: 0.02

inst: 9
  explaining: Age = Age <= 28.00 AND Workclass = Private AND Education = High School grad AND Marital Status = Separated AND Occupation = Blue-Collar AND Relationship = Own-child AND Race = White AND Sex = Female AND Capital Gain = None AND Capital Loss = None AND Hours per week = Hours per week <= 40.00 AND Country = Latin-America
  expl: [0, 1, 2, 3, 4, 5, 7, 8, 9, 10, 11]
  lit2imprt: {0: -0.9405494106467813, 1: -0.02062282111728564, 2: -0.19135248707607388, 3: -1.0312811087351292, 4: -0.16194609874219168, 5: -0.7500214473111555, 7: -0.13726404309272766, 8: -0.2749042883515358, 9: -0.10008496604859829, 10: -0.301969438791275, 11: -0.44944111024960876}
  time: 0.02

inst: 10
  explaining: Age = 37.00 < Age <= 48.00 AND Workclass = State-gov AND Education = High School grad AND Marital Status = Never-Married AND Occupation = Other AND Relationship = Not-in-family AND Race = White AND Sex = Male AND Capital Gain = None AND Capital Loss = None AND Hours per week = Hours per week <= 40.00 AND Country = United-States
  expl: [0, 1, 2, 3, 4, 5, 7, 8, 9, 10, 11]
  lit2imprt: {0: 0.26307437219657004, 1: -0.021020404019509442, 2: -0.2839625091291964, 3: -1.0159415488597006, 4: 0.30470261959999334, 5: 0.0476829600520432, 7: 0.06433941423892975, 8: -0.24499833770096302, 9: -0.062202343717217445, 10: -0.246218241751194, 11: 0.0032094621856231242}
  time: 0.03

inst: 11
  explaining: Age = Age > 48.00 AND Workclass = Federal-gov AND Education = High School grad AND Marital Status = Married AND Occupation = Admin AND Relationship = Husband AND Race = White AND Sex = Male AND Capital Gain = Low AND Capital Loss = None AND Hours per week = Hours per week <= 40.00 AND Country = United-States
  expl: [0, 1, 2, 3, 4, 5, 7, 8, 9, 10, 11]
  lit2imprt: {0: 0.18278347980231047, 1: 0.264878197296639, 2: -0.19014900806359947, 3: 0.8995999344624579, 4: -0.04825720221560914, 5: 0.0854008155874908, 7: 0.04972740635275841, 8: 0.08212682604789734, 9: -0.060834987089037895, 10: -0.17013687919825315, 11: 0.017844119138317183}
  time: 0.03

inst: 12
  explaining: Age = 37.00 < Age <= 48.00 AND Workclass = Private AND Education = Bachelors AND Marital Status = Married AND Occupation = Other AND Relationship = Husband AND Race = White AND Sex = Male AND Capital Gain = High AND Capital Loss = None AND Hours per week = Hours per week <= 40.00 AND Country = United-States
  expl: [0, 1, 2, 3, 4, 5, 7, 8, 9, 10, 11]
  lit2imprt: {0: 0.18878934206441045, 1: 0.05222667846828699, 2: 0.27370850183069706, 3: 0.4759246646426618, 4: 0.36296550153929275, 5: 0.08855053456500173, 7: 0.04972740635275841, 8: 3.6326257586479187, 9: -0.0463299173861742, 10: -0.14193935133516788, 11: 0.003008792089531198}
  time: 0.02

inst: 13
  explaining: Age = Age > 48.00 AND Workclass = Self-emp-inc AND Education = High School grad AND Marital Status = Married AND Occupation = Sales AND Relationship = Husband AND Race = White AND Sex = Male AND Capital Gain = None AND Capital Loss = High AND Hours per week = Hours per week <= 40.00 AND Country = United-States
  expl: [0, 1, 2, 3, 4, 5, 7, 8, 9, 10, 11]
  lit2imprt: {0: 0.153167518787086, 1: -0.059066050889668986, 2: -0.3110782173462212, 3: 0.8584057141561061, 4: -0.029709522845223546, 5: 0.05827052239328623, 7: 0.04945550113916397, 8: -0.20906916819512844, 9: 0.9270833134651184, 10: -0.18108608853071928, 11: 0.01804478935082443}
  time: 0.03

inst: 14
  explaining: Age = 28.00 < Age <= 37.00 AND Workclass = Private AND Education = Associates AND Marital Status = Married AND Occupation = Professional AND Relationship = Husband AND Race = White AND Sex = Male AND Capital Gain = None AND Capital Loss = None AND Hours per week = Hours per week > 45.00 AND Country = United-States
  expl: [0, 1, 2, 3, 4, 5, 7, 8, 9, 10, 11]
  lit2imprt: {0: 0.03569327632430941, 1: -0.0026422220253152773, 2: 0.13444359018467367, 3: 0.7252548842225224, 4: 0.16756362332671415, 5: 0.05820850096642971, 7: 0.030170071870088577, 8: -0.2273084670305252, 9: -0.09933169931173325, 10: 0.3159952275454998, 11: 0.01804478935082443}
  time: 0.03

inst: 15
  explaining: Age = Age <= 28.00 AND Workclass = Local-gov AND Education = Bachelors AND Marital Status = Married AND Occupation = Professional AND Relationship = Husband AND Race = White AND Sex = Male AND Capital Gain = None AND Capital Loss = None AND Hours per week = Hours per week <= 40.00 AND Country = United-States
  expl: [0, 1, 2, 3, 4, 5, 7, 8, 9, 10, 11]
  lit2imprt: {0: -0.7519970875000581, 1: -0.02662318872171454, 2: 0.3132828283123672, 3: 0.9868365575093776, 4: 0.15857591158419382, 5: 0.03091546252835542, 7: 0.04945550113916397, 8: -0.23040340095758438, 9: -0.10924780182540417, 10: -0.19310231041163206, 11: 0.01804478935082443}
  time: 0.02

inst: 16
  explaining: Age = Age > 48.00 AND Workclass = Federal-gov AND Education = Bachelors AND Marital Status = Separated AND Occupation = Professional AND Relationship = Unmarried AND Race = Black AND Sex = Female AND Capital Gain = None AND Capital Loss = None AND Hours per week = Hours per week <= 40.00 AND Country = United-States
  expl: [0, 1, 2, 3, 4, 5, 7, 8, 9, 10, 11]
  lit2imprt: {0: 0.2623626288259402, 1: 0.24724561674520373, 2: 0.310274017509073, 3: -0.9322979401331395, 4: 0.19538643820851576, 5: -0.04772151913493872, 7: -0.13959360122680664, 8: -0.256150770932436, 9: -0.06364326179027557, 10: -0.27679942548274994, 11: 0.01771603978704661}
  time: 0.02

inst: 17
  explaining: Age = Age > 48.00 AND Workclass = Local-gov AND Education = Bachelors AND Marital Status = Separated AND Occupation = Professional AND Relationship = Unmarried AND Race = Black AND Sex = Female AND Capital Gain = None AND Capital Loss = None AND Hours per week = Hours per week <= 40.00 AND Country = United-States
  expl: [0, 1, 2, 3, 4, 5, 7, 8, 9, 10, 11]
  lit2imprt: {0: 0.2623626288259402, 1: -0.02140097925439477, 2: 0.310274017509073, 3: -0.9322979401331395, 4: 0.17920282161503565, 5: -0.0495991138741374, 7: -0.13959360122680664, 8: -0.2570418305695057, 9: -0.06886301934719086, 10: -0.2900836020708084, 11: 0.01771603978704661}
  time: 0.03

inst: 18
  explaining: Age = Age > 48.00 AND Workclass = Private AND Education = Masters AND Marital Status = Married AND Occupation = White-Collar AND Relationship = Husband AND Race = Asian-Pac-Islander AND Sex = Male AND Capital Gain = Low AND Capital Loss = None AND Hours per week = Hours per week <= 40.00 AND Country = SE-Asia
  expl: [0, 1, 2, 3, 4, 5, 7, 8, 9, 10, 11]
  lit2imprt: {0: 0.18935701588634402, 1: 0.03974843416654039, 2: 0.5004873198922724, 3: 0.8740469464100897, 4: 0.5240934590692632, 5: 0.06447416404262185, 7: 0.04890910163521767, 8: 0.09029926359653473, 9: -0.09088184684515, 10: -0.183906982652843, 11: 0.012297305307583883}
  time: 0.02

inst: 19
  explaining: Age = Age > 48.00 AND Workclass = Private AND Education = High School grad AND Marital Status = Married AND Occupation = Blue-Collar AND Relationship = Husband AND Race = White AND Sex = Male AND Capital Gain = None AND Capital Loss = None AND Hours per week = Hours per week <= 40.00 AND Country = United-States
  expl: [0, 1, 2, 3, 4, 5, 7, 8, 9, 10, 11]
  lit2imprt: {0: 0.18278347980231047, 1: 0.0026823977968888357, 2: -0.18999060173518956, 3: 0.8308923889417201, 4: -0.22853742675215472, 5: 0.07457835553213954, 7: 0.04945550113916397, 8: -0.23966315388679504, 9: -0.086329011246562, 10: -0.18342105578631163, 11: 0.01804478935082443}
  time: 0.03

inst: 20
  explaining: Age = 28.00 < Age <= 37.00 AND Workclass = Private AND Education = High School grad AND Marital Status = Married AND Occupation = Blue-Collar AND Relationship = Husband AND Race = White AND Sex = Male AND Capital Gain = None AND Capital Loss = None AND Hours per week = Hours per week <= 40.00 AND Country = United-States
  expl: [0, 1, 2, 3, 4, 5, 7, 8, 9, 10, 11]
  lit2imprt: {0: 0.021847378695383668, 1: 0.002467997095664032, 2: -0.19674654048867524, 3: 0.8315081645268947, 4: -0.224477419120376, 5: 0.0880323015153408, 7: 0.04945550113916397, 8: -0.23978693783283234, 9: -0.086329011246562, 10: -0.18342105578631163, 11: 0.01804478935082443}
  time: 0.02

inst: 21
  explaining: Age = Age <= 28.00 AND Workclass = Private AND Education = High School grad AND Marital Status = Never-Married AND Occupation = Admin AND Relationship = Not-in-family AND Race = White AND Sex = Female AND Capital Gain = None AND Capital Loss = None AND Hours per week = Hours per week <= 40.00 AND Country = United-States
  expl: [0, 1, 2, 3, 4, 5, 7, 8, 9, 10, 11]
  lit2imprt: {0: -0.9405494106467813, 1: -0.005252431670669466, 2: -0.2434624945744872, 3: -1.1310426478739828, 4: -0.14163851861667354, 5: -0.039623004267923534, 7: -0.1742280125617981, 8: -0.24440252408385277, 9: -0.07058265618979931, 10: -0.2449575513601303, 11: 0.01771603978704661}
  time: 0.03

inst: 22
  explaining: Age = Age <= 28.00 AND Workclass = Self-emp-not-inc AND Education = High School grad AND Marital Status = Married AND Occupation = White-Collar AND Relationship = Husband AND Race = White AND Sex = Male AND Capital Gain = None AND Capital Loss = None AND Hours per week = Hours per week <= 40.00 AND Country = United-States
  expl: [0, 1, 2, 3, 4, 5, 7, 8, 9, 10, 11]
  lit2imprt: {0: -0.6629414348280989, 1: -0.17655021129758097, 2: -0.16784123796969652, 3: 1.0432293624035083, 4: 0.29373083385871723, 5: 0.04415809328202158, 7: 0.04945550113916397, 8: -0.21695920079946518, 9: -0.09569383598864079, 10: -0.19358823727816343, 11: 0.0030181290640030056}
  time: 0.03

inst: 23
  explaining: Age = 28.00 < Age <= 37.00 AND Workclass = Private AND Education = High School grad AND Marital Status = Married AND Occupation = Blue-Collar AND Relationship = Husband AND Race = White AND Sex = Male AND Capital Gain = None AND Capital Loss = None AND Hours per week = Hours per week <= 40.00 AND Country = United-States
  expl: [0, 1, 2, 3, 4, 5, 7, 8, 9, 10, 11]
  lit2imprt: {0: 0.021847378695383668, 1: 0.002467997095664032, 2: -0.19674654048867524, 3: 0.8315081645268947, 4: -0.224477419120376, 5: 0.0880323015153408, 7: 0.04945550113916397, 8: -0.23978693783283234, 9: -0.086329011246562, 10: -0.18342105578631163, 11: 0.01804478935082443}
  time: 0.02

inst: 24
  explaining: Age = 28.00 < Age <= 37.00 AND Workclass = State-gov AND Education = Bachelors AND Marital Status = Married AND Occupation = White-Collar AND Relationship = Husband AND Race = White AND Sex = Male AND Capital Gain = None AND Capital Loss = None AND Hours per week = Hours per week <= 40.00 AND Country = United-States
  expl: [0, 1, 2, 3, 4, 5, 7, 8, 9, 10, 11]
  lit2imprt: {0: 0.020733687677420676, 1: -0.03830150220892392, 2: 0.30673480965197086, 3: 0.8593025256413966, 4: 0.3234520678524859, 5: 0.0645013116300106, 7: 0.04945550113916397, 8: -0.24005873873829842, 9: -0.09307572990655899, 10: -0.183906982652843, 11: 0.020304945326643065}
  time: 0.02

inst: 25
  explaining: Age = 37.00 < Age <= 48.00 AND Workclass = Self-emp-not-inc AND Education = Bachelors AND Marital Status = Married AND Occupation = Sales AND Relationship = Husband AND Race = White AND Sex = Male AND Capital Gain = None AND Capital Loss = None AND Hours per week = Hours per week <= 40.00 AND Country = United-States
  expl: [0, 1, 2, 3, 4, 5, 7, 8, 9, 10, 11]
  lit2imprt: {0: 0.1873376312723849, 1: -0.05042749908170663, 2: 0.3319436484016478, 3: 0.8579215616337024, 4: -0.022068334161303937, 5: 0.07947902055457234, 7: 0.04945550113916397, 8: -0.21033444814383984, 9: -0.09307572990655899, 10: -0.18342105578631163, 11: 0.003355953289428726}
  time: 0.02

inst: 26
  explaining: Age = 28.00 < Age <= 37.00 AND Workclass = Private AND Education = Bachelors AND Marital Status = Married AND Occupation = Professional AND Relationship = Husband AND Race = White AND Sex = Male AND Capital Gain = High AND Capital Loss = None AND Hours per week = Hours per week > 45.00 AND Country = United-States
  expl: [0, 1, 2, 3, 4, 5, 7, 8, 9, 10, 11]
  lit2imprt: {0: 0.003334399778395891, 1: 0.05388329643756151, 2: 0.2614816529676318, 3: 0.4333478887565434, 4: 0.18932984925049823, 5: 0.06175695639103651, 7: 0.03044198453426361, 8: 3.519103705883026, 9: -0.04577864147722721, 10: 0.23880061134696007, 11: 0.017844119138317183}
  time: 0.02

inst: 27
  explaining: Age = 28.00 < Age <= 37.00 AND Workclass = Private AND Education = Doctorate AND Marital Status = Never-Married AND Occupation = Professional AND Relationship = Not-in-family AND Race = White AND Sex = Male AND Capital Gain = None AND Capital Loss = None AND Hours per week = Hours per week > 45.00 AND Country = United-States
  expl: [0, 1, 2, 3, 4, 5, 7, 8, 9, 10, 11]
  lit2imprt: {0: -0.03773715754505247, 1: 0.01639395258098375, 2: 1.0562084750272334, 3: -0.7674643059726804, 4: 0.20316907814412843, 5: 0.09272422641515732, 7: 0.04505399614572525, 8: -0.21753261424601078, 9: -0.07011104375123978, 10: 0.378385454416275, 11: 0.021211677259998396}
  time: 0.03

inst: 28
  explaining: Age = 37.00 < Age <= 48.00 AND Workclass = Private AND Education = Bachelors AND Marital Status = Separated AND Occupation = Sales AND Relationship = Not-in-family AND Race = White AND Sex = Male AND Capital Gain = High AND Capital Loss = None AND Hours per week = Hours per week <= 40.00 AND Country = United-States
  expl: [0, 1, 2, 3, 4, 5, 7, 8, 9, 10, 11]
  lit2imprt: {0: 0.18278374942019582, 1: 0.04819523578044027, 2: 0.29253377113491297, 3: -0.5323818088509142, 4: -0.08954018005169928, 5: 0.012329984921962023, 7: 0.05407698079943657, 8: 4.350292921066284, 9: -0.0436271857470274, 10: -0.17027179896831512, 11: 0.017844119138317183}
  time: 0.03

inst: 29
  explaining: Age = 37.00 < Age <= 48.00 AND Workclass = Private AND Education = Masters AND Marital Status = Married AND Occupation = White-Collar AND Relationship = Husband AND Race = White AND Sex = Male AND Capital Gain = None AND Capital Loss = None AND Hours per week = Hours per week > 45.00 AND Country = United-States
  expl: [0, 1, 2, 3, 4, 5, 7, 8, 9, 10, 11]
  lit2imprt: {0: 0.18534259463194758, 1: 0.06631705183826853, 2: 0.4974174357485026, 3: 0.7222788839135319, 4: 0.5169797700946219, 5: 0.05380410281941295, 7: 0.030170071870088577, 8: -0.22861330583691597, 9: -0.09933169931173325, 10: 0.3169143609702587, 11: 0.020304945326643065}
  time: 0.04

inst: 30
  explaining: Age = Age <= 28.00 AND Workclass = ? AND Education = High School grad AND Marital Status = Never-Married AND Occupation = ? AND Relationship = Own-child AND Race = White AND Sex = Female AND Capital Gain = None AND Capital Loss = None AND Hours per week = Hours per week <= 40.00 AND Country = United-States
  expl: [0, 1, 2, 3, 4, 5, 7, 8, 9, 10, 11]
  lit2imprt: {0: -0.9405494106467813, 1: -0.02846981183392927, 2: -0.1974458871409297, 3: -1.1336563115473837, 4: -0.24077371550083626, 5: -0.7805027150316164, 7: -0.13959360122680664, 8: -0.25506138429045677, 9: -0.08954935520887375, 10: -0.2731398940086365, 11: 0.01771603978704661}
  time: 0.03

inst: 31
  explaining: Age = Age <= 28.00 AND Workclass = Private AND Education = Bachelors AND Marital Status = Married AND Occupation = Professional AND Relationship = Husband AND Race = White AND Sex = Male AND Capital Gain = None AND Capital Loss = None AND Hours per week = 40.00 < Hours per week <= 45.00 AND Country = United-States
  expl: [0, 1, 2, 3, 4, 5, 7, 8, 9, 10, 11]
  lit2imprt: {0: -0.7185179929947481, 1: -0.00808987786876969, 2: 0.31643446907401085, 3: 0.9249786643777043, 4: 0.15050998381047975, 5: 0.027657014434225857, 7: 0.04945550113916397, 8: -0.2253597229719162, 9: -0.10643194429576397, 10: 0.2794252382591367, 11: 0.01804478935082443}
  time: 0.01

inst: 32
  explaining: Age = Age > 48.00 AND Workclass = State-gov AND Education = High School grad AND Marital Status = Separated AND Occupation = Admin AND Relationship = Not-in-family AND Race = White AND Sex = Female AND Capital Gain = None AND Capital Loss = None AND Hours per week = Hours per week <= 40.00 AND Country = British-Commonwealth
  expl: [0, 1, 2, 3, 4, 5, 7, 8, 9, 10, 11]
  lit2imprt: {0: 0.2406667834147811, 1: -0.02115644463628996, 2: -0.26298007648438215, 3: -0.9740613650064915, 4: -0.11413670268666465, 5: -0.03358736028894782, 7: -0.17189845442771912, 8: -0.25976329669356346, 9: -0.047603337094187737, 10: -0.2900836020708084, 11: 0.013056930620223284}
  time: 0.02

inst: 33
  explaining: Age = Age > 48.00 AND Workclass = State-gov AND Education = Bachelors AND Marital Status = Married AND Occupation = White-Collar AND Relationship = Husband AND Race = White AND Sex = Male AND Capital Gain = High AND Capital Loss = None AND Hours per week = Hours per week > 45.00 AND Country = United-States
  expl: [0, 1, 2, 3, 4, 5, 7, 8, 9, 10, 11]
  lit2imprt: {0: 0.1469296442810446, 1: 0.08803662937134504, 2: 0.2681757938116789, 3: 0.43273211317136884, 4: 0.4274956513545476, 5: 0.0534594776108861, 7: 0.03044198453426361, 8: 3.607869505882263, 9: -0.043533213436603546, 10: 0.23971974477171898, 11: 0.020104275114135817}
  time: 0.02

inst: 34
  explaining: Age = Age > 48.00 AND Workclass = Private AND Education = High School grad AND Marital Status = Married AND Occupation = Sales AND Relationship = Husband AND Race = White AND Sex = Male AND Capital Gain = None AND Capital Loss = None AND Hours per week = Hours per week <= 40.00 AND Country = United-States
  expl: [0, 1, 2, 3, 4, 5, 7, 8, 9, 10, 11]
  lit2imprt: {0: 0.18278347980231047, 1: -0.004329805538873188, 2: -0.18999060173518956, 3: 0.8864788461942226, 4: -0.0408982610097155, 5: 0.07164629269391298, 7: 0.04945550113916397, 8: -0.23966315388679504, 9: -0.086329011246562, 10: -0.18342105578631163, 11: 0.01804478935082443}
  time: 0.02

inst: 35
  explaining: Age = 37.00 < Age <= 48.00 AND Workclass = Private AND Education = Masters AND Marital Status = Married AND Occupation = White-Collar AND Relationship = Wife AND Race = White AND Sex = Female AND Capital Gain = None AND Capital Loss = None AND Hours per week = Hours per week <= 40.00 AND Country = United-States
  expl: [0, 1, 2, 3, 4, 5, 7, 8, 9, 10, 11]
  lit2imprt: {0: 0.18049007619265467, 1: 0.06441506762348581, 2: 0.5042377260979265, 3: 0.8609258581418544, 4: 0.5517528666532598, 5: 0.25779577577486634, 7: -0.03411535546183586, 8: -0.22206450253725052, 9: -0.09988297522068024, 10: -0.18586019426584244, 11: 0.028745646006427705}
  time: 0.02

inst: 36
  explaining: Age = Age > 48.00 AND Workclass = Private AND Education = High School grad AND Marital Status = Widowed AND Occupation = Blue-Collar AND Relationship = Unmarried AND Race = White AND Sex = Male AND Capital Gain = Low AND Capital Loss = None AND Hours per week = Hours per week <= 40.00 AND Country = United-States
  expl: [0, 1, 2, 3, 4, 5, 7, 8, 9, 10, 11]
  lit2imprt: {0: 0.26364108081907034, 1: 0.0034391773369861767, 2: -0.2768457788042724, 3: -1.036987567320466, 4: -0.1764649563265266, 5: -0.051761885173618793, 7: 0.04972740635275841, 8: -0.06555208563804626, 9: -0.06000846065580845, 10: -0.27504778653383255, 11: 0.017844119138317183}
  time: 0.03

inst: 37
  explaining: Age = 28.00 < Age <= 37.00 AND Workclass = Local-gov AND Education = High School grad AND Marital Status = Married AND Occupation = Service AND Relationship = Wife AND Race = White AND Sex = Female AND Capital Gain = None AND Capital Loss = None AND Hours per week = Hours per week <= 40.00 AND Country = United-States
  expl: [0, 1, 2, 3, 4, 5, 7, 8, 9, 10, 11]
  lit2imprt: {0: -0.005822796141728759, 1: -0.021278675922076218, 2: -0.2118218052200973, 3: 0.7959588814992458, 4: -0.8416288824082585, 5: 0.22943733050487936, 7: -0.028924789279699326, 8: -0.2256535291671753, 9: -0.08327696472406387, 10: -0.155676431953907, 11: 0.02648549189325422}
  time: 0.03

inst: 38
  explaining: Age = Age > 48.00 AND Workclass = Private AND Education = High School grad AND Marital Status = Married AND Occupation = Blue-Collar AND Relationship = Husband AND Race = White AND Sex = Male AND Capital Gain = High AND Capital Loss = None AND Hours per week = Hours per week > 45.00 AND Country = United-States
  expl: [0, 1, 2, 3, 4, 5, 7, 8, 9, 10, 11]
  lit2imprt: {0: 0.16032797074876726, 1: 0.07737402761995327, 2: -0.13994295266456902, 3: 0.4049376924522221, 4: -0.2027446537540527, 5: 0.07746465411037207, 7: 0.03044198453426361, 8: 3.5981399416923523, 9: -0.03543519973754883, 10: 0.23880061134696007, 11: 0.017844119138317183}
  time: 0.03

inst: 39
  explaining: Age = 37.00 < Age <= 48.00 AND Workclass = Private AND Education = Associates AND Marital Status = Married AND Occupation = White-Collar AND Relationship = Husband AND Race = White AND Sex = Male AND Capital Gain = None AND Capital Loss = None AND Hours per week = 40.00 < Hours per week <= 45.00 AND Country = United-States
  expl: [0, 1, 2, 3, 4, 5, 7, 8, 9, 10, 11]
  lit2imprt: {0: 0.18534259463194758, 1: 0.033044126073946245, 2: 0.13107881951145828, 3: 0.7710940747056156, 4: 0.3677835215930827, 5: 0.049063322599977255, 7: 0.04945550113916397, 8: -0.22927843406796455, 9: -0.09933169931173325, 10: 0.254435365088284, 11: 0.020304945326643065}
  time: 0.03

inst: 40
  explaining: Age = 37.00 < Age <= 48.00 AND Workclass = Private AND Education = Masters AND Marital Status = Separated AND Occupation = Professional AND Relationship = Unmarried AND Race = White AND Sex = Female AND Capital Gain = None AND Capital Loss = High AND Hours per week = Hours per week <= 40.00 AND Country = United-States
  expl: [0, 1, 2, 3, 4, 5, 7, 8, 9, 10, 11]
  lit2imprt: {0: 0.24884299526456743, 1: 0.032743009316618554, 2: 0.34594843117520213, 3: -0.9196974586229771, 4: 0.13462363432336133, 5: -0.061051166616380215, 7: -0.13959360122680664, 8: -0.23392220586538315, 9: 1.185698688030243, 10: -0.28774863481521606, 11: 0.01771603978704661}
  time: 0.02

inst: 41
  explaining: Age = 37.00 < Age <= 48.00 AND Workclass = Private AND Education = Bachelors AND Marital Status = Never-Married AND Occupation = Professional AND Relationship = Not-in-family AND Race = White AND Sex = Male AND Capital Gain = None AND Capital Loss = None AND Hours per week = Hours per week <= 40.00 AND Country = United-States
  expl: [0, 1, 2, 3, 4, 5, 7, 8, 9, 10, 11]
  lit2imprt: {0: 0.23748513648752123, 1: -0.0049840533174574375, 2: 0.3002653392031789, 3: -0.9741781239863485, 4: 0.17508262446790468, 5: 0.08401697734370828, 7: 0.06433941423892975, 8: -0.2371185813099146, 9: -0.0756702683866024, 10: -0.246218241751194, 11: 0.01804478935082443}
  time: 0.02

inst: 42
  explaining: Age = 28.00 < Age <= 37.00 AND Workclass = Private AND Education = High School grad AND Marital Status = Married AND Occupation = Blue-Collar AND Relationship = Husband AND Race = White AND Sex = Male AND Capital Gain = None AND Capital Loss = None AND Hours per week = Hours per week > 45.00 AND Country = United-States
  expl: [0, 1, 2, 3, 4, 5, 7, 8, 9, 10, 11]
  lit2imprt: {0: 0.019736130023375154, 1: 0.004369980844785459, 2: -0.1927186215762049, 3: 0.6928611306939274, 4: -0.21905992315441836, 5: 0.08737014792859554, 7: 0.030170071870088577, 8: -0.2346331924200058, 9: -0.08577773533761501, 10: 0.3159952275454998, 11: 0.01804478935082443}
  time: 0.02

inst: 43
  explaining: Age = 28.00 < Age <= 37.00 AND Workclass = Local-gov AND Education = Associates AND Marital Status = Married AND Occupation = White-Collar AND Relationship = Husband AND Race = White AND Sex = Male AND Capital Gain = None AND Capital Loss = None AND Hours per week = Hours per week <= 40.00 AND Country = United-States
  expl: [0, 1, 2, 3, 4, 5, 7, 8, 9, 10, 11]
  lit2imprt: {0: 0.02958888153079897, 1: -0.037951893915305845, 2: 0.1315218263771385, 3: 0.8639018584508449, 4: 0.3220611189608462, 5: 0.0645013116300106, 7: 0.04945550113916397, 8: -0.24005873873829842, 9: -0.09307572990655899, 10: -0.183906982652843, 11: 0.020304945326643065}
  time: 0.02

inst: 44
  explaining: Age = Age > 48.00 AND Workclass = Self-emp-inc AND Education = Doctorate AND Marital Status = Married AND Occupation = Professional AND Relationship = Husband AND Race = White AND Sex = Male AND Capital Gain = None AND Capital Loss = None AND Hours per week = Hours per week > 45.00 AND Country = ?
  expl: [0, 1, 2, 3, 4, 5, 7, 8, 9, 10, 11]
  lit2imprt: {0: 0.19876086676958948, 1: 0.003931058832677081, 2: 0.9468121374957263, 3: 0.5951455144677311, 4: 0.19300635768740904, 5: 0.0519152102060616, 7: 0.03417647257447243, 8: -0.22368157655000687, 9: -0.09165630303323269, 10: 0.1887422911822796, 11: 0.003755293320864439}
  time: 0.02

inst: 45
  explaining: Age = 37.00 < Age <= 48.00 AND Workclass = Private AND Education = High School grad AND Marital Status = Separated AND Occupation = Blue-Collar AND Relationship = Not-in-family AND Race = White AND Sex = Male AND Capital Gain = High AND Capital Loss = None AND Hours per week = 40.00 < Hours per week <= 45.00 AND Country = United-States
  expl: [0, 1, 2, 3, 4, 5, 7, 8, 9, 10, 11]
  lit2imprt: {0: 0.20032801944762468, 1: 0.0574590311589418, 2: -0.20452185301110148, 3: -0.4760804991237819, 4: -0.14200539358716924, 5: 0.005716974847018719, 7: 0.05407698079943657, 8: 4.195326089859009, 9: -0.039625756442546844, 10: 0.2311597466468811, 11: 0.017844119138317183}
  time: 0.02

inst: 46
  explaining: Age = Age > 48.00 AND Workclass = Private AND Education = Masters AND Marital Status = Married AND Occupation = Professional AND Relationship = Husband AND Race = Asian-Pac-Islander AND Sex = Male AND Capital Gain = Low AND Capital Loss = None AND Hours per week = Hours per week <= 40.00 AND Country = British-Commonwealth
  expl: [0, 1, 2, 3, 4, 5, 7, 8, 9, 10, 11]
  lit2imprt: {0: 0.19757263700012118, 1: 0.008728153261472471, 2: 0.3381408096756786, 3: 0.8740469464100897, 4: 0.12210966825659852, 5: 0.05687413504347205, 7: 0.04890910163521767, 8: 0.07401616871356964, 9: -0.09088184684515, 10: -0.18342105578631163, 11: 0.01003714933176525}
  time: 0.02

inst: 47
  explaining: Age = 28.00 < Age <= 37.00 AND Workclass = Private AND Education = Associates AND Marital Status = Married AND Occupation = White-Collar AND Relationship = Husband AND Race = White AND Sex = Male AND Capital Gain = High AND Capital Loss = None AND Hours per week = Hours per week > 45.00 AND Country = United-States
  expl: [0, 1, 2, 3, 4, 5, 7, 8, 9, 10, 11]
  lit2imprt: {0: 0.003973957616835833, 1: 0.054743452041293494, 2: 0.07682313933037221, 3: 0.43794719176366925, 4: 0.40980671386932954, 5: 0.06457747472450137, 7: 0.03044198453426361, 8: 3.5353867411613464, 9: -0.04577864147722721, 10: 0.23971974477171898, 11: 0.020104275114135817}
  time: 0.02

inst: 48
  explaining: Age = Age <= 28.00 AND Workclass = Private AND Education = Bachelors AND Marital Status = Never-Married AND Occupation = White-Collar AND Relationship = Own-child AND Race = White AND Sex = Female AND Capital Gain = None AND Capital Loss = None AND Hours per week = Hours per week <= 40.00 AND Country = United-States
  expl: [0, 1, 2, 3, 4, 5, 7, 8, 9, 10, 11]
  lit2imprt: {0: -0.864295594743453, 1: 0.025604247697629035, 2: 0.2927058357745409, 3: -1.0722196584101766, 4: 0.2649173618410714, 5: -1.0237612830242142, 7: -0.13959360122680664, 8: -0.26039839163422585, 9: -0.106745645403862, 10: -0.30399081110954285, 11: 0.019976195762865245}
  time: 0.03

inst: 49
  explaining: Age = 37.00 < Age <= 48.00 AND Workclass = Private AND Education = High School grad AND Marital Status = Separated AND Occupation = Admin AND Relationship = Not-in-family AND Race = White AND Sex = Female AND Capital Gain = None AND Capital Loss = None AND Hours per week = Hours per week <= 40.00 AND Country = United-States
  expl: [0, 1, 2, 3, 4, 5, 7, 8, 9, 10, 11]
  lit2imprt: {0: 0.23759561427868903, 1: -0.0047395186993526295, 2: -0.26686108438298106, 3: -0.9740613650064915, 4: -0.12363953825843055, 5: -0.029502817895263433, 7: -0.1742280125617981, 8: -0.2593320459127426, 9: -0.05441058427095413, 10: -0.2900836020708084, 11: 0.01771603978704661}
  time: 0.03

inst: 50
  explaining: Age = Age > 48.00 AND Workclass = Private AND Education = High School grad AND Marital Status = Married AND Occupation = Blue-Collar AND Relationship = Husband AND Race = White AND Sex = Male AND Capital Gain = Low AND Capital Loss = None AND Hours per week = Hours per week <= 40.00 AND Country = United-States
  expl: [0, 1, 2, 3, 4, 5, 7, 8, 9, 10, 11]
  lit2imprt: {0: 0.18278347980231047, 1: 0.012977166290511377, 2: -0.19102528621442616, 3: 0.8440134772099555, 4: -0.2321890444291057, 5: 0.08352471562102437, 7: 0.04972740635275841, 8: 0.06669145822525024, 9: -0.07732788287103176, 10: -0.18342105578631163, 11: 0.017844119138317183}
  time: 0.03

inst: 51
  explaining: Age = 37.00 < Age <= 48.00 AND Workclass = Private AND Education = High School grad AND Marital Status = Widowed AND Occupation = Blue-Collar AND Relationship = Unmarried AND Race = White AND Sex = Male AND Capital Gain = None AND Capital Loss = None AND Hours per week = Hours per week <= 40.00 AND Country = United-States
  expl: [0, 1, 2, 3, 4, 5, 7, 8, 9, 10, 11]
  lit2imprt: {0: 0.2605699116829783, 1: 0.0018849578191293404, 2: -0.27648626593872905, 3: -0.9282308695837855, 4: -0.1728133386495756, 5: -0.05662370193749666, 7: 0.04945550113916397, 8: -0.25015272945165634, 9: -0.06900958903133869, 10: -0.27504778653383255, 11: 0.01804478935082443}
  time: 0.02

inst: 52
  explaining: Age = Age > 48.00 AND Workclass = Private AND Education = High School grad AND Marital Status = Married AND Occupation = Blue-Collar AND Relationship = Husband AND Race = White AND Sex = Male AND Capital Gain = None AND Capital Loss = None AND Hours per week = 40.00 < Hours per week <= 45.00 AND Country = United-States
  expl: [0, 1, 2, 3, 4, 5, 7, 8, 9, 10, 11]
  lit2imprt: {0: 0.18067223858088255, 1: 0.004584381546010263, 2: -0.18596268282271922, 3: 0.7387003807816654, 4: -0.22311993078619707, 5: 0.07131990836933255, 7: 0.04945550113916397, 8: -0.2351745218038559, 9: -0.08577773533761501, 10: 0.2535162316635251, 11: 0.01804478935082443}
  time: 0.03

inst: 53
  explaining: Age = Age > 48.00 AND Workclass = Private AND Education = Bachelors AND Marital Status = Married AND Occupation = White-Collar AND Relationship = Husband AND Race = White AND Sex = Male AND Capital Gain = None AND Capital Loss = None AND Hours per week = Hours per week > 45.00 AND Country = United-States
  expl: [0, 1, 2, 3, 4, 5, 7, 8, 9, 10, 11]
  lit2imprt: {0: 0.1783905808115378, 1: 0.03290891941287555, 2: 0.3057990213856101, 3: 0.7200397758278996, 4: 0.3691744704847224, 5: 0.049911022651940584, 7: 0.030170071870088577, 8: -0.22848952189087868, 9: -0.09933169931173325, 10: 0.3169143609702587, 11: 0.020304945326643065}
  time: 0.02

inst: 54
  explaining: Age = 28.00 < Age <= 37.00 AND Workclass = Private AND Education = High School grad AND Marital Status = Never-Married AND Occupation = Professional AND Relationship = Not-in-family AND Race = White AND Sex = Male AND Capital Gain = None AND Capital Loss = None AND Hours per week = 40.00 < Hours per week <= 45.00 AND Country = United-States
  expl: [0, 1, 2, 3, 4, 5, 7, 8, 9, 10, 11]
  lit2imprt: {0: 0.08457963564433157, 1: -0.002732460809056647, 2: -0.2914125802926719, 3: -0.9610053559299558, 4: 0.19537350213795435, 5: 0.08384131174534559, 7: 0.06433941423892975, 8: -0.23257183469831944, 9: -0.0684583131223917, 10: 0.33869967609643936, 11: 0.01804478935082443}
  time: 0.03

inst: 55
  explaining: Age = 28.00 < Age <= 37.00 AND Workclass = Self-emp-inc AND Education = High School grad AND Marital Status = Married AND Occupation = Sales AND Relationship = Husband AND Race = White AND Sex = Male AND Capital Gain = None AND Capital Loss = None AND Hours per week = Hours per week > 45.00 AND Country = United-States
  expl: [0, 1, 2, 3, 4, 5, 7, 8, 9, 10, 11]
  lit2imprt: {0: 0.01780423172749579, 1: -0.015409755724249408, 2: -0.19377423962578177, 3: 0.7484475879464298, 4: -0.02191792184021324, 5: 0.08443808555603027, 7: 0.030170071870088577, 8: -0.23518823832273483, 9: -0.07897049002349377, 10: 0.3159952275454998, 11: 0.01804478935082443}
  time: 0.03

inst: 56
  explaining: Age = Age <= 28.00 AND Workclass = Private AND Education = High School grad AND Marital Status = Never-Married AND Occupation = Blue-Collar AND Relationship = Not-in-family AND Race = White AND Sex = Male AND Capital Gain = None AND Capital Loss = None AND Hours per week = Hours per week > 45.00 AND Country = United-States
  expl: [0, 1, 2, 3, 4, 5, 7, 8, 9, 10, 11]
  lit2imprt: {0: -0.9679907334502786, 1: 0.0037668290897272527, 2: -0.24905975628644228, 3: -0.9975120087619871, 4: -0.1843602503213333, 5: 0.03684806183446199, 7: 0.04505399614572525, 8: -0.227036589756608, 9: -0.07555856369435787, 10: 0.4881763458251953, 11: 0.01804478935082443}
  time: 0.03

inst: 57
  explaining: Age = Age > 48.00 AND Workclass = Private AND Education = High School grad AND Marital Status = Married AND Occupation = Service AND Relationship = Wife AND Race = Black AND Sex = Female AND Capital Gain = None AND Capital Loss = None AND Hours per week = Hours per week <= 40.00 AND Country = United-States
  expl: [0, 1, 2, 3, 4, 5, 7, 8, 9, 10, 11]
  lit2imprt: {0: 0.15511331986635923, 1: -0.0044329481170279905, 2: -0.20594214461743832, 3: 0.7953431059140712, 4: -0.8551917256118031, 5: 0.21598338545300066, 7: -0.028924789279699326, 8: -0.22497469931840897, 9: -0.09008421003818512, 10: -0.155676431953907, 11: 0.02648549189325422}
  time: 0.04

inst: 58
  explaining: Age = 37.00 < Age <= 48.00 AND Workclass = Self-emp-inc AND Education = Prof-School AND Marital Status = Married AND Occupation = Professional AND Relationship = Husband AND Race = White AND Sex = Male AND Capital Gain = None AND Capital Loss = High AND Hours per week = 40.00 < Hours per week <= 45.00 AND Country = United-States
  expl: [0, 1, 2, 3, 4, 5, 7, 8, 9, 10, 11]
  lit2imprt: {0: 0.17640881205443293, 1: -0.05737846830743365, 2: 0.8719239463098347, 3: 0.764888575533405, 4: 0.3086132022290258, 5: 0.04105178965255618, 7: 0.04945550113916397, 8: -0.19474202953279018, 9: 1.0682153701782227, 10: 0.24961790908128023, 11: 0.02049915774841793}
  time: 0.02

inst: 59
  explaining: Age = Age <= 28.00 AND Workclass = Private AND Education = Bachelors AND Marital Status = Married AND Occupation = White-Collar AND Relationship = Husband AND Race = White AND Sex = Male AND Capital Gain = None AND Capital Loss = None AND Hours per week = Hours per week > 45.00 AND Country = United-States
  expl: [0, 1, 2, 3, 4, 5, 7, 8, 9, 10, 11]
  lit2imprt: {0: -0.6561666469788179, 1: 0.027596470230491832, 2: 0.306988931261003, 3: 0.8785236983094364, 4: 0.42535685683833435, 5: 0.04104525421280414, 7: 0.030170071870088577, 8: -0.22599943354725838, 9: -0.10643194429576397, 10: 0.3428233675658703, 11: 0.020304945326643065}
  time: 0.02

inst: 60
  explaining: Age = 28.00 < Age <= 37.00 AND Workclass = Self-emp-inc AND Education = High School grad AND Marital Status = Never-Married AND Occupation = Blue-Collar AND Relationship = Not-in-family AND Race = White AND Sex = Male AND Capital Gain = None AND Capital Loss = None AND Hours per week = Hours per week > 45.00 AND Country = United-States
  expl: [0, 1, 2, 3, 4, 5, 7, 8, 9, 10, 11]
  lit2imprt: {0: 0.08264772989787161, 1: -0.008487791637890041, 2: -0.27665838645771146, 3: -0.8442487379070371, 4: -0.148817827415769, 5: 0.05633765086531639, 7: 0.04505399614572525, 8: -0.2294705379754305, 9: -0.061651067808270454, 10: 0.5056384205818176, 11: 0.01804478935082443}
  time: 0.03

inst: 61
  explaining: Age = 28.00 < Age <= 37.00 AND Workclass = Private AND Education = Bachelors AND Marital Status = Married AND Occupation = White-Collar AND Relationship = Husband AND Race = White AND Sex = Male AND Capital Gain = None AND Capital Loss = None AND Hours per week = Hours per week > 45.00 AND Country = United-States
  expl: [0, 1, 2, 3, 4, 5, 7, 8, 9, 10, 11]
  lit2imprt: {0: 0.01862244645599276, 1: 0.03269451778032817, 2: 0.3002110356464982, 3: 0.7206555514130741, 4: 0.3732344781165011, 5: 0.06102901976555586, 7: 0.030170071870088577, 8: -0.22861330583691597, 9: -0.09933169931173325, 10: 0.3169143609702587, 11: 0.020304945326643065}
  time: 0.02

inst: 62
  explaining: Age = 28.00 < Age <= 37.00 AND Workclass = Self-emp-not-inc AND Education = Bachelors AND Marital Status = Separated AND Occupation = Professional AND Relationship = Own-child AND Race = White AND Sex = Male AND Capital Gain = None AND Capital Loss = None AND Hours per week = Hours per week <= 40.00 AND Country = United-States
  expl: [0, 1, 2, 3, 4, 5, 7, 8, 9, 10, 11]
  lit2imprt: {0: 0.07867537243873812, 1: -0.049050921108573675, 2: 0.2466024225577712, 3: -0.9333191305049695, 4: 0.24036835464357864, 5: -0.7771750018000603, 7: 0.04945550113916397, 8: -0.2493329420685768, 9: -0.08376632444560528, 10: -0.3032301291823387, 11: 0.003355953289428726}
  time: 0.02

inst: 63
  explaining: Age = Age <= 28.00 AND Workclass = Private AND Education = High School grad AND Marital Status = Never-Married AND Occupation = Sales AND Relationship = Own-child AND Race = Asian-Pac-Islander AND Sex = Male AND Capital Gain = None AND Capital Loss = None AND Hours per week = Hours per week <= 40.00 AND Country = United-States
  expl: [0, 1, 2, 3, 4, 5, 7, 8, 9, 10, 11]
  lit2imprt: {0: -0.9405494106467813, 1: -0.005147357995156199, 2: -0.20794734684750438, 3: -1.1319131141062826, 4: -0.08551863895263523, 5: -0.7401209067320451, 7: 0.04945550113916397, 8: -0.26092229038476944, 9: -0.10008496604859829, 10: -0.2581040784716606, 11: 0.01804478935082443}
  time: 0.03

inst: 64
  explaining: Age = 28.00 < Age <= 37.00 AND Workclass = Private AND Education = Dropout AND Marital Status = Never-Married AND Occupation = Blue-Collar AND Relationship = Not-in-family AND Race = Black AND Sex = Male AND Capital Gain = None AND Capital Loss = None AND Hours per week = Hours per week <= 40.00 AND Country = ?
  expl: [0, 1, 2, 3, 4, 5, 7, 8, 9, 10, 11]
  lit2imprt: {0: 0.13910222763661295, 1: 0.0022535310563398525, 2: -0.601900904905051, 3: -0.7109882121440023, 4: -0.16373815895349253, 5: 0.056833635084331036, 7: 0.07694021612405777, 8: -0.22696791030466557, 9: -0.08228302747011185, 10: -0.246218241751194, 11: -0.062390406616032124}
  time: 0.03

inst: 65
  explaining: Age = Age > 48.00 AND Workclass = Self-emp-not-inc AND Education = High School grad AND Marital Status = Married AND Occupation = White-Collar AND Relationship = Husband AND Race = White AND Sex = Male AND Capital Gain = None AND Capital Loss = None AND Hours per week = Hours per week <= 40.00 AND Country = United-States
  expl: [0, 1, 2, 3, 4, 5, 7, 8, 9, 10, 11]
  lit2imprt: {0: 0.17352682491764426, 1: -0.17738730627752375, 2: -0.2011461139190942, 3: 0.8857136577717029, 4: 0.241162835911382, 5: 0.044022767804563046, 7: 0.04945550113916397, 8: -0.22324848920106888, 9: -0.07952176593244076, 10: -0.183906982652843, 11: 0.0030181290640030056}
  time: 0.02

inst: 66
  explaining: Age = Age <= 28.00 AND Workclass = Private AND Education = High School grad AND Marital Status = Never-Married AND Occupation = Admin AND Relationship = Own-child AND Race = White AND Sex = Female AND Capital Gain = None AND Capital Loss = None AND Hours per week = Hours per week <= 40.00 AND Country = United-States
  expl: [0, 1, 2, 3, 4, 5, 7, 8, 9, 10, 11]
  lit2imprt: {0: -0.9405494106467813, 1: -0.005252431670669466, 2: -0.1983221652917564, 3: -1.1319131141062826, 4: -0.10634037230920512, 5: -0.7648037307662889, 7: -0.13959360122680664, 8: -0.25826098769903183, 9: -0.08548595570027828, 10: -0.2731398940086365, 11: 0.01771603978704661}
  time: 0.02

inst: 67
  explaining: Age = 28.00 < Age <= 37.00 AND Workclass = Private AND Education = Masters AND Marital Status = Never-Married AND Occupation = Sales AND Relationship = Not-in-family AND Race = White AND Sex = Male AND Capital Gain = None AND Capital Loss = None AND Hours per week = Hours per week > 45.00 AND Country = ?
  expl: [0, 1, 2, 3, 4, 5, 7, 8, 9, 10, 11]
  lit2imprt: {0: 0.10053678194526583, 1: 3.0729497666470706e-05, 2: 0.3413112941198051, 3: -0.8626042266841978, 4: -0.13415373989846557, 5: 0.06469203345477581, 7: 0.0490603931248188, 8: -0.22159076668322086, 9: -0.07511899247765541, 10: 0.5056384205818176, 11: 0.0005884054116904736}
  time: 0.03

inst: 68
  explaining: Age = 37.00 < Age <= 48.00 AND Workclass = Private AND Education = High School grad AND Marital Status = Separated AND Occupation = Blue-Collar AND Relationship = Not-in-family AND Race = White AND Sex = Male AND Capital Gain = None AND Capital Loss = None AND Hours per week = Hours per week > 45.00 AND Country = United-States
  expl: [0, 1, 2, 3, 4, 5, 7, 8, 9, 10, 11]
  lit2imprt: {0: 0.24391275295056403, 1: 0.0042797420610440895, 2: -0.27245834609493613, 3: -0.7296106906142086, 4: -0.1623806780698942, 5: 0.04696824820712209, 7: 0.04505399614572525, 8: -0.24028288200497627, 9: -0.0684583131223917, 10: 0.5487143397331238, 11: 0.01804478935082443}
  time: 0.02

inst: 69
  explaining: Age = Age > 48.00 AND Workclass = Private AND Education = Associates AND Marital Status = Separated AND Occupation = Admin AND Relationship = Unmarried AND Race = White AND Sex = Female AND Capital Gain = None AND Capital Loss = None AND Hours per week = Hours per week > 45.00 AND Country = United-States
  expl: [0, 1, 2, 3, 4, 5, 7, 8, 9, 10, 11]
  lit2imprt: {0: 0.28474740649107844, 1: -0.0026231337833451107, 2: 0.1455614254809916, 3: -0.7504608125891536, 4: -0.12201611635100562, 5: -0.06308713927865028, 7: -0.09471703320741653, 8: -0.2362459897994995, 9: -0.060519980266690254, 10: 0.5978405177593231, 11: 0.01771603978704661}
  time: 0.02

inst: 70
  explaining: Age = 37.00 < Age <= 48.00 AND Workclass = Local-gov AND Education = High School grad AND Marital Status = Separated AND Occupation = Service AND Relationship = Unmarried AND Race = White AND Sex = Female AND Capital Gain = None AND Capital Loss = None AND Hours per week = 40.00 < Hours per week <= 45.00 AND Country = United-States
  expl: [0, 1, 2, 3, 4, 5, 7, 8, 9, 10, 11]
  lit2imprt: {0: 0.2383486891631037, 1: -0.019466930491034873, 2: -0.27636282006278634, 3: -0.7523446769919246, 4: -0.7400044179084944, 5: -0.08225241512991488, 7: -0.1344030350446701, 8: -0.2479497380554676, 9: -0.06616488844156265, 10: 0.32666561007499695, 11: 0.01771603978704661}
  time: 0.02

inst: 71
  explaining: Age = 37.00 < Age <= 48.00 AND Workclass = Self-emp-inc AND Education = Dropout AND Marital Status = Separated AND Occupation = Blue-Collar AND Relationship = Not-in-family AND Race = White AND Sex = Male AND Capital Gain = None AND Capital Loss = None AND Hours per week = Hours per week <= 40.00 AND Country = United-States
  expl: [0, 1, 2, 3, 4, 5, 7, 8, 9, 10, 11]
  lit2imprt: {0: 0.2252304811263457, 1: -0.010514002642594278, 2: -0.5885130544193089, 3: -0.6682556222658604, 4: -0.15829533101350535, 5: 0.04263952514156699, 7: 0.08918504416942596, 8: -0.24057359620928764, 9: -0.0754757784307003, 10: -0.27504778653383255, 11: 0.0407132827967871}
  time: 0.03

inst: 72
  explaining: Age = 28.00 < Age <= 37.00 AND Workclass = Private AND Education = Associates AND Marital Status = Never-Married AND Occupation = Blue-Collar AND Relationship = Own-child AND Race = White AND Sex = Male AND Capital Gain = None AND Capital Loss = High AND Hours per week = Hours per week > 45.00 AND Country = United-States
  expl: [0, 1, 2, 3, 4, 5, 7, 8, 9, 10, 11]
  lit2imprt: {0: 0.08531926909927279, 1: 0.038894006560440175, 2: 0.11695538833737373, 3: -0.793249930953607, 4: -0.1462077883334132, 5: -0.5221435930579901, 7: 0.030170071870088577, 8: -0.2075161337852478, 9: 1.3728932738304138, 10: 0.561049222946167, 11: 0.01804478935082443}
  time: 0.02

inst: 73
  explaining: Age = 28.00 < Age <= 37.00 AND Workclass = Self-emp-not-inc AND Education = Doctorate AND Marital Status = Married AND Occupation = Professional AND Relationship = Husband AND Race = White AND Sex = Male AND Capital Gain = None AND Capital Loss = None AND Hours per week = Hours per week <= 40.00 AND Country = British-Commonwealth
  expl: [0, 1, 2, 3, 4, 5, 7, 8, 9, 10, 11]
  lit2imprt: {0: 0.014357430773088709, 1: -0.1820040473685367, 2: 0.9748418007511646, 3: 0.792046687041875, 4: 0.21178933283954393, 5: 0.056332219392061234, 7: 0.04863719269633293, 8: -0.2013037633150816, 9: -0.09220757894217968, 10: -0.09825410973280668, 11: -0.004502361261984333}
  time: 0.02

inst: 74
  explaining: Age = 28.00 < Age <= 37.00 AND Workclass = Private AND Education = Bachelors AND Marital Status = Married AND Occupation = Admin AND Relationship = Wife AND Race = Asian-Pac-Islander AND Sex = Female AND Capital Gain = None AND Capital Loss = None AND Hours per week = Hours per week <= 40.00 AND Country = SE-Asia
  expl: [0, 1, 2, 3, 4, 5, 7, 8, 9, 10, 11]
  lit2imprt: {0: 0.016199137666262686, 1: -0.004998888209229335, 2: 0.3346162335947156, 3: 0.8593025256413966, 4: -0.0980478393175872, 5: 0.23430053144693375, 7: -0.03178580105304718, 8: -0.2192271500825882, 9: -0.08528396487236023, 10: -0.18537426739931107, 11: 0.021826382726430893}
  time: 0.02

inst: 75
  explaining: Age = Age > 48.00 AND Workclass = Private AND Education = Dropout AND Marital Status = Married AND Occupation = Blue-Collar AND Relationship = Husband AND Race = White AND Sex = Male AND Capital Gain = None AND Capital Loss = None AND Hours per week = Hours per week <= 40.00 AND Country = United-States
  expl: [0, 1, 2, 3, 4, 5, 7, 8, 9, 10, 11]
  lit2imprt: {0: 0.17118224839214236, 1: 0.0025581710069673136, 2: -0.9496696658898145, 3: 0.6128730822820216, 4: -0.22853742675215472, 5: 0.07192342774942517, 7: 0.07430112361907959, 8: -0.23290079832077026, 9: -0.10649573802947998, 10: -0.18342105578631163, 11: 0.0407132827967871}
  time: 0.02

inst: 76
  explaining: Age = Age > 48.00 AND Workclass = Private AND Education = High School grad AND Marital Status = Married AND Occupation = Blue-Collar AND Relationship = Husband AND Race = White AND Sex = Male AND Capital Gain = None AND Capital Loss = None AND Hours per week = Hours per week <= 40.00 AND Country = United-States
  expl: [0, 1, 2, 3, 4, 5, 7, 8, 9, 10, 11]
  lit2imprt: {0: 0.18278347980231047, 1: 0.0026823977968888357, 2: -0.18999060173518956, 3: 0.8308923889417201, 4: -0.22853742675215472, 5: 0.07457835553213954, 7: 0.04945550113916397, 8: -0.23966315388679504, 9: -0.086329011246562, 10: -0.18342105578631163, 11: 0.01804478935082443}
  time: 0.02

inst: 77
  explaining: Age = Age > 48.00 AND Workclass = Private AND Education = Dropout AND Marital Status = Married AND Occupation = Blue-Collar AND Relationship = Husband AND Race = White AND Sex = Male AND Capital Gain = None AND Capital Loss = None AND Hours per week = Hours per week <= 40.00 AND Country = Other
  expl: [0, 1, 2, 3, 4, 5, 7, 8, 9, 10, 11]
  lit2imprt: {0: 0.17118224839214236, 1: 0.0025581710069673136, 2: -1.0266916223336011, 3: 0.6128730822820216, 4: -0.22853742675215472, 5: 0.07192342774942517, 7: 0.057231590151786804, 8: -0.23290079832077026, 9: -0.10649573802947998, 10: -0.18342105578631163, 11: -0.0527409924834501}
  time: 0.02

inst: 78
  explaining: Age = Age <= 28.00 AND Workclass = Private AND Education = High School grad AND Marital Status = Married AND Occupation = Blue-Collar AND Relationship = Husband AND Race = White AND Sex = Male AND Capital Gain = None AND Capital Loss = None AND Hours per week = Hours per week > 45.00 AND Country = United-States
  expl: [0, 1, 2, 3, 4, 5, 7, 8, 9, 10, 11]
  lit2imprt: {0: -0.6923370545264333, 1: 0.0038570678734686226, 2: -0.15265780687332153, 3: 0.8800951747689396, 4: -0.24509950303763617, 5: 0.06788055889774114, 7: 0.030170071870088577, 8: -0.22689177095890045, 9: -0.09287798590958118, 10: 0.3419042341411114, 11: 0.01804478935082443}
  time: 0.02

inst: 79
  explaining: Age = 28.00 < Age <= 37.00 AND Workclass = Private AND Education = Associates AND Marital Status = Never-Married AND Occupation = Other AND Relationship = Not-in-family AND Race = White AND Sex = Male AND Capital Gain = None AND Capital Loss = None AND Hours per week = Hours per week <= 40.00 AND Country = United-States
  expl: [0, 1, 2, 3, 4, 5, 7, 8, 9, 10, 11]
  lit2imprt: {0: 0.054453435936011374, 1: -0.004389077381347306, 2: 0.12090416019782424, 3: -0.9788923149462789, 4: 0.23639504103630316, 5: 0.0633389838039875, 7: 0.06433941423892975, 8: -0.2371185813099146, 9: -0.0756702683866024, 10: -0.246218241751194, 11: 0.0032094621856231242}
  time: 0.03

inst: 80
  explaining: Age = 28.00 < Age <= 37.00 AND Workclass = Private AND Education = High School grad AND Marital Status = Married AND Occupation = Blue-Collar AND Relationship = Husband AND Race = Black AND Sex = Male AND Capital Gain = None AND Capital Loss = None AND Hours per week = Hours per week <= 40.00 AND Country = Latin-America
  expl: [0, 1, 2, 3, 4, 5, 7, 8, 9, 10, 11]
  lit2imprt: {0: 0.021847378695383668, 1: -0.02001966796524357, 2: -0.18348113563843071, 3: 0.8315081645268947, 4: -0.23184131779999007, 5: 0.10281309392303228, 7: 0.04863719269633293, 8: -0.24034985899925232, 9: -0.086329011246562, 10: -0.18342105578631163, 11: -0.45226022132555954}
  time: 0.02

inst: 81
  explaining: Age = Age <= 28.00 AND Workclass = Private AND Education = High School grad AND Marital Status = Never-Married AND Occupation = Service AND Relationship = Unmarried AND Race = White AND Sex = Female AND Capital Gain = None AND Capital Loss = None AND Hours per week = Hours per week <= 40.00 AND Country = United-States
  expl: [0, 1, 2, 3, 4, 5, 7, 8, 9, 10, 11]
  lit2imprt: {0: -0.8088380654808134, 1: -0.005250501038972288, 2: -0.24742724653333426, 3: -1.0370198970194906, 4: -0.5650163995596813, 5: -0.08078085468150675, 7: -0.1344030350446701, 8: -0.2460198737680912, 9: -0.08969547972083092, 10: -0.23611856997013092, 11: 0.01771603978704661}
  time: 0.02

inst: 82
  explaining: Age = 28.00 < Age <= 37.00 AND Workclass = Private AND Education = Bachelors AND Marital Status = Married AND Occupation = White-Collar AND Relationship = Husband AND Race = Asian-Pac-Islander AND Sex = Male AND Capital Gain = None AND Capital Loss = Low AND Hours per week = Hours per week > 45.00 AND Country = ?
  expl: [0, 1, 2, 3, 4, 5, 7, 8, 9, 10, 11]
  lit2imprt: {0: 0.014724123873747885, 1: 0.0673087808827404, 2: 0.3390296036377549, 3: 0.8249608187470585, 4: 0.3864652956253849, 5: 0.05183449760079384, 7: 0.03417647257447243, 8: -0.20182162523269653, 9: 0.5591996759176254, 10: 0.31301600858569145, 11: 0.0028485613875091076}
  time: 0.03

inst: 83
  explaining: Age = 37.00 < Age <= 48.00 AND Workclass = Private AND Education = High School grad AND Marital Status = Married AND Occupation = Service AND Relationship = Wife AND Race = White AND Sex = Female AND Capital Gain = None AND Capital Loss = None AND Hours per week = Hours per week <= 40.00 AND Country = United-States
  expl: [0, 1, 2, 3, 4, 5, 7, 8, 9, 10, 11]
  lit2imprt: {0: 0.15204215073026717, 1: -0.004647349283914082, 2: -0.20661731623113155, 3: 0.7953431059140712, 4: -0.8551917256118031, 5: 0.22006792784668505, 7: -0.028924789279699326, 8: -0.22509848326444626, 9: -0.09008421003818512, 10: -0.155676431953907, 11: 0.02648549189325422}
  time: 0.04

inst: 84
  explaining: Age = Age > 48.00 AND Workclass = Private AND Education = High School grad AND Marital Status = Married AND Occupation = White-Collar AND Relationship = Husband AND Race = White AND Sex = Male AND Capital Gain = None AND Capital Loss = None AND Hours per week = Hours per week > 45.00 AND Country = United-States
  expl: [0, 1, 2, 3, 4, 5, 7, 8, 9, 10, 11]
  lit2imprt: {0: 0.1724566100165248, 1: 0.033258527706493624, 2: -0.21121803228743374, 3: 0.7478318123612553, 4: 0.379987848282326, 5: 0.04128845129162073, 7: 0.030170071870088577, 8: -0.23581424728035927, 9: -0.08577773533761501, 10: 0.3169143609702587, 11: 0.020304945326643065}
  time: 0.02

inst: 85
  explaining: Age = 28.00 < Age <= 37.00 AND Workclass = Self-emp-not-inc AND Education = High School grad AND Marital Status = Never-Married AND Occupation = Blue-Collar AND Relationship = Own-child AND Race = White AND Sex = Male AND Capital Gain = High AND Capital Loss = None AND Hours per week = Hours per week <= 40.00 AND Country = United-States
  expl: [0, 1, 2, 3, 4, 5, 7, 8, 9, 10, 11]
  lit2imprt: {0: 0.08162825554609299, 1: -0.31216332463372964, 2: -0.16349465353414416, 3: -0.5898779290728271, 4: -0.10781979963940103, 5: -0.4938478381372988, 7: 0.04972740635275841, 8: 4.439509272575378, 9: -0.04244472458958626, 10: -0.1890692412853241, 11: 0.003155283018713817}
  time: 0.03

inst: 86
  explaining: Age = 37.00 < Age <= 48.00 AND Workclass = State-gov AND Education = Masters AND Marital Status = Married AND Occupation = White-Collar AND Relationship = Husband AND Race = White AND Sex = Male AND Capital Gain = None AND Capital Loss = High AND Hours per week = Hours per week <= 40.00 AND Country = United-States
  expl: [0, 1, 2, 3, 4, 5, 7, 8, 9, 10, 11]
  lit2imprt: {0: 0.15976974333170801, 1: -0.1197887033195002, 2: 0.47113619721494615, 3: 0.8570805836934596, 4: 0.4139644367969595, 5: 0.04390062810853124, 7: 0.04945550113916397, 8: -0.20627212524414062, 9: 1.0738974213600159, 10: -0.18157201539725065, 11: 0.020304945326643065}
  time: 0.03

inst: 87
  explaining: Age = 28.00 < Age <= 37.00 AND Workclass = Private AND Education = High School grad AND Marital Status = Married AND Occupation = Blue-Collar AND Relationship = Husband AND Race = White AND Sex = Male AND Capital Gain = None AND Capital Loss = Low AND Hours per week = Hours per week > 45.00 AND Country = United-States
  expl: [0, 1, 2, 3, 4, 5, 7, 8, 9, 10, 11]
  lit2imprt: {0: 0.01583780744113028, 1: 0.038984245344181545, 2: -0.23213022598065436, 3: 0.7729386000428349, 4: -0.20582910564553458, 5: 0.07335091941058636, 7: 0.030170071870088577, 8: -0.2078415136784315, 9: 0.5031487364321947, 10: 0.31209690496325493, 11: 0.01804478935082443}
  time: 0.03

inst: 88
  explaining: Age = 37.00 < Age <= 48.00 AND Workclass = Private AND Education = High School grad AND Marital Status = Married AND Occupation = Sales AND Relationship = Husband AND Race = White AND Sex = Male AND Capital Gain = None AND Capital Loss = None AND Hours per week = Hours per week > 45.00 AND Country = United-States
  expl: [0, 1, 2, 3, 4, 5, 7, 8, 9, 10, 11]
  lit2imprt: {0: 0.17760106944479048, 1: -0.0026422220253152773, 2: -0.18663785443641245, 3: 0.7478318123612553, 4: -0.035480765043757856, 5: 0.07506868289783597, 7: 0.030170071870088577, 8: -0.2346331924200058, 9: -0.08577773533761501, 10: 0.3159952275454998, 11: 0.01804478935082443}
  time: 0.02

inst: 89
  explaining: Age = 37.00 < Age <= 48.00 AND Workclass = Private AND Education = High School grad AND Marital Status = Separated AND Occupation = Blue-Collar AND Relationship = Unmarried AND Race = Black AND Sex = Male AND Capital Gain = None AND Capital Loss = None AND Hours per week = Hours per week <= 40.00 AND Country = United-States
  expl: [0, 1, 2, 3, 4, 5, 7, 8, 9, 10, 11]
  lit2imprt: {0: 0.2605699116829783, 1: 0.002377758311922662, 2: -0.27648626593872905, 3: -0.9153095434885472, 4: -0.1728133386495756, 5: -0.05662370193749666, 7: 0.04945550113916397, 8: -0.26356685161590576, 9: -0.06900958903133869, 10: -0.27504778653383255, 11: 0.01804478935082443}
  time: 0.02

inst: 90
  explaining: Age = 28.00 < Age <= 37.00 AND Workclass = Local-gov AND Education = Doctorate AND Marital Status = Married AND Occupation = Professional AND Relationship = Husband AND Race = White AND Sex = Male AND Capital Gain = None AND Capital Loss = Low AND Hours per week = Hours per week > 45.00 AND Country = United-States
  expl: [0, 1, 2, 3, 4, 5, 7, 8, 9, 10, 11]
  lit2imprt: {0: 0.00782449881080538, 1: -0.042115848322282545, 2: 0.9355222706217319, 3: 0.7584701089654118, 4: 0.21029718282807153, 5: 0.044189272448420525, 7: 0.030170071870088577, 8: -0.19781205616891384, 9: 0.49029206670820713, 10: 0.1848439686000347, 11: 0.021211677259998396}
  time: 0.02

inst: 91
  explaining: Age = Age <= 28.00 AND Workclass = Private AND Education = High School grad AND Marital Status = Never-Married AND Occupation = Blue-Collar AND Relationship = Other-relative AND Race = White AND Sex = Female AND Capital Gain = None AND Capital Loss = None AND Hours per week = Hours per week <= 40.00 AND Country = United-States
  expl: [0, 1, 2, 3, 4, 5, 7, 8, 9, 10, 11]
  lit2imprt: {0: -0.9491482395678759, 1: -0.007887465006206185, 2: -0.23526164051145315, 3: -1.0722908263560385, 4: -0.21575880434829742, 5: -0.5770710333017632, 7: -0.13959360122680664, 8: -0.2490057684481144, 9: -0.08518165908753872, 10: -0.23143814504146576, 11: 0.01771603978704661}
  time: 0.03

inst: 92
  explaining: Age = 28.00 < Age <= 37.00 AND Workclass = Private AND Education = Bachelors AND Marital Status = Never-Married AND Occupation = Professional AND Relationship = Not-in-family AND Race = White AND Sex = Male AND Capital Gain = None AND Capital Loss = None AND Hours per week = Hours per week <= 40.00 AND Country = United-States
  expl: [0, 1, 2, 3, 4, 5, 7, 8, 9, 10, 11]
  lit2imprt: {0: 0.07815200428012758, 1: -0.0049840533174574375, 2: 0.29712092224508524, 3: -0.9750305300112814, 4: 0.1791426320996834, 5: 0.09338638000190258, 7: 0.06433941423892975, 8: -0.2371185813099146, 9: -0.0756702683866024, 10: -0.246218241751194, 11: 0.01804478935082443}
  time: 0.03

inst: 93
  explaining: Age = 37.00 < Age <= 48.00 AND Workclass = Self-emp-not-inc AND Education = High School grad AND Marital Status = Separated AND Occupation = Service AND Relationship = Unmarried AND Race = White AND Sex = Male AND Capital Gain = None AND Capital Loss = None AND Hours per week = 40.00 < Hours per week <= 45.00 AND Country = United-States
  expl: [0, 1, 2, 3, 4, 5, 7, 8, 9, 10, 11]
  lit2imprt: {0: 0.23887205735081807, 1: -0.046283871357445605, 2: -0.28243985725566745, 3: -0.7516430547111668, 4: -0.7262990972521948, 5: -0.04233509721234441, 7: 0.04722488671541214, 8: -0.22906933538615704, 9: -0.06616488844156265, 10: 0.3417014256119728, 11: 0.003355953289428726}
  time: 0.03

inst: 94
  explaining: Age = 28.00 < Age <= 37.00 AND Workclass = Private AND Education = High School grad AND Marital Status = Married AND Occupation = Blue-Collar AND Relationship = Husband AND Race = White AND Sex = Male AND Capital Gain = None AND Capital Loss = None AND Hours per week = Hours per week <= 40.00 AND Country = United-States
  expl: [0, 1, 2, 3, 4, 5, 7, 8, 9, 10, 11]
  lit2imprt: {0: 0.021847378695383668, 1: 0.002467997095664032, 2: -0.19674654048867524, 3: 0.8315081645268947, 4: -0.224477419120376, 5: 0.0880323015153408, 7: 0.04945550113916397, 8: -0.23978693783283234, 9: -0.086329011246562, 10: -0.18342105578631163, 11: 0.01804478935082443}
  time: 0.03

inst: 95
  explaining: Age = 37.00 < Age <= 48.00 AND Workclass = Private AND Education = Bachelors AND Marital Status = Married AND Occupation = White-Collar AND Relationship = Husband AND Race = White AND Sex = Male AND Capital Gain = Low AND Capital Loss = None AND Hours per week = Hours per week > 45.00 AND Country = United-States
  expl: [0, 1, 2, 3, 4, 5, 7, 8, 9, 10, 11]
  lit2imprt: {0: 0.1764873858774081, 1: 0.007813480828190222, 2: 0.30525711085647345, 3: 0.7331608650274575, 4: 0.3831107604200952, 5: 0.060605977196246386, 7: 0.03044198453426361, 8: 0.09532923996448517, 9: -0.090330570936203, 10: 0.3169143609702587, 11: 0.020104275114135817}
  time: 0.02

inst: 96
  explaining: Age = 37.00 < Age <= 48.00 AND Workclass = ? AND Education = High School grad AND Marital Status = Widowed AND Occupation = ? AND Relationship = Unmarried AND Race = White AND Sex = Female AND Capital Gain = None AND Capital Loss = None AND Hours per week = Hours per week <= 40.00 AND Country = United-States
  expl: [0, 1, 2, 3, 4, 5, 7, 8, 9, 10, 11]
  lit2imprt: {0: 0.2605699116829783, 1: -0.028449699355405755, 2: -0.26598480623215437, 3: -0.9887258885428309, 4: -0.25937232231081, 5: -0.09993757400661707, 7: -0.13959360122680664, 8: -0.24429182335734367, 9: -0.05847397819161415, 10: -0.2900836020708084, 11: 0.01771603978704661}
  time: 0.03

inst: 97
  explaining: Age = Age > 48.00 AND Workclass = Federal-gov AND Education = High School grad AND Marital Status = Married AND Occupation = Other AND Relationship = Husband AND Race = White AND Sex = Male AND Capital Gain = None AND Capital Loss = None AND Hours per week = Hours per week <= 40.00 AND Country = United-States
  expl: [0, 1, 2, 3, 4, 5, 7, 8, 9, 10, 11]
  lit2imprt: {0: 0.20826223399490118, 1: 0.24793083146505523, 2: -0.19746684492565691, 3: 0.8864788461942226, 4: 0.37909004888206255, 5: 0.07650850852951407, 7: 0.04945550113916397, 8: -0.23932712525129318, 9: -0.07430200837552547, 10: -0.17013687919825315, 11: 0.0032094621856231242}
  time: 0.03

inst: 98
  explaining: Age = 28.00 < Age <= 37.00 AND Workclass = Self-emp-not-inc AND Education = Prof-School AND Marital Status = Married AND Occupation = Professional AND Relationship = Husband AND Race = White AND Sex = Male AND Capital Gain = High AND Capital Loss = None AND Hours per week = Hours per week > 45.00 AND Country = United-States
  expl: [0, 1, 2, 3, 4, 5, 7, 8, 9, 10, 11]
  lit2imprt: {0: 0.059140048921108246, 1: -0.3688770918670343, 2: 0.7787303731311113, 3: 0.40948084788396955, 4: 0.32582041031855624, 5: 0.06740327458828688, 7: 0.03044198453426361, 8: 3.1722261905670166, 9: -0.043533213436603546, 10: 0.23880061134696007, 11: 0.005609651823760942}
  time: 0.03

inst: 99
  explaining: Age = 37.00 < Age <= 48.00 AND Workclass = Private AND Education = High School grad AND Marital Status = Married AND Occupation = Sales AND Relationship = Husband AND Race = White AND Sex = Male AND Capital Gain = None AND Capital Loss = None AND Hours per week = Hours per week <= 40.00 AND Country = United-States
  expl: [0, 1, 2, 3, 4, 5, 7, 8, 9, 10, 11]
  lit2imprt: {0: 0.1797123106662184, 1: -0.004544206240097992, 2: -0.1906657733488828, 3: 0.8864788461942226, 4: -0.0408982610097155, 5: 0.07573083555325866, 7: 0.04945550113916397, 8: -0.23978693783283234, 9: -0.086329011246562, 10: -0.18342105578631163, 11: 0.01804478935082443}
  time: 0.03
