loading model from  ./temp/appendicitis/appendicitis_train1/appendicitis_train1_nbestim_25_maxdepth_3_testsplit_0.0.mod.pkl
loading data from  ./temp/appendicitis/appendicitis_train1/appendicitis_train1_nbestim_25_maxdepth_3_testsplit_0.0.mod.pkl.splitdata.pkl

inst: 0
  explaining: At1 = 0.378 AND At2 = 0.732 AND At3 = 0.402 AND At4 = 0.278 AND At5 = 0.223 AND At6 = 0.687 AND At7 = 0.35
  expl: [0, 1, 2, 3, 4, 5, 6]
  lit2imprt: {0: 0.022710292562184337, 1: 0.00549310191234169, 2: 0.11709388490985298, 3: 0.04749362455707098, 4: 0.039753643837175175, 5: 0.003716740241955002, 6: 0.010498898611308474}
  time: 0.04

inst: 1
  explaining: At1 = 0.413 AND At2 = 0.714 AND At3 = 0.428 AND At4 = 0.028 AND At5 = 0.024 AND At6 = 0.73 AND At7 = 0.393
  expl: [0, 1, 2, 3, 4, 5, 6]
  lit2imprt: {0: 0.03292609684856563, 1: 0.004892662236941948, 2: 0.12607569830034052, 3: 0.05287418904424701, 4: 0.04834730931936668, 5: 0.012758077188084357, 6: 0.011921102772317239}
  time: 0.03

inst: 2
  explaining: At1 = 0.302 AND At2 = 0.482 AND At3 = 0.258 AND At4 = 0.069 AND At5 = 0.048 AND At6 = 0.599 AND At7 = 0.263
  expl: [0, 1, 2, 3, 4, 5, 6]
  lit2imprt: {0: 0.030626731220728103, 1: 0.003987772759076663, 2: 0.16133060542350977, 3: 0.05977740753822494, 4: 0.0452959831363809, 5: 0.010426747870709, 6: 0.00962869774613131}
  time: 0.02

inst: 3
  explaining: At1 = 0.298 AND At2 = 0.839 AND At3 = 0.36 AND At4 = 0.208 AND At5 = 0.143 AND At6 = 0.856 AND At7 = 0.32
  expl: [0, 1, 2, 3, 4, 5, 6]
  lit2imprt: {0: 0.020187121465182645, 1: 0.010493618425449623, 2: 0.13285140309654456, 3: 0.05154452107467919, 4: 0.04271687668816474, 5: 0.013087094309785314, 6: 0.008993359237263613}
  time: 0.02

inst: 4
  explaining: At1 = 0.271 AND At2 = 0.857 AND At3 = 0.338 AND At4 = 0.292 AND At5 = 0.189 AND At6 = 0.778 AND At7 = 0.278
  expl: [0, 1, 2, 3, 4, 5, 6]
  lit2imprt: {0: 0.030911349700751118, 1: 0.00875211132730057, 2: 0.1302868237236715, 3: 0.052323709372032096, 4: 0.042745522969935036, 5: 0.010085740941493174, 6: 0.008380008581235871}
  time: 0.03

inst: 5
  explaining: At1 = 0.44 AND At2 = 0.804 AND At3 = 0.486 AND At4 = 0.0 AND At5 = 0.0 AND At6 = 0.829 AND At7 = 0.447
  expl: [0, 1, 2, 3, 4, 5, 6]
  lit2imprt: {0: 0.03261688383170329, 1: 0.010097572204234484, 2: 0.11680877985241003, 3: 0.05329275976538547, 4: 0.046941741417408506, 5: 0.010833890220068773, 6: 0.008954066185840362}
  time: 0.03

inst: 6
  explaining: At1 = 0.378 AND At2 = 0.589 AND At3 = 0.352 AND At4 = 0.181 AND At5 = 0.145 AND At6 = 0.574 AND At7 = 0.319
  expl: [0, 1, 2, 3, 4, 5, 6]
  lit2imprt: {0: 0.029559601448495506, 1: 0.008982908467834321, 2: 0.1412028299258827, 3: 0.05057840001562619, 4: 0.04254845828032794, 5: 0.00367044538075086, 6: 0.008853246608917004}
  time: 0.03

inst: 7
  explaining: At1 = 0.52 AND At2 = 0.804 AND At3 = 0.564 AND At4 = 0.361 AND At5 = 0.364 AND At6 = 0.816 AND At7 = 0.518
  expl: [0, 1, 2, 3, 4, 5, 6]
  lit2imprt: {0: 0.018925233119218857, 1: 0.010959542030530105, 2: 0.09500146378936374, 3: 0.04071105078427975, 4: 0.03285005625360885, 5: 0.002586326475978036, 6: 0.007773329732069798}
  time: 0.02

inst: 8
  explaining: At1 = 0.062 AND At2 = 0.75 AND At3 = 0.114 AND At4 = 0.625 AND At5 = 0.214 AND At6 = 0.82 AND At7 = 0.09
  expl: [0, 1, 2, 3, 4, 5, 6]
  lit2imprt: {0: 0.031224231708383596, 1: 0.011345032642316176, 2: 0.15807399370201325, 3: 0.05770424643246064, 4: 0.04655611011452467, 5: 0.01583102679144483, 6: 0.010600434254311921}
  time: 0.03

inst: 9
  explaining: At1 = 0.48 AND At2 = 0.857 AND At3 = 0.547 AND At4 = 0.056 AND At5 = 0.053 AND At6 = 0.836 AND At7 = 0.487
  expl: [0, 1, 2, 3, 4, 5, 6]
  lit2imprt: {0: 0.027351493145005866, 1: 0.005280227982248238, 2: 0.11397286674852528, 3: 0.04729646086193701, 4: 0.04804247756569153, 5: 0.005465141175851206, 6: 0.008037038738548564}
  time: 0.03

inst: 10
  explaining: At1 = 0.378 AND At2 = 0.518 AND At3 = 0.328 AND At4 = 0.292 AND At5 = 0.234 AND At6 = 0.512 AND At7 = 0.302
  expl: [0, 1, 2, 3, 4, 5, 6]
  lit2imprt: {0: 0.029826720466955232, 1: 0.00772836754999141, 2: 0.14417491563381482, 3: 0.05755939795701744, 4: 0.03975293834484726, 5: 0.0076790267452926005, 6: 0.005162540198732178}
  time: 0.02

inst: 11
  explaining: At1 = 0.764 AND At2 = 0.786 AND At3 = 0.789 AND At4 = 0.25 AND At5 = 0.341 AND At6 = 0.854 AND At7 = 0.762
  expl: [0, 1, 2, 3, 4, 5, 6]
  lit2imprt: {0: 0.018108835779086487, 1: 0.006709074913613479, 2: 0.06296666981105038, 3: 0.030233609975704873, 4: 0.027641413795270353, 5: 0.0017039769102827785, 6: 0.006250995433149392}
  time: 0.03

inst: 12
  explaining: At1 = 0.516 AND At2 = 0.625 AND At3 = 0.482 AND At4 = 0.056 AND At5 = 0.056 AND At6 = 0.65 AND At7 = 0.456
  expl: [0, 1, 2, 3, 4, 5, 6]
  lit2imprt: {0: 0.02943844396463209, 1: 0.003777643211118822, 2: 0.12024410306852538, 3: 0.04996285697494488, 4: 0.04147936818890511, 5: 0.0018926974780138243, 6: 0.010067398257139244}
  time: 0.02

inst: 13
  explaining: At1 = 0.502 AND At2 = 0.857 AND At3 = 0.569 AND At4 = 0.528 AND At5 = 0.519 AND At6 = 0.832 AND At7 = 0.506
  expl: [0, 1, 2, 3, 4, 5, 6]
  lit2imprt: {0: 0.01803283438319675, 1: 0.011307723814683132, 2: 0.08221989665081515, 3: 0.03314300210624173, 4: 0.02711239876094537, 5: 0.003167456960788614, 6: 0.005639062235265537}
  time: 0.03

inst: 14
  explaining: At1 = 0.68 AND At2 = 0.714 AND At3 = 0.67 AND At4 = 0.014 AND At5 = 0.017 AND At6 = 0.851 AND At7 = 0.681
  expl: [0, 1, 2, 3, 4, 5, 6]
  lit2imprt: {0: 0.022931589463342943, 1: 0.0041927193904665065, 2: 0.08511100115333642, 3: 0.04856761306941671, 4: 0.03982873918162892, 5: 0.004282406116461442, 6: 0.00662946507511084}
  time: 0.03

inst: 15
  explaining: At1 = 0.396 AND At2 = 0.911 AND At3 = 0.482 AND At4 = 0.111 AND At5 = 0.092 AND At6 = 0.754 AND At7 = 0.384
  expl: [0, 1, 2, 3, 4, 5, 6]
  lit2imprt: {0: 0.026303299263969106, 1: 0.010048010784406397, 2: 0.11058353995710962, 3: 0.04981143134997472, 4: 0.04564929035612873, 5: 0.005228739773176348, 6: 0.009495829110888442}
  time: 0.02

inst: 16
  explaining: At1 = 0.587 AND At2 = 0.875 AND At3 = 0.662 AND At4 = 0.625 AND At5 = 0.692 AND At6 = 0.911 AND At7 = 0.616
  expl: [0, 1, 2, 3, 4, 5, 6]
  lit2imprt: {0: 0.013596418322487553, 1: 0.008491846836981879, 2: 0.06875782585149642, 3: 0.030212677758034098, 4: 0.015297391851657483, 5: 0.0037948326165156564, 6: 0.0025302299680131225}
  time: 0.02

inst: 17
  explaining: At1 = 0.418 AND At2 = 0.857 AND At3 = 0.485 AND At4 = 0.111 AND At5 = 0.096 AND At6 = 0.792 AND At7 = 0.415
  expl: [0, 1, 2, 3, 4, 5, 6]
  lit2imprt: {0: 0.027474099516612942, 1: 0.005632918169122516, 2: 0.11452363361276174, 3: 0.049502950433530285, 4: 0.044690240540409355, 5: 0.006917438600214164, 6: 0.006778779798650277}
  time: 0.02

inst: 18
  explaining: At1 = 0.271 AND At2 = 0.196 AND At3 = 0.154 AND At4 = 0.25 AND At5 = 0.162 AND At6 = 0.22 AND At7 = 0.154
  expl: [0, 1, 2, 3, 4, 5, 6]
  lit2imprt: {0: -0.03227637233447666, 1: -0.005308154534620597, 2: -0.17930897635130771, 3: -0.05764462452968849, 4: -0.04460240473463417, 5: -0.0026482163050473625, 6: -0.011233146617405114}
  time: 0.03

inst: 19
  explaining: At1 = 0.613 AND At2 = 0.643 AND At3 = 0.574 AND At4 = 0.319 AND At5 = 0.366 AND At6 = 0.738 AND At7 = 0.574
  expl: [0, 1, 2, 3, 4, 5, 6]
  lit2imprt: {0: 0.021447250420974173, 1: 0.0036072756044942403, 2: 0.08826040503322159, 3: 0.03747639250828932, 4: 0.03147245572039352, 5: 0.0012617350152857676, 6: 0.005085565376265515}
  time: 0.02

inst: 20
  explaining: At1 = 0.778 AND At2 = 0.732 AND At3 = 0.769 AND At4 = 0.722 AND At5 = 1.0 AND At6 = 0.503 AND At7 = 0.608
  expl: [0, 1, 2, 3, 4, 5, 6]
  lit2imprt: {0: 0.008655012139300663, 1: 0.008567215538352593, 2: 0.04818396611742506, 3: 0.014481786942251215, 4: -0.003869093704028098, 5: 0.0017183677423922039, 6: 0.000256782848893032}
  time: 0.02

inst: 21
  explaining: At1 = 0.102 AND At2 = 0.0 AND At3 = 0.022 AND At4 = 0.0 AND At5 = 0.0 AND At6 = 0.0 AND At7 = 0.017
  expl: [0, 1, 2, 3, 4, 5, 6]
  lit2imprt: {0: -0.04094722042366144, 1: -0.005006227185608082, 2: -0.2245024005716274, 3: -0.07916219450122924, 4: -0.04470789376485978, 5: -0.009219003654816154, 6: -0.010167066006422303}
  time: 0.02
