loading model from  ./temp/australian/australian_train1_data/australian_train1_data_nbestim_25_maxdepth_3_testsplit_0.0.mod.pkl
loading data from  ./temp/australian/australian_train1_data/australian_train1_data_nbestim_25_maxdepth_3_testsplit_0.0.mod.pkl.splitdata.pkl

inst: 0
  explaining: A1 = 1.0 AND A2 = 28.92 AND A3 = 15.0 AND A4 = 2.0 AND A5 = 8.0 AND A6 = 8.0 AND A7 = 5.335 AND A8 = 1.0 AND A9 = 1.0 AND A10 = 11.0 AND A11 = 0.0 AND A12 = 2.0 AND A13 = 0.0 AND A14 = 2284.0
  expl: [1, 2, 3, 4, 5, 6, 7, 8, 9, 10, 11, 12, 13]
  lit2imprt: {1: 0.03862764, 2: -0.034808274, 3: 0.15309754, 4: 0.080457896, 5: 0.27732638, 6: 0.21801396, 7: 2.03855562210083, 8: 0.28470441699028015, 9: 0.8600429, 10: 0.0024153999984264374, 11: -0.0062363236, 12: 0.46665588, 13: 1.1144291}
  time: 0.02

inst: 1
  explaining: A1 = 1.0 AND A2 = 31.42 AND A3 = 15.5 AND A4 = 2.0 AND A5 = 8.0 AND A6 = 4.0 AND A7 = 0.5 AND A8 = 1.0 AND A9 = 0.0 AND A10 = 0.0 AND A11 = 0.0 AND A12 = 2.0 AND A13 = 120.0 AND A14 = 1.0
  expl: [1, 2, 3, 4, 5, 6, 7, 8, 9, 10, 11, 12, 13]
  lit2imprt: {1: -0.24289551, 2: -0.056248136, 3: 0.18129864, 4: 0.070023485, 5: -0.06597553, 6: -0.2703768, 7: 1.3732801675796509, 8: -0.40533536672592163, 9: -0.16332442, 10: 0.006335685960948467, 11: -0.006896492, 12: -0.5399232, 13: -0.43649495}
  time: 0.02

inst: 2
  explaining: A1 = 0.0 AND A2 = 47.25 AND A3 = 0.75 AND A4 = 2.0 AND A5 = 11.0 AND A6 = 8.0 AND A7 = 2.75 AND A8 = 1.0 AND A9 = 1.0 AND A10 = 1.0 AND A11 = 0.0 AND A12 = 2.0 AND A13 = 333.0 AND A14 = 893.0
  expl: [1, 2, 3, 4, 5, 6, 7, 8, 9, 10, 11, 12, 13]
  lit2imprt: {1: -0.15568474, 2: -0.27088982, 3: 0.15653639, 4: 0.20046061, 5: 0.23088013, 6: 0.10694681, 7: 1.8821948766708374, 8: 0.16089597344398499, 9: -0.1669804, 10: 0.0024153999984264374, 11: -0.0062363236, 12: -0.018881287, 13: 1.1247672}
  time: 0.02

inst: 3
  explaining: A1 = 1.0 AND A2 = 44.0 AND A3 = 2.0 AND A4 = 2.0 AND A5 = 7.0 AND A6 = 4.0 AND A7 = 1.75 AND A8 = 1.0 AND A9 = 1.0 AND A10 = 2.0 AND A11 = 1.0 AND A12 = 2.0 AND A13 = 0.0 AND A14 = 16.0
  expl: [1, 2, 3, 4, 5, 6, 7, 8, 9, 10, 11, 12, 13]
  lit2imprt: {1: -0.0077262223, 2: -0.26979476, 3: 0.22513525, 4: -0.101254195, 5: -0.05995546, 6: 0.16403154, 7: 1.676177978515625, 8: 0.25562524795532227, 9: -0.26346722, 10: -0.00145185855217278, 11: -0.0062363236, 12: 0.63271284, 13: -0.6999458}
  time: 0.02

inst: 4
  explaining: A1 = 1.0 AND A2 = 21.92 AND A3 = 0.5 AND A4 = 2.0 AND A5 = 8.0 AND A6 = 4.0 AND A7 = 0.125 AND A8 = 0.0 AND A9 = 0.0 AND A10 = 0.0 AND A11 = 0.0 AND A12 = 2.0 AND A13 = 360.0 AND A14 = 1.0
  expl: [1, 2, 3, 4, 5, 6, 7, 8, 9, 10, 11, 12, 13]
  lit2imprt: {1: 0.038667254, 2: -0.3170697, 3: 0.099740475, 4: 0.15791814, 5: -0.066821456, 6: -0.23450646, 7: -1.8176114559173584, 8: -0.13924741744995117, 9: -0.033605926, 10: 0.004341120831668377, 11: -0.02406786, 12: -0.015034235, 13: -0.16709927}
  time: 0.02

inst: 5
  explaining: A1 = 1.0 AND A2 = 25.25 AND A3 = 1.0 AND A4 = 2.0 AND A5 = 6.0 AND A6 = 4.0 AND A7 = 0.5 AND A8 = 0.0 AND A9 = 0.0 AND A10 = 0.0 AND A11 = 0.0 AND A12 = 2.0 AND A13 = 200.0 AND A14 = 1.0
  expl: [1, 2, 3, 4, 5, 6, 7, 8, 9, 10, 11, 12, 13]
  lit2imprt: {1: 0.017059963, 2: -0.33357024, 3: 0.10286452, 4: -0.45964533, 5: -0.0797926, 6: -0.31855395, 7: -1.8991557359695435, 8: -0.13924741744995117, 9: -0.111002915, 10: 0.004341120831668377, 11: -0.02406786, 12: -0.53905064, 13: -0.17417343}
  time: 0.02

inst: 6
  explaining: A1 = 1.0 AND A2 = 38.92 AND A3 = 1.75 AND A4 = 2.0 AND A5 = 4.0 AND A6 = 4.0 AND A7 = 0.5 AND A8 = 0.0 AND A9 = 0.0 AND A10 = 0.0 AND A11 = 1.0 AND A12 = 2.0 AND A13 = 300.0 AND A14 = 3.0
  expl: [1, 2, 3, 4, 5, 6, 7, 8, 9, 10, 11, 12, 13]
  lit2imprt: {1: 0.17136088, 2: -0.3274073, 3: 0.095736004, 4: -0.35287648, 5: -0.05037085, 6: -0.21669468, 7: -1.7561227083206177, 8: -0.12679339945316315, 9: -0.11351644, 10: -0.002560931956395507, 11: -0.02406786, 12: 0.22722176, 13: -0.29033813}
  time: 0.02

inst: 7
  explaining: A1 = 0.0 AND A2 = 37.75 AND A3 = 5.5 AND A4 = 2.0 AND A5 = 11.0 AND A6 = 4.0 AND A7 = 0.125 AND A8 = 1.0 AND A9 = 0.0 AND A10 = 0.0 AND A11 = 1.0 AND A12 = 2.0 AND A13 = 228.0 AND A14 = 1.0
  expl: [1, 2, 3, 4, 5, 6, 7, 8, 9, 10, 11, 12, 13]
  lit2imprt: {1: -0.13772947, 2: -0.11837411, 3: 0.15509565, 4: 0.41113797, 5: 0.004349403, 6: -0.2487962, 7: 1.4477568864822388, 8: -0.20529700815677643, 9: -0.17462516, 10: -0.003991219215095043, 11: -0.006896492, 12: -0.24197736, 13: -0.4891903}
  time: 0.01

inst: 8
  explaining: A1 = 1.0 AND A2 = 34.17 AND A3 = 1.54 AND A4 = 2.0 AND A5 = 13.0 AND A6 = 4.0 AND A7 = 1.54 AND A8 = 1.0 AND A9 = 1.0 AND A10 = 1.0 AND A11 = 1.0 AND A12 = 2.0 AND A13 = 520.0 AND A14 = 50001.0
  expl: [1, 2, 3, 4, 5, 6, 7, 8, 9, 10, 11, 12, 13]
  lit2imprt: {1: -0.06216618, 2: -0.1824737, 3: 0.076809935, 4: 0.4712572, 5: -0.09351611, 6: 0.0481432, 7: 1.59085214138031, 8: 0.27517169713974, 9: -0.18519877, 10: -0.004742324352264404, 11: -0.0062363236, 12: -0.01158869, 13: 1.6634395}
  time: 0.01

inst: 9
  explaining: A1 = 1.0 AND A2 = 36.08 AND A3 = 2.54 AND A4 = 2.0 AND A5 = 1.0 AND A6 = 1.0 AND A7 = 0.0 AND A8 = 0.0 AND A9 = 0.0 AND A10 = 0.0 AND A11 = 0.0 AND A12 = 2.0 AND A13 = 0.0 AND A14 = 1001.0
  expl: [1, 2, 3, 4, 5, 6, 7, 8, 9, 10, 11, 12, 13]
  lit2imprt: {1: -0.16251309, 2: -0.28559473, 3: 0.088327006, 4: -0.63901, 5: -0.35893962, 6: -0.027972909, 7: -2.5926008224487305, 8: -0.13528835773468018, 9: -0.12632225, 10: 0.004341120831668377, 11: -0.02406786, 12: 0.14112768, 13: 0.6305679}
  time: 0.02

inst: 10
  explaining: A1 = 1.0 AND A2 = 31.57 AND A3 = 0.625 AND A4 = 2.0 AND A5 = 4.0 AND A6 = 4.0 AND A7 = 0.25 AND A8 = 0.0 AND A9 = 0.0 AND A10 = 0.0 AND A11 = 0.0 AND A12 = 2.0 AND A13 = 380.0 AND A14 = 2011.0
  expl: [1, 2, 3, 4, 5, 6, 7, 8, 9, 10, 11, 12, 13]
  lit2imprt: {1: -0.24115574, 2: -0.21161096, 3: 0.028568149, 4: -0.49359983, 5: -0.05016644, 6: -0.24119316, 7: -2.460099220275879, 8: -0.13528835773468018, 9: -0.11078716, 10: 0.004341120831668377, 11: -0.02406786, 12: 0.11514684, 13: 0.38784385}
  time: 0.01

inst: 11
  explaining: A1 = 1.0 AND A2 = 30.17 AND A3 = 0.5 AND A4 = 2.0 AND A5 = 8.0 AND A6 = 4.0 AND A7 = 1.75 AND A8 = 1.0 AND A9 = 1.0 AND A10 = 11.0 AND A11 = 0.0 AND A12 = 2.0 AND A13 = 32.0 AND A14 = 541.0
  expl: [1, 2, 3, 4, 5, 6, 7, 8, 9, 10, 11, 12, 13]
  lit2imprt: {1: 0.067085676, 2: -0.2382208, 3: 0.12532942, 4: 0.12649931, 5: -0.12131219, 6: 0.18024404, 7: 1.9922780990600586, 8: 0.28470441699028015, 9: 0.7598898, 10: 0.0024153999984264374, 11: -0.0062363236, 12: 0.5091146, 13: 0.778985}
  time: 0.01

inst: 12
  explaining: A1 = 0.0 AND A2 = 38.92 AND A3 = 1.665 AND A4 = 2.0 AND A5 = 6.0 AND A6 = 4.0 AND A7 = 0.25 AND A8 = 0.0 AND A9 = 0.0 AND A10 = 0.0 AND A11 = 0.0 AND A12 = 2.0 AND A13 = 0.0 AND A14 = 391.0
  expl: [1, 2, 3, 4, 5, 6, 7, 8, 9, 10, 11, 12, 13]
  lit2imprt: {1: 0.029226154, 2: -0.30587763, 3: 0.09359223, 4: -0.35186568, 5: -0.026200995, 6: -0.3102111, 7: -2.4301509857177734, 8: -0.1508728563785553, 9: -0.10617691, 10: 0.004341120831668377, 11: -0.02406786, 12: 0.06491183, 13: -0.1280774}
  time: 0.01

inst: 13
  explaining: A1 = 1.0 AND A2 = 23.5 AND A3 = 3.165 AND A4 = 1.0 AND A5 = 4.0 AND A6 = 4.0 AND A7 = 0.415 AND A8 = 0.0 AND A9 = 1.0 AND A10 = 1.0 AND A11 = 1.0 AND A12 = 2.0 AND A13 = 280.0 AND A14 = 81.0
  expl: [1, 2, 3, 4, 5, 6, 7, 8, 9, 10, 11, 12, 13]
  lit2imprt: {1: -0.016975414, 2: -0.18723202, 3: -0.3075127, 4: -0.49868768, 5: -0.03481347, 6: -0.15343872, 7: -1.8978451490402222, 8: 0.08218830078840256, 9: -0.129801, 10: -2.1571526303887367e-05, 11: -0.02406786, 12: 0.089728616, 13: -0.27342042}
  time: 0.01

inst: 14
  explaining: A1 = 1.0 AND A2 = 36.17 AND A3 = 0.42 AND A4 = 1.0 AND A5 = 9.0 AND A6 = 4.0 AND A7 = 0.29 AND A8 = 0.0 AND A9 = 0.0 AND A10 = 0.0 AND A11 = 1.0 AND A12 = 2.0 AND A13 = 309.0 AND A14 = 3.0
  expl: [1, 2, 3, 4, 5, 6, 7, 8, 9, 10, 11, 12, 13]
  lit2imprt: {1: -0.14253978, 2: -0.39555138, 3: -0.2992003, 4: 0.25610343, 5: -0.07006134, 6: -0.17026031, 7: -1.7346844673156738, 8: -0.09937994927167892, 9: -0.12286168, 10: -0.002560931956395507, 11: -0.02406786, 12: 0.17922509, 13: -0.27762866}
  time: 0.01

inst: 15
  explaining: A1 = 1.0 AND A2 = 22.67 AND A3 = 1.585 AND A4 = 1.0 AND A5 = 9.0 AND A6 = 4.0 AND A7 = 3.085 AND A8 = 1.0 AND A9 = 1.0 AND A10 = 6.0 AND A11 = 0.0 AND A12 = 2.0 AND A13 = 80.0 AND A14 = 1.0
  expl: [1, 2, 3, 4, 5, 6, 7, 8, 9, 10, 11, 12, 13]
  lit2imprt: {1: -0.37034547, 2: -0.37203306, 3: -0.67055196, 4: 0.24726608, 5: -0.0255345, 6: 0.11890364, 7: 1.612320065498352, 8: 0.12848764657974243, 9: 0.33342534, 10: 0.0024153999984264374, 11: -0.0062363236, 12: 0.37200737, 13: -0.31321323}
  time: 0.01

inst: 16
  explaining: A1 = 0.0 AND A2 = 36.75 AND A3 = 5.125 AND A4 = 2.0 AND A5 = 10.0 AND A6 = 4.0 AND A7 = 5.0 AND A8 = 1.0 AND A9 = 0.0 AND A10 = 0.0 AND A11 = 1.0 AND A12 = 2.0 AND A13 = 0.0 AND A14 = 4001.0
  expl: [1, 2, 3, 4, 5, 6, 7, 8, 9, 10, 11, 12, 13]
  lit2imprt: {1: -0.22708258, 2: -0.06397751, 3: 0.1659181, 4: 0.46650898, 5: -0.047668893, 6: 0.07202938, 7: 1.810732126235962, 8: -0.26102715730667114, 9: -0.20563664, 10: -0.003991219215095043, 11: -0.0062363236, 12: 0.45014006, 13: 1.2199291}
  time: 0.01

inst: 17
  explaining: A1 = 1.0 AND A2 = 55.92 AND A3 = 11.5 AND A4 = 2.0 AND A5 = 1.0 AND A6 = 1.0 AND A7 = 5.0 AND A8 = 1.0 AND A9 = 1.0 AND A10 = 5.0 AND A11 = 0.0 AND A12 = 2.0 AND A13 = 0.0 AND A14 = 8852.0
  expl: [1, 2, 3, 4, 5, 6, 7, 8, 9, 10, 11, 12, 13]
  lit2imprt: {1: 0.12540063, 2: 0.033525504, 3: 0.1659181, 4: -0.5599046, 5: -0.29297295, 6: 0.18645264, 7: 1.9377638101577759, 8: 0.23780983686447144, 9: 0.9469418, 10: 0.0024153999984264374, 11: -0.0062363236, 12: 0.32719377, 13: 1.4725324}
  time: 0.02

inst: 18
  explaining: A1 = 1.0 AND A2 = 42.83 AND A3 = 4.625 AND A4 = 2.0 AND A5 = 11.0 AND A6 = 4.0 AND A7 = 4.58 AND A8 = 1.0 AND A9 = 0.0 AND A10 = 0.0 AND A11 = 0.0 AND A12 = 1.0 AND A13 = 0.0 AND A14 = 1.0
  expl: [1, 2, 3, 4, 5, 6, 7, 8, 9, 10, 11, 12, 13]
  lit2imprt: {1: -0.20368636, 2: -0.101383135, 3: 0.25437748, 4: 0.46499258, 5: -0.033835355, 6: 0.16403154, 7: 1.631050705909729, 8: -0.20216652750968933, 9: -0.23594053, 10: 0.006335685960948467, 11: -0.0062363236, 12: 0.88293386, 13: -0.15819967}
  time: 0.01

inst: 19
  explaining: A1 = 1.0 AND A2 = 21.83 AND A3 = 11.0 AND A4 = 2.0 AND A5 = 14.0 AND A6 = 4.0 AND A7 = 0.29 AND A8 = 1.0 AND A9 = 1.0 AND A10 = 6.0 AND A11 = 0.0 AND A12 = 2.0 AND A13 = 121.0 AND A14 = 1.0
  expl: [1, 2, 3, 4, 5, 6, 7, 8, 9, 10, 11, 12, 13]
  lit2imprt: {1: 0.12037877, 2: 0.10910318, 3: 0.18377107, 4: 1.2896746, 5: -0.0034440393, 6: -0.30649978, 7: 1.5895140171051025, 8: 0.1837673783302307, 9: 0.34406698, 10: 0.019307173788547516, 11: -0.006896492, 12: -0.46643412, 13: -0.41422036}
  time: 0.01

inst: 20
  explaining: A1 = 1.0 AND A2 = 24.17 AND A3 = 0.875 AND A4 = 2.0 AND A5 = 11.0 AND A6 = 4.0 AND A7 = 4.625 AND A8 = 1.0 AND A9 = 1.0 AND A10 = 2.0 AND A11 = 1.0 AND A12 = 2.0 AND A13 = 520.0 AND A14 = 2001.0
  expl: [1, 2, 3, 4, 5, 6, 7, 8, 9, 10, 11, 12, 13]
  lit2imprt: {1: 0.04600458, 2: -0.231014, 3: 0.07928238, 4: 0.26960316, 5: -0.091043666, 6: 0.04640314, 7: 1.687860369682312, 8: 0.16422514617443085, 9: -0.10809233, 10: 0.006199307274073362, 11: -0.0062363236, 12: -0.13347477, 13: 1.067033}
  time: 0.01

inst: 21
  explaining: A1 = 1.0 AND A2 = 21.42 AND A3 = 0.75 AND A4 = 1.0 AND A5 = 12.0 AND A6 = 7.0 AND A7 = 0.75 AND A8 = 0.0 AND A9 = 0.0 AND A10 = 0.0 AND A11 = 1.0 AND A12 = 2.0 AND A13 = 132.0 AND A14 = 3.0
  expl: [1, 2, 3, 4, 5, 6, 7, 8, 9, 10, 11, 12, 13]
  lit2imprt: {1: 0.08871503, 2: -0.32208377, 3: -0.38457638, 4: 0.3097783, 5: 0.16223946, 6: -0.19158767, 7: -1.8264291286468506, 8: -0.20370528101921082, 9: -0.06967899, 10: -0.05596311390399933, 11: -0.02406786, 12: -0.6082571, 13: -0.30503333}
  time: 0.01

inst: 22
  explaining: A1 = 0.0 AND A2 = 18.17 AND A3 = 10.0 AND A4 = 1.0 AND A5 = 11.0 AND A6 = 8.0 AND A7 = 0.165 AND A8 = 0.0 AND A9 = 0.0 AND A10 = 0.0 AND A11 = 0.0 AND A12 = 2.0 AND A13 = 340.0 AND A14 = 1.0
  expl: [1, 2, 3, 4, 5, 6, 7, 8, 9, 10, 11, 12, 13]
  lit2imprt: {1: 0.09792339, 2: -0.24228868, 3: -0.3861018, 4: 0.25017607, 5: 0.082769394, 6: -0.1934875, 7: -1.8900562524795532, 8: -0.09624946862459183, 9: -0.11167902, 10: 0.004341120831668377, 11: -0.02406786, 12: -0.011315535, 13: -0.1869682}
  time: 0.02

inst: 23
  explaining: A1 = 1.0 AND A2 = 25.0 AND A3 = 11.25 AND A4 = 2.0 AND A5 = 8.0 AND A6 = 4.0 AND A7 = 2.5 AND A8 = 1.0 AND A9 = 1.0 AND A10 = 17.0 AND A11 = 0.0 AND A12 = 2.0 AND A13 = 200.0 AND A14 = 1209.0
  expl: [1, 2, 3, 4, 5, 6, 7, 8, 9, 10, 11, 12, 13]
  lit2imprt: {1: 0.13775048, 2: 0.04861625, 3: 0.090652026, 4: 0.07555232, 5: -0.072974876, 6: 0.26708668, 7: 1.9724735021591187, 8: 0.28470441699028015, 9: 0.8049258, 10: 0.0024153999984264374, 11: -0.0062363236, 12: -0.29586822, 13: 0.9353405}
  time: 0.02

inst: 24
  explaining: A1 = 0.0 AND A2 = 18.08 AND A3 = 0.375 AND A4 = 3.0 AND A5 = 13.0 AND A6 = 1.0 AND A7 = 10.0 AND A8 = 0.0 AND A9 = 0.0 AND A10 = 0.0 AND A11 = 1.0 AND A12 = 1.0 AND A13 = 300.0 AND A14 = 1.0
  expl: [1, 2, 3, 4, 5, 6, 7, 8, 9, 10, 11, 12, 13]
  lit2imprt: {1: 0.0750427, 2: -0.35874104, 3: 0.13728632, 4: 0.1911537, 5: -0.5156011, 6: 0.319377, 7: -1.834022045135498, 8: -0.20370528101921082, 9: -0.062678285, 10: -0.05596311390399933, 11: -0.019978091, 12: -0.15013471, 13: -0.20508999}
  time: 0.01

inst: 25
  explaining: A1 = 1.0 AND A2 = 26.67 AND A3 = 14.585 AND A4 = 2.0 AND A5 = 3.0 AND A6 = 5.0 AND A7 = 0.0 AND A8 = 0.0 AND A9 = 0.0 AND A10 = 0.0 AND A11 = 1.0 AND A12 = 2.0 AND A13 = 178.0 AND A14 = 1.0
  expl: [1, 2, 3, 4, 5, 6, 7, 8, 9, 10, 11, 12, 13]
  lit2imprt: {1: 0.055631712, 2: -0.05140476, 3: 0.07115321, 4: -0.5220425, 5: 0.00863119, 6: -0.13694002, 7: -1.8854798078536987, 8: -0.12679339945316315, 9: -0.1230906, 10: -0.002560931956395507, 11: -0.02406786, 12: -0.7070581, 13: -0.20226814}
  time: 0.01

inst: 26
  explaining: A1 = 1.0 AND A2 = 24.58 AND A3 = 12.5 AND A4 = 2.0 AND A5 = 9.0 AND A6 = 4.0 AND A7 = 0.875 AND A8 = 1.0 AND A9 = 0.0 AND A10 = 0.0 AND A11 = 1.0 AND A12 = 2.0 AND A13 = 260.0 AND A14 = 1.0
  expl: [1, 2, 3, 4, 5, 6, 7, 8, 9, 10, 11, 12, 13]
  lit2imprt: {1: 0.16364747, 2: -0.0063923746, 3: 0.16069214, 4: 0.49071324, 5: -0.05969013, 6: -0.11372647, 7: 1.5094630718231201, 8: -0.20529700815677643, 9: -0.21576232, 10: -0.003991219215095043, 11: -0.006896492, 12: -0.13789684, 13: -0.4580235}
  time: 0.01

inst: 27
  explaining: A1 = 0.0 AND A2 = 21.08 AND A3 = 5.0 AND A4 = 1.0 AND A5 = 1.0 AND A6 = 1.0 AND A7 = 0.0 AND A8 = 0.0 AND A9 = 0.0 AND A10 = 0.0 AND A11 = 0.0 AND A12 = 2.0 AND A13 = 0.0 AND A14 = 1.0
  expl: [1, 2, 3, 4, 5, 6, 7, 8, 9, 10, 11, 12, 13]
  lit2imprt: {1: 0.23314133, 2: -0.04546363, 3: -0.42419794, 4: -0.70725983, 5: -0.52962404, 6: -0.036982797, 7: -1.9270715713500977, 8: -0.12366291135549545, 9: -0.14278443, 10: 0.004341120831668377, 11: -0.02406786, 12: 0.13804784, 13: -0.20949094}
  time: 0.02

inst: 28
  explaining: A1 = 1.0 AND A2 = 22.92 AND A3 = 0.17 AND A4 = 2.0 AND A5 = 7.0 AND A6 = 4.0 AND A7 = 0.085 AND A8 = 0.0 AND A9 = 0.0 AND A10 = 0.0 AND A11 = 0.0 AND A12 = 1.0 AND A13 = 0.0 AND A14 = 1.0
  expl: [1, 2, 3, 4, 5, 6, 7, 8, 9, 10, 11, 12, 13]
  lit2imprt: {1: -0.11468633, 2: 1.6217151, 3: 0.13212715, 4: 0.016675888, 5: -0.049289476, 6: -0.13891704, 7: -1.5078397989273071, 8: -0.13924741744995117, 9: -0.04893212, 10: 0.004341120831668377, 11: -0.020547783, 12: 0.51545346, 13: 0.059310846}
  time: 0.02

inst: 29
  explaining: A1 = 1.0 AND A2 = 23.25 AND A3 = 1.0 AND A4 = 2.0 AND A5 = 8.0 AND A6 = 4.0 AND A7 = 0.835 AND A8 = 1.0 AND A9 = 0.0 AND A10 = 0.0 AND A11 = 0.0 AND A12 = 1.0 AND A13 = 300.0 AND A14 = 1.0
  expl: [1, 2, 3, 4, 5, 6, 7, 8, 9, 10, 11, 12, 13]
  lit2imprt: {1: 0.049917124, 2: -0.30627543, 3: 0.16069214, 4: 0.04382155, 5: -0.07597963, 6: -0.1195181, 7: 1.3657830953598022, 8: -0.40533536672592163, 9: -0.08838989, 10: 0.006335685960948467, 11: -0.006896492, 12: -0.13650128, 13: -0.46700534}
  time: 0.02

inst: 30
  explaining: A1 = 0.0 AND A2 = 24.75 AND A3 = 13.665 AND A4 = 2.0 AND A5 = 11.0 AND A6 = 8.0 AND A7 = 1.5 AND A8 = 0.0 AND A9 = 0.0 AND A10 = 0.0 AND A11 = 0.0 AND A12 = 2.0 AND A13 = 280.0 AND A14 = 2.0
  expl: [1, 2, 3, 4, 5, 6, 7, 8, 9, 10, 11, 12, 13]
  lit2imprt: {1: 0.14506897, 2: -0.24822983, 3: 0.18083836, 4: 0.2860917, 5: 0.27442035, 6: 0.2880173, 7: -1.935673475265503, 8: -0.09624946862459183, 9: -0.15330054, 10: 0.004341120831668377, 11: -0.019978091, 12: -0.007918949, 13: -0.2674002}
  time: 0.01

inst: 31
  explaining: A1 = 1.0 AND A2 = 18.67 AND A3 = 5.0 AND A4 = 2.0 AND A5 = 11.0 AND A6 = 4.0 AND A7 = 0.375 AND A8 = 1.0 AND A9 = 1.0 AND A10 = 2.0 AND A11 = 0.0 AND A12 = 2.0 AND A13 = 0.0 AND A14 = 39.0
  expl: [1, 2, 3, 4, 5, 6, 7, 8, 9, 10, 11, 12, 13]
  lit2imprt: {1: 0.2306782, 2: 0.016539734, 3: 0.1931859, 4: 0.28850913, 5: -0.07418555, 6: -0.19734126, 7: 1.8036565780639648, 8: 0.12848764657974243, 9: -0.15415666, 10: 0.0024153999984264374, 11: -0.006896492, 12: 0.724756, 13: -0.6736249}
  time: 0.01

inst: 32
  explaining: A1 = 1.0 AND A2 = 29.83 AND A3 = 3.5 AND A4 = 2.0 AND A5 = 8.0 AND A6 = 4.0 AND A7 = 0.165 AND A8 = 0.0 AND A9 = 0.0 AND A10 = 0.0 AND A11 = 0.0 AND A12 = 2.0 AND A13 = 216.0 AND A14 = 1.0
  expl: [1, 2, 3, 4, 5, 6, 7, 8, 9, 10, 11, 12, 13]
  lit2imprt: {1: -0.23579961, 2: -0.3766388, 3: 0.09726803, 4: 0.15791814, 5: -0.040694665, 6: -0.29697335, 7: -1.895334243774414, 8: -0.13924741744995117, 9: -0.10086267, 10: 0.004341120831668377, 11: -0.02406786, 12: -0.13011077, 13: -0.17873083}
  time: 0.01

inst: 33
  explaining: A1 = 1.0 AND A2 = 48.25 AND A3 = 25.085 AND A4 = 2.0 AND A5 = 9.0 AND A6 = 4.0 AND A7 = 1.75 AND A8 = 1.0 AND A9 = 1.0 AND A10 = 3.0 AND A11 = 0.0 AND A12 = 2.0 AND A13 = 120.0 AND A14 = 15.0
  expl: [1, 2, 3, 4, 5, 6, 7, 8, 9, 10, 11, 12, 13]
  lit2imprt: {1: -0.20530525, 2: -0.101383135, 3: 0.1864782, 4: 0.21804927, 5: -0.04268981, 6: 0.25087422, 7: 1.4987831115722656, 8: 0.12848764657974243, 9: -0.23594053, 10: 0.0024153999984264374, 11: -0.0062363236, 12: -0.4214303, 13: -0.7167262}
  time: 0.01

inst: 34
  explaining: A1 = 1.0 AND A2 = 73.42 AND A3 = 17.75 AND A4 = 2.0 AND A5 = 1.0 AND A6 = 1.0 AND A7 = 0.0 AND A8 = 1.0 AND A9 = 0.0 AND A10 = 0.0 AND A11 = 1.0 AND A12 = 2.0 AND A13 = 0.0 AND A14 = 1.0
  expl: [1, 2, 3, 4, 5, 6, 7, 8, 9, 10, 11, 12, 13]
  lit2imprt: {1: -0.08660736, 2: -0.079112366, 3: 0.21683164, 4: -0.7703464, 5: -0.52696013, 6: -0.06568879, 7: 1.546846866607666, 8: -0.3363422751426697, 9: -0.20673344, 10: -0.003991219215095043, 11: -0.006896492, 12: 0.62265134, 13: -0.35005164}
  time: 0.01

inst: 35
  explaining: A1 = 1.0 AND A2 = 25.17 AND A3 = 6.0 AND A4 = 2.0 AND A5 = 8.0 AND A6 = 4.0 AND A7 = 1.0 AND A8 = 1.0 AND A9 = 1.0 AND A10 = 3.0 AND A11 = 0.0 AND A12 = 2.0 AND A13 = 0.0 AND A14 = 1.0
  expl: [1, 2, 3, 4, 5, 6, 7, 8, 9, 10, 11, 12, 13]
  lit2imprt: {1: 0.22813702, 2: 0.010598604, 3: 0.22242813, 4: 0.24548599, 5: -0.060117472, 6: -0.15937176, 7: 1.7823755741119385, 8: 0.2522960901260376, 9: -0.21576232, 10: 0.0024153999984264374, 11: -0.006896492, 12: 0.9760445, 13: -0.19778055}
  time: 0.01

inst: 36
  explaining: A1 = 1.0 AND A2 = 33.0 AND A3 = 2.5 AND A4 = 1.0 AND A5 = 9.0 AND A6 = 4.0 AND A7 = 7.0 AND A8 = 0.0 AND A9 = 0.0 AND A10 = 0.0 AND A11 = 1.0 AND A12 = 2.0 AND A13 = 280.0 AND A14 = 1.0
  expl: [1, 2, 3, 4, 5, 6, 7, 8, 9, 10, 11, 12, 13]
  lit2imprt: {1: -0.22494099, 2: -0.3649873, 3: -0.39069924, 4: 0.30591384, 5: -0.04914927, 6: 0.33191386, 7: -1.7747490406036377, 8: -0.09937994927167892, 9: -0.18216217, 10: -0.002560931956395507, 11: -0.019978091, 12: -0.08829583, 13: -0.18550313}
  time: 0.02

inst: 37
  explaining: A1 = 0.0 AND A2 = 30.25 AND A3 = 5.5 AND A4 = 2.0 AND A5 = 4.0 AND A6 = 4.0 AND A7 = 5.5 AND A8 = 0.0 AND A9 = 0.0 AND A10 = 0.0 AND A11 = 1.0 AND A12 = 1.0 AND A13 = 100.0 AND A14 = 1.0
  expl: [1, 2, 3, 4, 5, 6, 7, 8, 9, 10, 11, 12, 13]
  lit2imprt: {1: -0.3421481, 2: -0.1182515, 3: 0.15789282, 4: -0.4693195, 5: -0.062589906, 6: 0.30172235, 7: -1.8620193004608154, 8: -0.12679339945316315, 9: -0.19328342, 10: -0.002560931956395507, 11: -0.019978091, 12: 0.2076546, 13: 0.012090361}
  time: 0.02

inst: 38
  explaining: A1 = 1.0 AND A2 = 48.5 AND A3 = 4.25 AND A4 = 2.0 AND A5 = 7.0 AND A6 = 4.0 AND A7 = 0.125 AND A8 = 1.0 AND A9 = 0.0 AND A10 = 0.0 AND A11 = 1.0 AND A12 = 2.0 AND A13 = 225.0 AND A14 = 1.0
  expl: [1, 2, 3, 4, 5, 6, 7, 8, 9, 10, 11, 12, 13]
  lit2imprt: {1: 0.007578276, 2: -0.113590196, 3: 0.15509565, 4: -0.26563737, 5: 0.004349403, 6: -0.2487962, 7: 1.295049786567688, 8: -0.40846583247184753, 9: -0.20673344, 10: -0.003991219215095043, 11: -0.006896492, 12: -0.24305895, 13: -0.4891903}
  time: 0.01

inst: 39
  explaining: A1 = 0.0 AND A2 = 20.83 AND A3 = 8.5 AND A4 = 2.0 AND A5 = 8.0 AND A6 = 4.0 AND A7 = 0.165 AND A8 = 0.0 AND A9 = 0.0 AND A10 = 0.0 AND A11 = 0.0 AND A12 = 2.0 AND A13 = 0.0 AND A14 = 352.0
  expl: [1, 2, 3, 4, 5, 6, 7, 8, 9, 10, 11, 12, 13]
  lit2imprt: {1: 0.2105549, 2: -0.16050741, 3: 0.10288492, 4: 0.17221914, 5: -0.036193594, 6: -0.2933895, 7: -2.3126134872436523, 8: -0.1508728563785553, 9: -0.09169489, 10: 0.004341120831668377, 11: -0.02406786, 12: 0.23759143, 13: -0.26641467}
  time: 0.01

inst: 40
  explaining: A1 = 1.0 AND A2 = 32.83 AND A3 = 2.5 AND A4 = 2.0 AND A5 = 13.0 AND A6 = 8.0 AND A7 = 2.75 AND A8 = 1.0 AND A9 = 1.0 AND A10 = 6.0 AND A11 = 0.0 AND A12 = 2.0 AND A13 = 160.0 AND A14 = 2073.0
  expl: [1, 2, 3, 4, 5, 6, 7, 8, 9, 10, 11, 12, 13]
  lit2imprt: {1: 0.010847695, 2: -0.08987062, 3: 0.12794912, 4: 0.43419945, 5: 0.3206007, 6: 0.31940663, 7: 2.0123116970062256, 8: 0.21617570519447327, 9: 0.82132816, 10: 0.019307173788547516, 11: -0.0062363236, 12: -0.5573741, 13: 1.1277006}
  time: 0.01

inst: 41
  explaining: A1 = 0.0 AND A2 = 25.0 AND A3 = 12.33 AND A4 = 2.0 AND A5 = 13.0 AND A6 = 8.0 AND A7 = 3.5 AND A8 = 1.0 AND A9 = 1.0 AND A10 = 6.0 AND A11 = 0.0 AND A12 = 2.0 AND A13 = 400.0 AND A14 = 459.0
  expl: [1, 2, 3, 4, 5, 6, 7, 8, 9, 10, 11, 12, 13]
  lit2imprt: {1: 0.15142512, 2: -0.030319832, 3: 0.15686652, 4: 0.4348647, 5: 0.26562187, 6: 0.24507289, 7: 1.9411050081253052, 8: 0.21617570519447327, 9: 0.7679648, 10: 0.019307173788547516, 11: -0.0062363236, 12: -0.13904232, 13: 0.76194274}
  time: 0.01

inst: 42
  explaining: A1 = 1.0 AND A2 = 31.0 AND A3 = 2.085 AND A4 = 2.0 AND A5 = 8.0 AND A6 = 4.0 AND A7 = 0.085 AND A8 = 0.0 AND A9 = 0.0 AND A10 = 0.0 AND A11 = 0.0 AND A12 = 2.0 AND A13 = 300.0 AND A14 = 1.0
  expl: [1, 2, 3, 4, 5, 6, 7, 8, 9, 10, 11, 12, 13]
  lit2imprt: {1: -0.18768227, 2: -0.4247204, 3: 0.09726803, 4: 0.16068865, 5: -0.022735339, 6: -0.11729803, 7: -1.895334243774414, 8: -0.13924741744995117, 9: -0.098816164, 10: 0.004341120831668377, 11: -0.02406786, 12: 0.030281961, 13: -0.16723755}
  time: 0.01

inst: 43
  explaining: A1 = 1.0 AND A2 = 17.08 AND A3 = 0.085 AND A4 = 1.0 AND A5 = 8.0 AND A6 = 4.0 AND A7 = 0.04 AND A8 = 0.0 AND A9 = 0.0 AND A10 = 0.0 AND A11 = 0.0 AND A12 = 2.0 AND A13 = 140.0 AND A14 = 723.0
  expl: [1, 2, 3, 4, 5, 6, 7, 8, 9, 10, 11, 12, 13]
  lit2imprt: {1: -0.007882781, 2: 1.6707621, 3: -0.17539592, 4: 0.4704067, 5: -0.03272088, 6: 0.063217536, 7: -1.4857789278030396, 8: -0.1508728563785553, 9: -0.043454744, 10: 0.004341120831668377, 11: -0.020547783, 12: -0.5813552, 13: 0.58340675}
  time: 0.01

inst: 44
  explaining: A1 = 1.0 AND A2 = 28.25 AND A3 = 5.125 AND A4 = 2.0 AND A5 = 14.0 AND A6 = 4.0 AND A7 = 4.75 AND A8 = 1.0 AND A9 = 1.0 AND A10 = 2.0 AND A11 = 0.0 AND A12 = 2.0 AND A13 = 420.0 AND A14 = 8.0
  expl: [1, 2, 3, 4, 5, 6, 7, 8, 9, 10, 11, 12, 13]
  lit2imprt: {1: 0.23613876, 2: -0.017902657, 3: 0.1360271, 4: 1.493296, 5: -0.0027768416, 6: 0.12760316, 7: 1.3950468301773071, 8: 0.1837673783302307, 9: -0.19319709, 10: 0.019307173788547516, 11: -0.0062363236, 12: -0.23819207, 13: -0.6231937}
  time: 0.01

inst: 45
  explaining: A1 = 1.0 AND A2 = 41.42 AND A3 = 5.0 AND A4 = 2.0 AND A5 = 11.0 AND A6 = 8.0 AND A7 = 5.0 AND A8 = 1.0 AND A9 = 1.0 AND A10 = 6.0 AND A11 = 1.0 AND A12 = 2.0 AND A13 = 470.0 AND A14 = 1.0
  expl: [1, 2, 3, 4, 5, 6, 7, 8, 9, 10, 11, 12, 13]
  lit2imprt: {1: -0.03344225, 2: -0.11424689, 3: 0.16845128, 4: 0.16846159, 5: 0.18930767, 6: 0.25115088, 7: 1.2633004188537598, 8: 0.1318168193101883, 9: 0.975728, 10: 0.006199307274073362, 11: -0.0062363236, 12: -0.059011456, 13: -0.47852436}
  time: 0.01

inst: 46
  explaining: A1 = 1.0 AND A2 = 34.92 AND A3 = 5.0 AND A4 = 2.0 AND A5 = 14.0 AND A6 = 8.0 AND A7 = 7.5 AND A8 = 1.0 AND A9 = 1.0 AND A10 = 6.0 AND A11 = 1.0 AND A12 = 2.0 AND A13 = 0.0 AND A14 = 1001.0
  expl: [1, 2, 3, 4, 5, 6, 7, 8, 9, 10, 11, 12, 13]
  lit2imprt: {1: -0.051447064, 2: -0.0222007, 3: 0.19368622, 4: 0.8304159, 5: 0.085182205, 6: 0.30732465, 7: 1.9348288774490356, 8: 0.27517169713974, 9: 0.7842743, 10: -0.01239349041134119, 11: -0.0062363236, 12: 0.501942, 13: 0.77190566}
  time: 0.02

inst: 47
  explaining: A1 = 1.0 AND A2 = 20.0 AND A3 = 11.045 AND A4 = 2.0 AND A5 = 8.0 AND A6 = 4.0 AND A7 = 2.0 AND A8 = 0.0 AND A9 = 0.0 AND A10 = 0.0 AND A11 = 1.0 AND A12 = 2.0 AND A13 = 136.0 AND A14 = 1.0
  expl: [1, 2, 3, 4, 5, 6, 7, 8, 9, 10, 11, 12, 13]
  lit2imprt: {1: 0.19773114, 2: -0.16208255, 3: 0.10869905, 4: 0.13788578, 5: -0.063503094, 6: 0.38277337, 7: -1.7736730575561523, 8: -0.14237789809703827, 9: -0.107783824, 10: -0.002560931956395507, 11: -0.019978091, 12: -0.6862956, 13: -0.16158955}
  time: 0.02

inst: 48
  explaining: A1 = 0.0 AND A2 = 33.67 AND A3 = 0.375 AND A4 = 2.0 AND A5 = 13.0 AND A6 = 4.0 AND A7 = 0.375 AND A8 = 0.0 AND A9 = 0.0 AND A10 = 0.0 AND A11 = 0.0 AND A12 = 2.0 AND A13 = 300.0 AND A14 = 45.0
  expl: [1, 2, 3, 4, 5, 6, 7, 8, 9, 10, 11, 12, 13]
  lit2imprt: {1: -0.16404945, 2: -0.32935706, 3: 0.095736004, 4: 0.42076147, 5: -0.11675763, 6: -0.20953493, 7: -1.9607470035552979, 8: -0.14823013544082642, 9: -0.088774994, 10: 0.08678382635116577, 11: -0.02406786, 12: 0.15861073, 13: -0.25295088}
  time: 0.02

inst: 49
  explaining: A1 = 1.0 AND A2 = 36.67 AND A3 = 2.0 AND A4 = 2.0 AND A5 = 3.0 AND A6 = 4.0 AND A7 = 0.25 AND A8 = 0.0 AND A9 = 0.0 AND A10 = 0.0 AND A11 = 1.0 AND A12 = 2.0 AND A13 = 221.0 AND A14 = 1.0
  expl: [1, 2, 3, 4, 5, 6, 7, 8, 9, 10, 11, 12, 13]
  lit2imprt: {1: -0.0718775, 2: -0.3274073, 3: 0.09726803, 4: -0.47520345, 5: -0.017834358, 6: -0.29697335, 7: -1.7561227083206177, 8: -0.12679339945316315, 9: -0.12908019, 10: -0.002560931956395507, 11: -0.02406786, 12: 0.01415754, 13: -0.19041842}
  time: 0.02

inst: 50
  explaining: A1 = 1.0 AND A2 = 20.42 AND A3 = 1.085 AND A4 = 2.0 AND A5 = 11.0 AND A6 = 4.0 AND A7 = 1.5 AND A8 = 0.0 AND A9 = 0.0 AND A10 = 0.0 AND A11 = 0.0 AND A12 = 2.0 AND A13 = 108.0 AND A14 = 8.0
  expl: [1, 2, 3, 4, 5, 6, 7, 8, 9, 10, 11, 12, 13]
  lit2imprt: {1: 0.14265046, 2: -0.46075696, 3: 0.13112302, 4: 0.29147935, 5: -0.08144207, 6: 0.2959307, 7: -2.0337536334991455, 8: -0.09624946862459183, 9: -0.062678285, 10: 0.004341120831668377, 11: -0.019978091, 12: 0.09485491, 13: -0.45891526}
  time: 0.01

inst: 51
  explaining: A1 = 0.0 AND A2 = 52.83 AND A3 = 15.0 AND A4 = 2.0 AND A5 = 8.0 AND A6 = 4.0 AND A7 = 5.5 AND A8 = 1.0 AND A9 = 1.0 AND A10 = 14.0 AND A11 = 0.0 AND A12 = 2.0 AND A13 = 0.0 AND A14 = 2201.0
  expl: [1, 2, 3, 4, 5, 6, 7, 8, 9, 10, 11, 12, 13]
  lit2imprt: {1: 0.08734613, 2: 0.0073398184, 3: 0.12532942, 4: 0.112759136, 5: -0.047668893, 6: 0.18024404, 7: 2.0126006603240967, 8: 0.28470441699028015, 9: 0.91179913, 10: 0.0024153999984264374, 11: -0.0062363236, 12: 0.5029318, 13: 0.77190566}
  time: 0.01

inst: 52
  explaining: A1 = 0.0 AND A2 = 29.5 AND A3 = 0.46 AND A4 = 2.0 AND A5 = 4.0 AND A6 = 4.0 AND A7 = 0.54 AND A8 = 1.0 AND A9 = 1.0 AND A10 = 4.0 AND A11 = 0.0 AND A12 = 2.0 AND A13 = 380.0 AND A14 = 501.0
  expl: [1, 2, 3, 4, 5, 6, 7, 8, 9, 10, 11, 12, 13]
  lit2imprt: {1: -0.073484965, 2: -0.39164293, 3: 0.06649891, 4: -0.46315995, 5: -0.11652309, 6: -0.44589204, 7: 1.9163622856140137, 8: 0.23780983686447144, 9: 0.5890207, 10: 0.0024153999984264374, 11: -0.006896492, 12: 0.113107406, 13: 1.0140606}
  time: 0.02

inst: 53
  explaining: A1 = 1.0 AND A2 = 21.25 AND A3 = 1.5 AND A4 = 2.0 AND A5 = 9.0 AND A6 = 4.0 AND A7 = 1.5 AND A8 = 0.0 AND A9 = 0.0 AND A10 = 0.0 AND A11 = 0.0 AND A12 = 2.0 AND A13 = 150.0 AND A14 = 9.0
  expl: [1, 2, 3, 4, 5, 6, 7, 8, 9, 10, 11, 12, 13]
  lit2imprt: {1: 0.12966701, 2: -0.4457448, 3: 0.10404298, 4: 0.23811205, 5: -0.08526143, 6: 0.38277337, 7: -1.9439489841461182, 8: -0.09624946862459183, 9: -0.057200953, 10: 0.004341120831668377, 11: -0.019978091, 12: -0.5497215, 13: -0.2765225}
  time: 0.02

inst: 54
  explaining: A1 = 0.0 AND A2 = 22.58 AND A3 = 10.75 AND A4 = 2.0 AND A5 = 11.0 AND A6 = 4.0 AND A7 = 0.415 AND A8 = 1.0 AND A9 = 1.0 AND A10 = 5.0 AND A11 = 1.0 AND A12 = 2.0 AND A13 = 0.0 AND A14 = 561.0
  expl: [1, 2, 3, 4, 5, 6, 7, 8, 9, 10, 11, 12, 13]
  lit2imprt: {1: -0.15285271, 2: 0.12609687, 3: 0.1580795, 4: 0.23349433, 5: -0.07395101, 6: -0.2306155, 7: 2.1098906993865967, 8: 0.16422514617443085, 9: 0.355509, 10: -0.00145185855217278, 11: -0.006896492, 12: 0.563049, 13: 0.6136018}
  time: 0.02

inst: 55
  explaining: A1 = 1.0 AND A2 = 35.0 AND A3 = 2.5 AND A4 = 2.0 AND A5 = 3.0 AND A6 = 4.0 AND A7 = 1.0 AND A8 = 0.0 AND A9 = 0.0 AND A10 = 0.0 AND A11 = 1.0 AND A12 = 2.0 AND A13 = 210.0 AND A14 = 1.0
  expl: [1, 2, 3, 4, 5, 6, 7, 8, 9, 10, 11, 12, 13]
  lit2imprt: {1: -0.21634679, 2: -0.20700404, 3: 0.10039208, 4: -0.47578934, 5: -0.088159285, 6: -0.26376286, 7: -1.8285644054412842, 8: -0.12679339945316315, 9: -0.19676356, 10: -0.002560931956395507, 11: -0.02406786, 12: -0.4758477, 13: -0.18833621}
  time: 0.01

inst: 56
  explaining: A1 = 1.0 AND A2 = 31.67 AND A3 = 0.83 AND A4 = 2.0 AND A5 = 14.0 AND A6 = 4.0 AND A7 = 1.335 AND A8 = 1.0 AND A9 = 1.0 AND A10 = 8.0 AND A11 = 1.0 AND A12 = 2.0 AND A13 = 303.0 AND A14 = 3291.0
  expl: [1, 2, 3, 4, 5, 6, 7, 8, 9, 10, 11, 12, 13]
  lit2imprt: {1: 0.12855853, 2: -0.24438989, 3: 0.07786856, 4: 1.2771724, 5: -0.016863592, 6: 0.022536792, 7: 1.82430899143219, 8: 0.27517169713974, 9: 0.6475579, 10: -0.01239349041134119, 11: -0.006896492, 12: 0.050455086, 13: 1.5435687}
  time: 0.01

inst: 57
  explaining: A1 = 1.0 AND A2 = 32.67 AND A3 = 5.5 AND A4 = 2.0 AND A5 = 11.0 AND A6 = 8.0 AND A7 = 5.5 AND A8 = 1.0 AND A9 = 1.0 AND A10 = 12.0 AND A11 = 1.0 AND A12 = 2.0 AND A13 = 408.0 AND A14 = 1001.0
  expl: [1, 2, 3, 4, 5, 6, 7, 8, 9, 10, 11, 12, 13]
  lit2imprt: {1: 0.024130963, 2: -0.051799256, 3: 0.09229776, 4: 0.18698518, 5: 0.27336943, 6: 0.2077712, 7: 1.9588162899017334, 8: 0.16422514617443085, 9: 0.8476425, 10: -0.00145185855217278, 11: -0.0062363236, 12: -0.15294439, 13: 1.0219303}
  time: 0.01

inst: 58
  explaining: A1 = 0.0 AND A2 = 19.58 AND A3 = 0.665 AND A4 = 2.0 AND A5 = 9.0 AND A6 = 4.0 AND A7 = 1.665 AND A8 = 0.0 AND A9 = 0.0 AND A10 = 0.0 AND A11 = 0.0 AND A12 = 2.0 AND A13 = 220.0 AND A14 = 6.0
  expl: [1, 2, 3, 4, 5, 6, 7, 8, 9, 10, 11, 12, 13]
  lit2imprt: {1: 0.076874144, 2: -0.34889585, 3: 0.13263024, 4: 0.23811205, 5: -0.07665296, 6: 0.2959307, 7: -1.8615188598632812, 8: -0.09624946862459183, 9: -0.062678285, 10: 0.004341120831668377, 11: -0.019978091, 12: -0.059550263, 13: -0.27867016}
  time: 0.01

inst: 59
  explaining: A1 = 0.0 AND A2 = 24.08 AND A3 = 0.5 AND A4 = 2.0 AND A5 = 11.0 AND A6 = 8.0 AND A7 = 1.25 AND A8 = 1.0 AND A9 = 1.0 AND A10 = 1.0 AND A11 = 0.0 AND A12 = 2.0 AND A13 = 0.0 AND A14 = 679.0
  expl: [1, 2, 3, 4, 5, 6, 7, 8, 9, 10, 11, 12, 13]
  lit2imprt: {1: 0.099805094, 2: -0.03453299, 3: 0.20628764, 4: 0.31591102, 5: 0.41365138, 6: -0.07407496, 7: 2.0593225955963135, 8: 0.16089597344398499, 9: -0.10984605, 10: 0.0024153999984264374, 11: -0.006896492, 12: 0.5702792, 13: 0.8514894}
  time: 0.01

inst: 60
  explaining: A1 = 0.0 AND A2 = 28.58 AND A3 = 3.54 AND A4 = 2.0 AND A5 = 3.0 AND A6 = 5.0 AND A7 = 0.5 AND A8 = 1.0 AND A9 = 0.0 AND A10 = 0.0 AND A11 = 1.0 AND A12 = 2.0 AND A13 = 171.0 AND A14 = 1.0
  expl: [1, 2, 3, 4, 5, 6, 7, 8, 9, 10, 11, 12, 13]
  lit2imprt: {1: -0.32334235, 2: -0.1540211, 3: 0.12963244, 4: -0.6602606, 5: -0.067819476, 6: -0.2703768, 7: 1.3670086860656738, 8: -0.3363422751426697, 9: -0.22060347, 10: -0.003991219215095043, 11: -0.006896492, 12: -0.9255345, 13: -0.5112274}
  time: 0.02

inst: 61
  explaining: A1 = 1.0 AND A2 = 27.42 AND A3 = 12.5 AND A4 = 2.0 AND A5 = 6.0 AND A6 = 5.0 AND A7 = 0.25 AND A8 = 0.0 AND A9 = 0.0 AND A10 = 0.0 AND A11 = 1.0 AND A12 = 2.0 AND A13 = 720.0 AND A14 = 1.0
  expl: [1, 2, 3, 4, 5, 6, 7, 8, 9, 10, 11, 12, 13]
  lit2imprt: {1: 0.037667483, 2: -0.025176615, 3: 0.0426381, 4: -0.41477683, 5: -0.021702178, 6: -0.26474097, 7: -1.3507593870162964, 8: -0.14237789809703827, 9: -0.121336885, 10: 0.04264446720480919, 11: -0.02406786, 12: 0.30625373, 13: -0.16205256}
  time: 0.02

inst: 62
  explaining: A1 = 0.0 AND A2 = 25.0 AND A3 = 0.875 AND A4 = 2.0 AND A5 = 14.0 AND A6 = 8.0 AND A7 = 1.04 AND A8 = 1.0 AND A9 = 0.0 AND A10 = 0.0 AND A11 = 1.0 AND A12 = 2.0 AND A13 = 160.0 AND A14 = 5861.0
  expl: [1, 2, 3, 4, 5, 6, 7, 8, 9, 10, 11, 12, 13]
  lit2imprt: {1: 0.19954872, 2: -0.17387514, 3: 0.14055055, 4: 1.2137804, 5: 0.08623597, 6: -0.114065275, 7: 1.7291456460952759, 8: -0.3653525114059448, 9: -0.12599067, 10: -0.057393401861190796, 11: -0.006896492, 12: -0.63494784, 13: 1.6408002}
  time: 0.01

inst: 63
  explaining: A1 = 1.0 AND A2 = 22.75 AND A3 = 11.0 AND A4 = 2.0 AND A5 = 11.0 AND A6 = 4.0 AND A7 = 2.5 AND A8 = 1.0 AND A9 = 1.0 AND A10 = 7.0 AND A11 = 1.0 AND A12 = 2.0 AND A13 = 100.0 AND A14 = 810.0
  expl: [1, 2, 3, 4, 5, 6, 7, 8, 9, 10, 11, 12, 13]
  lit2imprt: {1: -0.28674188, 2: 0.12609687, 3: 0.0891448, 4: 0.23349433, 5: -0.07395101, 6: 0.099931866, 7: 2.0114736557006836, 8: 0.16422514617443085, 9: 0.47982016, 10: -0.00145185855217278, 11: -0.0062363236, 12: 0.11305138, 13: 0.66048497}
  time: 0.02

inst: 64
  explaining: A1 = 0.0 AND A2 = 36.58 AND A3 = 0.29 AND A4 = 2.0 AND A5 = 1.0 AND A6 = 1.0 AND A7 = 0.0 AND A8 = 0.0 AND A9 = 1.0 AND A10 = 10.0 AND A11 = 0.0 AND A12 = 2.0 AND A13 = 200.0 AND A14 = 19.0
  expl: [1, 2, 3, 4, 5, 6, 7, 8, 9, 10, 11, 12, 13]
  lit2imprt: {1: -0.07223688, 2: -0.28461543, 3: 0.052023273, 4: -0.42578158, 5: -0.32451808, 6: -0.4575893, 7: -2.105833053588867, 8: 0.07885913550853729, 9: 0.55304366, 10: 0.00042083486914634705, 11: -0.02406786, 12: -0.32908356, 13: -0.24293643}
  time: 0.02

inst: 65
  explaining: A1 = 1.0 AND A2 = 48.58 AND A3 = 6.5 AND A4 = 2.0 AND A5 = 11.0 AND A6 = 8.0 AND A7 = 6.0 AND A8 = 1.0 AND A9 = 0.0 AND A10 = 0.0 AND A11 = 1.0 AND A12 = 2.0 AND A13 = 350.0 AND A14 = 1.0
  expl: [1, 2, 3, 4, 5, 6, 7, 8, 9, 10, 11, 12, 13]
  lit2imprt: {1: -0.21068701, 2: -0.19721028, 3: 0.22040962, 4: 0.4179961, 5: 0.18930767, 6: 0.15032649, 7: 1.3826600313186646, 8: -0.20529700815677643, 9: -0.23594053, 10: -0.003991219215095043, 11: -0.0062363236, 12: -0.20145872, 13: -0.4674241}
  time: 0.01

inst: 66
  explaining: A1 = 0.0 AND A2 = 18.25 AND A3 = 10.0 AND A4 = 2.0 AND A5 = 9.0 AND A6 = 4.0 AND A7 = 1.0 AND A8 = 0.0 AND A9 = 1.0 AND A10 = 1.0 AND A11 = 0.0 AND A12 = 2.0 AND A13 = 120.0 AND A14 = 2.0
  expl: [1, 2, 3, 4, 5, 6, 7, 8, 9, 10, 11, 12, 13]
  lit2imprt: {1: 0.19773114, 2: -0.16208255, 3: 0.096701235, 4: 0.21238898, 5: -0.064176425, 6: -0.26955447, 7: -2.1540286540985107, 8: 0.06276459991931915, 9: -0.107783824, 10: 0.00042083486914634705, 11: -0.02406786, 12: -0.36282662, 13: -0.38166335}
  time: 0.01

inst: 67
  explaining: A1 = 0.0 AND A2 = 31.57 AND A3 = 1.5 AND A4 = 2.0 AND A5 = 1.0 AND A6 = 1.0 AND A7 = 0.0 AND A8 = 0.0 AND A9 = 1.0 AND A10 = 2.0 AND A11 = 1.0 AND A12 = 2.0 AND A13 = 200.0 AND A14 = 106.0
  expl: [1, 2, 3, 4, 5, 6, 7, 8, 9, 10, 11, 12, 13]
  lit2imprt: {1: -0.23547384, 2: -0.29618067, 3: 0.09261195, 4: -0.54630107, 5: -0.22738211, 6: -0.1700799, 7: -2.0689406394958496, 8: 0.08218830078840256, 9: -0.12738648, 10: -2.1571526303887367e-05, 11: -0.02406786, 12: -0.2871091, 13: -0.19235356}
  time: 0.01

inst: 68
  explaining: A1 = 0.0 AND A2 = 50.08 AND A3 = 12.54 AND A4 = 2.0 AND A5 = 6.0 AND A6 = 4.0 AND A7 = 2.29 AND A8 = 1.0 AND A9 = 1.0 AND A10 = 3.0 AND A11 = 1.0 AND A12 = 2.0 AND A13 = 156.0 AND A14 = 1.0
  expl: [1, 2, 3, 4, 5, 6, 7, 8, 9, 10, 11, 12, 13]
  lit2imprt: {1: -0.08170196, 2: -0.079112366, 3: 0.16405423, 4: -0.30503765, 5: -0.03722098, 6: 0.25087422, 7: 1.4814682006835938, 8: 0.25562524795532227, 9: -0.26804882, 10: -0.00145185855217278, 11: -0.0062363236, 12: -0.84605366, 13: -0.53622943}
  time: 0.01

inst: 69
  explaining: A1 = 1.0 AND A2 = 36.33 AND A3 = 3.79 AND A4 = 2.0 AND A5 = 9.0 AND A6 = 4.0 AND A7 = 1.165 AND A8 = 1.0 AND A9 = 0.0 AND A10 = 0.0 AND A11 = 1.0 AND A12 = 2.0 AND A13 = 200.0 AND A14 = 1.0
  expl: [1, 2, 3, 4, 5, 6, 7, 8, 9, 10, 11, 12, 13]
  lit2imprt: {1: -0.28254122, 2: -0.101383135, 3: 0.15821971, 4: 0.453755, 5: -0.03722098, 6: -0.21558574, 7: 1.4837210178375244, 8: -0.20529700815677643, 9: -0.23874234, 10: -0.003991219215095043, 11: -0.006896492, 12: -0.62480575, 13: -0.4891903}
  time: 0.02

inst: 70
  explaining: A1 = 0.0 AND A2 = 41.17 AND A3 = 6.5 AND A4 = 2.0 AND A5 = 11.0 AND A6 = 4.0 AND A7 = 0.5 AND A8 = 1.0 AND A9 = 1.0 AND A10 = 3.0 AND A11 = 1.0 AND A12 = 2.0 AND A13 = 145.0 AND A14 = 1.0
  expl: [1, 2, 3, 4, 5, 6, 7, 8, 9, 10, 11, 12, 13]
  lit2imprt: {1: -0.21182951, 2: -0.101383135, 3: 0.12963244, 4: 0.20038237, 5: -0.03722098, 6: -0.2703768, 7: 1.5624845027923584, 8: 0.1318168193101883, 9: -0.17462516, 10: -0.00145185855217278, 11: -0.006896492, 12: -0.9992586, 13: -0.552126}
  time: 0.01

inst: 71
  explaining: A1 = 1.0 AND A2 = 24.33 AND A3 = 6.625 AND A4 = 1.0 AND A5 = 2.0 AND A6 = 4.0 AND A7 = 5.5 AND A8 = 1.0 AND A9 = 0.0 AND A10 = 0.0 AND A11 = 1.0 AND A12 = 1.0 AND A13 = 100.0 AND A14 = 1.0
  expl: [1, 2, 3, 4, 5, 6, 7, 8, 9, 10, 11, 12, 13]
  lit2imprt: {1: 0.12047053, 2: 0.036262847, 3: -0.67055196, 4: -0.8975918, 5: -0.050552774, 6: 0.09642085, 7: 1.2872623205184937, 8: -0.3363422751426697, 9: -0.27529812, 10: -0.003991219215095043, 11: -0.0062363236, 12: 0.17184961, 13: -0.34905276}
  time: 0.01

inst: 72
  explaining: A1 = 1.0 AND A2 = 31.25 AND A3 = 1.125 AND A4 = 2.0 AND A5 = 1.0 AND A6 = 1.0 AND A7 = 0.0 AND A8 = 0.0 AND A9 = 1.0 AND A10 = 1.0 AND A11 = 0.0 AND A12 = 2.0 AND A13 = 96.0 AND A14 = 20.0
  expl: [1, 2, 3, 4, 5, 6, 7, 8, 9, 10, 11, 12, 13]
  lit2imprt: {1: -0.29801995, 2: -0.31119287, 3: 0.091104746, 4: -0.7110626, 5: -0.39072657, 6: -0.11386593, 7: -2.1607744693756104, 8: 0.07885913550853729, 9: -0.1198804, 10: 0.00042083486914634705, 11: -0.02406786, 12: -0.1317698, 13: -0.38233986}
  time: 0.01

inst: 73
  explaining: A1 = 1.0 AND A2 = 39.92 AND A3 = 6.21 AND A4 = 2.0 AND A5 = 11.0 AND A6 = 4.0 AND A7 = 0.04 AND A8 = 1.0 AND A9 = 1.0 AND A10 = 1.0 AND A11 = 0.0 AND A12 = 2.0 AND A13 = 200.0 AND A14 = 301.0
  expl: [1, 2, 3, 4, 5, 6, 7, 8, 9, 10, 11, 12, 13]
  lit2imprt: {1: -0.14928338, 2: -0.09391281, 3: 0.15043958, 4: 0.1970382, 5: 0.01483181, 6: 0.006248204, 7: 1.8134663105010986, 8: 0.16089597344398499, 9: -0.17462516, 10: 0.0024153999984264374, 11: -0.006896492, 12: -0.35570353, 13: 0.34425777}
  time: 0.02

inst: 74
  explaining: A1 = 1.0 AND A2 = 25.5 AND A3 = 0.375 AND A4 = 2.0 AND A5 = 7.0 AND A6 = 4.0 AND A7 = 0.25 AND A8 = 1.0 AND A9 = 1.0 AND A10 = 3.0 AND A11 = 0.0 AND A12 = 2.0 AND A13 = 260.0 AND A14 = 15109.0
  expl: [1, 2, 3, 4, 5, 6, 7, 8, 9, 10, 11, 12, 13]
  lit2imprt: {1: 0.012136035, 2: -0.5859352, 3: 0.117805645, 4: -0.3041468, 5: -0.07629324, 6: -0.1901489, 7: 1.7393405437469482, 8: 0.28470441699028015, 9: -0.14276586, 10: 0.0024153999984264374, 11: -0.006896492, 12: 0.037075132, 13: 1.3711405}
  time: 0.01

inst: 75
  explaining: A1 = 0.0 AND A2 = 26.58 AND A3 = 2.54 AND A4 = 1.0 AND A5 = 1.0 AND A6 = 1.0 AND A7 = 0.0 AND A8 = 0.0 AND A9 = 0.0 AND A10 = 0.0 AND A11 = 1.0 AND A12 = 2.0 AND A13 = 180.0 AND A14 = 61.0
  expl: [1, 2, 3, 4, 5, 6, 7, 8, 9, 10, 11, 12, 13]
  lit2imprt: {1: 0.049181215, 2: -0.17618215, 3: -0.21199678, 4: -0.5249647, 5: -0.20129149, 6: -0.11001833, 7: -1.726584553718567, 8: -0.12679339945316315, 9: -0.14307474, 10: -0.002560931956395507, 11: -0.02406786, 12: -0.44915214, 13: -0.16388468}
  time: 0.01

inst: 76
  explaining: A1 = 0.0 AND A2 = 28.5 AND A3 = 1.0 AND A4 = 2.0 AND A5 = 11.0 AND A6 = 4.0 AND A7 = 1.0 AND A8 = 1.0 AND A9 = 1.0 AND A10 = 2.0 AND A11 = 1.0 AND A12 = 2.0 AND A13 = 167.0 AND A14 = 501.0
  expl: [1, 2, 3, 4, 5, 6, 7, 8, 9, 10, 11, 12, 13]
  lit2imprt: {1: 0.10176276, 2: -0.21553329, 3: 0.089869976, 4: 0.27475175, 5: -0.09173682, 6: -0.17347854, 7: 2.0206832885742188, 8: 0.16422514617443085, 9: -0.14680219, 10: -0.00145185855217278, 11: -0.006896492, 12: -0.64171094, 13: 1.2141738}
  time: 0.01

inst: 77
  explaining: A1 = 1.0 AND A2 = 26.17 AND A3 = 12.5 AND A4 = 1.0 AND A5 = 4.0 AND A6 = 8.0 AND A7 = 1.25 AND A8 = 0.0 AND A9 = 0.0 AND A10 = 0.0 AND A11 = 1.0 AND A12 = 2.0 AND A13 = 0.0 AND A14 = 18.0
  expl: [1, 2, 3, 4, 5, 6, 7, 8, 9, 10, 11, 12, 13]
  lit2imprt: {1: 0.095168956, 2: -0.11461988, 3: -0.509817, 4: -0.49947473, 5: 0.11416965, 6: -0.13674185, 7: -1.928966999053955, 8: -0.12679339945316315, 9: -0.2043901, 10: -0.002560931956395507, 11: -0.02406786, 12: 0.17879637, 13: -0.4212168}
  time: 0.01

inst: 78
  explaining: A1 = 0.0 AND A2 = 25.25 AND A3 = 12.5 AND A4 = 2.0 AND A5 = 2.0 AND A6 = 4.0 AND A7 = 1.0 AND A8 = 0.0 AND A9 = 0.0 AND A10 = 0.0 AND A11 = 1.0 AND A12 = 2.0 AND A13 = 180.0 AND A14 = 1063.0
  expl: [1, 2, 3, 4, 5, 6, 7, 8, 9, 10, 11, 12, 13]
  lit2imprt: {1: -0.029855827, 2: -0.046725888, 3: 0.0575357, 4: -0.52531487, 5: -0.07886912, 6: -0.2216557, 7: -2.4876134395599365, 8: -0.13841883838176727, 9: -0.17706643, 10: -0.002560931956395507, 11: -0.02406786, 12: -0.5522042, 13: 0.4161101}
  time: 0.02

inst: 79
  explaining: A1 = 1.0 AND A2 = 41.33 AND A3 = 0.0 AND A4 = 2.0 AND A5 = 8.0 AND A6 = 5.0 AND A7 = 15.0 AND A8 = 1.0 AND A9 = 0.0 AND A10 = 0.0 AND A11 = 0.0 AND A12 = 2.0 AND A13 = 0.0 AND A14 = 1.0
  expl: [1, 2, 3, 4, 5, 6, 7, 8, 9, 10, 11, 12, 13]
  lit2imprt: {1: 0.16345966, 2: 1.1205531, 3: 0.25437748, 4: 0.10533634, 5: -0.08454932, 6: 0.24124244, 7: 1.0113511085510254, 8: -0.40533536672592163, 9: -0.15176925, 10: 0.006335685960948467, 11: -0.0055912836, 12: 0.8370633, 13: -0.02172536}
  time: 0.01

inst: 80
  explaining: A1 = 0.0 AND A2 = 20.83 AND A3 = 0.5 AND A4 = 1.0 AND A5 = 10.0 AND A6 = 2.0 AND A7 = 1.0 AND A8 = 0.0 AND A9 = 0.0 AND A10 = 0.0 AND A11 = 0.0 AND A12 = 2.0 AND A13 = 260.0 AND A14 = 1.0
  expl: [1, 2, 3, 4, 5, 6, 7, 8, 9, 10, 11, 12, 13]
  lit2imprt: {1: 0.06719673, 2: -0.3170697, 3: -0.32135892, 4: 0.24089754, 5: -0.23189089, 6: -0.11664351, 7: -1.8198262453079224, 8: -0.09624946862459183, 9: -0.08266242, 10: 0.004341120831668377, 11: -0.02406786, 12: -0.014349367, 13: -0.2182738}
  time: 0.01

inst: 81
  explaining: A1 = 1.0 AND A2 = 21.17 AND A3 = 0.0 AND A4 = 2.0 AND A5 = 8.0 AND A6 = 4.0 AND A7 = 0.5 AND A8 = 0.0 AND A9 = 0.0 AND A10 = 0.0 AND A11 = 1.0 AND A12 = 1.0 AND A13 = 0.0 AND A14 = 1.0
  expl: [1, 2, 3, 4, 5, 6, 7, 8, 9, 10, 11, 12, 13]
  lit2imprt: {1: -0.018618762, 2: 1.7475724, 3: 0.1352512, 4: 0.55677325, 5: -0.10500622, 6: -0.23831369, 7: -1.4926995038986206, 8: -0.14237789809703827, 9: -0.017826714, 10: -0.002560931956395507, 11: -0.020547783, 12: 0.51095253, 13: 0.060306653}
  time: 0.01

inst: 82
  explaining: A1 = 1.0 AND A2 = 34.42 AND A3 = 1.335 AND A4 = 2.0 AND A5 = 3.0 AND A6 = 5.0 AND A7 = 0.125 AND A8 = 0.0 AND A9 = 0.0 AND A10 = 0.0 AND A11 = 1.0 AND A12 = 2.0 AND A13 = 440.0 AND A14 = 4501.0
  expl: [1, 2, 3, 4, 5, 6, 7, 8, 9, 10, 11, 12, 13]
  lit2imprt: {1: -0.072204165, 2: -0.22103564, 3: 0.028568149, 4: -0.37897947, 5: -0.035720874, 6: -0.2202587, 7: -1.8262766599655151, 8: -0.13841883838176727, 9: -0.12177338, 10: 0.04264446720480919, 11: -0.02406786, 12: 1.1016605, 13: 1.1733578}
  time: 0.01

inst: 83
  explaining: A1 = 0.0 AND A2 = 21.75 AND A3 = 11.75 AND A4 = 2.0 AND A5 = 8.0 AND A6 = 4.0 AND A7 = 0.25 AND A8 = 0.0 AND A9 = 0.0 AND A10 = 0.0 AND A11 = 1.0 AND A12 = 2.0 AND A13 = 180.0 AND A14 = 1.0
  expl: [1, 2, 3, 4, 5, 6, 7, 8, 9, 10, 11, 12, 13]
  lit2imprt: {1: 0.10416587, 2: -0.16208255, 3: 0.07115321, 4: 0.17658693, 5: -0.025745679, 6: -0.3363657, 7: -1.8944439888000488, 8: -0.14237789809703827, 9: -0.078711465, 10: -0.002560931956395507, 11: -0.02406786, 12: -0.7609626, 13: -0.18116018}
  time: 0.01

inst: 84
  explaining: A1 = 1.0 AND A2 = 27.67 AND A3 = 2.0 AND A4 = 2.0 AND A5 = 14.0 AND A6 = 8.0 AND A7 = 1.0 AND A8 = 1.0 AND A9 = 1.0 AND A10 = 4.0 AND A11 = 0.0 AND A12 = 2.0 AND A13 = 140.0 AND A14 = 7545.0
  expl: [1, 2, 3, 4, 5, 6, 7, 8, 9, 10, 11, 12, 13]
  lit2imprt: {1: 0.3050187, 2: -0.14208372, 3: 0.14055055, 4: 1.0126125, 5: 0.08623597, 6: -0.013240882, 7: 1.8976154327392578, 8: 0.21617570519447327, 9: 0.6308224, 10: 0.019307173788547516, 11: -0.006896492, 12: -0.6335523, 13: 1.5876515}
  time: 0.01

inst: 85
  explaining: A1 = 1.0 AND A2 = 32.67 AND A3 = 9.0 AND A4 = 1.0 AND A5 = 9.0 AND A6 = 8.0 AND A7 = 5.25 AND A8 = 1.0 AND A9 = 0.0 AND A10 = 0.0 AND A11 = 1.0 AND A12 = 2.0 AND A13 = 154.0 AND A14 = 1.0
  expl: [1, 2, 3, 4, 5, 6, 7, 8, 9, 10, 11, 12, 13]
  lit2imprt: {1: -0.15339798, 2: -0.119463265, 3: -0.60195154, 4: 0.4975714, 5: 0.18720606, 6: 0.20960677, 7: 1.350379228591919, 8: -0.20529700815677643, 9: -0.24462393, 10: -0.003991219215095043, 11: -0.0062363236, 12: -0.7042122, 13: -0.5449748}
  time: 0.01

inst: 86
  explaining: A1 = 1.0 AND A2 = 17.08 AND A3 = 0.25 AND A4 = 2.0 AND A5 = 11.0 AND A6 = 4.0 AND A7 = 0.335 AND A8 = 0.0 AND A9 = 1.0 AND A10 = 4.0 AND A11 = 0.0 AND A12 = 2.0 AND A13 = 160.0 AND A14 = 9.0
  expl: [1, 2, 3, 4, 5, 6, 7, 8, 9, 10, 11, 12, 13]
  lit2imprt: {1: -0.104061775, 2: -0.15490352, 3: 0.06962118, 4: 0.17945115, 5: -0.11386066, 6: -0.36990908, 7: -2.16698956489563, 8: 0.06276459991931915, 9: 0.067716636, 10: 0.00042083486914634705, 11: -0.02406786, 12: -0.68032604, 13: -0.27154854}
  time: 0.01

inst: 87
  explaining: A1 = 0.0 AND A2 = 25.08 AND A3 = 2.54 AND A4 = 1.0 AND A5 = 6.0 AND A6 = 4.0 AND A7 = 0.25 AND A8 = 1.0 AND A9 = 0.0 AND A10 = 0.0 AND A11 = 1.0 AND A12 = 2.0 AND A13 = 370.0 AND A14 = 1.0
  expl: [1, 2, 3, 4, 5, 6, 7, 8, 9, 10, 11, 12, 13]
  lit2imprt: {1: 0.07022585, 2: -0.104165345, 3: -0.35925034, 4: -0.5481546, 5: -0.01460405, 6: -0.14308938, 7: 1.277135968208313, 8: -0.40846583247184753, 9: -0.21601857, 10: -0.003991219215095043, 11: -0.006896492, 12: 0.18895066, 13: -0.5093561}
  time: 0.01

inst: 88
  explaining: A1 = 0.0 AND A2 = 16.33 AND A3 = 0.21 AND A4 = 2.0 AND A5 = 6.0 AND A6 = 4.0 AND A7 = 0.125 AND A8 = 0.0 AND A9 = 0.0 AND A10 = 0.0 AND A11 = 0.0 AND A12 = 2.0 AND A13 = 200.0 AND A14 = 2.0
  expl: [1, 2, 3, 4, 5, 6, 7, 8, 9, 10, 11, 12, 13]
  lit2imprt: {1: -0.031918496, 2: 0.12848718, 3: 0.0950844, 4: -0.47588885, 5: -0.07130775, 6: -0.32916102, 7: -1.8529235124588013, 8: -0.13924741744995117, 9: -0.061915547, 10: 0.004341120831668377, 11: -0.02406786, 12: -0.46460792, 13: -0.27212924}
  time: 0.01

inst: 89
  explaining: A1 = 1.0 AND A2 = 25.58 AND A3 = 0.335 AND A4 = 2.0 AND A5 = 4.0 AND A6 = 8.0 AND A7 = 3.5 AND A8 = 0.0 AND A9 = 0.0 AND A10 = 0.0 AND A11 = 1.0 AND A12 = 2.0 AND A13 = 340.0 AND A14 = 1.0
  expl: [1, 2, 3, 4, 5, 6, 7, 8, 9, 10, 11, 12, 13]
  lit2imprt: {1: 0.018305507, 2: -0.11507197, 3: 0.18549444, 4: -0.46595263, 5: 0.41916624, 6: 0.2880173, 7: -1.660379409790039, 8: -0.12679339945316315, 9: -0.17231828, 10: -0.002560931956395507, 11: -0.019978091, 12: -0.12809971, 13: -0.12412}
  time: 0.01

inst: 90
  explaining: A1 = 1.0 AND A2 = 28.0 AND A3 = 2.0 AND A4 = 2.0 AND A5 = 4.0 AND A6 = 8.0 AND A7 = 4.165 AND A8 = 1.0 AND A9 = 1.0 AND A10 = 2.0 AND A11 = 1.0 AND A12 = 2.0 AND A13 = 181.0 AND A14 = 1.0
  expl: [1, 2, 3, 4, 5, 6, 7, 8, 9, 10, 11, 12, 13]
  lit2imprt: {1: 0.09666552, 2: -0.22543173, 3: 0.22040962, 4: -0.6017763, 5: 0.3300725, 6: 0.29603443, 7: 1.4581105709075928, 8: 0.20873068273067474, 9: -0.2684598, 10: -0.00145185855217278, 11: -0.0062363236, 12: -0.5137561, 13: -0.5140227}
  time: 0.01

inst: 91
  explaining: A1 = 1.0 AND A2 = 25.0 AND A3 = 12.5 AND A4 = 2.0 AND A5 = 6.0 AND A6 = 4.0 AND A7 = 3.0 AND A8 = 1.0 AND A9 = 0.0 AND A10 = 0.0 AND A11 = 1.0 AND A12 = 1.0 AND A13 = 20.0 AND A14 = 1.0
  expl: [1, 2, 3, 4, 5, 6, 7, 8, 9, 10, 11, 12, 13]
  lit2imprt: {1: 0.14769018, 2: 0.03286937, 3: 0.25684994, 4: -0.54290825, 5: -0.060117472, 6: 0.16403154, 7: 1.5244622230529785, 8: -0.40846583247184753, 9: -0.27304137, 10: -0.003991219215095043, 11: -0.0062363236, 12: 0.9175204, 13: -0.13468604}
  time: 0.01

inst: 92
  explaining: A1 = 1.0 AND A2 = 22.83 AND A3 = 3.0 AND A4 = 2.0 AND A5 = 7.0 AND A6 = 4.0 AND A7 = 1.29 AND A8 = 1.0 AND A9 = 1.0 AND A10 = 1.0 AND A11 = 0.0 AND A12 = 2.0 AND A13 = 260.0 AND A14 = 801.0
  expl: [1, 2, 3, 4, 5, 6, 7, 8, 9, 10, 11, 12, 13]
  lit2imprt: {1: -0.034120187, 2: -0.13074991, 3: 0.12092969, 4: -0.28242558, 5: -0.08545141, 6: -0.1093832, 7: 1.9887644052505493, 8: 0.28470441699028015, 9: -0.18143548, 10: 0.0024153999984264374, 11: -0.006896492, 12: 0.025074504, 13: 1.0480907}
  time: 0.01

inst: 93
  explaining: A1 = 1.0 AND A2 = 23.08 AND A3 = 11.5 AND A4 = 2.0 AND A5 = 9.0 AND A6 = 8.0 AND A7 = 2.125 AND A8 = 1.0 AND A9 = 1.0 AND A10 = 11.0 AND A11 = 1.0 AND A12 = 2.0 AND A13 = 290.0 AND A14 = 285.0
  expl: [1, 2, 3, 4, 5, 6, 7, 8, 9, 10, 11, 12, 13]
  lit2imprt: {1: -0.19582853, 2: 0.060344994, 3: 0.19807729, 4: 0.18698518, 5: 0.26562187, 6: 0.15760095, 7: 1.8685436248779297, 8: 0.16422514617443085, 9: 0.58071, 10: -0.00145185855217278, 11: -0.0062363236, 12: 0.016670853, 13: 0.338304}
  time: 0.01

inst: 94
  explaining: A1 = 1.0 AND A2 = 34.08 AND A3 = 2.5 AND A4 = 2.0 AND A5 = 8.0 AND A6 = 4.0 AND A7 = 1.0 AND A8 = 0.0 AND A9 = 0.0 AND A10 = 0.0 AND A11 = 0.0 AND A12 = 2.0 AND A13 = 460.0 AND A14 = 17.0
  expl: [1, 2, 3, 4, 5, 6, 7, 8, 9, 10, 11, 12, 13]
  lit2imprt: {1: 0.0048771165, 2: -0.29739478, 3: 0.04377768, 4: 0.12043653, 5: -0.0839209, 6: -0.16190359, 7: -1.3862791061401367, 8: -0.13924741744995117, 9: -0.1604243, 10: -0.05869875103235245, 11: -0.02406786, 12: 0.9840423, 13: -0.2815429}
  time: 0.01

inst: 95
  explaining: A1 = 1.0 AND A2 = 27.67 AND A3 = 13.75 AND A4 = 2.0 AND A5 = 9.0 AND A6 = 4.0 AND A7 = 5.75 AND A8 = 1.0 AND A9 = 0.0 AND A10 = 0.0 AND A11 = 1.0 AND A12 = 2.0 AND A13 = 487.0 AND A14 = 501.0
  expl: [1, 2, 3, 4, 5, 6, 7, 8, 9, 10, 11, 12, 13]
  lit2imprt: {1: 0.08327187, 2: -0.00564513, 3: 0.07928238, 4: 0.48277915, 5: -0.06916191, 6: 0.061786614, 7: 1.5327075719833374, 8: -0.26102715730667114, 9: -0.18090287, 10: 0.003659946843981743, 11: -0.0062363236, 12: 0.10127917, 13: 0.96704745}
  time: 0.01

inst: 96
  explaining: A1 = 1.0 AND A2 = 30.83 AND A3 = 0.0 AND A4 = 2.0 AND A5 = 9.0 AND A6 = 4.0 AND A7 = 1.25 AND A8 = 1.0 AND A9 = 1.0 AND A10 = 1.0 AND A11 = 0.0 AND A12 = 2.0 AND A13 = 202.0 AND A14 = 1.0
  expl: [1, 2, 3, 4, 5, 6, 7, 8, 9, 10, 11, 12, 13]
  lit2imprt: {1: -0.16008946, 2: 0.88531697, 3: 0.15821971, 4: 0.35404864, 5: -0.110864274, 6: -0.20838104, 7: 1.0919561386108398, 8: 0.12848764657974243, 9: -0.16680287, 10: 0.0024153999984264374, 11: -0.0062514525, 12: -0.66770375, 13: -0.40205446}
  time: 0.01

inst: 97
  explaining: A1 = 1.0 AND A2 = 31.57 AND A3 = 3.0 AND A4 = 1.0 AND A5 = 3.0 AND A6 = 5.0 AND A7 = 7.0 AND A8 = 0.0 AND A9 = 0.0 AND A10 = 0.0 AND A11 = 0.0 AND A12 = 2.0 AND A13 = 0.0 AND A14 = 2.0
  expl: [1, 2, 3, 4, 5, 6, 7, 8, 9, 10, 11, 12, 13]
  lit2imprt: {1: -0.33619487, 2: -0.23137742, 3: -0.41708082, 4: -0.6140154, 5: 0.020386867, 6: 0.3907791, 7: -1.813793420791626, 8: -0.12366291135549545, 9: -0.21326756, 10: 0.004341120831668377, 11: -0.019978091, 12: 0.059885062, 13: -0.38342384}
  time: 0.02

inst: 98
  explaining: A1 = 1.0 AND A2 = 22.25 AND A3 = 0.46 AND A4 = 2.0 AND A5 = 4.0 AND A6 = 4.0 AND A7 = 0.125 AND A8 = 0.0 AND A9 = 0.0 AND A10 = 0.0 AND A11 = 1.0 AND A12 = 2.0 AND A13 = 280.0 AND A14 = 56.0
  expl: [1, 2, 3, 4, 5, 6, 7, 8, 9, 10, 11, 12, 13]
  lit2imprt: {1: -0.041779578, 2: -0.22309016, 3: 0.0950844, 4: -0.47735137, 5: -0.076527774, 6: -0.23450646, 7: -1.7913734912872314, 8: -0.12679339945316315, 9: -0.06471133, 10: -0.002560931956395507, 11: -0.02406786, 12: 0.12144261, 13: -0.26984715}
  time: 0.01

inst: 99
  explaining: A1 = 0.0 AND A2 = 41.33 AND A3 = 1.0 AND A4 = 2.0 AND A5 = 3.0 AND A6 = 5.0 AND A7 = 2.25 AND A8 = 1.0 AND A9 = 0.0 AND A10 = 0.0 AND A11 = 1.0 AND A12 = 2.0 AND A13 = 0.0 AND A14 = 301.0
  expl: [1, 2, 3, 4, 5, 6, 7, 8, 9, 10, 11, 12, 13]
  lit2imprt: {1: -0.029430665, 2: -0.2717331, 3: 0.22513525, 4: -0.616386, 5: 0.01104017, 6: 0.15079378, 7: 1.554267168045044, 8: -0.3920724391937256, 9: -0.23219438, 10: -0.003991219215095043, 11: -0.0062363236, 12: 0.25293967, 13: -0.22869702}
  time: 0.01
