loading model from  ./temp/australian/australian_train1_data/australian_train1_data_nbestim_25_maxdepth_3_testsplit_0.0.mod.pkl
loading data from  ./temp/australian/australian_train1_data/australian_train1_data_nbestim_25_maxdepth_3_testsplit_0.0.mod.pkl.splitdata.pkl

inst: 0
  explaining: A1 = 1.0 AND A2 = 28.92 AND A3 = 15.0 AND A4 = 2.0 AND A5 = 8.0 AND A6 = 8.0 AND A7 = 5.335 AND A8 = 1.0 AND A9 = 1.0 AND A10 = 11.0 AND A11 = 0.0 AND A12 = 2.0 AND A13 = 0.0 AND A14 = 2284.0
  expl: [0, 1, 2, 3, 4, 5, 6, 7, 8, 9, 10, 11, 12, 13]
  lit2imprt: {0: -0.0004597004721485871, 1: 0.005382896219473812, 2: -0.03202644876927854, 3: 0.0184622495843713, 4: 0.05386876153963781, 5: 0.011755982342577433, 6: 0.019959902177164198, 7: 0.6305741916024603, 8: 0.04069956245685293, 9: 0.048759158153134495, 10: 0.00014380989444469182, 11: 0.005818184535152862, 12: -0.012598187422815781, 13: 0.07275258652729825}
  time: 0.18

inst: 1
  explaining: A1 = 1.0 AND A2 = 31.42 AND A3 = 15.5 AND A4 = 2.0 AND A5 = 8.0 AND A6 = 4.0 AND A7 = 0.5 AND A8 = 1.0 AND A9 = 0.0 AND A10 = 0.0 AND A11 = 0.0 AND A12 = 2.0 AND A13 = 120.0 AND A14 = 1.0
  expl: [0, 1, 2, 3, 4, 5, 6, 7, 8, 9, 10, 11, 12, 13]
  lit2imprt: {0: -0.012664235743572049, 1: -0.006775628430491249, 2: 0.026746985551074028, 3: -0.016672624533371865, 4: -0.053485166804623424, 5: -0.014474604708525154, 6: -0.022813840781047978, 7: -0.6248782129648323, 8: 0.044467657188671864, 9: -0.045977580944888484, 10: 0.0028075496863216552, 11: -0.00010641858574532942, 12: 0.012981942402049374, 13: -0.07731487822867164}
  time: 0.11

inst: 2
  explaining: A1 = 0.0 AND A2 = 47.25 AND A3 = 0.75 AND A4 = 2.0 AND A5 = 11.0 AND A6 = 8.0 AND A7 = 2.75 AND A8 = 1.0 AND A9 = 1.0 AND A10 = 1.0 AND A11 = 0.0 AND A12 = 2.0 AND A13 = 333.0 AND A14 = 893.0
  expl: [0, 1, 2, 3, 4, 5, 6, 7, 8, 9, 10, 11, 12, 13]
  lit2imprt: {0: -0.003764029651677722, 1: 0.011407056258273384, 2: -0.05400789652138909, 3: 0.01950765302184906, 4: 0.05972905321983174, 5: 0.0172037547114714, 6: 0.021488631665268872, 7: 0.5844860308491184, 8: 0.04377466027405905, 9: 0.03754852752879754, 10: -0.006173147161339722, 11: 0.008164213749957568, 12: -0.000992710813062981, 13: 0.07597278964714209}
  time: 0.09

inst: 3
  explaining: A1 = 1.0 AND A2 = 44.0 AND A3 = 2.0 AND A4 = 2.0 AND A5 = 7.0 AND A6 = 4.0 AND A7 = 1.75 AND A8 = 1.0 AND A9 = 1.0 AND A10 = 2.0 AND A11 = 1.0 AND A12 = 2.0 AND A13 = 0.0 AND A14 = 16.0
  expl: [0, 1, 2, 3, 4, 5, 6, 7, 8, 9, 10, 11, 12, 13]
  lit2imprt: {0: 0.0033941279114388517, 1: 0.004684579025477484, 2: -0.04414497927914476, 3: 0.021529815840393776, 4: 0.059180699602388004, 5: 0.016572933855077725, 6: 0.016460779653773086, 7: 0.6135159709535204, 8: 0.04605199273620978, 9: 0.045220271921755976, 10: -0.0016300354236419342, 11: 0.003255831543473858, 12: -0.013819396759535911, 13: 0.07226294940545287}
  time: 0.10

inst: 4
  explaining: A1 = 1.0 AND A2 = 21.92 AND A3 = 0.5 AND A4 = 2.0 AND A5 = 8.0 AND A6 = 4.0 AND A7 = 0.125 AND A8 = 0.0 AND A9 = 0.0 AND A10 = 0.0 AND A11 = 0.0 AND A12 = 2.0 AND A13 = 360.0 AND A14 = 1.0
  expl: [0, 1, 2, 3, 4, 5, 6, 7, 8, 9, 10, 11, 12, 13]
  lit2imprt: {0: 0.005719639065164532, 1: -0.006631263213693728, 2: 0.050029423257665816, 3: -0.021825510456460306, 4: -0.06250454427066973, 5: -0.015486160891775087, 6: -0.01943766798008531, 7: 0.5877013108927487, 8: 0.051790223364858085, 9: -0.037183845911143876, 10: -0.004767935733882798, 11: -0.008054054051103536, 12: 0.004107338644776511, 13: -0.07138746876583338}
  time: 0.10

inst: 5
  explaining: A1 = 1.0 AND A2 = 25.25 AND A3 = 1.0 AND A4 = 2.0 AND A5 = 6.0 AND A6 = 4.0 AND A7 = 0.5 AND A8 = 0.0 AND A9 = 0.0 AND A10 = 0.0 AND A11 = 0.0 AND A12 = 2.0 AND A13 = 200.0 AND A14 = 1.0
  expl: [0, 1, 2, 3, 4, 5, 6, 7, 8, 9, 10, 11, 12, 13]
  lit2imprt: {0: 0.00934886994601016, 1: -0.01193854143046373, 2: 0.04816770936700064, 3: -0.015853762183679104, 4: -0.05995137477579498, 5: -0.011574342349036537, 6: -0.016846071491290512, 7: 0.5993405869857467, 8: 0.04327247375254308, 9: -0.035299059216792765, 10: -0.00023834301935465567, 11: 0.0007887253315654146, 12: 0.004424368642462646, 13: -0.06756919206356499}
  time: 0.10

inst: 6
  explaining: A1 = 1.0 AND A2 = 38.92 AND A3 = 1.75 AND A4 = 2.0 AND A5 = 4.0 AND A6 = 4.0 AND A7 = 0.5 AND A8 = 0.0 AND A9 = 0.0 AND A10 = 0.0 AND A11 = 1.0 AND A12 = 2.0 AND A13 = 300.0 AND A14 = 3.0
  expl: [0, 1, 2, 3, 4, 5, 6, 7, 8, 9, 10, 11, 12, 13]
  lit2imprt: {0: -0.00284514795463833, 1: -0.006930974395366194, 2: 0.0531560030937021, 3: -0.017661273629938346, 4: -0.0670488864377625, 5: -0.015113355225437627, 6: -0.023412267119191064, 7: 0.5857853373497925, 8: 0.03576752347105953, 9: -0.044105895192158344, 10: -0.009937000022348753, 11: -0.0010819365989721665, 12: 0.004727421918148749, 13: -0.07745177765369209}
  time: 0.12

inst: 7
  explaining: A1 = 0.0 AND A2 = 37.75 AND A3 = 5.5 AND A4 = 2.0 AND A5 = 11.0 AND A6 = 4.0 AND A7 = 0.125 AND A8 = 1.0 AND A9 = 0.0 AND A10 = 0.0 AND A11 = 1.0 AND A12 = 2.0 AND A13 = 228.0 AND A14 = 1.0
  expl: [0, 1, 2, 3, 4, 5, 6, 7, 8, 9, 10, 11, 12, 13]
  lit2imprt: {0: 0.004301772534810213, 1: 0.007412319724184499, 2: -0.05184084894814925, 3: 0.01869387049176569, 4: 0.06272580236526556, 5: 0.01176552154745977, 6: 0.023100281196818492, 7: 0.5938934426133969, 8: -0.050187056404484565, 9: 0.044587328021874574, 10: -0.001800283865195594, 11: 0.0039494363169932135, 12: -0.010549612380879338, 13: 0.07865578076029876}
  time: 0.11

inst: 8
  explaining: A1 = 1.0 AND A2 = 34.17 AND A3 = 1.54 AND A4 = 2.0 AND A5 = 13.0 AND A6 = 4.0 AND A7 = 1.54 AND A8 = 1.0 AND A9 = 1.0 AND A10 = 1.0 AND A11 = 1.0 AND A12 = 2.0 AND A13 = 520.0 AND A14 = 50001.0
  expl: [0, 1, 2, 3, 4, 5, 6, 7, 8, 9, 10, 11, 12, 13]
  lit2imprt: {0: -0.013858395293628725, 1: 0.009670384771973, 2: -0.0499280734391566, 3: 0.0031357598792679325, 4: 0.04191331733789379, 5: 0.018976872816651863, 6: 0.019286249217301404, 7: 0.48870115841672784, 8: 0.023876305256926016, 9: 0.03024057289442009, 10: -0.013331856554974294, 11: 0.0015395548541565851, 12: 0.00664007874109545, 13: 0.01139371187973994}
  time: 0.11

inst: 9
  explaining: A1 = 1.0 AND A2 = 36.08 AND A3 = 2.54 AND A4 = 2.0 AND A5 = 1.0 AND A6 = 1.0 AND A7 = 0.0 AND A8 = 0.0 AND A9 = 0.0 AND A10 = 0.0 AND A11 = 0.0 AND A12 = 2.0 AND A13 = 0.0 AND A14 = 1001.0
  expl: [0, 1, 2, 3, 4, 5, 6, 7, 8, 9, 10, 11, 12, 13]
  lit2imprt: {0: -0.002238121380694524, 1: -0.010443347015634532, 2: 0.041129202497548936, 3: -0.021524460251730902, 4: -0.057179755402702356, 5: -0.012951766990752702, 6: -0.021919539200446675, 7: 0.5970230498606882, 8: 0.050957636632084, 9: -0.04301253656504254, 10: -0.001409920753235366, 11: -0.0035626296797924796, 12: 0.007977111968810555, 13: -0.07896687592223962}
  time: 0.09

inst: 10
  explaining: A1 = 1.0 AND A2 = 31.57 AND A3 = 0.625 AND A4 = 2.0 AND A5 = 4.0 AND A6 = 4.0 AND A7 = 0.25 AND A8 = 0.0 AND A9 = 0.0 AND A10 = 0.0 AND A11 = 0.0 AND A12 = 2.0 AND A13 = 380.0 AND A14 = 2011.0
  expl: [0, 1, 2, 3, 4, 5, 6, 7, 8, 9, 10, 11, 12, 13]
  lit2imprt: {0: -0.011826631195481432, 1: -0.010801535828455654, 2: 0.046192461152354085, 3: -0.018020295228752307, 4: -0.05484908067937048, 5: -0.013616999884231746, 6: -0.02113213939660124, 7: 0.5850234312015198, 8: 0.044575556354154694, 9: -0.03777536580863564, 10: -0.0012984727959685072, 11: -0.004982445024494309, 12: -0.0023458583526513458, 13: -0.07640640659626345}
  time: 0.11

inst: 11
  explaining: A1 = 1.0 AND A2 = 30.17 AND A3 = 0.5 AND A4 = 2.0 AND A5 = 8.0 AND A6 = 4.0 AND A7 = 1.75 AND A8 = 1.0 AND A9 = 1.0 AND A10 = 11.0 AND A11 = 0.0 AND A12 = 2.0 AND A13 = 32.0 AND A14 = 541.0
  expl: [0, 1, 2, 3, 4, 5, 6, 7, 8, 9, 10, 11, 12, 13]
  lit2imprt: {0: -0.00042722893755702766, 1: 0.013205383537121912, 2: -0.03880223671617316, 3: 0.017039611524697573, 4: 0.05583695393336909, 5: 0.01718435250778971, 6: 0.02465427402345839, 7: 0.6103439933873126, 8: 0.03433448921074972, 9: 0.044002486729340665, 10: 0.005108205461792038, 11: 0.004259458049641017, 12: -0.009815273871310122, 13: 0.07034969652983358}
  time: 0.10

inst: 12
  explaining: A1 = 0.0 AND A2 = 38.92 AND A3 = 1.665 AND A4 = 2.0 AND A5 = 6.0 AND A6 = 4.0 AND A7 = 0.25 AND A8 = 0.0 AND A9 = 0.0 AND A10 = 0.0 AND A11 = 0.0 AND A12 = 2.0 AND A13 = 0.0 AND A14 = 391.0
  expl: [0, 1, 2, 3, 4, 5, 6, 7, 8, 9, 10, 11, 12, 13]
  lit2imprt: {0: 0.0013172997285062788, 1: -0.010367961917185576, 2: 0.047651535147588665, 3: -0.025488772836373984, 4: -0.05765792381202733, 5: -0.012372435080925765, 6: -0.020751371424866397, 7: 0.6065135808471471, 8: 0.044160228064456054, 9: -0.04368253307833681, 10: 0.00015315479178058645, 11: -0.002820165729136555, 12: 0.0028690369458632295, 13: -0.07084023276643742}
  time: 0.10

inst: 13
  explaining: A1 = 1.0 AND A2 = 23.5 AND A3 = 3.165 AND A4 = 1.0 AND A5 = 4.0 AND A6 = 4.0 AND A7 = 0.415 AND A8 = 0.0 AND A9 = 1.0 AND A10 = 1.0 AND A11 = 1.0 AND A12 = 2.0 AND A13 = 280.0 AND A14 = 81.0
  expl: [0, 1, 2, 3, 4, 5, 6, 7, 8, 9, 10, 11, 12, 13]
  lit2imprt: {0: -0.0022771546207553854, 1: -0.012695574843497051, 2: 0.04474469695438046, 3: -0.02072413978848152, 4: -0.06089583086498621, 5: -0.01666796241206535, 6: -0.012059730394409121, 7: 0.5872069399899175, 8: -0.04629024763670261, 9: -0.04584376636558519, 10: -0.007959907415237992, 11: -0.0031654713396736234, 12: 0.0016669373977199248, 13: -0.07766764189850547}
  time: 0.10

inst: 14
  explaining: A1 = 1.0 AND A2 = 36.17 AND A3 = 0.42 AND A4 = 1.0 AND A5 = 9.0 AND A6 = 4.0 AND A7 = 0.29 AND A8 = 0.0 AND A9 = 0.0 AND A10 = 0.0 AND A11 = 1.0 AND A12 = 2.0 AND A13 = 309.0 AND A14 = 3.0
  expl: [0, 1, 2, 3, 4, 5, 6, 7, 8, 9, 10, 11, 12, 13]
  lit2imprt: {0: 0.005070699054262925, 1: -0.01006014466190507, 2: 0.05056988365367549, 3: -0.01893238246821855, 4: -0.060443613992934395, 5: -0.012040101628988612, 6: -0.01789593644589012, 7: 0.5782310685773592, 8: 0.04707205956315145, 9: -0.039752149670311855, 10: 0.002674220969046955, 11: -0.002073496171979109, 12: 0.00488958478527442, 13: -0.08133868252978753}
  time: 0.10

inst: 15
  explaining: A1 = 1.0 AND A2 = 22.67 AND A3 = 1.585 AND A4 = 1.0 AND A5 = 9.0 AND A6 = 4.0 AND A7 = 3.085 AND A8 = 1.0 AND A9 = 1.0 AND A10 = 6.0 AND A11 = 0.0 AND A12 = 2.0 AND A13 = 80.0 AND A14 = 1.0
  expl: [0, 1, 2, 3, 4, 5, 6, 7, 8, 9, 10, 11, 12, 13]
  lit2imprt: {0: -0.0033872552247585803, 1: 0.007626583009458509, 2: -0.04393867782851013, 3: 0.026059798190405686, 4: 0.05818414566132939, 5: 0.013114237745797725, 6: 0.017438996526772572, 7: 0.602765333297993, 8: 0.0481009818361149, 9: 0.04362842608182169, 10: 0.0013930989366838723, 11: 0.00271157369246399, 12: -0.012166580679951336, 13: 0.07226026857072328}
  time: 0.11

inst: 16
  explaining: A1 = 0.0 AND A2 = 36.75 AND A3 = 5.125 AND A4 = 2.0 AND A5 = 10.0 AND A6 = 4.0 AND A7 = 5.0 AND A8 = 1.0 AND A9 = 0.0 AND A10 = 0.0 AND A11 = 1.0 AND A12 = 2.0 AND A13 = 0.0 AND A14 = 4001.0
  expl: [0, 1, 2, 3, 4, 5, 6, 7, 8, 9, 10, 11, 12, 13]
  lit2imprt: {0: 0.00494888061171898, 1: 0.008785973648479356, 2: -0.04535369588568569, 3: 0.017715060353750693, 4: 0.05748246817920002, 5: 0.01592271746036875, 6: 0.02056611144739355, 7: 0.6078086957083437, 8: -0.04318606826431436, 9: 0.0466591164732463, 10: -0.010526962850323706, 11: 0.0013671015856885134, 12: -0.013886176803632492, 13: 0.07226037121894968}
  time: 0.11

inst: 17
  explaining: A1 = 1.0 AND A2 = 55.92 AND A3 = 11.5 AND A4 = 2.0 AND A5 = 1.0 AND A6 = 1.0 AND A7 = 5.0 AND A8 = 1.0 AND A9 = 1.0 AND A10 = 5.0 AND A11 = 0.0 AND A12 = 2.0 AND A13 = 0.0 AND A14 = 8852.0
  expl: [0, 1, 2, 3, 4, 5, 6, 7, 8, 9, 10, 11, 12, 13]
  lit2imprt: {0: -0.004579096736204536, 1: 0.009572232745915246, 2: -0.030756736933176473, 3: 0.01476269974629416, 4: 0.04864694716006781, 5: 0.014554336894689622, 6: 0.02117018582120095, 7: 0.636961866309385, 8: 0.04364863643766576, 9: 0.04457245894059584, 10: 0.0012099451077545813, 11: -0.0015417707822532373, 12: -0.0035655720385807397, 13: 0.07355747641158306}
  time: 0.09

inst: 18
  explaining: A1 = 1.0 AND A2 = 42.83 AND A3 = 4.625 AND A4 = 2.0 AND A5 = 11.0 AND A6 = 4.0 AND A7 = 4.58 AND A8 = 1.0 AND A9 = 0.0 AND A10 = 0.0 AND A11 = 0.0 AND A12 = 1.0 AND A13 = 0.0 AND A14 = 1.0
  expl: [0, 1, 2, 3, 4, 5, 6, 7, 8, 9, 10, 11, 12, 13]
  lit2imprt: {0: 0.010864351059792292, 1: 0.009260410334045757, 2: -0.050035564662547306, 3: 0.02224286645829223, 4: 0.06408215289447136, 5: 0.014727455001097518, 6: 0.014019719272093067, 7: 0.5896481571636192, 8: -0.04092154643988638, 9: 0.04479452793189256, 10: -0.006550391404967881, 11: -0.002404256943582294, 12: -0.016773851035936788, 13: 0.07642170807564531}
  time: 0.10

inst: 19
  explaining: A1 = 1.0 AND A2 = 21.83 AND A3 = 11.0 AND A4 = 2.0 AND A5 = 14.0 AND A6 = 4.0 AND A7 = 0.29 AND A8 = 1.0 AND A9 = 1.0 AND A10 = 6.0 AND A11 = 0.0 AND A12 = 2.0 AND A13 = 121.0 AND A14 = 1.0
  expl: [0, 1, 2, 3, 4, 5, 6, 7, 8, 9, 10, 11, 12, 13]
  lit2imprt: {0: -0.00413527716884896, 1: 0.007681897916311086, 2: -0.03789489116955255, 3: 0.020890747925935906, 4: 0.06312058398251666, 5: 0.0090736357387599, 6: 0.01941966033002764, 7: 0.6109920942478989, 8: 0.03836747671804741, 9: 0.04040998332488448, 10: 0.0005767790197555363, 11: 0.003397592260020235, 12: -0.012009888301763277, 13: 0.07108043106055945}
  time: 0.10

inst: 20
  explaining: A1 = 1.0 AND A2 = 24.17 AND A3 = 0.875 AND A4 = 2.0 AND A5 = 11.0 AND A6 = 4.0 AND A7 = 4.625 AND A8 = 1.0 AND A9 = 1.0 AND A10 = 2.0 AND A11 = 1.0 AND A12 = 2.0 AND A13 = 520.0 AND A14 = 2001.0
  expl: [0, 1, 2, 3, 4, 5, 6, 7, 8, 9, 10, 11, 12, 13]
  lit2imprt: {0: -0.010518614009844546, 1: 0.01186135348269493, 2: -0.05622831262785307, 3: 0.017748066207797394, 4: 0.06623287745837503, 5: 0.013325548834936949, 6: 0.020251681920072404, 7: 0.5711501978733184, 8: 0.04992752787803045, 9: 0.04569732932579652, 10: 0.0010090063452855872, 11: 0.0015778998527531845, 12: -0.0011917503438637481, 13: 0.07670224696618917}
  time: 0.11

inst: 21
  explaining: A1 = 1.0 AND A2 = 21.42 AND A3 = 0.75 AND A4 = 1.0 AND A5 = 12.0 AND A6 = 7.0 AND A7 = 0.75 AND A8 = 0.0 AND A9 = 0.0 AND A10 = 0.0 AND A11 = 1.0 AND A12 = 2.0 AND A13 = 132.0 AND A14 = 3.0
  expl: [0, 1, 2, 3, 4, 5, 6, 7, 8, 9, 10, 11, 12, 13]
  lit2imprt: {0: -0.006086494560297076, 1: -0.007793064221086581, 2: 0.05688411434151228, 3: -0.025400035061497746, 4: -0.0632954305964975, 5: -0.014593389595215205, 6: -0.014052985861061072, 7: 0.5852590756985354, 8: 0.05105723344814881, 9: -0.04102234599684567, 10: -0.0026665987743229426, 11: -0.010654176033801713, 12: 0.008476782110850914, 13: -0.07153141200238938}
  time: 0.08

inst: 22
  explaining: A1 = 0.0 AND A2 = 18.17 AND A3 = 10.0 AND A4 = 1.0 AND A5 = 11.0 AND A6 = 8.0 AND A7 = 0.165 AND A8 = 0.0 AND A9 = 0.0 AND A10 = 0.0 AND A11 = 0.0 AND A12 = 2.0 AND A13 = 340.0 AND A14 = 1.0
  expl: [0, 1, 2, 3, 4, 5, 6, 7, 8, 9, 10, 11, 12, 13]
  lit2imprt: {0: -0.007733777472084525, 1: -0.008284308487900766, 2: 0.03672803331762994, 3: -0.01795117752608235, 4: -0.06105980996119922, 5: -0.010444366945158488, 6: -0.017654378010439738, 7: 0.5991028075316642, 8: 0.05130014171912559, 9: -0.03825441517288569, 10: -0.0042796147686761845, 11: -0.007374725229844268, 12: 0.0009823911724988626, 13: -0.07475542666793066}
  time: 0.10

inst: 23
  explaining: A1 = 1.0 AND A2 = 25.0 AND A3 = 11.25 AND A4 = 2.0 AND A5 = 8.0 AND A6 = 4.0 AND A7 = 2.5 AND A8 = 1.0 AND A9 = 1.0 AND A10 = 17.0 AND A11 = 0.0 AND A12 = 2.0 AND A13 = 200.0 AND A14 = 1209.0
  expl: [0, 1, 2, 3, 4, 5, 6, 7, 8, 9, 10, 11, 12, 13]
  lit2imprt: {0: -0.005469467482232667, 1: 0.010753093997695327, 2: -0.03180099341793471, 3: 0.018489828305412882, 4: 0.05152391109392672, 5: 0.016072159651373562, 6: 0.018855565068504422, 7: 0.6248537972269502, 8: 0.04350355842790041, 9: 0.0432272686727832, 10: -0.00018166033482300053, 11: 0.001655942016470112, 12: -0.0073075647660114235, 13: 0.07165186029903868}
  time: 0.09

inst: 24
  explaining: A1 = 0.0 AND A2 = 18.08 AND A3 = 0.375 AND A4 = 3.0 AND A5 = 13.0 AND A6 = 1.0 AND A7 = 10.0 AND A8 = 0.0 AND A9 = 0.0 AND A10 = 0.0 AND A11 = 1.0 AND A12 = 1.0 AND A13 = 300.0 AND A14 = 1.0
  expl: [0, 1, 2, 3, 4, 5, 6, 7, 8, 9, 10, 11, 12, 13]
  lit2imprt: {0: 0.004505702841181176, 1: -0.004054493580814188, 2: 0.05622169712866161, 3: -0.013516766883433534, 4: -0.06257900761469656, 5: -0.016572509874646913, 6: -0.015701122256038196, 7: 0.5892463438563913, 8: 0.038807759657800825, 9: -0.04473279349617187, 10: 0.00262510749086288, 11: -0.004414480758074451, 12: 0.007888315266554313, 13: -0.06626656602101945}
  time: 0.10

inst: 25
  explaining: A1 = 1.0 AND A2 = 26.67 AND A3 = 14.585 AND A4 = 2.0 AND A5 = 3.0 AND A6 = 5.0 AND A7 = 0.0 AND A8 = 0.0 AND A9 = 0.0 AND A10 = 0.0 AND A11 = 1.0 AND A12 = 2.0 AND A13 = 178.0 AND A14 = 1.0
  expl: [0, 1, 2, 3, 4, 5, 6, 7, 8, 9, 10, 11, 12, 13]
  lit2imprt: {0: 0.001448512564864738, 1: -0.00691582070251473, 2: 0.03599822594255294, 3: -0.017704116747228008, 4: -0.055783773953350685, 5: -0.01232999310370447, 6: -0.018830525228077984, 7: 0.6147851937975126, 8: 0.04681859912621177, 9: -0.04045185851572366, 10: -0.006765955111854233, 11: -0.005163263916721399, 12: 0.011881278789506513, 13: -0.07733090156048344}
  time: 0.10

inst: 26
  explaining: A1 = 1.0 AND A2 = 24.58 AND A3 = 12.5 AND A4 = 2.0 AND A5 = 9.0 AND A6 = 4.0 AND A7 = 0.875 AND A8 = 1.0 AND A9 = 0.0 AND A10 = 0.0 AND A11 = 1.0 AND A12 = 2.0 AND A13 = 260.0 AND A14 = 1.0
  expl: [0, 1, 2, 3, 4, 5, 6, 7, 8, 9, 10, 11, 12, 13]
  lit2imprt: {0: -0.005962246975204023, 1: 0.004561032652693935, 2: -0.0421112252547289, 3: 0.021018265458317274, 4: 0.0605276683096002, 5: 0.01793281190624704, 6: 0.01562792823275546, 7: 0.5969870231197427, 8: -0.04804047003605636, 9: 0.045147041021595814, 10: -0.0008605412613774179, 11: 0.00016544605840052883, 12: -0.007228842288097227, 13: 0.08289786607804824}
  time: 0.10

inst: 27
  explaining: A1 = 0.0 AND A2 = 21.08 AND A3 = 5.0 AND A4 = 1.0 AND A5 = 1.0 AND A6 = 1.0 AND A7 = 0.0 AND A8 = 0.0 AND A9 = 0.0 AND A10 = 0.0 AND A11 = 0.0 AND A12 = 2.0 AND A13 = 0.0 AND A14 = 1.0
  expl: [0, 1, 2, 3, 4, 5, 6, 7, 8, 9, 10, 11, 12, 13]
  lit2imprt: {0: -0.0056406521333507865, 1: -0.008443397429744587, 2: 0.03958689995586276, 3: -0.022716601268930582, 4: -0.05617609019381886, 5: -0.014840116035472644, 6: -0.019980228147614864, 7: 0.6036740245575005, 8: 0.03995456762245578, 9: -0.047280422087471824, 10: -0.0022776246171141447, 11: -0.003939763913760766, 12: 0.007265465416614743, 13: -0.07673645653965531}
  time: 0.11

inst: 28
  explaining: A1 = 1.0 AND A2 = 22.92 AND A3 = 0.17 AND A4 = 2.0 AND A5 = 7.0 AND A6 = 4.0 AND A7 = 0.085 AND A8 = 0.0 AND A9 = 0.0 AND A10 = 0.0 AND A11 = 0.0 AND A12 = 1.0 AND A13 = 0.0 AND A14 = 1.0
  expl: [0, 1, 2, 3, 4, 5, 6, 7, 8, 9, 10, 11, 12, 13]
  lit2imprt: {0: -0.005803775980581559, 1: 0.0071981542516109855, 2: -0.05141077987771214, 3: 0.02156089382005012, 4: 0.06538384157329993, 5: 0.014259459879346723, 6: 0.019282510111033598, 7: -0.600059928779367, 8: -0.03916061364112173, 9: 0.041480617628613554, 10: 0.0022028440452365817, 11: -0.0015498062918442783, 12: -0.010206286168884818, 13: 0.06961445032776496}
  time: 0.10

inst: 29
  explaining: A1 = 1.0 AND A2 = 23.25 AND A3 = 1.0 AND A4 = 2.0 AND A5 = 8.0 AND A6 = 4.0 AND A7 = 0.835 AND A8 = 1.0 AND A9 = 0.0 AND A10 = 0.0 AND A11 = 0.0 AND A12 = 1.0 AND A13 = 300.0 AND A14 = 1.0
  expl: [0, 1, 2, 3, 4, 5, 6, 7, 8, 9, 10, 11, 12, 13]
  lit2imprt: {0: -0.0029540976842931865, 1: -0.008459810270920232, 2: 0.044351588077493814, 3: -0.016881215765335744, 4: -0.06244528320334831, 5: -0.015983548537945546, 6: -0.014249892869611583, 7: -0.5972179284578939, 8: 0.04472243282849416, 9: -0.03935490613382507, 10: -0.0007207115233961812, 11: -0.007969497987640949, 12: 0.005239483156090117, 13: -0.07612313761780126}
  time: 0.11

inst: 30
  explaining: A1 = 0.0 AND A2 = 24.75 AND A3 = 13.665 AND A4 = 2.0 AND A5 = 11.0 AND A6 = 8.0 AND A7 = 1.5 AND A8 = 0.0 AND A9 = 0.0 AND A10 = 0.0 AND A11 = 0.0 AND A12 = 2.0 AND A13 = 280.0 AND A14 = 2.0
  expl: [0, 1, 2, 3, 4, 5, 6, 7, 8, 9, 10, 11, 12, 13]
  lit2imprt: {0: -0.007185920471269754, 1: -0.006641682147099856, 2: 0.03827838896061227, 3: -0.02076227232618528, 4: -0.056587786034283306, 5: -0.012662438286367839, 6: -0.02046424982463882, 7: 0.6098268188512252, 8: 0.04369088279330206, 9: -0.04379222633227639, 10: 0.00029570657903572764, 11: -0.006772485344254351, 12: 0.005588070765895482, 13: -0.07753127359009432}
  time: 0.10

inst: 31
  explaining: A1 = 1.0 AND A2 = 18.67 AND A3 = 5.0 AND A4 = 2.0 AND A5 = 11.0 AND A6 = 4.0 AND A7 = 0.375 AND A8 = 1.0 AND A9 = 1.0 AND A10 = 2.0 AND A11 = 0.0 AND A12 = 2.0 AND A13 = 0.0 AND A14 = 39.0
  expl: [0, 1, 2, 3, 4, 5, 6, 7, 8, 9, 10, 11, 12, 13]
  lit2imprt: {0: -0.007909402104650494, 1: 0.003806723757675844, 2: -0.04606049221391105, 3: 0.0206895085648598, 4: 0.06472593827038477, 5: 0.013970359156031804, 6: 0.018821328426895833, 7: 0.6087876496340577, 8: 0.045516705385438096, 9: 0.04048693493443941, 10: 0.002914172499220963, 11: -0.0012848290369469595, 12: -0.016235876040531352, 13: 0.06543017167644638}
  time: 0.10

inst: 32
  explaining: A1 = 1.0 AND A2 = 29.83 AND A3 = 3.5 AND A4 = 2.0 AND A5 = 8.0 AND A6 = 4.0 AND A7 = 0.165 AND A8 = 0.0 AND A9 = 0.0 AND A10 = 0.0 AND A11 = 0.0 AND A12 = 2.0 AND A13 = 216.0 AND A14 = 1.0
  expl: [0, 1, 2, 3, 4, 5, 6, 7, 8, 9, 10, 11, 12, 13]
  lit2imprt: {0: 0.0007789198615417709, 1: -0.010854801439698235, 2: 0.05072225874657421, 3: -0.024254992982400705, 4: -0.0627207459531242, 5: -0.010457894693167812, 6: -0.022410146849945065, 7: 0.5842133088572311, 8: 0.0477354548759364, 9: -0.04470720365362894, 10: -0.002691350379589899, 11: -0.0006744844607056985, 12: 0.012292627723591458, 13: -0.07911510598572487}
  time: 0.10

inst: 33
  explaining: A1 = 1.0 AND A2 = 48.25 AND A3 = 25.085 AND A4 = 2.0 AND A5 = 9.0 AND A6 = 4.0 AND A7 = 1.75 AND A8 = 1.0 AND A9 = 1.0 AND A10 = 3.0 AND A11 = 0.0 AND A12 = 2.0 AND A13 = 120.0 AND A14 = 15.0
  expl: [0, 1, 2, 3, 4, 5, 6, 7, 8, 9, 10, 11, 12, 13]
  lit2imprt: {0: -0.00687328739569347, 1: 0.006781028541496283, 2: -0.02277539819939589, 3: 0.021845188467519636, 4: 0.04922223996754193, 5: 0.010881016890609219, 6: 0.01826988263827534, 7: 0.6267678547237038, 8: 0.045833298268799665, 9: 0.04463666240372337, 10: 0.002993781406617939, 11: 0.0005232562700093643, 12: -0.013281063075680687, 13: 0.0797542744760477}
  time: 0.09

inst: 34
  explaining: A1 = 1.0 AND A2 = 73.42 AND A3 = 17.75 AND A4 = 2.0 AND A5 = 1.0 AND A6 = 1.0 AND A7 = 0.0 AND A8 = 1.0 AND A9 = 0.0 AND A10 = 0.0 AND A11 = 1.0 AND A12 = 2.0 AND A13 = 0.0 AND A14 = 1.0
  expl: [0, 1, 2, 3, 4, 5, 6, 7, 8, 9, 10, 11, 12, 13]
  lit2imprt: {0: -0.0016842780999764553, 1: -0.006694488872550358, 2: 0.026924960754374765, 3: -0.019856175950212628, 4: -0.0478067022612045, 5: -0.015563963439816862, 6: -0.01676909172745932, 7: -0.6223998624513228, 8: 0.04353257606871015, 9: -0.0494241221376283, 10: 0.000423751498150384, 11: -0.0006509926392466318, 12: 0.011964308213094715, 13: -0.08302726622132926}
  time: 0.11

inst: 35
  explaining: A1 = 1.0 AND A2 = 25.17 AND A3 = 6.0 AND A4 = 2.0 AND A5 = 8.0 AND A6 = 4.0 AND A7 = 1.0 AND A8 = 1.0 AND A9 = 1.0 AND A10 = 3.0 AND A11 = 0.0 AND A12 = 2.0 AND A13 = 0.0 AND A14 = 1.0
  expl: [0, 1, 2, 3, 4, 5, 6, 7, 8, 9, 10, 11, 12, 13]
  lit2imprt: {0: 0.0020569042681638033, 1: 0.00604708757783182, 2: -0.0374798727311097, 3: 0.021437955419769648, 4: 0.05658497668376464, 5: 0.01570692021134826, 6: 0.024096637138984512, 7: 0.6140205426333404, 8: 0.0400518620778845, 9: 0.041525508734033996, 10: 0.001413066069493613, 11: -0.001129568597897, 12: -0.009088771940384637, 13: 0.07621082544943553}
  time: 0.11

inst: 36
  explaining: A1 = 1.0 AND A2 = 33.0 AND A3 = 2.5 AND A4 = 1.0 AND A5 = 9.0 AND A6 = 4.0 AND A7 = 7.0 AND A8 = 0.0 AND A9 = 0.0 AND A10 = 0.0 AND A11 = 1.0 AND A12 = 2.0 AND A13 = 280.0 AND A14 = 1.0
  expl: [0, 1, 2, 3, 4, 5, 6, 7, 8, 9, 10, 11, 12, 13]
  lit2imprt: {0: -0.009087180852846623, 1: -0.008849928873146127, 2: 0.05198916045910941, 3: -0.022733754434886032, 4: -0.056665789807974015, 5: -0.01849634559746729, 6: -0.01576279190206808, 7: 0.5840283612364988, 8: 0.03300110194468822, 9: -0.044670912348629216, 10: 0.001703081617284298, 11: -0.004412223877877209, 12: 0.00471296294563424, 13: -0.07683776758492793}
  time: 0.10

inst: 37
  explaining: A1 = 0.0 AND A2 = 30.25 AND A3 = 5.5 AND A4 = 2.0 AND A5 = 4.0 AND A6 = 4.0 AND A7 = 5.5 AND A8 = 0.0 AND A9 = 0.0 AND A10 = 0.0 AND A11 = 1.0 AND A12 = 1.0 AND A13 = 100.0 AND A14 = 1.0
  expl: [0, 1, 2, 3, 4, 5, 6, 7, 8, 9, 10, 11, 12, 13]
  lit2imprt: {0: 0.0028795277241958116, 1: -0.004388127121166148, 2: 0.04062281055147042, 3: -0.019350928657856887, 4: -0.057977433897936574, 5: -0.018022789607072112, 6: -0.015357127921748526, 7: 0.5966802596702121, 8: 0.04130819641147169, 9: -0.04449121490249058, 10: 0.0002949592370495619, 11: 0.0013117435153219, 12: 0.01421935270374464, 13: -0.07700715843713941}
  time: 0.10

inst: 38
  explaining: A1 = 1.0 AND A2 = 48.5 AND A3 = 4.25 AND A4 = 2.0 AND A5 = 7.0 AND A6 = 4.0 AND A7 = 0.125 AND A8 = 1.0 AND A9 = 0.0 AND A10 = 0.0 AND A11 = 1.0 AND A12 = 2.0 AND A13 = 225.0 AND A14 = 1.0
  expl: [0, 1, 2, 3, 4, 5, 6, 7, 8, 9, 10, 11, 12, 13]
  lit2imprt: {0: -0.0004527262085353903, 1: -0.007539934574450207, 2: 0.046133129089273306, 3: -0.013054383094453509, 4: -0.06081002744354059, 5: -0.014259543213918216, 6: -0.01923274584520514, 7: -0.5913817447408424, 8: 0.04201451425392499, 9: -0.04924308980940392, 10: 0.009824312304418468, 11: 0.003625702505533721, 12: 0.006416532518414013, 13: -0.08044907528212553}
  time: 0.10

inst: 39
  explaining: A1 = 0.0 AND A2 = 20.83 AND A3 = 8.5 AND A4 = 2.0 AND A5 = 8.0 AND A6 = 4.0 AND A7 = 0.165 AND A8 = 0.0 AND A9 = 0.0 AND A10 = 0.0 AND A11 = 0.0 AND A12 = 2.0 AND A13 = 0.0 AND A14 = 352.0
  expl: [0, 1, 2, 3, 4, 5, 6, 7, 8, 9, 10, 11, 12, 13]
  lit2imprt: {0: -0.0014880989784487482, 1: -0.004342345364697445, 2: 0.04499596621346929, 3: -0.025293589359936808, 4: -0.06199888985180636, 5: -0.011993663963293995, 6: -0.02319220194099499, 7: 0.6084443123449866, 8: 0.04641924484287706, 9: -0.038389248699562485, 10: -0.004435855893659449, 11: -0.0013416555841460015, 12: 0.01522851546351715, 13: -0.07229102127993141}
  time: 0.11

inst: 40
  explaining: A1 = 1.0 AND A2 = 32.83 AND A3 = 2.5 AND A4 = 2.0 AND A5 = 13.0 AND A6 = 8.0 AND A7 = 2.75 AND A8 = 1.0 AND A9 = 1.0 AND A10 = 6.0 AND A11 = 0.0 AND A12 = 2.0 AND A13 = 160.0 AND A14 = 2073.0
  expl: [0, 1, 2, 3, 4, 5, 6, 7, 8, 9, 10, 11, 12, 13]
  lit2imprt: {0: -0.004409025582379591, 1: 0.008559110523487297, 2: -0.055378479787117615, 3: 0.016549562838533496, 4: 0.06315704635850264, 5: 0.013808953874154269, 6: 0.020929711101272532, 7: 0.5972518402903791, 8: 0.03848928742610591, 9: 0.03831945306862417, 10: 0.009514472960012559, 11: 0.005164060681105466, 12: -0.008430561815046396, 13: 0.06386368064120146}
  time: 0.11

inst: 41
  explaining: A1 = 0.0 AND A2 = 25.0 AND A3 = 12.33 AND A4 = 2.0 AND A5 = 13.0 AND A6 = 8.0 AND A7 = 3.5 AND A8 = 1.0 AND A9 = 1.0 AND A10 = 6.0 AND A11 = 0.0 AND A12 = 2.0 AND A13 = 400.0 AND A14 = 459.0
  expl: [0, 1, 2, 3, 4, 5, 6, 7, 8, 9, 10, 11, 12, 13]
  lit2imprt: {0: -0.0046067718720796185, 1: 0.006850383796430053, 2: -0.03732256750390085, 3: 0.019109342132367323, 4: 0.05875543877637015, 5: 0.011426838417936501, 6: 0.02230215880212675, 7: 0.612021433528249, 8: 0.04452202330713891, 9: 0.04812216454682477, 10: 0.004674405424713634, 11: 0.0001855670710847859, 12: -0.00311763255310242, 13: 0.075815552518898}
  time: 0.10

inst: 42
  explaining: A1 = 1.0 AND A2 = 31.0 AND A3 = 2.085 AND A4 = 2.0 AND A5 = 8.0 AND A6 = 4.0 AND A7 = 0.085 AND A8 = 0.0 AND A9 = 0.0 AND A10 = 0.0 AND A11 = 0.0 AND A12 = 2.0 AND A13 = 300.0 AND A14 = 1.0
  expl: [0, 1, 2, 3, 4, 5, 6, 7, 8, 9, 10, 11, 12, 13]
  lit2imprt: {0: -0.007353761624183188, 1: -0.006914069956596381, 2: 0.052552757923952205, 3: -0.023730447737376568, 4: -0.06542730666587335, 5: -0.018085391259178393, 6: -0.02401995014323132, 7: 0.5853951476838181, 8: 0.04589408115509486, 9: -0.0379420802792787, 10: 0.0018420092638824963, 11: -0.0009308487598112346, 12: 0.011066903111412837, 13: -0.07717393574516655}
  time: 0.10

inst: 43
  explaining: A1 = 1.0 AND A2 = 17.08 AND A3 = 0.085 AND A4 = 1.0 AND A5 = 8.0 AND A6 = 4.0 AND A7 = 0.04 AND A8 = 0.0 AND A9 = 0.0 AND A10 = 0.0 AND A11 = 0.0 AND A12 = 2.0 AND A13 = 140.0 AND A14 = 723.0
  expl: [0, 1, 2, 3, 4, 5, 6, 7, 8, 9, 10, 11, 12, 13]
  lit2imprt: {0: -0.0007659487511427883, 1: -0.004667116569069758, 2: 0.049521432499899674, 3: -0.026663547171096973, 4: -0.0640149849490196, 5: -0.013005468956667222, 6: -0.01795659938647886, 7: 0.5830937749278984, 8: 0.060794801419986354, 9: -0.03631820208826291, 10: 0.006105008192954572, 11: -0.004563126335469772, 12: 0.0031600197112880597, 13: -0.0742643745677123}
  time: 0.09

inst: 44
  explaining: A1 = 1.0 AND A2 = 28.25 AND A3 = 5.125 AND A4 = 2.0 AND A5 = 14.0 AND A6 = 4.0 AND A7 = 4.75 AND A8 = 1.0 AND A9 = 1.0 AND A10 = 2.0 AND A11 = 0.0 AND A12 = 2.0 AND A13 = 420.0 AND A14 = 8.0
  expl: [0, 1, 2, 3, 4, 5, 6, 7, 8, 9, 10, 11, 12, 13]
  lit2imprt: {0: -0.0007092616443680889, 1: 0.009252273132996395, 2: -0.04249852666849933, 3: 0.020507397932286144, 4: 0.06500462059806691, 5: 0.018090201565565903, 6: 0.017619528932495004, 7: 0.586560376017119, 8: 0.03843688965115426, 9: 0.04404946886112863, 10: 0.007418739548378801, 11: 0.0015748868292851347, 12: -0.0025884484709191562, 13: 0.08069210864123183}
  time: 0.10

inst: 45
  explaining: A1 = 1.0 AND A2 = 41.42 AND A3 = 5.0 AND A4 = 2.0 AND A5 = 11.0 AND A6 = 8.0 AND A7 = 5.0 AND A8 = 1.0 AND A9 = 1.0 AND A10 = 6.0 AND A11 = 1.0 AND A12 = 2.0 AND A13 = 470.0 AND A14 = 1.0
  expl: [0, 1, 2, 3, 4, 5, 6, 7, 8, 9, 10, 11, 12, 13]
  lit2imprt: {0: -0.0026088907133672047, 1: 0.005344453911588916, 2: -0.05068363098302324, 3: 0.017565141048740317, 4: 0.0558458188970823, 5: 0.012326533881210364, 6: 0.021451133331972527, 7: 0.5843622647429039, 8: 0.03777866626956292, 9: 0.04900910589308795, 10: 0.0021479789297119724, 11: 0.007097834711051819, 12: 0.0028559671487724384, 13: 0.07387577308732772}
  time: 0.11

inst: 46
  explaining: A1 = 1.0 AND A2 = 34.92 AND A3 = 5.0 AND A4 = 2.0 AND A5 = 14.0 AND A6 = 8.0 AND A7 = 7.5 AND A8 = 1.0 AND A9 = 1.0 AND A10 = 6.0 AND A11 = 1.0 AND A12 = 2.0 AND A13 = 0.0 AND A14 = 1001.0
  expl: [0, 1, 2, 3, 4, 5, 6, 7, 8, 9, 10, 11, 12, 13]
  lit2imprt: {0: -0.0019770001687093725, 1: 0.003995478357075387, 2: -0.051168972113867874, 3: 0.022376120208952178, 4: 0.06108858106819852, 5: 0.015663867021635115, 6: 0.021059258384512614, 7: 0.6060261326958791, 8: 0.03954533197931455, 9: 0.044895149811421675, 10: -0.005024266925497391, 11: -0.001545283117015082, 12: -0.006969985687515428, 13: 0.06997487995474741}
  time: 0.12

inst: 47
  explaining: A1 = 1.0 AND A2 = 20.0 AND A3 = 11.045 AND A4 = 2.0 AND A5 = 8.0 AND A6 = 4.0 AND A7 = 2.0 AND A8 = 0.0 AND A9 = 0.0 AND A10 = 0.0 AND A11 = 1.0 AND A12 = 2.0 AND A13 = 136.0 AND A14 = 1.0
  expl: [0, 1, 2, 3, 4, 5, 6, 7, 8, 9, 10, 11, 12, 13]
  lit2imprt: {0: -0.001058588703481635, 1: -0.002722035014252963, 2: 0.041136269098124165, 3: -0.024870518070157797, 4: -0.05603570979902448, 5: -0.016309953540912202, 6: -0.016969404843995298, 7: 0.6125305116955087, 8: 0.04439864112400487, 9: -0.045356594345790646, 10: 0.0002339898441439298, 11: -0.0016289735768373688, 12: 0.012596186799109326, 13: -0.06868251640316955}
  time: 0.11

inst: 48
  explaining: A1 = 0.0 AND A2 = 33.67 AND A3 = 0.375 AND A4 = 2.0 AND A5 = 13.0 AND A6 = 4.0 AND A7 = 0.375 AND A8 = 0.0 AND A9 = 0.0 AND A10 = 0.0 AND A11 = 0.0 AND A12 = 2.0 AND A13 = 300.0 AND A14 = 45.0
  expl: [0, 1, 2, 3, 4, 5, 6, 7, 8, 9, 10, 11, 12, 13]
  lit2imprt: {0: 0.0065468417526080205, 1: -0.011191590823051479, 2: 0.06257864108733219, 3: -0.014879996066960147, 4: -0.0656157151894126, 5: -0.014343280682478931, 6: -0.017241301811609825, 7: 0.5814893168170601, 8: 0.04198513468742416, 9: -0.038381207484932005, 10: -0.00033596031666711343, 11: 0.002669316808227325, 12: 0.0038474733538231484, 13: -0.07119395819306834}
  time: 0.10

inst: 49
  explaining: A1 = 1.0 AND A2 = 36.67 AND A3 = 2.0 AND A4 = 2.0 AND A5 = 3.0 AND A6 = 4.0 AND A7 = 0.25 AND A8 = 0.0 AND A9 = 0.0 AND A10 = 0.0 AND A11 = 1.0 AND A12 = 2.0 AND A13 = 221.0 AND A14 = 1.0
  expl: [0, 1, 2, 3, 4, 5, 6, 7, 8, 9, 10, 11, 12, 13]
  lit2imprt: {0: 0.0013358576043080706, 1: -0.011494467070917285, 2: 0.04825795373063243, 3: -0.019797836778946278, 4: -0.05445717424385263, 5: -0.015976163401209404, 6: -0.018354328945294575, 7: 0.5986875308135275, 8: 0.04748187156034445, 9: -0.04365293896439761, 10: 0.005929251269704072, 11: 0.002573861896615606, 12: 0.005257527508125342, 13: -0.07318869527463621}
  time: 0.11

inst: 50
  explaining: A1 = 1.0 AND A2 = 20.42 AND A3 = 1.085 AND A4 = 2.0 AND A5 = 11.0 AND A6 = 4.0 AND A7 = 1.5 AND A8 = 0.0 AND A9 = 0.0 AND A10 = 0.0 AND A11 = 0.0 AND A12 = 2.0 AND A13 = 108.0 AND A14 = 8.0
  expl: [0, 1, 2, 3, 4, 5, 6, 7, 8, 9, 10, 11, 12, 13]
  lit2imprt: {0: -0.004507556713299223, 1: -0.008858113204217706, 2: 0.05337890135579021, 3: -0.022059755666229402, 4: -0.0684114325199263, 5: -0.014966636859322407, 6: -0.015507018135344582, 7: 0.5998884337454818, 8: 0.04392837963087336, 9: -0.04108091318059933, 10: -0.0032575233154222474, 11: -0.0028328878424713974, 12: 0.011284579010943511, 13: -0.07051811124918037}
  time: 0.11

inst: 51
  explaining: A1 = 0.0 AND A2 = 52.83 AND A3 = 15.0 AND A4 = 2.0 AND A5 = 8.0 AND A6 = 4.0 AND A7 = 5.5 AND A8 = 1.0 AND A9 = 1.0 AND A10 = 14.0 AND A11 = 0.0 AND A12 = 2.0 AND A13 = 0.0 AND A14 = 2201.0
  expl: [0, 1, 2, 3, 4, 5, 6, 7, 8, 9, 10, 11, 12, 13]
  lit2imprt: {0: 0.0011834931724613652, 1: 0.008887707515857296, 2: -0.03205205634864154, 3: 0.01336445407168716, 4: 0.050510981008403934, 5: 0.013891319150169926, 6: 0.02280872692423668, 7: 0.630030997799797, 8: 0.04038257626416655, 9: 0.05388826553512411, 10: 0.008487262986901317, 11: 0.0019949517053339185, 12: -0.013525695871070033, 13: 0.07314512004500356}
  time: 0.09

inst: 52
  explaining: A1 = 0.0 AND A2 = 29.5 AND A3 = 0.46 AND A4 = 2.0 AND A5 = 4.0 AND A6 = 4.0 AND A7 = 0.54 AND A8 = 1.0 AND A9 = 1.0 AND A10 = 4.0 AND A11 = 0.0 AND A12 = 2.0 AND A13 = 380.0 AND A14 = 501.0
  expl: [0, 1, 2, 3, 4, 5, 6, 7, 8, 9, 10, 11, 12, 13]
  lit2imprt: {0: -0.0029889879608177424, 1: 0.010096498389504856, 2: -0.04446715981518164, 3: 0.014386679860343646, 4: 0.05886339971548698, 5: 0.02079541763178379, 6: 0.01711044709283974, 7: 0.5907164756386416, 8: 0.049695278598724475, 9: 0.04181135477980423, 10: 0.001042836610653748, 11: 0.004616977378733596, 12: -0.0020256039923926554, 13: 0.07855109090640733}
  time: 0.09

inst: 53
  explaining: A1 = 1.0 AND A2 = 21.25 AND A3 = 1.5 AND A4 = 2.0 AND A5 = 9.0 AND A6 = 4.0 AND A7 = 1.5 AND A8 = 0.0 AND A9 = 0.0 AND A10 = 0.0 AND A11 = 0.0 AND A12 = 2.0 AND A13 = 150.0 AND A14 = 9.0
  expl: [0, 1, 2, 3, 4, 5, 6, 7, 8, 9, 10, 11, 12, 13]
  lit2imprt: {0: 0.006666252862927842, 1: -0.009385311917368182, 2: 0.052491486636553626, 3: -0.018392881895547327, 4: -0.061195994375435894, 5: -0.011781164650275374, 6: -0.01141496182686604, 7: 0.6027863841129921, 8: 0.0385363486051585, 9: -0.03598295275452419, 10: 0.007678299528597623, 11: -0.0029667342319230363, 12: 0.005441539174894247, 13: -0.06938394837191404}
  time: 0.11

inst: 54
  explaining: A1 = 0.0 AND A2 = 22.58 AND A3 = 10.75 AND A4 = 2.0 AND A5 = 11.0 AND A6 = 4.0 AND A7 = 0.415 AND A8 = 1.0 AND A9 = 1.0 AND A10 = 5.0 AND A11 = 1.0 AND A12 = 2.0 AND A13 = 0.0 AND A14 = 561.0
  expl: [0, 1, 2, 3, 4, 5, 6, 7, 8, 9, 10, 11, 12, 13]
  lit2imprt: {0: -0.0030598477786393957, 1: 0.007555759961659144, 2: -0.03885092654927878, 3: 0.012930713033508876, 4: 0.056318512569607855, 5: 0.010106911842697115, 6: 0.015859111982103182, 7: 0.6285798794725721, 8: 0.04734374383890294, 9: 0.04080365267483546, 10: -0.0007783840975808699, 11: 0.004105649361730722, 12: -0.013572947528677841, 13: 0.07116551134454369}
  time: 0.11

inst: 55
  explaining: A1 = 1.0 AND A2 = 35.0 AND A3 = 2.5 AND A4 = 2.0 AND A5 = 3.0 AND A6 = 4.0 AND A7 = 1.0 AND A8 = 0.0 AND A9 = 0.0 AND A10 = 0.0 AND A11 = 1.0 AND A12 = 2.0 AND A13 = 210.0 AND A14 = 1.0
  expl: [0, 1, 2, 3, 4, 5, 6, 7, 8, 9, 10, 11, 12, 13]
  lit2imprt: {0: -5.411065031113109e-05, 1: -0.010398327830646788, 2: 0.0488256373338342, 3: -0.019346027754360003, 4: -0.06031579651699826, 5: -0.01911012388246538, 6: -0.018833720589622648, 7: 0.5961447779171085, 8: 0.047135475843646565, 9: -0.044059205609695146, 10: 0.011960372067041994, 11: -0.007226290836081683, 12: 0.00822034103092701, 13: -0.0800525662281125}
  time: 0.09

inst: 56
  explaining: A1 = 1.0 AND A2 = 31.67 AND A3 = 0.83 AND A4 = 2.0 AND A5 = 14.0 AND A6 = 4.0 AND A7 = 1.335 AND A8 = 1.0 AND A9 = 1.0 AND A10 = 8.0 AND A11 = 1.0 AND A12 = 2.0 AND A13 = 303.0 AND A14 = 3291.0
  expl: [0, 1, 2, 3, 4, 5, 6, 7, 8, 9, 10, 11, 12, 13]
  lit2imprt: {0: -0.005323193884518922, 1: 0.014809648093455488, 2: -0.051725307257277836, 3: 0.012936562923789417, 4: 0.061124410049136615, 5: 0.013035733573406993, 6: 0.019625662332376642, 7: 0.585850247846897, 8: 0.040043258558146645, 9: 0.04044542220930546, 10: 0.0019448578036241253, 11: 0.0031757543397238244, 12: -0.004586243071395258, 13: 0.07453117014271776}
  time: 0.10

inst: 57
  explaining: A1 = 1.0 AND A2 = 32.67 AND A3 = 5.5 AND A4 = 2.0 AND A5 = 11.0 AND A6 = 8.0 AND A7 = 5.5 AND A8 = 1.0 AND A9 = 1.0 AND A10 = 12.0 AND A11 = 1.0 AND A12 = 2.0 AND A13 = 408.0 AND A14 = 1001.0
  expl: [0, 1, 2, 3, 4, 5, 6, 7, 8, 9, 10, 11, 12, 13]
  lit2imprt: {0: 7.312383710741686e-05, 1: 0.014216116409303632, 2: -0.04128772229241242, 3: 0.012865540639272319, 4: 0.056706025191923665, 5: 0.017955120374592008, 6: 0.021935456785854197, 7: 0.591452886684381, 8: 0.051516298946138454, 9: 0.045089736551440135, 10: 0.001174987821572418, 11: -0.0006104364521536021, 12: -0.003619913938502211, 13: 0.0742177008329835}
  time: 0.10

inst: 58
  explaining: A1 = 0.0 AND A2 = 19.58 AND A3 = 0.665 AND A4 = 2.0 AND A5 = 9.0 AND A6 = 4.0 AND A7 = 1.665 AND A8 = 0.0 AND A9 = 0.0 AND A10 = 0.0 AND A11 = 0.0 AND A12 = 2.0 AND A13 = 220.0 AND A14 = 6.0
  expl: [0, 1, 2, 3, 4, 5, 6, 7, 8, 9, 10, 11, 12, 13]
  lit2imprt: {0: 0.0007937048098261122, 1: -0.012427077907516293, 2: 0.0578085709258072, 3: -0.021129277496794448, 4: -0.06609905310055385, 5: -0.018534576283075824, 6: -0.02447988352265841, 7: 0.5868792424101513, 8: 0.04793809775784368, 9: -0.04464977138173981, 10: -0.01107759400428576, 11: -0.00278115671171836, 12: 0.006204340034387906, 13: -0.07326110208714753}
  time: 0.09

inst: 59
  explaining: A1 = 0.0 AND A2 = 24.08 AND A3 = 0.5 AND A4 = 2.0 AND A5 = 11.0 AND A6 = 8.0 AND A7 = 1.25 AND A8 = 1.0 AND A9 = 1.0 AND A10 = 1.0 AND A11 = 0.0 AND A12 = 2.0 AND A13 = 0.0 AND A14 = 679.0
  expl: [0, 1, 2, 3, 4, 5, 6, 7, 8, 9, 10, 11, 12, 13]
  lit2imprt: {0: 0.0027138490829576, 1: 0.00949791198399908, 2: -0.055348615698589176, 3: 0.024546131535452757, 4: 0.06115592779938458, 5: 0.011037044477862, 6: 0.020598190916524806, 7: 0.6004928072648329, 8: 0.03869507881448127, 9: 0.03918585768189235, 10: 0.009392158390289949, 11: 0.002074011619207921, 12: -0.013017617314109612, 13: 0.06738609475916316}
  time: 0.10

inst: 60
  explaining: A1 = 0.0 AND A2 = 28.58 AND A3 = 3.54 AND A4 = 2.0 AND A5 = 3.0 AND A6 = 5.0 AND A7 = 0.5 AND A8 = 1.0 AND A9 = 0.0 AND A10 = 0.0 AND A11 = 1.0 AND A12 = 2.0 AND A13 = 171.0 AND A14 = 1.0
  expl: [0, 1, 2, 3, 4, 5, 6, 7, 8, 9, 10, 11, 12, 13]
  lit2imprt: {0: -0.0004460828502618863, 1: -0.006299528318183689, 2: 0.0386304295005753, 3: -0.020356203997740036, 4: -0.05490197230197084, 5: -0.018677311265321052, 6: -0.017584701394499285, 7: -0.6000629076568031, 8: 0.058728252053375236, 9: -0.04247463928393055, 10: 0.0014362479126234097, 11: -0.00636660756230393, 12: 0.008227166680860381, 13: -0.08005898874785977}
  time: 0.10

inst: 61
  explaining: A1 = 1.0 AND A2 = 27.42 AND A3 = 12.5 AND A4 = 2.0 AND A5 = 6.0 AND A6 = 5.0 AND A7 = 0.25 AND A8 = 0.0 AND A9 = 0.0 AND A10 = 0.0 AND A11 = 1.0 AND A12 = 2.0 AND A13 = 720.0 AND A14 = 1.0
  expl: [0, 1, 2, 3, 4, 5, 6, 7, 8, 9, 10, 11, 12, 13]
  lit2imprt: {0: -0.00045647551795696933, 1: -0.0031756604115007444, 2: 0.039572944455758964, 3: -0.014631032189233475, 4: -0.057387505755350156, 5: -0.015464217037181451, 6: -0.01357211513302001, 7: 0.5864079989220492, 8: 0.044832800536478784, 9: -0.04707486551003314, 10: 0.0012763515535578215, 11: -0.006715869432386733, 12: -0.006395122916013339, 13: -0.08444015670338292}
  time: 0.09

inst: 62
  explaining: A1 = 0.0 AND A2 = 25.0 AND A3 = 0.875 AND A4 = 2.0 AND A5 = 14.0 AND A6 = 8.0 AND A7 = 1.04 AND A8 = 1.0 AND A9 = 0.0 AND A10 = 0.0 AND A11 = 1.0 AND A12 = 2.0 AND A13 = 160.0 AND A14 = 5861.0
  expl: [0, 1, 2, 3, 4, 5, 6, 7, 8, 9, 10, 11, 12, 13]
  lit2imprt: {0: -0.014627108192852156, 1: 0.005765431810769874, 2: -0.05346998823993052, 3: 0.017534738929566692, 4: 0.06102097607081688, 5: 0.015673686098468045, 6: 0.02026830995904771, 7: 0.5977609141034865, 8: -0.03936034805149093, 9: 0.04099153486178588, 10: 0.005065365507799601, 11: 0.003922063984106507, 12: -0.0024489303749506528, 13: 0.07053920429136205}
  time: 0.10

inst: 63
  explaining: A1 = 1.0 AND A2 = 22.75 AND A3 = 11.0 AND A4 = 2.0 AND A5 = 11.0 AND A6 = 4.0 AND A7 = 2.5 AND A8 = 1.0 AND A9 = 1.0 AND A10 = 7.0 AND A11 = 1.0 AND A12 = 2.0 AND A13 = 100.0 AND A14 = 810.0
  expl: [0, 1, 2, 3, 4, 5, 6, 7, 8, 9, 10, 11, 12, 13]
  lit2imprt: {0: 0.004403769065451655, 1: 0.0005544518339907947, 2: -0.03260456036637661, 3: 0.021276802561973087, 4: 0.05427043922462355, 5: 0.012172708706009581, 6: 0.015526959407602537, 7: 0.6298273886557707, 8: 0.053654525042421713, 9: 0.04424241008306176, 10: 0.004666852438539104, 11: 0.002996321349198926, 12: -0.012089866804224195, 13: 0.07316147356695266}
  time: 0.10

inst: 64
  explaining: A1 = 0.0 AND A2 = 36.58 AND A3 = 0.29 AND A4 = 2.0 AND A5 = 1.0 AND A6 = 1.0 AND A7 = 0.0 AND A8 = 0.0 AND A9 = 1.0 AND A10 = 10.0 AND A11 = 0.0 AND A12 = 2.0 AND A13 = 200.0 AND A14 = 19.0
  expl: [0, 1, 2, 3, 4, 5, 6, 7, 8, 9, 10, 11, 12, 13]
  lit2imprt: {0: 0.005759713989427002, 1: -0.01279675890694006, 2: 0.048961722155780305, 3: -0.015536018549636777, 4: -0.05708615298204508, 5: -0.01426742848515358, 6: -0.022567266129290907, 7: 0.6034268291806604, 8: -0.043920380176080256, 9: -0.04614079930139037, 10: -0.0026243841389828643, 11: -0.004208954683547446, 12: 0.00017504245028053612, 13: -0.06868760362471518}
  time: 0.10

inst: 65
  explaining: A1 = 1.0 AND A2 = 48.58 AND A3 = 6.5 AND A4 = 2.0 AND A5 = 11.0 AND A6 = 8.0 AND A7 = 6.0 AND A8 = 1.0 AND A9 = 0.0 AND A10 = 0.0 AND A11 = 1.0 AND A12 = 2.0 AND A13 = 350.0 AND A14 = 1.0
  expl: [0, 1, 2, 3, 4, 5, 6, 7, 8, 9, 10, 11, 12, 13]
  lit2imprt: {0: -0.004028069145120468, 1: 0.004114925415047317, 2: -0.04925639945842861, 3: 0.023050875785232367, 4: 0.05745719795199253, 5: 0.012866401269909683, 6: 0.022723590625998078, 7: 0.58392794937579, 8: -0.043073774775424824, 9: 0.0450261064402498, 10: -0.005655276070154831, 11: -0.00031870390205656317, 12: -0.0012861782900006565, 13: 0.08015625167079428}
  time: 0.10

inst: 66
  explaining: A1 = 0.0 AND A2 = 18.25 AND A3 = 10.0 AND A4 = 2.0 AND A5 = 9.0 AND A6 = 4.0 AND A7 = 1.0 AND A8 = 0.0 AND A9 = 1.0 AND A10 = 1.0 AND A11 = 0.0 AND A12 = 2.0 AND A13 = 120.0 AND A14 = 2.0
  expl: [0, 1, 2, 3, 4, 5, 6, 7, 8, 9, 10, 11, 12, 13]
  lit2imprt: {0: -0.005732545222231902, 1: -0.005140201768396838, 2: 0.04119549956044091, 3: -0.01652372788406123, 4: -0.059348769543465456, 5: -0.013439139087086188, 6: -0.014568370139577716, 7: 0.6223844083127636, 8: -0.04208907083653591, 9: -0.03341381398965362, 10: 0.004745808918137296, 11: -0.0013494849471169365, 12: 0.005544972776288787, 13: -0.0762617857121498}
  time: 0.12

inst: 67
  explaining: A1 = 0.0 AND A2 = 31.57 AND A3 = 1.5 AND A4 = 2.0 AND A5 = 1.0 AND A6 = 1.0 AND A7 = 0.0 AND A8 = 0.0 AND A9 = 1.0 AND A10 = 2.0 AND A11 = 1.0 AND A12 = 2.0 AND A13 = 200.0 AND A14 = 106.0
  expl: [0, 1, 2, 3, 4, 5, 6, 7, 8, 9, 10, 11, 12, 13]
  lit2imprt: {0: 0.0012270262177762985, 1: -0.010251161292293918, 2: 0.04330453342744607, 3: -0.019642488346669786, 4: -0.056417420131961535, 5: -0.015532273022835682, 6: -0.021269559189886832, 7: 0.5978938564187041, 8: -0.05468232709419482, 9: -0.043849993081991716, 10: -0.0031028551805719375, 11: -0.0001264425723966438, 12: 0.004822091020418395, 13: -0.07616837883818477}
  time: 0.11

inst: 68
  explaining: A1 = 0.0 AND A2 = 50.08 AND A3 = 12.54 AND A4 = 2.0 AND A5 = 6.0 AND A6 = 4.0 AND A7 = 2.29 AND A8 = 1.0 AND A9 = 1.0 AND A10 = 3.0 AND A11 = 1.0 AND A12 = 2.0 AND A13 = 156.0 AND A14 = 1.0
  expl: [0, 1, 2, 3, 4, 5, 6, 7, 8, 9, 10, 11, 12, 13]
  lit2imprt: {0: -0.004755458115500697, 1: -0.005289698566255144, 2: 0.038240711806134385, 3: -0.02212704208325311, 4: -0.054185193077531064, 5: -0.015450356928839372, 6: -0.01710944374453955, 7: -0.6161962365566835, 8: -0.04308249044286308, 9: -0.04548785554013602, 10: 0.001737428515212759, 11: 0.0024480739482613595, 12: 0.008365392576783866, 13: -0.07724839503075089}
  time: 0.09

inst: 69
  explaining: A1 = 1.0 AND A2 = 36.33 AND A3 = 3.79 AND A4 = 2.0 AND A5 = 9.0 AND A6 = 4.0 AND A7 = 1.165 AND A8 = 1.0 AND A9 = 0.0 AND A10 = 0.0 AND A11 = 1.0 AND A12 = 2.0 AND A13 = 200.0 AND A14 = 1.0
  expl: [0, 1, 2, 3, 4, 5, 6, 7, 8, 9, 10, 11, 12, 13]
  lit2imprt: {0: -0.0005151755282496296, 1: -0.003937667163247252, 2: 0.04715378511266557, 3: -0.019178971655152113, 4: -0.06276206712880412, 5: -0.013016172503210114, 6: -0.023023275759376256, 7: -0.5944951195708512, 8: 0.037593555158887126, 9: -0.0451870082850013, 10: 0.0006579600277664141, 11: -0.001870137611629768, 12: 0.0076070366641555285, 13: -0.08073280545835942}
  time: 0.11

inst: 70
  explaining: A1 = 0.0 AND A2 = 41.17 AND A3 = 6.5 AND A4 = 2.0 AND A5 = 11.0 AND A6 = 4.0 AND A7 = 0.5 AND A8 = 1.0 AND A9 = 1.0 AND A10 = 3.0 AND A11 = 1.0 AND A12 = 2.0 AND A13 = 145.0 AND A14 = 1.0
  expl: [0, 1, 2, 3, 4, 5, 6, 7, 8, 9, 10, 11, 12, 13]
  lit2imprt: {0: -0.0031838883998994935, 1: -0.0040947265735291885, 2: 0.043948495652223314, 3: -0.019191061536847503, 4: -0.053987054167582996, 5: -0.013538844530509535, 6: -0.020031029264387695, 7: -0.6003754010549178, 8: -0.04649792964830531, 9: -0.0465745249032172, 10: 0.0047558011344720295, 11: -0.005425756605761691, 12: 0.0079599716362613, 13: -0.07728933420926574}
  time: 0.10

inst: 71
  explaining: A1 = 1.0 AND A2 = 24.33 AND A3 = 6.625 AND A4 = 1.0 AND A5 = 2.0 AND A6 = 4.0 AND A7 = 5.5 AND A8 = 1.0 AND A9 = 0.0 AND A10 = 0.0 AND A11 = 1.0 AND A12 = 1.0 AND A13 = 100.0 AND A14 = 1.0
  expl: [0, 1, 2, 3, 4, 5, 6, 7, 8, 9, 10, 11, 12, 13]
  lit2imprt: {0: 0.0049816183015450955, 1: -0.00661616879223285, 2: 0.037481201227068876, 3: -0.024884558961211188, 4: -0.05597311697875578, 5: -0.014633322369470094, 6: -0.014219859298437273, 7: -0.6044470790211272, 8: 0.047159130816379284, 9: -0.042471878779017064, 10: -0.0047407052487701854, 11: 0.0006964023303802865, 12: 0.011070030106824634, 13: -0.07419632484881229}
  time: 0.10

inst: 72
  explaining: A1 = 1.0 AND A2 = 31.25 AND A3 = 1.125 AND A4 = 2.0 AND A5 = 1.0 AND A6 = 1.0 AND A7 = 0.0 AND A8 = 0.0 AND A9 = 1.0 AND A10 = 1.0 AND A11 = 0.0 AND A12 = 2.0 AND A13 = 96.0 AND A14 = 20.0
  expl: [0, 1, 2, 3, 4, 5, 6, 7, 8, 9, 10, 11, 12, 13]
  lit2imprt: {0: 5.6885802369401784e-05, 1: -0.011431122781981688, 2: 0.045124543440396486, 3: -0.0162089557843751, 4: -0.05766260842578003, 5: -0.021626794149548965, 6: -0.025612128004835907, 7: 0.6056889617045494, 8: -0.05319655547744152, 9: -0.03990673831322567, 10: 0.012120686210559214, 11: -0.0021330240135693395, 12: 0.005789807825398324, 13: -0.07498578507067774}
  time: 0.10

inst: 73
  explaining: A1 = 1.0 AND A2 = 39.92 AND A3 = 6.21 AND A4 = 2.0 AND A5 = 11.0 AND A6 = 4.0 AND A7 = 0.04 AND A8 = 1.0 AND A9 = 1.0 AND A10 = 1.0 AND A11 = 0.0 AND A12 = 2.0 AND A13 = 200.0 AND A14 = 301.0
  expl: [0, 1, 2, 3, 4, 5, 6, 7, 8, 9, 10, 11, 12, 13]
  lit2imprt: {0: 0.0015594174555352371, 1: 0.0028042635358103956, 2: -0.04938592632617189, 3: 0.02105538901624502, 4: 0.0531668421736811, 5: 0.016094396234954306, 6: 0.019678999655352716, 7: 0.6041443466477078, 8: 0.046611108703741806, 9: 0.03984110754918851, 10: 0.004793471286542499, 11: 0.005041089408088357, 12: -0.008193475427202892, 13: 0.07204996682116967}
  time: 0.09

inst: 74
  explaining: A1 = 1.0 AND A2 = 25.5 AND A3 = 0.375 AND A4 = 2.0 AND A5 = 7.0 AND A6 = 4.0 AND A7 = 0.25 AND A8 = 1.0 AND A9 = 1.0 AND A10 = 3.0 AND A11 = 0.0 AND A12 = 2.0 AND A13 = 260.0 AND A14 = 15109.0
  expl: [0, 1, 2, 3, 4, 5, 6, 7, 8, 9, 10, 11, 12, 13]
  lit2imprt: {0: 0.0022587324640622243, 1: 0.010803344574399614, 2: -0.04234592804469389, 3: 0.01596714831289123, 4: 0.05173696477734902, 5: 0.014843956291176765, 6: 0.019834819593468733, 7: 0.6239839287606341, 8: 0.04210769555604376, 9: 0.036595732467925704, 10: -0.002544061440430024, 11: 0.002243312864200132, 12: 0.0008255610701721429, 13: 0.06879821549759191}
  time: 0.11

inst: 75
  explaining: A1 = 0.0 AND A2 = 26.58 AND A3 = 2.54 AND A4 = 1.0 AND A5 = 1.0 AND A6 = 1.0 AND A7 = 0.0 AND A8 = 0.0 AND A9 = 0.0 AND A10 = 0.0 AND A11 = 1.0 AND A12 = 2.0 AND A13 = 180.0 AND A14 = 61.0
  expl: [0, 1, 2, 3, 4, 5, 6, 7, 8, 9, 10, 11, 12, 13]
  lit2imprt: {0: 0.006065301527273362, 1: -0.008760870070311014, 2: 0.04770565185800187, 3: -0.02362027995995996, 4: -0.05352032086542769, 5: -0.010324904137692274, 6: -0.016115414218684523, 7: 0.5865453156450602, 8: 0.043385337899666726, 9: -0.04734634350580305, 10: 0.0006272345391876785, 11: -0.0036152175557217416, 12: 0.009073850631826407, 13: -0.07911685599595447}
  time: 0.11

inst: 76
  explaining: A1 = 0.0 AND A2 = 28.5 AND A3 = 1.0 AND A4 = 2.0 AND A5 = 11.0 AND A6 = 4.0 AND A7 = 1.0 AND A8 = 1.0 AND A9 = 1.0 AND A10 = 2.0 AND A11 = 1.0 AND A12 = 2.0 AND A13 = 167.0 AND A14 = 501.0
  expl: [0, 1, 2, 3, 4, 5, 6, 7, 8, 9, 10, 11, 12, 13]
  lit2imprt: {0: -0.009337668906132171, 1: 0.00992574646440447, 2: -0.05139252192152529, 3: 0.019267897349624242, 4: 0.0642485252127925, 5: 0.018057571848673258, 6: 0.015923261022687263, 7: 0.5941428327299108, 8: 0.03998184162156871, 9: 0.04216005502390258, 10: 0.0004170241567953289, 11: 0.00877358821689383, 12: -0.009110410265641763, 13: 0.07767439306663265}
  time: 0.09

inst: 77
  explaining: A1 = 1.0 AND A2 = 26.17 AND A3 = 12.5 AND A4 = 1.0 AND A5 = 4.0 AND A6 = 8.0 AND A7 = 1.25 AND A8 = 0.0 AND A9 = 0.0 AND A10 = 0.0 AND A11 = 1.0 AND A12 = 2.0 AND A13 = 0.0 AND A14 = 18.0
  expl: [0, 1, 2, 3, 4, 5, 6, 7, 8, 9, 10, 11, 12, 13]
  lit2imprt: {0: 0.012712706549787898, 1: -0.0021454104964070825, 2: 0.03779500376310341, 3: -0.022000774264514904, 4: -0.04991355230140474, 5: -0.014744680879010146, 6: -0.016704929142043683, 7: 0.624195998264164, 8: 0.04175475889974791, 9: -0.042177459527089484, 10: -0.005524950608148424, 11: -0.0018720856721485039, 12: 0.012392014500475147, 13: -0.07226934027784138}
  time: 0.10

inst: 78
  explaining: A1 = 0.0 AND A2 = 25.25 AND A3 = 12.5 AND A4 = 2.0 AND A5 = 2.0 AND A6 = 4.0 AND A7 = 1.0 AND A8 = 0.0 AND A9 = 0.0 AND A10 = 0.0 AND A11 = 1.0 AND A12 = 2.0 AND A13 = 180.0 AND A14 = 1063.0
  expl: [0, 1, 2, 3, 4, 5, 6, 7, 8, 9, 10, 11, 12, 13]
  lit2imprt: {0: 0.005337352189882002, 1: -0.008164494139621524, 2: 0.03265661793634501, 3: -0.022484861098827413, 4: -0.05601103805635068, 5: -0.018030365546781828, 6: -0.017470145391040342, 7: 0.6075157911405696, 8: 0.04752658205383971, 9: -0.043687594039408924, 10: -0.0003827143372141425, 11: -0.003593174158777332, 12: 0.006237442508136407, 13: -0.07980216481926959}
  time: 0.10

inst: 79
  explaining: A1 = 1.0 AND A2 = 41.33 AND A3 = 0.0 AND A4 = 2.0 AND A5 = 8.0 AND A6 = 5.0 AND A7 = 15.0 AND A8 = 1.0 AND A9 = 0.0 AND A10 = 0.0 AND A11 = 0.0 AND A12 = 2.0 AND A13 = 0.0 AND A14 = 1.0
  expl: [0, 1, 2, 3, 4, 5, 6, 7, 8, 9, 10, 11, 12, 13]
  lit2imprt: {0: 0.005667673490829565, 1: 0.005872080978266249, 2: -0.05344860422190958, 3: 0.020351301468403485, 4: 0.06326114740369046, 5: 0.01889067441098464, 6: 0.018965532071038137, 7: 0.5736415811607419, 8: -0.04824443147980592, 9: 0.04708920547018913, 10: 0.0020849797767270033, 11: 0.003505213145226671, 12: -0.011349112947468458, 13: 0.06796499529250984}
  time: 0.10

inst: 80
  explaining: A1 = 0.0 AND A2 = 20.83 AND A3 = 0.5 AND A4 = 1.0 AND A5 = 10.0 AND A6 = 2.0 AND A7 = 1.0 AND A8 = 0.0 AND A9 = 0.0 AND A10 = 0.0 AND A11 = 0.0 AND A12 = 2.0 AND A13 = 260.0 AND A14 = 1.0
  expl: [0, 1, 2, 3, 4, 5, 6, 7, 8, 9, 10, 11, 12, 13]
  lit2imprt: {0: 0.017625261790196165, 1: -0.004500324317285879, 2: 0.05046087962775965, 3: -0.020772003800804396, 4: -0.0659512062770414, 5: -0.013748022903636352, 6: -0.01795678958894939, 7: 0.5817918324249459, 8: 0.04625766738164457, 9: -0.04165133603723886, 10: -0.017068909481832876, 11: -0.005616434041666494, 12: 0.0023061722202287636, 13: -0.07902923885542362}
  time: 0.10

inst: 81
  explaining: A1 = 1.0 AND A2 = 21.17 AND A3 = 0.0 AND A4 = 2.0 AND A5 = 8.0 AND A6 = 4.0 AND A7 = 0.5 AND A8 = 0.0 AND A9 = 0.0 AND A10 = 0.0 AND A11 = 1.0 AND A12 = 1.0 AND A13 = 0.0 AND A14 = 1.0
  expl: [0, 1, 2, 3, 4, 5, 6, 7, 8, 9, 10, 11, 12, 13]
  lit2imprt: {0: 0.00827844475209778, 1: 0.005444025034627381, 2: -0.05022586319614981, 3: 0.02161989433847623, 4: 0.06148786919917689, 5: 0.010217271744123796, 6: 0.017656309185295725, 7: -0.6011630718175458, 8: -0.047662959254751294, 9: 0.038037657415874976, 10: -0.008378582921090703, 11: 0.005774236481209427, 12: -0.015815797447402663, 13: 0.0728170286057367}
  time: 0.10

inst: 82
  explaining: A1 = 1.0 AND A2 = 34.42 AND A3 = 1.335 AND A4 = 2.0 AND A5 = 3.0 AND A6 = 5.0 AND A7 = 0.125 AND A8 = 0.0 AND A9 = 0.0 AND A10 = 0.0 AND A11 = 1.0 AND A12 = 2.0 AND A13 = 440.0 AND A14 = 4501.0
  expl: [0, 1, 2, 3, 4, 5, 6, 7, 8, 9, 10, 11, 12, 13]
  lit2imprt: {0: -0.010834371167894052, 1: -0.012974758111881566, 2: 0.047270815333067706, 3: -0.015733032438607398, 4: -0.06076508302013827, 5: -0.017417241013457298, 6: -0.024088167001441316, 7: 0.5931163975067536, 8: 0.045850629557658985, 9: -0.04206907708815563, 10: -0.0015224444761392183, 11: -0.0008187325394903334, 12: -0.002171664557493173, 13: -0.07841109347969155}
  time: 0.09

inst: 83
  explaining: A1 = 0.0 AND A2 = 21.75 AND A3 = 11.75 AND A4 = 2.0 AND A5 = 8.0 AND A6 = 4.0 AND A7 = 0.25 AND A8 = 0.0 AND A9 = 0.0 AND A10 = 0.0 AND A11 = 1.0 AND A12 = 2.0 AND A13 = 180.0 AND A14 = 1.0
  expl: [0, 1, 2, 3, 4, 5, 6, 7, 8, 9, 10, 11, 12, 13]
  lit2imprt: {0: -0.0022537473416159074, 1: -0.009557522126927797, 2: 0.03701941774330728, 3: -0.021737802113247086, 4: -0.05508979633246814, 5: -0.009856325038562387, 6: -0.019812144726950306, 7: 0.6049813213157732, 8: 0.04128374545345289, 9: -0.037516876730142784, 10: 0.011613141893121464, 11: -0.0033788010666613486, 12: 0.009771340754721173, 13: -0.07682496827371875}
  time: 0.09

inst: 84
  explaining: A1 = 1.0 AND A2 = 27.67 AND A3 = 2.0 AND A4 = 2.0 AND A5 = 14.0 AND A6 = 8.0 AND A7 = 1.0 AND A8 = 1.0 AND A9 = 1.0 AND A10 = 4.0 AND A11 = 0.0 AND A12 = 2.0 AND A13 = 140.0 AND A14 = 7545.0
  expl: [0, 1, 2, 3, 4, 5, 6, 7, 8, 9, 10, 11, 12, 13]
  lit2imprt: {0: 0.008148307514364501, 1: 0.009046147384885793, 2: -0.04547708562843821, 3: 0.023218860096725233, 4: 0.058995398515026234, 5: 0.01477143667708689, 6: 0.01781302935016813, 7: 0.6056381750518379, 8: 0.034618627422864263, 9: 0.03588638585091349, 10: -0.003463839316645653, 11: 0.007416568234255741, 12: -0.0028635370308917616, 13: 0.06683562686868609}
  time: 0.10

inst: 85
  explaining: A1 = 1.0 AND A2 = 32.67 AND A3 = 9.0 AND A4 = 1.0 AND A5 = 9.0 AND A6 = 8.0 AND A7 = 5.25 AND A8 = 1.0 AND A9 = 0.0 AND A10 = 0.0 AND A11 = 1.0 AND A12 = 2.0 AND A13 = 154.0 AND A14 = 1.0
  expl: [0, 1, 2, 3, 4, 5, 6, 7, 8, 9, 10, 11, 12, 13]
  lit2imprt: {0: -0.0028736682191659126, 1: -0.004716384845776508, 2: 0.042556161000282054, 3: -0.02735125473271307, 4: -0.05690720564616822, 5: -0.012413419674685485, 6: -0.020681664056100276, 7: -0.603646523185822, 8: 0.04795092827952861, 9: -0.047006739503557896, 10: 0.006125209170491464, 11: -0.0007918600793013926, 12: 0.00555128401782634, 13: -0.07479212035310845}
  time: 0.11

inst: 86
  explaining: A1 = 1.0 AND A2 = 17.08 AND A3 = 0.25 AND A4 = 2.0 AND A5 = 11.0 AND A6 = 4.0 AND A7 = 0.335 AND A8 = 0.0 AND A9 = 1.0 AND A10 = 4.0 AND A11 = 0.0 AND A12 = 2.0 AND A13 = 160.0 AND A14 = 9.0
  expl: [0, 1, 2, 3, 4, 5, 6, 7, 8, 9, 10, 11, 12, 13]
  lit2imprt: {0: 0.006864778908651985, 1: -0.011714448099571671, 2: 0.05422441192075812, 3: -0.017800173355069792, 4: -0.06481731835576733, 5: -0.018190907765021275, 6: -0.019511019265292324, 7: 0.5931067001604848, 8: -0.053790771027315123, 9: -0.04203891446421077, 10: -0.0025100541967040127, 11: -0.005471598424918494, 12: 0.003938614188002264, 13: -0.0711126923831329}
  time: 0.11

inst: 87
  explaining: A1 = 0.0 AND A2 = 25.08 AND A3 = 2.54 AND A4 = 1.0 AND A5 = 6.0 AND A6 = 4.0 AND A7 = 0.25 AND A8 = 1.0 AND A9 = 0.0 AND A10 = 0.0 AND A11 = 1.0 AND A12 = 2.0 AND A13 = 370.0 AND A14 = 1.0
  expl: [0, 1, 2, 3, 4, 5, 6, 7, 8, 9, 10, 11, 12, 13]
  lit2imprt: {0: 0.01457337135853471, 1: -0.008100008655392362, 2: 0.04979539307382112, 3: -0.024144257299132176, 4: -0.060452242694302986, 5: -0.012868980781196356, 6: -0.017319870571774667, 7: -0.5790659555710005, 8: 0.04364264039259585, 9: -0.044872389323765687, 10: 0.002429155584515136, 11: 0.0014995362881213856, 12: 0.0032280146508258094, 13: -0.08593130189870674}
  time: 0.09

inst: 88
  explaining: A1 = 0.0 AND A2 = 16.33 AND A3 = 0.21 AND A4 = 2.0 AND A5 = 6.0 AND A6 = 4.0 AND A7 = 0.125 AND A8 = 0.0 AND A9 = 0.0 AND A10 = 0.0 AND A11 = 0.0 AND A12 = 2.0 AND A13 = 200.0 AND A14 = 2.0
  expl: [0, 1, 2, 3, 4, 5, 6, 7, 8, 9, 10, 11, 12, 13]
  lit2imprt: {0: -0.006103238389735842, 1: -0.014437456697722837, 2: 0.04567525312431649, 3: -0.02206642745214142, 4: -0.06452259476980886, 5: -0.0185767817974159, 6: -0.013882644759006451, 7: 0.596669296355593, 8: 0.04332717825866638, 9: -0.041224419751257756, 10: -0.00724581743524819, 11: 0.0020460451974570045, 12: 0.010956884199255024, 13: -0.07789968095056744}
  time: 0.09

inst: 89
  explaining: A1 = 1.0 AND A2 = 25.58 AND A3 = 0.335 AND A4 = 2.0 AND A5 = 4.0 AND A6 = 8.0 AND A7 = 3.5 AND A8 = 0.0 AND A9 = 0.0 AND A10 = 0.0 AND A11 = 1.0 AND A12 = 2.0 AND A13 = 340.0 AND A14 = 1.0
  expl: [0, 1, 2, 3, 4, 5, 6, 7, 8, 9, 10, 11, 12, 13]
  lit2imprt: {0: -0.004907333377880312, 1: -0.007682122009527376, 2: 0.04955277619667708, 3: -0.016236075827138423, 4: -0.06322893270223288, 5: -0.011919245209840631, 6: -0.020126441162982872, 7: 0.5772658727687702, 8: 0.053802023700625756, 9: -0.047469185271031056, 10: -0.0008960900795244649, 11: -0.0048700316598956, 12: 0.009203746380584077, 13: -0.07860882957392855}
  time: 0.10

inst: 90
  explaining: A1 = 1.0 AND A2 = 28.0 AND A3 = 2.0 AND A4 = 2.0 AND A5 = 4.0 AND A6 = 8.0 AND A7 = 4.165 AND A8 = 1.0 AND A9 = 1.0 AND A10 = 2.0 AND A11 = 1.0 AND A12 = 2.0 AND A13 = 181.0 AND A14 = 1.0
  expl: [0, 1, 2, 3, 4, 5, 6, 7, 8, 9, 10, 11, 12, 13]
  lit2imprt: {0: 0.00620245041992093, 1: 0.0016158213950056076, 2: -0.044119437278234544, 3: 0.01901535941062825, 4: 0.05888026638096099, 5: 0.016896994507632854, 6: 0.020084024812443597, 7: 0.5993527427981817, 8: 0.04511247020468059, 9: 0.0435354464336339, 10: 0.011506395764767635, 11: 0.003297425873717914, 12: -0.008241021865808334, 13: 0.07614640535372699}
  time: 0.11

inst: 91
  explaining: A1 = 1.0 AND A2 = 25.0 AND A3 = 12.5 AND A4 = 2.0 AND A5 = 6.0 AND A6 = 4.0 AND A7 = 3.0 AND A8 = 1.0 AND A9 = 0.0 AND A10 = 0.0 AND A11 = 1.0 AND A12 = 1.0 AND A13 = 20.0 AND A14 = 1.0
  expl: [0, 1, 2, 3, 4, 5, 6, 7, 8, 9, 10, 11, 12, 13]
  lit2imprt: {0: -0.005168714018642489, 1: -0.0026028712855011016, 2: -0.033091696301819865, 3: 0.02063356019078771, 4: 0.055326352243710956, 5: 0.01312256935128981, 6: 0.019703723447739598, 7: 0.6246947893216673, 8: -0.047399879224132455, 9: 0.04445263365531571, 10: -0.006244120367546208, 11: 0.004614072070738071, 12: -0.015732626675083208, 13: 0.07515767524616634}
  time: 0.10

inst: 92
  explaining: A1 = 1.0 AND A2 = 22.83 AND A3 = 3.0 AND A4 = 2.0 AND A5 = 7.0 AND A6 = 4.0 AND A7 = 1.29 AND A8 = 1.0 AND A9 = 1.0 AND A10 = 1.0 AND A11 = 0.0 AND A12 = 2.0 AND A13 = 260.0 AND A14 = 801.0
  expl: [0, 1, 2, 3, 4, 5, 6, 7, 8, 9, 10, 11, 12, 13]
  lit2imprt: {0: -0.0031801804667866375, 1: 0.005243790651825263, 2: -0.04229309968462541, 3: 0.01931962460607169, 4: 0.06027880611323116, 5: 0.013500723060916117, 6: 0.018673654116127262, 7: 0.596549108285855, 8: 0.04757775598040409, 9: 0.0404313465127804, 10: -0.001974217822030232, 11: 0.0048589781170587185, 12: -0.00833528660640927, 13: 0.07809939761916898}
  time: 0.10

inst: 93
  explaining: A1 = 1.0 AND A2 = 23.08 AND A3 = 11.5 AND A4 = 2.0 AND A5 = 9.0 AND A6 = 8.0 AND A7 = 2.125 AND A8 = 1.0 AND A9 = 1.0 AND A10 = 11.0 AND A11 = 1.0 AND A12 = 2.0 AND A13 = 290.0 AND A14 = 285.0
  expl: [0, 1, 2, 3, 4, 5, 6, 7, 8, 9, 10, 11, 12, 13]
  lit2imprt: {0: 0.002730455500859172, 1: 0.006962551501982613, 2: -0.027917990849429142, 3: 0.018391149032136792, 4: 0.05094378327948537, 5: 0.014585300002095125, 6: 0.022822694761899753, 7: 0.6215917338034099, 8: 0.04618354442036488, 9: 0.04584822668830147, 10: -0.003919499180593076, 11: 0.0010641700638920938, 12: -0.005744770327187229, 13: 0.07619700538734123}
  time: 0.11

inst: 94
  explaining: A1 = 1.0 AND A2 = 34.08 AND A3 = 2.5 AND A4 = 2.0 AND A5 = 8.0 AND A6 = 4.0 AND A7 = 1.0 AND A8 = 0.0 AND A9 = 0.0 AND A10 = 0.0 AND A11 = 0.0 AND A12 = 2.0 AND A13 = 460.0 AND A14 = 17.0
  expl: [0, 1, 2, 3, 4, 5, 6, 7, 8, 9, 10, 11, 12, 13]
  lit2imprt: {0: -0.005820344560054686, 1: -0.006842299115395854, 2: 0.04627301735737871, 3: -0.016739999608250202, 4: -0.055519865622065824, 5: -0.0186945421911947, 6: -0.011499677588998945, 7: 0.5937076465291257, 8: 0.04610410599609681, 9: -0.0458647453104663, 10: -0.003082193044280392, 11: -0.005288327924176696, 12: 0.00529355019876778, 13: -0.0770663033878707}
  time: 0.10

inst: 95
  explaining: A1 = 1.0 AND A2 = 27.67 AND A3 = 13.75 AND A4 = 2.0 AND A5 = 9.0 AND A6 = 4.0 AND A7 = 5.75 AND A8 = 1.0 AND A9 = 0.0 AND A10 = 0.0 AND A11 = 1.0 AND A12 = 2.0 AND A13 = 487.0 AND A14 = 501.0
  expl: [0, 1, 2, 3, 4, 5, 6, 7, 8, 9, 10, 11, 12, 13]
  lit2imprt: {0: 0.005029688083157256, 1: 0.009588841088857134, 2: -0.035085688453533624, 3: 0.019025332574122623, 4: 0.05328531202915154, 5: 0.01422833257332197, 6: 0.01529786168017031, 7: 0.6060535284435253, 8: -0.04218737523909632, 9: 0.051142248377631885, 10: -0.0014537607914041752, 11: 0.005780334470118683, 12: -0.0023422115487453203, 13: 0.08168407107721797}
  time: 0.10

inst: 96
  explaining: A1 = 1.0 AND A2 = 30.83 AND A3 = 0.0 AND A4 = 2.0 AND A5 = 9.0 AND A6 = 4.0 AND A7 = 1.25 AND A8 = 1.0 AND A9 = 1.0 AND A10 = 1.0 AND A11 = 0.0 AND A12 = 2.0 AND A13 = 202.0 AND A14 = 1.0
  expl: [0, 1, 2, 3, 4, 5, 6, 7, 8, 9, 10, 11, 12, 13]
  lit2imprt: {0: -0.011100275834774284, 1: 0.011059187735929872, 2: -0.05365342321027853, 3: 0.02085424285346601, 4: 0.06299694449221299, 5: 0.011172507238170905, 6: 0.018723401533252214, 7: 0.5868772131742384, 8: 0.05619923297228898, 9: 0.04284413257306965, 10: -0.01210359817716485, 11: 0.0008417440190636833, 12: -0.004834086177614047, 13: 0.07280058157984498}
  time: 0.11

inst: 97
  explaining: A1 = 1.0 AND A2 = 31.57 AND A3 = 3.0 AND A4 = 1.0 AND A5 = 3.0 AND A6 = 5.0 AND A7 = 7.0 AND A8 = 0.0 AND A9 = 0.0 AND A10 = 0.0 AND A11 = 0.0 AND A12 = 2.0 AND A13 = 0.0 AND A14 = 2.0
  expl: [0, 1, 2, 3, 4, 5, 6, 7, 8, 9, 10, 11, 12, 13]
  lit2imprt: {0: -0.007789916487919124, 1: -0.010016246522512203, 2: 0.04165169397166822, 3: -0.02401808294397498, 4: -0.0535910157592639, 5: -0.017069303888362322, 6: -0.016171613938857254, 7: 0.5921144925112987, 8: 0.04055008561661439, 9: -0.04580858127878756, 10: -0.0014292746876927017, 11: -0.001728106155881049, 12: 0.0046973920225682406, 13: -0.07579261717328745}
  time: 0.11

inst: 98
  explaining: A1 = 1.0 AND A2 = 22.25 AND A3 = 0.46 AND A4 = 2.0 AND A5 = 4.0 AND A6 = 4.0 AND A7 = 0.125 AND A8 = 0.0 AND A9 = 0.0 AND A10 = 0.0 AND A11 = 1.0 AND A12 = 2.0 AND A13 = 280.0 AND A14 = 56.0
  expl: [0, 1, 2, 3, 4, 5, 6, 7, 8, 9, 10, 11, 12, 13]
  lit2imprt: {0: 0.0015532568553172285, 1: -0.008413005305212017, 2: 0.05017013701862749, 3: -0.01994505327439068, 4: -0.0589034912695012, 5: -0.016433051154336388, 6: -0.019333091215795708, 7: 0.587189256975396, 8: 0.03906702753669163, 9: -0.0417797028205742, 10: -0.005353748693219486, 11: -0.0020427742775155295, 12: 0.0024567663446459155, 13: -0.07083329297767481}
  time: 0.11

inst: 99
  explaining: A1 = 0.0 AND A2 = 41.33 AND A3 = 1.0 AND A4 = 2.0 AND A5 = 3.0 AND A6 = 5.0 AND A7 = 2.25 AND A8 = 1.0 AND A9 = 0.0 AND A10 = 0.0 AND A11 = 1.0 AND A12 = 2.0 AND A13 = 0.0 AND A14 = 301.0
  expl: [0, 1, 2, 3, 4, 5, 6, 7, 8, 9, 10, 11, 12, 13]
  lit2imprt: {0: -0.006278802094874842, 1: 0.009278318102613647, 2: -0.047180144475771464, 3: 0.016687838207589643, 4: 0.056786739168470844, 5: 0.018548081045066004, 6: 0.019322893637538113, 7: 0.6009326375795919, 8: -0.04597849197600047, 9: 0.039491215985350915, 10: -0.006444803218321987, 11: 0.0016246306880816478, 12: -0.0060054142617766045, 13: 0.07085455848776198}
  time: 0.10
