loading model from  ./temp/hungarian/hungarian_train1_data/hungarian_train1_data_nbestim_25_maxdepth_3_testsplit_0.0.mod.pkl
loading data from  ./temp/hungarian/hungarian_train1_data/hungarian_train1_data_nbestim_25_maxdepth_3_testsplit_0.0.mod.pkl.splitdata.pkl

inst: 0
  explaining: age = 46.0 AND sex = 1.0 AND cp = 4.0 AND trestbps = 4.0 AND chol = 65.0 AND fbs = 0.0 AND restecg = 1.0 AND thalach = 30.0 AND exang = 0.0 AND oldpeak = 0.0 AND slope = 3.0 AND ca = 1.0 AND thal = 0.0
  expl: [0, 1, 2, 3, 4, 5, 6, 7, 8, 9, 10, 11, 12]
  lit2imprt: {0: 0.015800520248657576, 1: 0.08509471220935225, 2: 0.08111875216226813, 3: -0.011755069624696121, 4: 0.007885494292624171, 5: 0.022703186641010675, 6: -0.009552601783383312, 7: 0.014624607264090688, 8: 0.09283889596970278, 9: 0.10729316764009436, 10: 0.013489790622959422, 11: -0.009670346393034846, 12: -0.02602365832227891}
  time: 0.10

inst: 1
  explaining: age = 54.0 AND sex = 1.0 AND cp = 2.0 AND trestbps = 4.0 AND chol = 37.0 AND fbs = 0.0 AND restecg = 0.0 AND thalach = 31.0 AND exang = 0.0 AND oldpeak = 0.0 AND slope = 3.0 AND ca = 1.0 AND thal = 3.0
  expl: [0, 1, 2, 3, 4, 5, 6, 7, 8, 9, 10, 11, 12]
  lit2imprt: {0: -0.0107506743495841, 1: -0.08305330136430242, 2: -0.059202316570178604, 3: 0.0068734669576191185, 4: -0.020203311651326338, 5: -0.027206066056117344, 6: 0.007096829486304289, 7: -0.015336180666006491, 8: -0.0940248839342503, 9: -0.10471939018072374, 10: -0.010773234518081307, 11: -0.03588457504291402, 12: 0.020377631933130032}
  time: 0.07

inst: 2
  explaining: age = 47.0 AND sex = 1.0 AND cp = 2.0 AND trestbps = 24.0 AND chol = 83.0 AND fbs = 0.0 AND restecg = 0.0 AND thalach = 53.0 AND exang = 0.0 AND oldpeak = 0.0 AND slope = 3.0 AND ca = 1.0 AND thal = 3.0
  expl: [0, 1, 2, 3, 4, 5, 6, 7, 8, 9, 10, 11, 12]
  lit2imprt: {0: -0.01935984002437603, 1: -0.07476219488076791, 2: -0.06212192984305084, 3: -0.00595375166660392, 4: -0.014891956409297687, 5: -0.023257253035772155, 6: 0.004353979124417922, 7: -0.02015725981180653, 8: -0.08896174154927854, 9: -0.1333698219314081, 10: -0.011804214487722443, 11: 0.007479746727711278, 12: 0.022351356168003954}
  time: 0.06

inst: 3
  explaining: age = 51.0 AND sex = 1.0 AND cp = 4.0 AND trestbps = 14.0 AND chol = 17.0 AND fbs = 0.0 AND restecg = 0.0 AND thalach = 0.0 AND exang = 0.0 AND oldpeak = 0.0 AND slope = 3.0 AND ca = 1.0 AND thal = 2.0
  expl: [0, 1, 2, 3, 4, 5, 6, 7, 8, 9, 10, 11, 12]
  lit2imprt: {0: -0.01825697770423381, 1: -0.09326164252660052, 2: -0.07881158518548367, 3: 0.015401282340549317, 4: -0.02287951382445763, 5: -0.02342771516922315, 6: 0.0018541256356906534, 7: -0.013155351687851122, 8: -0.08999543860412006, 9: -0.11382344247971082, 10: -0.009719181915390939, 11: 0.039165891460530136, 12: 0.019080577966117028}
  time: 0.07

inst: 4
  explaining: age = 50.0 AND sex = 1.0 AND cp = 4.0 AND trestbps = 14.0 AND chol = 61.0 AND fbs = 0.0 AND restecg = 0.0 AND thalach = 14.0 AND exang = 1.0 AND oldpeak = 2.0 AND slope = 1.0 AND ca = 1.0 AND thal = 2.0
  expl: [0, 1, 2, 3, 4, 5, 6, 7, 8, 9, 10, 11, 12]
  lit2imprt: {0: 0.009250032634700525, 1: 0.11030871327584128, 2: 0.07635943525270411, 3: 0.001956968577974993, 4: 0.019233511854244528, 5: 0.019071904395066275, 6: -0.010917420171253956, 7: 0.014730478201182288, 8: 0.0987375294716805, 9: 0.12494824787335401, 10: 0.022892889557039144, 11: -0.012297015206983147, 12: -0.023680054483061246}
  time: 0.07

inst: 5
  explaining: age = 62.0 AND sex = 0.0 AND cp = 1.0 AND trestbps = 24.0 AND chol = 25.0 AND fbs = 0.0 AND restecg = 0.0 AND thalach = 10.0 AND exang = 0.0 AND oldpeak = 0.0 AND slope = 3.0 AND ca = 1.0 AND thal = 3.0
  expl: [0, 1, 2, 3, 4, 5, 6, 7, 8, 9, 10, 11, 12]
  lit2imprt: {0: -0.019464395503691317, 1: 0.0762024688622381, 2: -0.030748846173205616, 3: -0.004956533769710476, 4: -0.023320470871712774, 5: -0.023372037099340028, 6: -0.00019810706759133535, 7: -0.011132932672321346, 8: -0.08933211797670679, 9: -0.1238743612659003, 10: -0.01504912241891158, 11: 0.041396846515929175, 12: 0.019488144438022995}
  time: 0.06

inst: 6
  explaining: age = 52.0 AND sex = 0.0 AND cp = 2.0 AND trestbps = 9.0 AND chol = 39.0 AND fbs = 0.0 AND restecg = 0.0 AND thalach = 36.0 AND exang = 0.0 AND oldpeak = 0.0 AND slope = 3.0 AND ca = 1.0 AND thal = 3.0
  expl: [0, 1, 2, 3, 4, 5, 6, 7, 8, 9, 10, 11, 12]
  lit2imprt: {0: -0.014114828760535577, 1: 0.0811743101203536, 2: -0.05406633598337441, 3: 0.008760671704861674, 4: -0.014808920559544672, 5: -0.02278889762849984, 6: 0.006899403099590605, 7: -0.02439080881541237, 8: -0.0883686057134359, 9: -0.10900474694783727, 10: -0.010754702306343018, 11: 0.03614757092182424, 12: 0.023798958710451987}
  time: 0.06

inst: 7
  explaining: age = 39.0 AND sex = 1.0 AND cp = 3.0 AND trestbps = 24.0 AND chol = 4.0 AND fbs = 1.0 AND restecg = 0.0 AND thalach = 44.0 AND exang = 0.0 AND oldpeak = 0.0 AND slope = 3.0 AND ca = 1.0 AND thal = 3.0
  expl: [0, 1, 2, 3, 4, 5, 6, 7, 8, 9, 10, 11, 12]
  lit2imprt: {0: -0.011862052031481909, 1: -0.08457545836118184, 2: -0.07088714325977531, 3: 0.004791249501004179, 4: -0.01679452401976268, 5: -0.03986730421436194, 6: 0.002216306243063034, 7: -0.024986843526343852, 8: -0.08912623193909767, 9: -0.12392239616360703, 10: -0.0046942668448253875, 11: -0.003003982208977064, 12: 0.013583950028665574}
  time: 0.08

inst: 8
  explaining: age = 54.0 AND sex = 0.0 AND cp = 2.0 AND trestbps = 9.0 AND chol = 59.0 AND fbs = 1.0 AND restecg = 0.0 AND thalach = 30.0 AND exang = 0.0 AND oldpeak = 0.0 AND slope = 3.0 AND ca = 1.0 AND thal = 3.0
  expl: [0, 1, 2, 3, 4, 5, 6, 7, 8, 9, 10, 11, 12]
  lit2imprt: {0: -0.01245477552155109, 1: 0.08504144453994532, 2: -0.0589048007152127, 3: 0.001470185087286448, 4: -0.013020284872324832, 5: -0.042645933208983154, 6: 0.0050944946154222225, 7: -0.02501716795674947, 8: -0.08996660165715528, 9: -0.10533874939279543, 10: -0.014036868592945232, 11: 0.0041954535325516955, 12: 0.01986576649410511}
  time: 0.06

inst: 9
  explaining: age = 59.0 AND sex = 1.0 AND cp = 4.0 AND trestbps = 19.0 AND chol = 84.0 AND fbs = 1.0 AND restecg = 2.0 AND thalach = 12.0 AND exang = 1.0 AND oldpeak = 0.0 AND slope = 3.0 AND ca = 1.0 AND thal = 3.0
  expl: [0, 1, 2, 3, 4, 5, 6, 7, 8, 9, 10, 11, 12]
  lit2imprt: {0: -0.018851483196099146, 1: -0.0876502796188526, 2: -0.07750461739670765, 3: 0.004911884410156382, 4: -0.015409748769070787, 5: -0.025853638104397413, 6: 0.004960174845630462, 7: -0.023699315557253353, 8: -0.10167439044002571, 9: -0.12183587962563963, 10: -0.007942658103117882, 11: 0.01787199074434109, 12: 0.024517999345876215}
  time: 0.06

inst: 10
  explaining: age = 39.0 AND sex = 1.0 AND cp = 4.0 AND trestbps = 4.0 AND chol = 99.0 AND fbs = 0.0 AND restecg = 0.0 AND thalach = 37.0 AND exang = 0.0 AND oldpeak = 0.0 AND slope = 3.0 AND ca = 1.0 AND thal = 1.0
  expl: [0, 1, 2, 3, 4, 5, 6, 7, 8, 9, 10, 11, 12]
  lit2imprt: {0: 0.014175235291047859, 1: 0.10272590956429462, 2: 0.07803264089890058, 3: -0.009812006595408153, 4: 0.009782127714150842, 5: 0.019492489479106263, 6: -0.004107400036785956, 7: 0.011704664895129103, 8: 0.09760120738711828, 9: 0.10511089724334666, 10: 0.0023334593150917925, 11: 0.03491963612883539, 12: -0.0241832231944916}
  time: 0.06

inst: 11
  explaining: age = 29.0 AND sex = 1.0 AND cp = 2.0 AND trestbps = 9.0 AND chol = 68.0 AND fbs = 0.0 AND restecg = 0.0 AND thalach = 44.0 AND exang = 0.0 AND oldpeak = 0.0 AND slope = 3.0 AND ca = 1.0 AND thal = 3.0
  expl: [0, 1, 2, 3, 4, 5, 6, 7, 8, 9, 10, 11, 12]
  lit2imprt: {0: -0.011869164064541717, 1: -0.09070822977388482, 2: -0.05069893193858807, 3: 0.010401108026771117, 4: -0.015721565672032756, 5: -0.0283834871206575, 6: 0.001740930218640709, 7: -0.020247947879649817, 8: -0.08550168361432492, 9: -0.10537615923294437, 10: -0.01144554529234579, 11: 0.042820900709988695, 12: 0.021470090806324657}
  time: 0.06

inst: 12
  explaining: age = 43.0 AND sex = 0.0 AND cp = 2.0 AND trestbps = 9.0 AND chol = 73.0 AND fbs = 0.0 AND restecg = 1.0 AND thalach = 55.0 AND exang = 0.0 AND oldpeak = 0.0 AND slope = 3.0 AND ca = 1.0 AND thal = 3.0
  expl: [0, 1, 2, 3, 4, 5, 6, 7, 8, 9, 10, 11, 12]
  lit2imprt: {0: -0.013273721893868405, 1: 0.0883574958286945, 2: -0.06347690617462864, 3: 0.004593167430901138, 4: -0.013241864211907897, 5: -0.022750446058408164, 6: 0.004182378965398489, 7: -0.021431450323002227, 8: -0.09230489031873405, 9: -0.09748836364896116, 10: -0.009111896787071848, 11: -0.01629111860480574, 12: 0.013386890542119282}
  time: 0.06

inst: 13
  explaining: age = 36.0 AND sex = 1.0 AND cp = 2.0 AND trestbps = 9.0 AND chol = 10.0 AND fbs = 0.0 AND restecg = 0.0 AND thalach = 57.0 AND exang = 0.0 AND oldpeak = 0.0 AND slope = 3.0 AND ca = 1.0 AND thal = 3.0
  expl: [0, 1, 2, 3, 4, 5, 6, 7, 8, 9, 10, 11, 12]
  lit2imprt: {0: -0.009151521847227747, 1: -0.0831014572683835, 2: -0.05788194604551681, 3: 0.006138316957837211, 4: -0.020845245002207823, 5: -0.02772945228098532, 6: -0.0015010718951917839, 7: -0.027043445498357892, 8: -0.09346935489371976, 9: -0.10758599173518939, 10: -0.012621493108767255, 11: -0.0496747716934404, 12: 0.02120971890421753}
  time: 0.08

inst: 14
  explaining: age = 32.0 AND sex = 0.0 AND cp = 2.0 AND trestbps = 1.0 AND chol = 29.0 AND fbs = 0.0 AND restecg = 0.0 AND thalach = 47.0 AND exang = 0.0 AND oldpeak = 0.0 AND slope = 3.0 AND ca = 1.0 AND thal = 3.0
  expl: [0, 1, 2, 3, 4, 5, 6, 7, 8, 9, 10, 11, 12]
  lit2imprt: {0: -0.007549802716728776, 1: 0.09300927430715757, 2: -0.06033551416686366, 3: 0.0064022045710569984, 4: -0.020376292836853972, 5: -0.025008602129741223, 6: 0.011353850345145283, 7: -0.022908868759137137, 8: -0.08802680563319834, 9: -0.10260523237320822, 10: -0.006416797068157313, 11: 0.049161972603752005, 12: 0.0231203699549702}
  time: 0.08

inst: 15
  explaining: age = 57.0 AND sex = 0.0 AND cp = 1.0 AND trestbps = 14.0 AND chol = 119.0 AND fbs = 0.0 AND restecg = 0.0 AND thalach = 69.0 AND exang = 0.0 AND oldpeak = 1.0 AND slope = 1.0 AND ca = 1.0 AND thal = 3.0
  expl: [0, 1, 2, 3, 4, 5, 6, 7, 8, 9, 10, 11, 12]
  lit2imprt: {0: -0.011034087228138482, 1: 0.07367682378442365, 2: -0.035369873141817075, 3: -0.014105905942098172, 4: -0.004086576515645745, 5: -0.026424978695786062, 6: 0.0018653010731398264, 7: -0.02539597203691831, 8: -0.09099314475677188, 9: -0.11712583095414095, 10: -0.018181818111863642, 11: -0.043797647071622724, 12: 0.01819369013489334}
  time: 0.07

inst: 16
  explaining: age = 49.0 AND sex = 0.0 AND cp = 3.0 AND trestbps = 24.0 AND chol = 18.0 AND fbs = 0.0 AND restecg = 0.0 AND thalach = 42.0 AND exang = 0.0 AND oldpeak = 1.0 AND slope = 1.0 AND ca = 1.0 AND thal = 3.0
  expl: [0, 1, 2, 3, 4, 5, 6, 7, 8, 9, 10, 11, 12]
  lit2imprt: {0: -0.015055949307315724, 1: 0.0907059693151153, 2: -0.06584814686221642, 3: -0.004689339099114665, 4: -0.01747524035118547, 5: -0.028868299920585625, 6: 0.00356100347039255, 7: -0.02174933421449416, 8: -0.08500209640705143, 9: -0.1293525161981307, 10: -0.02159854262156715, 11: -0.01048476516823366, 12: 0.019802633527072185}
  time: 0.07

inst: 17
  explaining: age = 43.0 AND sex = 0.0 AND cp = 1.0 AND trestbps = 0.0 AND chol = 52.0 AND fbs = 0.0 AND restecg = 0.0 AND thalach = 31.0 AND exang = 0.0 AND oldpeak = 0.0 AND slope = 3.0 AND ca = 1.0 AND thal = 3.0
  expl: [0, 1, 2, 3, 4, 5, 6, 7, 8, 9, 10, 11, 12]
  lit2imprt: {0: -0.008722233224196638, 1: 0.09048547963575296, 2: -0.0409772154200101, 3: 0.0016204543885051767, 4: -0.020579132125222336, 5: -0.028722812534524664, 6: 0.007677291670899452, 7: -0.02211657636322956, 8: -0.08735685234228013, 9: -0.10076295383646337, 10: -0.00785342625322045, 11: 0.0146372599188077, 12: 0.016226640020921487}
  time: 0.07

inst: 18
  explaining: age = 53.0 AND sex = 0.0 AND cp = 2.0 AND trestbps = 19.0 AND chol = 45.0 AND fbs = 0.0 AND restecg = 0.0 AND thalach = 31.0 AND exang = 1.0 AND oldpeak = 2.0 AND slope = 1.0 AND ca = 1.0 AND thal = 3.0
  expl: [0, 1, 2, 3, 4, 5, 6, 7, 8, 9, 10, 11, 12]
  lit2imprt: {0: 0.016917034491750766, 1: -0.09427557867593817, 2: 0.058839864205727475, 3: 0.0163221569777479, 4: 0.020353521506229377, 5: 0.022327848411771455, 6: -0.008554780867650344, 7: 0.01665357720509912, 8: 0.09337230423346841, 9: 0.13182118843909973, 10: 0.017957172038776604, 11: 0.032394495865105996, 12: -0.023335988307017615}
  time: 0.07

inst: 19
  explaining: age = 54.0 AND sex = 0.0 AND cp = 2.0 AND trestbps = 19.0 AND chol = 120.0 AND fbs = 2.0 AND restecg = 1.0 AND thalach = 30.0 AND exang = 0.0 AND oldpeak = 0.0 AND slope = 3.0 AND ca = 1.0 AND thal = 3.0
  expl: [0, 1, 2, 3, 4, 5, 6, 7, 8, 9, 10, 11, 12]
  lit2imprt: {0: -0.008527627924399232, 1: 0.09203075939095731, 2: -0.05360689806106667, 3: 0.0035752140464205546, 4: -0.005215711402120892, 5: -0.04913449959827452, 6: 0.0005632948395074509, 7: -0.020267550969183246, 8: -0.08249566285643613, 9: -0.11534799134210649, 10: -0.016489295845500643, 11: 0.0026507762225897605, 12: 0.020094624126413503}
  time: 0.08

inst: 20
  explaining: age = 55.0 AND sex = 0.0 AND cp = 2.0 AND trestbps = 14.0 AND chol = 143.0 AND fbs = 0.0 AND restecg = 2.0 AND thalach = 37.0 AND exang = 0.0 AND oldpeak = 0.0 AND slope = 3.0 AND ca = 1.0 AND thal = 3.0
  expl: [0, 1, 2, 3, 4, 5, 6, 7, 8, 9, 10, 11, 12]
  lit2imprt: {0: -0.015279359221580203, 1: 0.08969289423336843, 2: -0.0629397085944836, 3: -0.0015247028500708704, 4: -0.006170290158456352, 5: -0.02437444421516562, 6: 0.006222803491154605, 7: -0.014938239023570924, 8: -0.09092624609799226, 9: -0.1097066225617043, 10: -0.008506731642832683, 11: 0.02139620972080283, 12: 0.023231706436720678}
  time: 0.06

inst: 21
  explaining: age = 39.0 AND sex = 1.0 AND cp = 2.0 AND trestbps = 27.0 AND chol = 66.0 AND fbs = 0.0 AND restecg = 0.0 AND thalach = 4.0 AND exang = 0.0 AND oldpeak = 0.0 AND slope = 3.0 AND ca = 1.0 AND thal = 3.0
  expl: [0, 1, 2, 3, 4, 5, 6, 7, 8, 9, 10, 11, 12]
  lit2imprt: {0: -0.014202066610606119, 1: -0.07769826500401665, 2: -0.050433742735803394, 3: 0.0013848976924056436, 4: -0.021180587945152183, 5: -0.02541017608603263, 6: 0.0027290131191758673, 7: -0.010864628626449118, 8: -0.08211620185409597, 9: -0.1321441336775272, 10: -0.013937648793492134, 11: 0.02106428651416526, 12: 0.01218681549600714}
  time: 0.07

inst: 22
  explaining: age = 55.0 AND sex = 1.0 AND cp = 2.0 AND trestbps = 24.0 AND chol = 110.0 AND fbs = 1.0 AND restecg = 0.0 AND thalach = 32.0 AND exang = 1.0 AND oldpeak = 2.0 AND slope = 1.0 AND ca = 1.0 AND thal = 3.0
  expl: [0, 1, 2, 3, 4, 5, 6, 7, 8, 9, 10, 11, 12]
  lit2imprt: {0: 0.01388222116435664, 1: 0.08458644939451648, 2: 0.05677750816617339, 3: 0.017775889443590293, 4: 0.01232128955211112, 5: 0.029511268540924018, 6: -0.007645258475588254, 7: 0.019082363513093534, 8: 0.0990540156958594, 9: 0.14678019934360084, 10: 0.022759559599741273, 11: 0.03551075681643697, 12: -0.01483557550115629}
  time: 0.06

inst: 23
  explaining: age = 32.0 AND sex = 1.0 AND cp = 2.0 AND trestbps = 4.0 AND chol = 54.0 AND fbs = 0.0 AND restecg = 0.0 AND thalach = 58.0 AND exang = 0.0 AND oldpeak = 0.0 AND slope = 3.0 AND ca = 1.0 AND thal = 3.0
  expl: [0, 1, 2, 3, 4, 5, 6, 7, 8, 9, 10, 11, 12]
  lit2imprt: {0: -0.008858560324245028, 1: -0.10447268081382098, 2: -0.05365623421603679, 3: 0.0155390276643062, 4: -0.011608067362955964, 5: -0.018383866658201888, 6: 0.0035286293022197173, 7: -0.018696277026378525, 8: -0.09398172544029293, 9: -0.10100466952894052, 10: -0.01082900604983917, 11: 0.04535012128763373, 12: 0.017423902005152436}
  time: 0.06

inst: 24
  explaining: age = 65.0 AND sex = 1.0 AND cp = 4.0 AND trestbps = 25.0 AND chol = 83.0 AND fbs = 1.0 AND restecg = 0.0 AND thalach = 7.0 AND exang = 1.0 AND oldpeak = 2.0 AND slope = 1.0 AND ca = 1.0 AND thal = 3.0
  expl: [0, 1, 2, 3, 4, 5, 6, 7, 8, 9, 10, 11, 12]
  lit2imprt: {0: 0.012619677424135152, 1: 0.08975348483325939, 2: 0.07634552223327337, 3: 0.01389443223838875, 4: 0.01833967195843535, 5: 0.02437867046149558, 6: -0.008799132413446672, 7: 0.01328773279579172, 8: 0.09136375840315267, 9: 0.1441410350733108, 10: 0.019714420998205792, 11: -0.04401914047227211, 12: -0.020563841665812776}
  time: 0.06

inst: 25
  explaining: age = 32.0 AND sex = 1.0 AND cp = 4.0 AND trestbps = 8.0 AND chol = 150.0 AND fbs = 0.0 AND restecg = 0.0 AND thalach = 22.0 AND exang = 0.0 AND oldpeak = 0.0 AND slope = 3.0 AND ca = 1.0 AND thal = 3.0
  expl: [0, 1, 2, 3, 4, 5, 6, 7, 8, 9, 10, 11, 12]
  lit2imprt: {0: 0.0063011133542297286, 1: 0.10506672334344729, 2: 0.07571420476132606, 3: -0.012619999274282603, 4: 0.012426088691969737, 5: 0.022466484234655897, 6: -0.006069166251499652, 7: 0.011983645325959382, 8: 0.09610237070841811, 9: 0.10657361927707981, 10: 0.011135592000774793, 11: 0.01240372028028461, 12: -0.018675531679277668}
  time: 0.06

inst: 26
  explaining: age = 54.0 AND sex = 0.0 AND cp = 2.0 AND trestbps = 24.0 AND chol = 121.0 AND fbs = 0.0 AND restecg = 0.0 AND thalach = 22.0 AND exang = 0.0 AND oldpeak = 0.0 AND slope = 3.0 AND ca = 1.0 AND thal = 3.0
  expl: [0, 1, 2, 3, 4, 5, 6, 7, 8, 9, 10, 11, 12]
  lit2imprt: {0: -0.01399716506550376, 1: 0.0817614724480826, 2: -0.04886074657732792, 3: -0.0027495358483691544, 4: -0.006013637886098714, 5: -0.02419564719924911, 6: 0.004135884566846573, 7: -0.013140505374551944, 8: -0.08655388445959443, 9: -0.12736639061184216, 10: -0.011509917381898348, 11: -0.022824672408618858, 12: 0.020897023231353246}
  time: 0.06

inst: 27
  explaining: age = 41.0 AND sex = 1.0 AND cp = 4.0 AND trestbps = 14.0 AND chol = 14.0 AND fbs = 0.0 AND restecg = 1.0 AND thalach = 22.0 AND exang = 0.0 AND oldpeak = 2.0 AND slope = 1.0 AND ca = 1.0 AND thal = 3.0
  expl: [0, 1, 2, 3, 4, 5, 6, 7, 8, 9, 10, 11, 12]
  lit2imprt: {0: 0.01343109339858505, 1: 0.09460174090458492, 2: 0.0794433251311301, 3: 0.007346227252120418, 4: 0.021193241441931354, 5: 0.02771213556722687, 6: -0.008609934583999293, 7: 0.020380482062761697, 8: 0.0920628594398424, 9: 0.1275693798515571, 10: 0.023621191471529752, 11: 0.02057390906530895, 12: -0.019357599052564654}
  time: 0.07

inst: 28
  explaining: age = 42.0 AND sex = 1.0 AND cp = 2.0 AND trestbps = 9.0 AND chol = 28.0 AND fbs = 0.0 AND restecg = 0.0 AND thalach = 37.0 AND exang = 0.0 AND oldpeak = 0.0 AND slope = 3.0 AND ca = 1.0 AND thal = 3.0
  expl: [0, 1, 2, 3, 4, 5, 6, 7, 8, 9, 10, 11, 12]
  lit2imprt: {0: -0.009136204118623651, 1: -0.0952488201554294, 2: -0.05586701050478396, 3: 0.008730655941474456, 4: -0.019035550797419587, 5: -0.02545200265836927, 6: 0.005009490493934455, 7: -0.020624306447577557, 8: -0.09054808879453509, 9: -0.10865689617551191, 10: -0.0170941676074281, 11: -0.03024143966527235, 12: 0.02200254745968862}
  time: 0.07

inst: 29
  explaining: age = 40.0 AND sex = 1.0 AND cp = 2.0 AND trestbps = 14.0 AND chol = 95.0 AND fbs = 0.0 AND restecg = 0.0 AND thalach = 37.0 AND exang = 0.0 AND oldpeak = 0.0 AND slope = 3.0 AND ca = 1.0 AND thal = 3.0
  expl: [0, 1, 2, 3, 4, 5, 6, 7, 8, 9, 10, 11, 12]
  lit2imprt: {0: -0.010563067209335232, 1: -0.07970231557671167, 2: -0.055480464341423556, 3: 0.004151689011192259, 4: -0.006281573549486379, 5: -0.02248042559037845, 6: -0.0007973192216567847, 7: -0.019600310153337724, 8: -0.08705293616360538, 9: -0.1096614582685737, 10: -0.013875675962671228, 11: 0.026349369186474417, 12: 0.021222324480794648}
  time: 0.08

inst: 30
  explaining: age = 48.0 AND sex = 1.0 AND cp = 2.0 AND trestbps = 14.0 AND chol = 69.0 AND fbs = 0.0 AND restecg = 0.0 AND thalach = 44.0 AND exang = 0.0 AND oldpeak = 0.0 AND slope = 3.0 AND ca = 1.0 AND thal = 3.0
  expl: [0, 1, 2, 3, 4, 5, 6, 7, 8, 9, 10, 11, 12]
  lit2imprt: {0: -0.012687955373461544, 1: -0.10272456304658818, 2: -0.05755731887648489, 3: 0.00047449659249267637, 4: -0.007841375701776445, 5: -0.025366744312753504, 6: 0.0019726636520299374, 7: -0.01823163740356925, 8: -0.08765880342383613, 9: -0.1154184485364754, 10: -0.01306658198711823, 11: 0.01949325252091522, 12: 0.02154329939408215}
  time: 0.06

inst: 31
  explaining: age = 46.0 AND sex = 1.0 AND cp = 3.0 AND trestbps = 22.0 AND chol = 8.0 AND fbs = 2.0 AND restecg = 0.0 AND thalach = 10.0 AND exang = 0.0 AND oldpeak = 0.0 AND slope = 3.0 AND ca = 1.0 AND thal = 3.0
  expl: [0, 1, 2, 3, 4, 5, 6, 7, 8, 9, 10, 11, 12]
  lit2imprt: {0: -0.01516559265693216, 1: -0.07505062664258882, 2: -0.06436432353924255, 3: 0.007092736321609463, 4: -0.02200828732570745, 5: -0.03969715361425805, 6: 0.0021269062304607204, 7: -0.01615739057993649, 8: -0.08490115294382213, 9: -0.13140493168459755, 10: -0.015664258731826412, 11: 0.0071909295711570405, 12: 0.02587803714152179}
  time: 0.07

inst: 32
  explaining: age = 48.0 AND sex = 1.0 AND cp = 4.0 AND trestbps = 24.0 AND chol = 127.0 AND fbs = 0.0 AND restecg = 0.0 AND thalach = 66.0 AND exang = 1.0 AND oldpeak = 1.5 AND slope = 1.0 AND ca = 1.0 AND thal = 3.0
  expl: [0, 1, 2, 3, 4, 5, 6, 7, 8, 9, 10, 11, 12]
  lit2imprt: {0: 0.014484277013528064, 1: 0.10397353099994303, 2: 0.07577575829465602, 3: -0.0024917072986739243, 4: 0.001317165995214582, 5: 0.022515052188676082, 6: -0.0029858831640312217, 7: 0.024969525998377807, 8: 0.09893186520863327, 9: 0.137409949737989, 10: 0.017853898269689823, 11: -0.03911602589350377, 12: -0.015653829662786122}
  time: 0.06

inst: 33
  explaining: age = 43.0 AND sex = 0.0 AND cp = 2.0 AND trestbps = 9.0 AND chol = 86.0 AND fbs = 0.0 AND restecg = 0.0 AND thalach = 11.0 AND exang = 0.0 AND oldpeak = 0.0 AND slope = 3.0 AND ca = 1.0 AND thal = 3.0
  expl: [0, 1, 2, 3, 4, 5, 6, 7, 8, 9, 10, 11, 12]
  lit2imprt: {0: -0.0077180791856384795, 1: 0.09557481613740113, 2: -0.06398621792586884, 3: 0.010514218166780316, 4: -0.010907677351107837, 5: -0.019958852132178875, 6: 0.0014271231272412596, 7: -0.01839027316957933, 8: -0.08994427840748609, 9: -0.11125463789678047, 10: -0.007757186582729531, 11: -0.02032303918853573, 12: 0.024557538528038707}
  time: 0.07

inst: 34
  explaining: age = 63.0 AND sex = 1.0 AND cp = 4.0 AND trestbps = 22.0 AND chol = 52.0 AND fbs = 0.0 AND restecg = 0.0 AND thalach = 9.0 AND exang = 0.0 AND oldpeak = 0.0 AND slope = 3.0 AND ca = 1.0 AND thal = 3.0
  expl: [0, 1, 2, 3, 4, 5, 6, 7, 8, 9, 10, 11, 12]
  lit2imprt: {0: -0.012913424454922273, 1: -0.08282167664553707, 2: -0.07190731109662392, 3: 8.090194033443788e-05, 4: -0.020124534833597822, 5: -0.019810304661052672, 6: 0.0042369705846197845, 7: -0.012353105905800707, 8: -0.08550684217174394, 9: -0.12154072194844728, 10: -0.011089076898195549, 11: 0.030392745423780947, 12: 0.022318807065399432}
  time: 0.06

inst: 35
  explaining: age = 48.0 AND sex = 0.0 AND cp = 4.0 AND trestbps = 22.0 AND chol = 56.0 AND fbs = 0.0 AND restecg = 0.0 AND thalach = 22.0 AND exang = 1.0 AND oldpeak = 1.0 AND slope = 1.0 AND ca = 1.0 AND thal = 3.0
  expl: [0, 1, 2, 3, 4, 5, 6, 7, 8, 9, 10, 11, 12]
  lit2imprt: {0: 0.0131562738192803, 1: -0.09879859378118767, 2: 0.08082398189250456, 3: -0.007305500881811836, 4: 0.020818508394997055, 5: 0.02024294061007861, 6: -0.008833469467196814, 7: 0.01798141725680685, 8: 0.09798354333144599, 9: 0.12920330530268373, 10: 0.015149968050835197, 11: 0.004523950535481422, 12: -0.01812335684145104}
  time: 0.07

inst: 36
  explaining: age = 47.0 AND sex = 1.0 AND cp = 1.0 AND trestbps = 4.0 AND chol = 73.0 AND fbs = 0.0 AND restecg = 0.0 AND thalach = 37.0 AND exang = 0.0 AND oldpeak = 0.0 AND slope = 3.0 AND ca = 1.0 AND thal = 3.0
  expl: [0, 1, 2, 3, 4, 5, 6, 7, 8, 9, 10, 11, 12]
  lit2imprt: {0: 0.006217668516674395, 1: 0.088711653048304, 2: 0.040053764864358195, 3: -0.001913051558336849, 4: 0.009759286194898848, 5: 0.031477554361047135, 6: -0.005402664324342296, 7: 0.016927832346547118, 8: 0.09168183465212122, 9: 0.10413948544404723, 10: 0.004690174463091726, 11: -0.001155426034114185, 12: -0.020959589226563012}
  time: 0.06

inst: 37
  explaining: age = 38.0 AND sex = 1.0 AND cp = 4.0 AND trestbps = 4.0 AND chol = 153.0 AND fbs = 0.0 AND restecg = 0.0 AND thalach = 37.0 AND exang = 1.0 AND oldpeak = 1.0 AND slope = 1.0 AND ca = 1.0 AND thal = 3.0
  expl: [0, 1, 2, 3, 4, 5, 6, 7, 8, 9, 10, 11, 12]
  lit2imprt: {0: 0.012797670086974999, 1: 0.10357595865927627, 2: 0.08430681290981662, 3: -0.008357256285957723, 4: 0.0095495525579363, 5: 0.016787243532382798, 6: -0.007965658020823644, 7: 0.02499178960921421, 8: 0.10090505236199869, 9: 0.10281365444738971, 10: 0.022146357039910476, 11: 0.0020098479440189736, 12: -0.01753071680359042}
  time: 0.07

inst: 38
  explaining: age = 42.0 AND sex = 1.0 AND cp = 3.0 AND trestbps = 24.0 AND chol = 4.0 AND fbs = 0.0 AND restecg = 0.0 AND thalach = 35.0 AND exang = 0.0 AND oldpeak = 0.0 AND slope = 3.0 AND ca = 1.0 AND thal = 3.0
  expl: [0, 1, 2, 3, 4, 5, 6, 7, 8, 9, 10, 11, 12]
  lit2imprt: {0: -0.015766624968211736, 1: -0.09449734732125241, 2: -0.06637027184821917, 3: -0.0010926100098586208, 4: -0.023667805588558147, 5: -0.030221985361062312, 6: 0.008649946671597157, 7: -0.021190310685655335, 8: -0.08780671635637523, 9: -0.13063639419162618, 10: -0.013484709980125896, 11: -0.021970286243437723, 12: 0.018336948539518692}
  time: 0.06

inst: 39
  explaining: age = 49.0 AND sex = 1.0 AND cp = 4.0 AND trestbps = 19.0 AND chol = 62.0 AND fbs = 0.0 AND restecg = 0.0 AND thalach = 30.0 AND exang = 1.0 AND oldpeak = 1.0 AND slope = 1.0 AND ca = 1.0 AND thal = 3.0
  expl: [0, 1, 2, 3, 4, 5, 6, 7, 8, 9, 10, 11, 12]
  lit2imprt: {0: 0.011653269599668937, 1: 0.09433907786522638, 2: 0.08318199216308507, 3: -0.003045825816242259, 4: 0.024251431781950647, 5: 0.02664488098802918, 6: -0.0030899670838711066, 7: 0.02649572861037546, 8: 0.10249307462053481, 9: 0.12748622000426088, 10: 0.02053390704686598, 11: 0.04623741645786807, 12: -0.024168743777556345}
  time: 0.06

inst: 40
  explaining: age = 58.0 AND sex = 1.0 AND cp = 2.0 AND trestbps = 17.0 AND chol = 9.0 AND fbs = 0.0 AND restecg = 1.0 AND thalach = 70.0 AND exang = 1.0 AND oldpeak = 2.0 AND slope = 1.0 AND ca = 1.0 AND thal = 3.0
  expl: [0, 1, 2, 3, 4, 5, 6, 7, 8, 9, 10, 11, 12]
  lit2imprt: {0: 0.017913907686428653, 1: 0.0970170169806075, 2: 0.05518651895150806, 3: 0.009497039691413373, 4: 0.02439401767330807, 5: 0.027694927892558723, 6: -0.001728504118911722, 7: 0.023040447595674373, 8: 0.09728830619631328, 9: 0.12374830343509084, 10: 0.025943734125218307, 11: -0.008273465561959105, 12: -0.019720738280872414}
  time: 0.07

inst: 41
  explaining: age = 39.0 AND sex = 1.0 AND cp = 2.0 AND trestbps = 9.0 AND chol = 33.0 AND fbs = 0.0 AND restecg = 0.0 AND thalach = 34.0 AND exang = 0.0 AND oldpeak = 0.0 AND slope = 3.0 AND ca = 1.0 AND thal = 3.0
  expl: [0, 1, 2, 3, 4, 5, 6, 7, 8, 9, 10, 11, 12]
  lit2imprt: {0: -0.014883531808047575, 1: -0.09144729412528964, 2: -0.05516186153865236, 3: 0.010488328199871702, 4: -0.016385317823465785, 5: -0.027000599160281594, 6: 0.005382725969045179, 7: -0.015084988508140698, 8: -0.08842313308828105, 9: -0.10696605528099085, 10: -0.01119055824471039, 11: 0.05821016769470881, 12: 0.016693428718453505}
  time: 0.07

inst: 42
  explaining: age = 37.0 AND sex = 0.0 AND cp = 3.0 AND trestbps = 14.0 AND chol = 40.0 AND fbs = 0.0 AND restecg = 0.0 AND thalach = 31.0 AND exang = 0.0 AND oldpeak = 0.0 AND slope = 3.0 AND ca = 1.0 AND thal = 3.0
  expl: [0, 1, 2, 3, 4, 5, 6, 7, 8, 9, 10, 11, 12]
  lit2imprt: {0: -0.013758119600896042, 1: 0.10186846891375115, 2: -0.07382796722774962, 3: 0.008676518715055346, 4: -0.020909332417316705, 5: -0.02893913442094622, 6: 0.004779269981756228, 7: -0.01951320487747055, 8: -0.08808045257841644, 9: -0.11029857440076464, 10: -0.010785983125723337, 11: 0.025946986035182123, 12: 0.023410686997175405}
  time: 0.07

inst: 43
  explaining: age = 48.0 AND sex = 1.0 AND cp = 2.0 AND trestbps = 0.0 AND chol = 153.0 AND fbs = 0.0 AND restecg = 0.0 AND thalach = 0.0 AND exang = 0.0 AND oldpeak = 0.0 AND slope = 3.0 AND ca = 1.0 AND thal = 3.0
  expl: [0, 1, 2, 3, 4, 5, 6, 7, 8, 9, 10, 11, 12]
  lit2imprt: {0: -0.014331959727664002, 1: -0.09497104784439127, 2: -0.061830034441618754, 3: 0.010138681378583099, 4: -0.00815632943578471, 5: -0.01966835399155606, 6: 0.0012234997859175139, 7: -0.011505985716473521, 8: -0.09365034884253266, 9: -0.09557503300122741, 10: -0.008260388827476097, 11: -0.034718812818733104, 12: 0.015576184907736787}
  time: 0.06

inst: 44
  explaining: age = 46.0 AND sex = 1.0 AND cp = 4.0 AND trestbps = 9.0 AND chol = 60.0 AND fbs = 0.0 AND restecg = 0.0 AND thalach = 9.0 AND exang = 1.0 AND oldpeak = 0.0 AND slope = 3.0 AND ca = 1.0 AND thal = 3.0
  expl: [0, 1, 2, 3, 4, 5, 6, 7, 8, 9, 10, 11, 12]
  lit2imprt: {0: -0.010485688523929849, 1: -0.11084599627012232, 2: -0.07924985072615225, 3: 0.013985595889791843, 4: -0.02068425598385207, 5: -0.022195916269549896, 6: 0.007300584917831134, 7: -0.01974062697947902, 8: -0.10038451102757628, 9: -0.11235007648109828, 10: -0.012043430007264344, 11: 0.03127893222257215, 12: 0.023442424435032097}
  time: 0.07

inst: 45
  explaining: age = 56.0 AND sex = 0.0 AND cp = 3.0 AND trestbps = 14.0 AND chol = 48.0 AND fbs = 2.0 AND restecg = 1.0 AND thalach = 46.0 AND exang = 0.0 AND oldpeak = 0.0 AND slope = 3.0 AND ca = 1.0 AND thal = 2.0
  expl: [0, 1, 2, 3, 4, 5, 6, 7, 8, 9, 10, 11, 12]
  lit2imprt: {0: -0.01162519239799408, 1: 0.09629038179640463, 2: -0.06597358923467657, 3: 0.0027028635679486337, 4: -0.006554695945159235, 5: -0.0439090779788207, 6: 0.0002017708855113668, 7: -0.030329698210591005, 8: -0.08896990026998679, 9: -0.11925342916035139, 10: -0.009936759830916974, 11: -0.005181432913400963, 12: 0.01893172100540026}
  time: 0.07

inst: 46
  explaining: age = 54.0 AND sex = 1.0 AND cp = 4.0 AND trestbps = 14.0 AND chol = 151.0 AND fbs = 1.0 AND restecg = 0.0 AND thalach = 17.0 AND exang = 1.0 AND oldpeak = 1.0 AND slope = 1.0 AND ca = 1.0 AND thal = 3.0
  expl: [0, 1, 2, 3, 4, 5, 6, 7, 8, 9, 10, 11, 12]
  lit2imprt: {0: 0.005597766038494738, 1: 0.10713141272454421, 2: 0.06881935267371872, 3: -0.003272809698474646, 4: 0.003339078869639219, 5: 0.028447933343345354, 6: -0.0054563761066430926, 7: 0.015700754623477437, 8: 0.09705951083081393, 9: 0.11713967564553322, 10: 0.02174385963603788, 11: -0.07420451775107274, 12: -0.015668808760361034}
  time: 0.06

inst: 47
  explaining: age = 54.0 AND sex = 1.0 AND cp = 4.0 AND trestbps = 19.0 AND chol = 45.0 AND fbs = 0.0 AND restecg = 0.0 AND thalach = 3.0 AND exang = 0.0 AND oldpeak = 1.5 AND slope = 1.0 AND ca = 1.0 AND thal = 3.0
  expl: [0, 1, 2, 3, 4, 5, 6, 7, 8, 9, 10, 11, 12]
  lit2imprt: {0: 0.016589312044960378, 1: 0.09821892129318609, 2: 0.06966162700677132, 3: 0.002241019048788463, 4: 0.015889089834820756, 5: 0.012000744593346213, 6: -0.0051356595630340255, 7: 0.010638983181437696, 8: 0.08851662739140656, 9: 0.13074221247552598, 10: 0.02559818306441372, 11: 0.0009982511850532632, 12: -0.017845151002165844}
  time: 0.06

inst: 48
  explaining: age = 55.0 AND sex = 1.0 AND cp = 2.0 AND trestbps = 9.0 AND chol = 79.0 AND fbs = 1.0 AND restecg = 0.0 AND thalach = 27.0 AND exang = 0.0 AND oldpeak = 0.0 AND slope = 3.0 AND ca = 1.0 AND thal = 2.0
  expl: [0, 1, 2, 3, 4, 5, 6, 7, 8, 9, 10, 11, 12]
  lit2imprt: {0: -0.010271335142793282, 1: -0.08868356269268161, 2: -0.061392509913567, 3: 0.007855109689853413, 4: -0.015585987475734406, 5: -0.03191192751577196, 6: 0.0021937288873200844, 7: -0.01996640005343979, 8: -0.09334095846913434, 9: -0.11079628626658775, 10: -0.005587466655444117, 11: -0.021748717322172463, 12: 0.022990891771628205}
  time: 0.07

inst: 49
  explaining: age = 46.0 AND sex = 1.0 AND cp = 4.0 AND trestbps = 4.0 AND chol = 64.0 AND fbs = 0.0 AND restecg = 1.0 AND thalach = 30.0 AND exang = 1.0 AND oldpeak = 1.0 AND slope = 1.0 AND ca = 1.0 AND thal = 0.0
  expl: [0, 1, 2, 3, 4, 5, 6, 7, 8, 9, 10, 11, 12]
  lit2imprt: {0: 0.01617151772751993, 1: 0.09856374762875006, 2: 0.08674274448413538, 3: -0.009653713041251222, 4: 0.013747722041011403, 5: 0.022835775357235414, 6: -0.011508619578934952, 7: 0.023365158294483657, 8: 0.10887664912258194, 9: 0.1008175095828356, 10: 0.017556513843052235, 11: -0.038683469995797734, 12: -0.02729031895498944}
  time: 0.06

inst: 50
  explaining: age = 52.0 AND sex = 1.0 AND cp = 4.0 AND trestbps = 9.0 AND chol = 19.0 AND fbs = 0.0 AND restecg = 0.0 AND thalach = 37.0 AND exang = 0.0 AND oldpeak = 0.0 AND slope = 3.0 AND ca = 1.0 AND thal = 3.0
  expl: [0, 1, 2, 3, 4, 5, 6, 7, 8, 9, 10, 11, 12]
  lit2imprt: {0: -0.0146573787019653, 1: -0.10289194021410716, 2: -0.07999759629238655, 3: 0.012498645473373256, 4: -0.025150370278705876, 5: -0.029564463939276225, 6: 0.004863915868416351, 7: -0.022610601598033183, 8: -0.09003997254487882, 9: -0.10700231899673537, 10: -0.008129473822492973, 11: 0.010159921852709258, 12: 0.026006614631268507}
  time: 0.07

inst: 51
  explaining: age = 51.0 AND sex = 1.0 AND cp = 3.0 AND trestbps = 16.0 AND chol = 6.0 AND fbs = 0.0 AND restecg = 0.0 AND thalach = 37.0 AND exang = 0.0 AND oldpeak = 2.0 AND slope = 1.0 AND ca = 1.0 AND thal = 3.0
  expl: [0, 1, 2, 3, 4, 5, 6, 7, 8, 9, 10, 11, 12]
  lit2imprt: {0: -0.011811611303759567, 1: -0.09816576473179565, 2: -0.06458374016410896, 3: -0.007346822843808772, 4: -0.02549403215326079, 5: -0.026978564244876158, 6: 0.005957372128155196, 7: -0.024162316721554014, 8: -0.09149514833646936, 9: -0.12821722481181266, 10: -0.024305330344487574, 11: -0.029664189643904278, 12: 0.021778381449129386}
  time: 0.06

inst: 52
  explaining: age = 58.0 AND sex = 1.0 AND cp = 2.0 AND trestbps = 14.0 AND chol = 75.0 AND fbs = 0.0 AND restecg = 0.0 AND thalach = 6.0 AND exang = 0.0 AND oldpeak = 0.0 AND slope = 3.0 AND ca = 1.0 AND thal = 3.0
  expl: [0, 1, 2, 3, 4, 5, 6, 7, 8, 9, 10, 11, 12]
  lit2imprt: {0: -0.014117099463778622, 1: -0.0865778254767967, 2: -0.06113921719890641, 3: 0.0012185021558399455, 4: -0.023127531050490563, 5: -0.02506553067318797, 6: 0.005514264635564705, 7: -0.01154185253113668, 8: -0.08525320437983444, 9: -0.11157088670021276, 10: -0.01650697364685988, 11: 0.04090942798609335, 12: 0.016365247222420526}
  time: 0.07

inst: 53
  explaining: age = 37.0 AND sex = 1.0 AND cp = 4.0 AND trestbps = 14.0 AND chol = 122.0 AND fbs = 0.0 AND restecg = 0.0 AND thalach = 43.0 AND exang = 0.0 AND oldpeak = 0.0 AND slope = 3.0 AND ca = 1.0 AND thal = 3.0
  expl: [0, 1, 2, 3, 4, 5, 6, 7, 8, 9, 10, 11, 12]
  lit2imprt: {0: -0.010062202390181026, 1: -0.10225322642284239, 2: -0.07578968930409148, 3: 0.007287027163973408, 4: -0.012932773896605902, 5: -0.023648542114091342, 6: 0.0020397111563874052, 7: -0.017187233166997936, 8: -0.09709831345881811, 9: -0.11394780777154892, 10: -0.017677359808166683, 11: -0.02653913731449296, 12: 0.015744424007493187}
  time: 0.06

inst: 54
  explaining: age = 54.0 AND sex = 1.0 AND cp = 4.0 AND trestbps = 12.0 AND chol = 45.0 AND fbs = 0.0 AND restecg = 0.0 AND thalach = 30.0 AND exang = 0.0 AND oldpeak = 0.0 AND slope = 3.0 AND ca = 1.0 AND thal = 3.0
  expl: [0, 1, 2, 3, 4, 5, 6, 7, 8, 9, 10, 11, 12]
  lit2imprt: {0: -0.018157362808115512, 1: -0.10837671789743662, 2: -0.0721027194281227, 3: 0.0062519051804461965, 4: -0.02049692257247076, 5: -0.01952585984307441, 6: 0.0033361903836152604, 7: -0.01853664406647798, 8: -0.09213196998187138, 9: -0.11706921249302277, 10: -0.01447852878769967, 11: -0.013594272383231213, 12: 0.013795462973087718}
  time: 0.06

inst: 55
  explaining: age = 51.0 AND sex = 0.0 AND cp = 3.0 AND trestbps = 14.0 AND chol = 49.0 AND fbs = 0.0 AND restecg = 0.0 AND thalach = 44.0 AND exang = 1.0 AND oldpeak = 2.0 AND slope = 0.0 AND ca = 1.0 AND thal = 3.0
  expl: [0, 1, 2, 3, 4, 5, 6, 7, 8, 9, 10, 11, 12]
  lit2imprt: {0: -0.007822490812947919, 1: 0.10036994622968864, 2: -0.07002447027252504, 3: -0.004451304255515206, 4: -0.021000394654872908, 5: -0.023955784094049706, 6: 0.005100726763374604, 7: -0.02668848755666838, 8: -0.09457116010435306, 9: -0.12531743465213657, 10: -0.03235523908892731, 11: 0.0005315369679392524, 12: 0.021077417505842418}
  time: 0.06

inst: 56
  explaining: age = 51.0 AND sex = 0.0 AND cp = 4.0 AND trestbps = 24.0 AND chol = 115.0 AND fbs = 0.0 AND restecg = 0.0 AND thalach = 37.0 AND exang = 1.0 AND oldpeak = 1.0 AND slope = 1.0 AND ca = 1.0 AND thal = 3.0
  expl: [0, 1, 2, 3, 4, 5, 6, 7, 8, 9, 10, 11, 12]
  lit2imprt: {0: 0.01092374288157925, 1: -0.10027717832514169, 2: 0.07391998047227968, 3: -0.001771575537839989, 4: 0.015259365528803212, 5: 0.025960431111092166, 6: -0.0048048753607084094, 7: 0.015942924856905627, 8: 0.10176064548981016, 9: 0.12854735497278352, 10: 0.023491945286133978, 11: 0.016739515378968194, 12: -0.02289699177330858}
  time: 0.07

inst: 57
  explaining: age = 45.0 AND sex = 0.0 AND cp = 2.0 AND trestbps = 26.0 AND chol = 153.0 AND fbs = 0.0 AND restecg = 0.0 AND thalach = 57.0 AND exang = 0.0 AND oldpeak = 0.0 AND slope = 3.0 AND ca = 1.0 AND thal = 3.0
  expl: [0, 1, 2, 3, 4, 5, 6, 7, 8, 9, 10, 11, 12]
  lit2imprt: {0: -0.018710421884871244, 1: 0.07441986910018912, 2: -0.048130827178506995, 3: 0.0006695159453226423, 4: -0.00599413477068471, 5: -0.020141808151776512, 6: 0.003079325015670818, 7: -0.01852792648129654, 8: -0.0854382492880305, 9: -0.12586255025537574, 10: -0.016282695544571728, 11: -0.006387735591355872, 12: 0.01672022986396353}
  time: 0.07

inst: 58
  explaining: age = 48.0 AND sex = 0.0 AND cp = 3.0 AND trestbps = 9.0 AND chol = 27.0 AND fbs = 0.0 AND restecg = 0.0 AND thalach = 17.0 AND exang = 0.0 AND oldpeak = 0.0 AND slope = 3.0 AND ca = 1.0 AND thal = 3.0
  expl: [0, 1, 2, 3, 4, 5, 6, 7, 8, 9, 10, 11, 12]
  lit2imprt: {0: -0.009594277913397049, 1: 0.10387130708638886, 2: -0.06422128059371894, 3: 0.01147594973217362, 4: -0.020466221175053256, 5: -0.019880325147231755, 6: 0.00622403287911509, 7: -0.012509005286625538, 8: -0.08512923168880128, 9: -0.112562249357448, 10: -0.014700935900718137, 11: -0.02438410430107933, 12: 0.017957842746240398}
  time: 0.07
