loading model from  ./temp/heart-statlog/heart-statlog_train1_data/heart-statlog_train1_data_nbestim_25_maxdepth_3_testsplit_0.0.mod.pkl
loading data from  ./temp/heart-statlog/heart-statlog_train1_data/heart-statlog_train1_data_nbestim_25_maxdepth_3_testsplit_0.0.mod.pkl.splitdata.pkl

inst: 0
  explaining: age = 65.0 AND sex = 1.0 AND chest = 4.0 AND resting_blood_pressure = 120.0 AND serum_cholestoral = 177.0 AND fasting_blood_sugar = 0.0 AND resting_electrocardiographic_results = 0.0 AND maximum_heart_rate_achieved = 140.0 AND exercise_induced_angina = 0.0 AND oldpeak = 0.4 AND slope = 1.0 AND number_of_major_vessels = 0.0 AND thal = 7.0
  expl: [0, 1, 2, 3, 4, 5, 6, 7, 8, 9, 10, 11, 12]
  lit2imprt: {0: -0.007403460827325696, 1: -0.18875721344733293, 2: -0.12069094487676528, 3: -0.01063609044101453, 4: -0.08128612237219593, 5: -0.006315515413127767, 6: -0.02163147801405159, 7: 0.04544167323504739, 8: -0.001613867053029089, 9: -0.12001942722922122, 10: -0.023347218440235615, 11: -0.08647627155895804, 12: -0.07703798008959535}
  time: 0.12

inst: 1
  explaining: age = 56.0 AND sex = 1.0 AND chest = 3.0 AND resting_blood_pressure = 130.0 AND serum_cholestoral = 256.0 AND fasting_blood_sugar = 1.0 AND resting_electrocardiographic_results = 2.0 AND maximum_heart_rate_achieved = 142.0 AND exercise_induced_angina = 1.0 AND oldpeak = 0.6 AND slope = 2.0 AND number_of_major_vessels = 1.0 AND thal = 6.0
  expl: [0, 1, 2, 3, 4, 5, 6, 7, 8, 9, 10, 11, 12]
  lit2imprt: {0: -0.013447502845178922, 1: -0.20938633636427867, 2: -0.12120183354551477, 3: -0.0067660915985355615, 4: -0.08963886947324345, 5: 0.01634148572994389, 6: -0.029607669525391355, 7: 0.04595225076564063, 8: -0.00859500119350215, 9: -0.1223859770637258, 10: -0.03729418005677602, 11: -0.08147772146987162, 12: -0.07531343226674268}
  time: 0.08

inst: 2
  explaining: age = 59.0 AND sex = 1.0 AND chest = 4.0 AND resting_blood_pressure = 110.0 AND serum_cholestoral = 239.0 AND fasting_blood_sugar = 0.0 AND resting_electrocardiographic_results = 2.0 AND maximum_heart_rate_achieved = 142.0 AND exercise_induced_angina = 1.0 AND oldpeak = 1.2 AND slope = 2.0 AND number_of_major_vessels = 1.0 AND thal = 7.0
  expl: [0, 1, 2, 3, 4, 5, 6, 7, 8, 9, 10, 11, 12]
  lit2imprt: {0: 0.0144607068348171, 1: 0.20385358274019175, 2: 0.13162614584037272, 3: 0.010247943501876692, 4: 0.08191567414836202, 5: 0.004047176621602336, 6: 0.02406181445968523, 7: -0.039906625085057414, 8: 0.005133587906645686, 9: 0.12375478512831982, 10: 0.027537902887077276, 11: 0.08885118913289317, 12: 0.07485731258431363}
  time: 0.07

inst: 3
  explaining: age = 63.0 AND sex = 0.0 AND chest = 4.0 AND resting_blood_pressure = 150.0 AND serum_cholestoral = 407.0 AND fasting_blood_sugar = 0.0 AND resting_electrocardiographic_results = 2.0 AND maximum_heart_rate_achieved = 154.0 AND exercise_induced_angina = 0.0 AND oldpeak = 4.0 AND slope = 2.0 AND number_of_major_vessels = 3.0 AND thal = 7.0
  expl: [0, 1, 2, 3, 4, 5, 6, 7, 8, 9, 10, 11, 12]
  lit2imprt: {0: 0.014319018189983159, 1: -0.22843946422235015, 2: 0.1373139528236488, 3: 0.01873892470345305, 4: 0.07273150522469456, 5: -0.0030533477284154812, 6: 0.023594316956617033, 7: -0.03841684889330226, 8: -0.010741985409281795, 9: 0.12246982464278139, 10: 0.03192444157656752, 11: 0.06831029645162101, 12: 0.07311482999315104}
  time: 0.08

inst: 4
  explaining: age = 71.0 AND sex = 0.0 AND chest = 3.0 AND resting_blood_pressure = 110.0 AND serum_cholestoral = 265.0 AND fasting_blood_sugar = 1.0 AND resting_electrocardiographic_results = 2.0 AND maximum_heart_rate_achieved = 130.0 AND exercise_induced_angina = 0.0 AND oldpeak = 0.0 AND slope = 1.0 AND number_of_major_vessels = 1.0 AND thal = 3.0
  expl: [0, 1, 2, 3, 4, 5, 6, 7, 8, 9, 10, 11, 12]
  lit2imprt: {0: -0.014259847151402981, 1: 0.21113777556951493, 2: -0.12475576150709612, 3: -0.009632758709495343, 4: -0.08173973760798167, 5: -0.008427616959831553, 6: -0.02967220320238742, 7: 0.04468248893368218, 8: 0.013554607424836435, 9: -0.11374586867088803, 10: -0.02466325236871202, 11: -0.08015111008710299, 12: -0.06244204568715257}
  time: 0.08

inst: 5
  explaining: age = 66.0 AND sex = 1.0 AND chest = 4.0 AND resting_blood_pressure = 160.0 AND serum_cholestoral = 228.0 AND fasting_blood_sugar = 0.0 AND resting_electrocardiographic_results = 2.0 AND maximum_heart_rate_achieved = 138.0 AND exercise_induced_angina = 0.0 AND oldpeak = 2.3 AND slope = 1.0 AND number_of_major_vessels = 0.0 AND thal = 6.0
  expl: [0, 1, 2, 3, 4, 5, 6, 7, 8, 9, 10, 11, 12]
  lit2imprt: {0: 0.015289772331438325, 1: 0.19911468711649347, 2: 0.13531285629070633, 3: 0.011479515918897235, 4: 0.08352666191990271, 5: 0.006609454169685716, 6: 0.026161435545915983, 7: -0.04624007943211841, 8: -0.012310284932854298, 9: 0.12102189929240448, 10: 0.03233386366244443, 11: 0.08477511305184594, 12: 0.0676295670453851}
  time: 0.08

inst: 6
  explaining: age = 59.0 AND sex = 1.0 AND chest = 4.0 AND resting_blood_pressure = 170.0 AND serum_cholestoral = 326.0 AND fasting_blood_sugar = 0.0 AND resting_electrocardiographic_results = 2.0 AND maximum_heart_rate_achieved = 140.0 AND exercise_induced_angina = 1.0 AND oldpeak = 3.4 AND slope = 3.0 AND number_of_major_vessels = 0.0 AND thal = 7.0
  expl: [0, 1, 2, 3, 4, 5, 6, 7, 8, 9, 10, 11, 12]
  lit2imprt: {0: 0.014366154372371332, 1: 0.2164661023193576, 2: 0.12815599153975843, 3: 0.014431067357377602, 4: 0.09199868117610986, 5: 0.0093269569347157, 6: 0.023072355996684897, 7: -0.05180983192615112, 8: 0.008753634239613292, 9: 0.1183624922833375, 10: 0.027151541091759768, 11: 0.08420643153566967, 12: 0.07598697703556868}
  time: 0.09

inst: 7
  explaining: age = 40.0 AND sex = 1.0 AND chest = 4.0 AND resting_blood_pressure = 152.0 AND serum_cholestoral = 223.0 AND fasting_blood_sugar = 0.0 AND resting_electrocardiographic_results = 0.0 AND maximum_heart_rate_achieved = 181.0 AND exercise_induced_angina = 0.0 AND oldpeak = 0.0 AND slope = 1.0 AND number_of_major_vessels = 0.0 AND thal = 7.0
  expl: [0, 1, 2, 3, 4, 5, 6, 7, 8, 9, 10, 11, 12]
  lit2imprt: {0: -0.0177254196543039, 1: -0.19631193651945672, 2: -0.12724427112953982, 3: -0.004545263226099638, 4: -0.08991816341286359, 5: 0.0019643391652329964, 6: -0.033554231329404265, 7: 0.0399433978366496, 8: 0.021342659024339475, 9: -0.11569924365290145, 10: -0.030398859268751872, 11: -0.08106372804102571, 12: -0.07386289135585714}
  time: 0.08

inst: 8
  explaining: age = 66.0 AND sex = 1.0 AND chest = 2.0 AND resting_blood_pressure = 160.0 AND serum_cholestoral = 246.0 AND fasting_blood_sugar = 0.0 AND resting_electrocardiographic_results = 0.0 AND maximum_heart_rate_achieved = 120.0 AND exercise_induced_angina = 1.0 AND oldpeak = 0.0 AND slope = 2.0 AND number_of_major_vessels = 3.0 AND thal = 6.0
  expl: [0, 1, 2, 3, 4, 5, 6, 7, 8, 9, 10, 11, 12]
  lit2imprt: {0: -0.007734361202419289, 1: -0.2108550947127566, 2: -0.1260067527787692, 3: -0.0010512721273617546, 4: -0.08315878332951315, 5: -0.023494395485334326, 6: -0.03277565055729404, 7: 0.042072856870767505, 8: -0.015162528677963858, 9: -0.12305733897107932, 10: -0.03231390097366975, 11: -0.07187811174591713, 12: -0.07912131168314047}
  time: 0.08

inst: 9
  explaining: age = 52.0 AND sex = 1.0 AND chest = 2.0 AND resting_blood_pressure = 128.0 AND serum_cholestoral = 205.0 AND fasting_blood_sugar = 1.0 AND resting_electrocardiographic_results = 0.0 AND maximum_heart_rate_achieved = 184.0 AND exercise_induced_angina = 0.0 AND oldpeak = 0.0 AND slope = 1.0 AND number_of_major_vessels = 0.0 AND thal = 3.0
  expl: [0, 1, 2, 3, 4, 5, 6, 7, 8, 9, 10, 11, 12]
  lit2imprt: {0: -0.014464334054813404, 1: -0.18643725478725495, 2: -0.10565032071455349, 3: -0.00072595197068276, 4: -0.08803774355802171, 5: -0.0010118977568043328, 6: -0.025206861115439443, 7: 0.0443572879453691, 8: 0.00870997079291113, 9: -0.10865944586770455, 10: -0.026464496857194934, 11: -0.07777440377957086, 12: -0.0661080938930062}
  time: 0.08

inst: 10
  explaining: age = 65.0 AND sex = 0.0 AND chest = 3.0 AND resting_blood_pressure = 140.0 AND serum_cholestoral = 417.0 AND fasting_blood_sugar = 1.0 AND resting_electrocardiographic_results = 2.0 AND maximum_heart_rate_achieved = 157.0 AND exercise_induced_angina = 0.0 AND oldpeak = 0.8 AND slope = 1.0 AND number_of_major_vessels = 1.0 AND thal = 3.0
  expl: [0, 1, 2, 3, 4, 5, 6, 7, 8, 9, 10, 11, 12]
  lit2imprt: {0: -0.021348141301072168, 1: 0.23846380287785113, 2: -0.12116400995896036, 3: -0.01587268817608427, 4: -0.08419273983087307, 5: -0.003145116007295854, 6: -0.0242042786940942, 7: 0.044676226847444656, 8: 0.012593185472882542, 9: -0.11617937083530298, 10: -0.037478570583822396, 11: -0.07364134832991827, 12: -0.06817377421901404}
  time: 0.08

inst: 11
  explaining: age = 59.0 AND sex = 0.0 AND chest = 4.0 AND resting_blood_pressure = 174.0 AND serum_cholestoral = 249.0 AND fasting_blood_sugar = 0.0 AND resting_electrocardiographic_results = 0.0 AND maximum_heart_rate_achieved = 143.0 AND exercise_induced_angina = 1.0 AND oldpeak = 0.0 AND slope = 2.0 AND number_of_major_vessels = 0.0 AND thal = 3.0
  expl: [0, 1, 2, 3, 4, 5, 6, 7, 8, 9, 10, 11, 12]
  lit2imprt: {0: -0.017107832917035968, 1: 0.20006063298649546, 2: -0.1291972814062674, 3: -0.011755944305356305, 4: -0.09216049536731973, 5: 0.007137098364371211, 6: -0.025636617260135407, 7: 0.04581868733862918, 8: -0.0073077146583823875, 9: -0.12194363998220302, 10: -0.022353588725692375, 11: -0.0765782759750956, 12: -0.06567167497489683}
  time: 0.08

inst: 12
  explaining: age = 60.0 AND sex = 0.0 AND chest = 1.0 AND resting_blood_pressure = 150.0 AND serum_cholestoral = 240.0 AND fasting_blood_sugar = 0.0 AND resting_electrocardiographic_results = 0.0 AND maximum_heart_rate_achieved = 171.0 AND exercise_induced_angina = 0.0 AND oldpeak = 0.9 AND slope = 1.0 AND number_of_major_vessels = 0.0 AND thal = 3.0
  expl: [0, 1, 2, 3, 4, 5, 6, 7, 8, 9, 10, 11, 12]
  lit2imprt: {0: -0.016670966510051063, 1: 0.19514280255039632, 2: -0.10847686459276099, 3: -0.007492941594188844, 4: -0.08888729189098471, 5: 0.0028508731590415042, 6: -0.01904791390429136, 7: 0.045510279825481136, 8: 0.007835139075572126, 9: -0.1130282775940576, 10: -0.02962660169462051, 11: -0.06604619989473375, 12: -0.06118460028674288}
  time: 0.09

inst: 13
  explaining: age = 57.0 AND sex = 1.0 AND chest = 4.0 AND resting_blood_pressure = 150.0 AND serum_cholestoral = 276.0 AND fasting_blood_sugar = 0.0 AND resting_electrocardiographic_results = 2.0 AND maximum_heart_rate_achieved = 112.0 AND exercise_induced_angina = 1.0 AND oldpeak = 0.6 AND slope = 2.0 AND number_of_major_vessels = 1.0 AND thal = 6.0
  expl: [0, 1, 2, 3, 4, 5, 6, 7, 8, 9, 10, 11, 12]
  lit2imprt: {0: 0.014217012703784315, 1: 0.22001374599750279, 2: 0.13187609695605848, 3: 0.0052816631036362105, 4: 0.0819135511612217, 5: 0.011832600259100172, 6: 0.02914433151983237, 7: -0.05121786047449012, 8: 0.006922549381225342, 9: 0.12188722385493041, 10: 0.02550447238856585, 11: 0.08504488119180724, 12: 0.0705170926229764}
  time: 0.09

inst: 14
  explaining: age = 51.0 AND sex = 1.0 AND chest = 4.0 AND resting_blood_pressure = 140.0 AND serum_cholestoral = 261.0 AND fasting_blood_sugar = 0.0 AND resting_electrocardiographic_results = 2.0 AND maximum_heart_rate_achieved = 186.0 AND exercise_induced_angina = 1.0 AND oldpeak = 0.0 AND slope = 1.0 AND number_of_major_vessels = 0.0 AND thal = 3.0
  expl: [0, 1, 2, 3, 4, 5, 6, 7, 8, 9, 10, 11, 12]
  lit2imprt: {0: -0.017533125516477607, 1: -0.20079627509145595, 2: -0.1205681397579134, 3: -0.0026813887451115352, 4: -0.08810983522294777, 5: 0.006633101068387582, 6: -0.022649858879024654, 7: 0.04757181717486093, 8: -0.011973544310292714, 9: -0.11321436548747661, 10: -0.028698757890833024, 11: -0.0869176156088166, 12: -0.06640677004520422}
  time: 0.08

inst: 15
  explaining: age = 58.0 AND sex = 0.0 AND chest = 2.0 AND resting_blood_pressure = 136.0 AND serum_cholestoral = 319.0 AND fasting_blood_sugar = 1.0 AND resting_electrocardiographic_results = 2.0 AND maximum_heart_rate_achieved = 152.0 AND exercise_induced_angina = 0.0 AND oldpeak = 0.0 AND slope = 1.0 AND number_of_major_vessels = 2.0 AND thal = 3.0
  expl: [0, 1, 2, 3, 4, 5, 6, 7, 8, 9, 10, 11, 12]
  lit2imprt: {0: -0.01567092911466957, 1: 0.22283165607519512, 2: -0.12657720487315016, 3: -0.014535371088787545, 4: -0.08620108630677746, 5: -0.004254318116416234, 6: -0.027325303262721548, 7: 0.04073490467780088, 8: 0.012131910855367804, 9: -0.11170074057646753, 10: -0.027051277997334786, 11: -0.06820826444646096, 12: -0.0682742847737457}
  time: 0.08

inst: 16
  explaining: age = 57.0 AND sex = 0.0 AND chest = 4.0 AND resting_blood_pressure = 120.0 AND serum_cholestoral = 354.0 AND fasting_blood_sugar = 0.0 AND resting_electrocardiographic_results = 0.0 AND maximum_heart_rate_achieved = 163.0 AND exercise_induced_angina = 1.0 AND oldpeak = 0.6 AND slope = 1.0 AND number_of_major_vessels = 0.0 AND thal = 3.0
  expl: [0, 1, 2, 3, 4, 5, 6, 7, 8, 9, 10, 11, 12]
  lit2imprt: {0: -0.018019791805832488, 1: 0.22207436018890062, 2: -0.12231053679983422, 3: -0.01600136357255617, 4: -0.0843184680022101, 5: 0.004959217074918782, 6: -0.028456374015370576, 7: 0.044835354495865704, 8: -0.005203636555564869, 9: -0.10979085332374697, 10: -0.020370189164174244, 11: -0.07527778113594372, 12: -0.0701999453512636}
  time: 0.07

inst: 17
  explaining: age = 76.0 AND sex = 0.0 AND chest = 3.0 AND resting_blood_pressure = 140.0 AND serum_cholestoral = 197.0 AND fasting_blood_sugar = 0.0 AND resting_electrocardiographic_results = 1.0 AND maximum_heart_rate_achieved = 116.0 AND exercise_induced_angina = 0.0 AND oldpeak = 1.1 AND slope = 2.0 AND number_of_major_vessels = 0.0 AND thal = 3.0
  expl: [0, 1, 2, 3, 4, 5, 6, 7, 8, 9, 10, 11, 12]
  lit2imprt: {0: -0.008922674571989987, 1: 0.19533835679041223, 2: -0.1279959767656321, 3: -0.00799424838753156, 4: -0.0880734466289941, 5: -0.0012609367539742557, 6: -0.02817609039492946, 7: 0.04136125757199249, 8: 0.012691414583434922, 9: -0.1260662582695071, 10: -0.030051313342709753, 11: -0.07695276381550513, 12: -0.0628754090148992}
  time: 0.08

inst: 18
  explaining: age = 39.0 AND sex = 0.0 AND chest = 3.0 AND resting_blood_pressure = 94.0 AND serum_cholestoral = 199.0 AND fasting_blood_sugar = 0.0 AND resting_electrocardiographic_results = 0.0 AND maximum_heart_rate_achieved = 179.0 AND exercise_induced_angina = 0.0 AND oldpeak = 0.0 AND slope = 1.0 AND number_of_major_vessels = 0.0 AND thal = 3.0
  expl: [0, 1, 2, 3, 4, 5, 6, 7, 8, 9, 10, 11, 12]
  lit2imprt: {0: -0.01724258680786407, 1: 0.18167282589083475, 2: -0.11872999804644459, 3: -0.00390823794602426, 4: -0.07316471216386058, 5: 0.0009433588473222511, 6: -0.024615572367470046, 7: 0.040039912636238746, 8: 0.01002195310117546, 9: -0.11187440314547896, 10: -0.024596710245498993, 11: -0.08205645348062961, 12: -0.06739380967405555}
  time: 0.07

inst: 19
  explaining: age = 61.0 AND sex = 0.0 AND chest = 4.0 AND resting_blood_pressure = 130.0 AND serum_cholestoral = 330.0 AND fasting_blood_sugar = 0.0 AND resting_electrocardiographic_results = 2.0 AND maximum_heart_rate_achieved = 169.0 AND exercise_induced_angina = 0.0 AND oldpeak = 0.0 AND slope = 1.0 AND number_of_major_vessels = 0.0 AND thal = 3.0
  expl: [0, 1, 2, 3, 4, 5, 6, 7, 8, 9, 10, 11, 12]
  lit2imprt: {0: -0.01817528361758779, 1: 0.21813429775601528, 2: -0.1259522341632931, 3: -0.016872085967556016, 4: -0.08240867493089675, 5: -0.0015855212650043864, 6: -0.028475221860559508, 7: 0.04645570547765814, 8: 0.008862747125522152, 9: -0.12156019214362566, 10: -0.024758619224686, 11: -0.08289007313495966, 12: -0.06928204282676283}
  time: 0.09

inst: 20
  explaining: age = 54.0 AND sex = 1.0 AND chest = 4.0 AND resting_blood_pressure = 124.0 AND serum_cholestoral = 266.0 AND fasting_blood_sugar = 0.0 AND resting_electrocardiographic_results = 2.0 AND maximum_heart_rate_achieved = 109.0 AND exercise_induced_angina = 1.0 AND oldpeak = 2.2 AND slope = 2.0 AND number_of_major_vessels = 1.0 AND thal = 7.0
  expl: [0, 1, 2, 3, 4, 5, 6, 7, 8, 9, 10, 11, 12]
  lit2imprt: {0: 0.011013238870245842, 1: 0.20480948823721248, 2: 0.13071647602224132, 3: 0.011154882094600997, 4: 0.0750789457693298, 5: 0.006939214858822592, 6: 0.03436947599549766, 7: -0.05334417602843124, 8: 0.010493228125609702, 9: 0.12421132450929392, 10: 0.031067055728958137, 11: 0.08438626176476387, 12: 0.07721503476223608}
  time: 0.09

inst: 21
  explaining: age = 50.0 AND sex = 0.0 AND chest = 2.0 AND resting_blood_pressure = 120.0 AND serum_cholestoral = 244.0 AND fasting_blood_sugar = 0.0 AND resting_electrocardiographic_results = 0.0 AND maximum_heart_rate_achieved = 162.0 AND exercise_induced_angina = 0.0 AND oldpeak = 1.1 AND slope = 1.0 AND number_of_major_vessels = 0.0 AND thal = 3.0
  expl: [0, 1, 2, 3, 4, 5, 6, 7, 8, 9, 10, 11, 12]
  lit2imprt: {0: -0.016000590109724096, 1: 0.1987732584294559, 2: -0.11484493981422328, 3: -0.010152787302747584, 4: -0.08105063291287115, 5: 0.003452631814219226, 6: -0.026024043601272726, 7: 0.05160518392766482, 8: 0.009657411461942747, 9: -0.11369146399914162, 10: -0.026875483249105183, 11: -0.07030846013568307, 12: -0.06630877120325705}
  time: 0.08

inst: 22
  explaining: age = 44.0 AND sex = 0.0 AND chest = 3.0 AND resting_blood_pressure = 108.0 AND serum_cholestoral = 141.0 AND fasting_blood_sugar = 0.0 AND resting_electrocardiographic_results = 0.0 AND maximum_heart_rate_achieved = 175.0 AND exercise_induced_angina = 0.0 AND oldpeak = 0.6 AND slope = 2.0 AND number_of_major_vessels = 0.0 AND thal = 3.0
  expl: [0, 1, 2, 3, 4, 5, 6, 7, 8, 9, 10, 11, 12]
  lit2imprt: {0: -0.019684873564858662, 1: 0.18813115232327293, 2: -0.11789621322501079, 3: -0.00353970249262051, 4: -0.0696315648787644, 5: -0.007265321236934979, 6: -0.024063148414919147, 7: 0.05182038375151019, 8: 0.013562784756988737, 9: -0.12449743835028293, 10: -0.02862078219373989, 11: -0.08613977627765732, 12: -0.06651032288482599}
  time: 0.10

inst: 23
  explaining: age = 49.0 AND sex = 0.0 AND chest = 4.0 AND resting_blood_pressure = 130.0 AND serum_cholestoral = 269.0 AND fasting_blood_sugar = 0.0 AND resting_electrocardiographic_results = 0.0 AND maximum_heart_rate_achieved = 163.0 AND exercise_induced_angina = 0.0 AND oldpeak = 0.0 AND slope = 1.0 AND number_of_major_vessels = 0.0 AND thal = 3.0
  expl: [0, 1, 2, 3, 4, 5, 6, 7, 8, 9, 10, 11, 12]
  lit2imprt: {0: -0.01434739803561809, 1: 0.20042680176683042, 2: -0.12588304699846345, 3: -0.00642326424533329, 4: -0.08382239089464405, 5: 0.003858270366120235, 6: -0.026730679241526945, 7: 0.04891501169417763, 8: 0.010179367120335256, 9: -0.11271711913108054, 10: -0.022076128451351505, 11: -0.0774899480456044, 12: -0.07271893984619304}
  time: 0.09

inst: 24
  explaining: age = 63.0 AND sex = 1.0 AND chest = 4.0 AND resting_blood_pressure = 130.0 AND serum_cholestoral = 254.0 AND fasting_blood_sugar = 0.0 AND resting_electrocardiographic_results = 2.0 AND maximum_heart_rate_achieved = 147.0 AND exercise_induced_angina = 0.0 AND oldpeak = 1.4 AND slope = 2.0 AND number_of_major_vessels = 1.0 AND thal = 7.0
  expl: [0, 1, 2, 3, 4, 5, 6, 7, 8, 9, 10, 11, 12]
  lit2imprt: {0: 0.012909004372343805, 1: 0.21306783732218684, 2: 0.13113264772017835, 3: 0.014280349342721226, 4: 0.07948888363905986, 5: 0.008899115608901768, 6: 0.026311588290686947, 7: -0.04466364752849579, 8: -0.011538012476898101, 9: 0.12234209965707911, 10: 0.029244833817879817, 11: 0.08460424635441535, 12: 0.07851710078968593}
  time: 0.09

inst: 25
  explaining: age = 51.0 AND sex = 1.0 AND chest = 3.0 AND resting_blood_pressure = 100.0 AND serum_cholestoral = 222.0 AND fasting_blood_sugar = 0.0 AND resting_electrocardiographic_results = 0.0 AND maximum_heart_rate_achieved = 143.0 AND exercise_induced_angina = 1.0 AND oldpeak = 1.2 AND slope = 2.0 AND number_of_major_vessels = 0.0 AND thal = 3.0
  expl: [0, 1, 2, 3, 4, 5, 6, 7, 8, 9, 10, 11, 12]
  lit2imprt: {0: -0.012143677765385122, 1: -0.1950430136031299, 2: -0.12380982735112647, 3: -0.0025358834798493903, 4: -0.08083107118237162, 5: -0.004330564351694873, 6: -0.023194714930060124, 7: 0.044127456529395974, 8: -0.019390099877166295, 9: -0.12455193932710183, 10: -0.028736560274416626, 11: -0.08132313900357488, 12: -0.06769236053403062}
  time: 0.08

inst: 26
  explaining: age = 59.0 AND sex = 1.0 AND chest = 4.0 AND resting_blood_pressure = 140.0 AND serum_cholestoral = 177.0 AND fasting_blood_sugar = 0.0 AND resting_electrocardiographic_results = 0.0 AND maximum_heart_rate_achieved = 162.0 AND exercise_induced_angina = 1.0 AND oldpeak = 0.0 AND slope = 1.0 AND number_of_major_vessels = 1.0 AND thal = 7.0
  expl: [0, 1, 2, 3, 4, 5, 6, 7, 8, 9, 10, 11, 12]
  lit2imprt: {0: -0.011992380159128143, 1: -0.17170616492472368, 2: -0.1286753280959107, 3: -0.008004068622925081, 4: -0.08495989415968316, 5: 0.006798095358197855, 6: -0.029002533171618855, 7: 0.03279144199674262, 8: -0.008651304889893921, 9: -0.12616444171779997, 10: -0.030139955993166993, 11: -0.08028447931881555, 12: -0.06981667747829842}
  time: 0.08

inst: 27
  explaining: age = 55.0 AND sex = 0.0 AND chest = 4.0 AND resting_blood_pressure = 180.0 AND serum_cholestoral = 327.0 AND fasting_blood_sugar = 0.0 AND resting_electrocardiographic_results = 1.0 AND maximum_heart_rate_achieved = 117.0 AND exercise_induced_angina = 1.0 AND oldpeak = 3.4 AND slope = 2.0 AND number_of_major_vessels = 0.0 AND thal = 3.0
  expl: [0, 1, 2, 3, 4, 5, 6, 7, 8, 9, 10, 11, 12]
  lit2imprt: {0: 0.020279632820723058, 1: -0.2168052017878135, 2: 0.12716496897256543, 3: 0.0026906553421438537, 4: 0.08972898371399364, 5: 0.004108460600347789, 6: 0.02274129095776539, 7: -0.04903760905190115, 8: 0.01301130646560325, 9: 0.12555575245784195, 10: 0.025436611848549687, 11: 0.07685103120759836, 12: 0.06002784736488534}
  time: 0.10

inst: 28
  explaining: age = 52.0 AND sex = 0.0 AND chest = 3.0 AND resting_blood_pressure = 136.0 AND serum_cholestoral = 196.0 AND fasting_blood_sugar = 0.0 AND resting_electrocardiographic_results = 2.0 AND maximum_heart_rate_achieved = 169.0 AND exercise_induced_angina = 0.0 AND oldpeak = 0.1 AND slope = 2.0 AND number_of_major_vessels = 0.0 AND thal = 3.0
  expl: [0, 1, 2, 3, 4, 5, 6, 7, 8, 9, 10, 11, 12]
  lit2imprt: {0: -0.015469640095343603, 1: 0.19021589953520504, 2: -0.12214210110945821, 3: -0.0028850936713519597, 4: -0.07704536339408155, 5: 0.005317049475566897, 6: -0.024616156924836076, 7: 0.04661835168896131, 8: 0.012591747374786922, 9: -0.11767857563388434, 10: -0.02902183494646852, 11: -0.082667685013473, 12: -0.067336072297917}
  time: 0.08

inst: 29
  explaining: age = 60.0 AND sex = 1.0 AND chest = 4.0 AND resting_blood_pressure = 117.0 AND serum_cholestoral = 230.0 AND fasting_blood_sugar = 1.0 AND resting_electrocardiographic_results = 0.0 AND maximum_heart_rate_achieved = 160.0 AND exercise_induced_angina = 1.0 AND oldpeak = 1.4 AND slope = 1.0 AND number_of_major_vessels = 2.0 AND thal = 7.0
  expl: [0, 1, 2, 3, 4, 5, 6, 7, 8, 9, 10, 11, 12]
  lit2imprt: {0: 0.004842688076894809, 1: 0.20355053600101058, 2: 0.13577831344044308, 3: 0.006178165268858263, 4: 0.07852852399376703, 5: -0.028075040270547053, 6: 0.033593882427035274, 7: -0.041189685879685474, 8: 0.010559560412661421, 9: 0.12251201312283004, 10: 0.03691534018696523, 11: 0.07821734395267493, 12: 0.07856345645610707}
  time: 0.08

inst: 30
  explaining: age = 42.0 AND sex = 1.0 AND chest = 4.0 AND resting_blood_pressure = 140.0 AND serum_cholestoral = 226.0 AND fasting_blood_sugar = 0.0 AND resting_electrocardiographic_results = 0.0 AND maximum_heart_rate_achieved = 178.0 AND exercise_induced_angina = 0.0 AND oldpeak = 0.0 AND slope = 1.0 AND number_of_major_vessels = 0.0 AND thal = 3.0
  expl: [0, 1, 2, 3, 4, 5, 6, 7, 8, 9, 10, 11, 12]
  lit2imprt: {0: -0.01835633178032016, 1: -0.18166141791109247, 2: -0.12502814438970222, 3: -0.004381864814309066, 4: -0.08139138921541339, 5: 0.015904252436472893, 6: -0.02724359897380612, 7: 0.04659996861404178, 8: 0.03096291652869838, 9: -0.1172979820554603, 10: -0.028332339638737547, 11: -0.08340006678251208, 12: -0.06434706353566857}
  time: 0.07

inst: 31
  explaining: age = 56.0 AND sex = 1.0 AND chest = 4.0 AND resting_blood_pressure = 125.0 AND serum_cholestoral = 249.0 AND fasting_blood_sugar = 1.0 AND resting_electrocardiographic_results = 2.0 AND maximum_heart_rate_achieved = 144.0 AND exercise_induced_angina = 1.0 AND oldpeak = 1.2 AND slope = 2.0 AND number_of_major_vessels = 1.0 AND thal = 3.0
  expl: [0, 1, 2, 3, 4, 5, 6, 7, 8, 9, 10, 11, 12]
  lit2imprt: {0: 0.01774466221082371, 1: 0.20066863436007665, 2: 0.12749411149526457, 3: 0.007896348411443084, 4: 0.07747150093130563, 5: 0.0062204981948448005, 6: 0.028170758067468726, 7: -0.045720677353485624, 8: 0.016081266583300884, 9: 0.12345681431173515, 10: 0.03150047961315544, 11: 0.08261950961801859, 12: 0.06273997752991646}
  time: 0.07

inst: 32
  explaining: age = 53.0 AND sex = 1.0 AND chest = 4.0 AND resting_blood_pressure = 123.0 AND serum_cholestoral = 282.0 AND fasting_blood_sugar = 0.0 AND resting_electrocardiographic_results = 0.0 AND maximum_heart_rate_achieved = 95.0 AND exercise_induced_angina = 1.0 AND oldpeak = 2.0 AND slope = 2.0 AND number_of_major_vessels = 2.0 AND thal = 7.0
  expl: [0, 1, 2, 3, 4, 5, 6, 7, 8, 9, 10, 11, 12]
  lit2imprt: {0: 0.004938586448599423, 1: 0.22793830911840193, 2: 0.1304904547091237, 3: 0.005515163232018856, 4: 0.08248850795402173, 5: -0.011754942212763285, 6: 0.033141754756645374, 7: -0.04192419399034228, 8: 0.001991799825439954, 9: 0.12659132683878313, 10: 0.031684019259432795, 11: 0.07113983630074663, 12: 0.0728214436939703}
  time: 0.08

inst: 33
  explaining: age = 52.0 AND sex = 1.0 AND chest = 4.0 AND resting_blood_pressure = 112.0 AND serum_cholestoral = 230.0 AND fasting_blood_sugar = 0.0 AND resting_electrocardiographic_results = 0.0 AND maximum_heart_rate_achieved = 160.0 AND exercise_induced_angina = 0.0 AND oldpeak = 0.0 AND slope = 1.0 AND number_of_major_vessels = 1.0 AND thal = 3.0
  expl: [0, 1, 2, 3, 4, 5, 6, 7, 8, 9, 10, 11, 12]
  lit2imprt: {0: -0.011826336904727501, 1: -0.20211296652083338, 2: -0.12460717418931787, 3: -0.0024446252685106974, 4: -0.08342068015341368, 5: 0.008327545554533366, 6: -0.032896674493219515, 7: 0.03953934553871005, 8: 0.006779699552794152, 9: -0.11706202610790412, 10: -0.02801229678342082, 11: -0.08091405804725237, 12: -0.06429953790365885}
  time: 0.09

inst: 34
  explaining: age = 40.0 AND sex = 1.0 AND chest = 4.0 AND resting_blood_pressure = 110.0 AND serum_cholestoral = 167.0 AND fasting_blood_sugar = 0.0 AND resting_electrocardiographic_results = 2.0 AND maximum_heart_rate_achieved = 114.0 AND exercise_induced_angina = 1.0 AND oldpeak = 2.0 AND slope = 2.0 AND number_of_major_vessels = 0.0 AND thal = 7.0
  expl: [0, 1, 2, 3, 4, 5, 6, 7, 8, 9, 10, 11, 12]
  lit2imprt: {0: 0.014870751874037375, 1: 0.1910045113273343, 2: 0.12274030224137868, 3: 0.004073873988698673, 4: 0.07844734905851557, 5: 0.0012806421717237396, 6: 0.02259141650539001, 7: -0.04896277934344815, 8: 0.024201656705770718, 9: 0.12579746621439433, 10: 0.02389386197318144, 11: 0.09420021641979649, 12: 0.07277507147734075}
  time: 0.09

inst: 35
  explaining: age = 41.0 AND sex = 0.0 AND chest = 3.0 AND resting_blood_pressure = 112.0 AND serum_cholestoral = 268.0 AND fasting_blood_sugar = 0.0 AND resting_electrocardiographic_results = 2.0 AND maximum_heart_rate_achieved = 172.0 AND exercise_induced_angina = 1.0 AND oldpeak = 0.0 AND slope = 1.0 AND number_of_major_vessels = 0.0 AND thal = 3.0
  expl: [0, 1, 2, 3, 4, 5, 6, 7, 8, 9, 10, 11, 12]
  lit2imprt: {0: -0.02284481517873329, 1: 0.19474950183591105, 2: -0.12041165637628577, 3: -0.007992724822098639, 4: -0.08729847807187484, 5: -0.00043100319965086925, 6: -0.019718525567127936, 7: 0.050982216693564286, 8: -0.018855161430309398, 9: -0.11173285724965411, 10: -0.026140567480203155, 11: -0.0856561074678244, 12: -0.06600512816034315}
  time: 0.08

inst: 36
  explaining: age = 46.0 AND sex = 0.0 AND chest = 2.0 AND resting_blood_pressure = 105.0 AND serum_cholestoral = 204.0 AND fasting_blood_sugar = 0.0 AND resting_electrocardiographic_results = 0.0 AND maximum_heart_rate_achieved = 172.0 AND exercise_induced_angina = 0.0 AND oldpeak = 0.0 AND slope = 1.0 AND number_of_major_vessels = 0.0 AND thal = 3.0
  expl: [0, 1, 2, 3, 4, 5, 6, 7, 8, 9, 10, 11, 12]
  lit2imprt: {0: -0.018445063358380056, 1: 0.19547539813182035, 2: -0.11551152050051275, 3: -0.005149711465345965, 4: -0.07412394978422744, 5: 0.006503760903179914, 6: -0.021825698741605015, 7: 0.045964412671355384, 8: 0.014757806318249968, 9: -0.11224380836108264, 10: -0.027065016399899985, 11: -0.07639005081828484, 12: -0.06703722415488182}
  time: 0.08

inst: 37
  explaining: age = 56.0 AND sex = 0.0 AND chest = 4.0 AND resting_blood_pressure = 134.0 AND serum_cholestoral = 409.0 AND fasting_blood_sugar = 0.0 AND resting_electrocardiographic_results = 2.0 AND maximum_heart_rate_achieved = 150.0 AND exercise_induced_angina = 1.0 AND oldpeak = 1.9 AND slope = 2.0 AND number_of_major_vessels = 2.0 AND thal = 7.0
  expl: [0, 1, 2, 3, 4, 5, 6, 7, 8, 9, 10, 11, 12]
  lit2imprt: {0: 0.0198188859165044, 1: -0.22389489362447426, 2: 0.12359957766239017, 3: 0.011731210434041772, 4: 0.08925074391269562, 5: -0.013816624248490058, 6: 0.02620143389981197, 7: -0.040731961785067855, 8: 0.011864118096850838, 9: 0.11552338580785217, 10: 0.030571062546523815, 11: 0.07923299188468927, 12: 0.0841306615426768}
  time: 0.09

inst: 38
  explaining: age = 41.0 AND sex = 1.0 AND chest = 4.0 AND resting_blood_pressure = 110.0 AND serum_cholestoral = 172.0 AND fasting_blood_sugar = 0.0 AND resting_electrocardiographic_results = 2.0 AND maximum_heart_rate_achieved = 158.0 AND exercise_induced_angina = 0.0 AND oldpeak = 0.0 AND slope = 1.0 AND number_of_major_vessels = 0.0 AND thal = 7.0
  expl: [0, 1, 2, 3, 4, 5, 6, 7, 8, 9, 10, 11, 12]
  lit2imprt: {0: -0.014255615075673862, 1: -0.19178593079414094, 2: -0.1331215753980658, 3: -0.005544448509563926, 4: -0.0777144057455858, 5: -0.007469767516534273, 6: -0.02989644713969127, 7: 0.0417930978584747, 8: 0.013840103720126604, 9: -0.12115087483497572, 10: -0.0282201339037007, 11: -0.09074091678900836, 12: -0.07635766297320891}
  time: 0.08

inst: 39
  explaining: age = 42.0 AND sex = 0.0 AND chest = 4.0 AND resting_blood_pressure = 102.0 AND serum_cholestoral = 265.0 AND fasting_blood_sugar = 0.0 AND resting_electrocardiographic_results = 2.0 AND maximum_heart_rate_achieved = 122.0 AND exercise_induced_angina = 0.0 AND oldpeak = 0.6 AND slope = 2.0 AND number_of_major_vessels = 0.0 AND thal = 3.0
  expl: [0, 1, 2, 3, 4, 5, 6, 7, 8, 9, 10, 11, 12]
  lit2imprt: {0: -0.01725850372419063, 1: 0.21194173866493013, 2: -0.11898613202964554, 3: -0.0034381532743462317, 4: -0.07692061390351508, 5: -0.0008313097655423626, 6: -0.022269015760761394, 7: 0.05328838194330502, 8: 0.0064151959512307255, 9: -0.11835422556557959, 10: -0.022294425237244616, 11: -0.07990123778233194, 12: -0.0689589727975345}
  time: 0.08

inst: 40
  explaining: age = 43.0 AND sex = 1.0 AND chest = 3.0 AND resting_blood_pressure = 130.0 AND serum_cholestoral = 315.0 AND fasting_blood_sugar = 0.0 AND resting_electrocardiographic_results = 0.0 AND maximum_heart_rate_achieved = 162.0 AND exercise_induced_angina = 0.0 AND oldpeak = 1.9 AND slope = 1.0 AND number_of_major_vessels = 1.0 AND thal = 3.0
  expl: [0, 1, 2, 3, 4, 5, 6, 7, 8, 9, 10, 11, 12]
  lit2imprt: {0: -0.018117833062587057, 1: -0.22528892583672555, 2: -0.12170224439661491, 3: -0.009039823109918464, 4: -0.07700567907609385, 5: 0.003837664512254419, 6: -0.03178599300977447, 7: 0.04452883033971282, 8: 0.020562302264874238, 9: -0.11969959988170471, 10: -0.034425668595038, 11: -0.07403208339436267, 12: -0.06575472176406115}
  time: 0.08

inst: 41
  explaining: age = 62.0 AND sex = 0.0 AND chest = 4.0 AND resting_blood_pressure = 140.0 AND serum_cholestoral = 394.0 AND fasting_blood_sugar = 0.0 AND resting_electrocardiographic_results = 2.0 AND maximum_heart_rate_achieved = 157.0 AND exercise_induced_angina = 0.0 AND oldpeak = 1.2 AND slope = 2.0 AND number_of_major_vessels = 0.0 AND thal = 3.0
  expl: [0, 1, 2, 3, 4, 5, 6, 7, 8, 9, 10, 11, 12]
  lit2imprt: {0: 0.01635166929863512, 1: -0.23556723678280558, 2: 0.1266110728057448, 3: 0.018801151005258816, 4: 0.08807599085266897, 5: -0.00384439826814167, 6: 0.026273088426704113, 7: -0.04926693623900395, 8: -0.004415053241844475, 9: 0.11612163894339039, 10: 0.02788712335015169, 11: 0.07835444932738128, 12: 0.07207058262818378}
  time: 0.07

inst: 42
  explaining: age = 70.0 AND sex = 1.0 AND chest = 3.0 AND resting_blood_pressure = 160.0 AND serum_cholestoral = 269.0 AND fasting_blood_sugar = 0.0 AND resting_electrocardiographic_results = 0.0 AND maximum_heart_rate_achieved = 112.0 AND exercise_induced_angina = 1.0 AND oldpeak = 2.9 AND slope = 2.0 AND number_of_major_vessels = 1.0 AND thal = 7.0
  expl: [0, 1, 2, 3, 4, 5, 6, 7, 8, 9, 10, 11, 12]
  lit2imprt: {0: 0.004484834283233784, 1: 0.20846576907609743, 2: 0.12894604800883824, 3: 0.011004096074867112, 4: 0.08239699271745246, 5: 0.004946517348497853, 6: 0.030569432711578522, 7: -0.04551229889634858, 8: 0.02228448307936767, 9: 0.1242805628013666, 10: 0.03271283634343228, 11: 0.07703509827123578, 12: 0.07369658908801666}
  time: 0.07

inst: 43
  explaining: age = 54.0 AND sex = 1.0 AND chest = 4.0 AND resting_blood_pressure = 140.0 AND serum_cholestoral = 239.0 AND fasting_blood_sugar = 0.0 AND resting_electrocardiographic_results = 0.0 AND maximum_heart_rate_achieved = 160.0 AND exercise_induced_angina = 0.0 AND oldpeak = 1.2 AND slope = 1.0 AND number_of_major_vessels = 0.0 AND thal = 3.0
  expl: [0, 1, 2, 3, 4, 5, 6, 7, 8, 9, 10, 11, 12]
  lit2imprt: {0: -0.013502166392456215, 1: -0.18828531570933926, 2: -0.12557624954315763, 3: -0.008867030476086632, 4: -0.07838837418771821, 5: 0.0066125868991100244, 6: -0.023441733033525935, 7: 0.04373740222646393, 8: 0.010539421626111625, 9: -0.1248238549584226, 10: -0.02821833383853883, 11: -0.08532944960579768, 12: -0.06818052383655879}
  time: 0.08

inst: 44
  explaining: age = 70.0 AND sex = 1.0 AND chest = 4.0 AND resting_blood_pressure = 145.0 AND serum_cholestoral = 174.0 AND fasting_blood_sugar = 0.0 AND resting_electrocardiographic_results = 0.0 AND maximum_heart_rate_achieved = 125.0 AND exercise_induced_angina = 1.0 AND oldpeak = 2.6 AND slope = 3.0 AND number_of_major_vessels = 0.0 AND thal = 7.0
  expl: [0, 1, 2, 3, 4, 5, 6, 7, 8, 9, 10, 11, 12]
  lit2imprt: {0: 0.0033294084767053274, 1: 0.17680192913652767, 2: 0.12948909708736867, 3: 0.004737606945496931, 4: 0.0710995669584211, 5: 0.000501684036259663, 6: 0.027654434340909882, 7: -0.04591496941111413, 8: 0.012031844613165693, 9: 0.13213912693542818, 10: 0.02720335810014161, 11: 0.09254526312235753, 12: 0.07228575219702506}
  time: 0.10

inst: 45
  explaining: age = 54.0 AND sex = 1.0 AND chest = 2.0 AND resting_blood_pressure = 108.0 AND serum_cholestoral = 309.0 AND fasting_blood_sugar = 0.0 AND resting_electrocardiographic_results = 0.0 AND maximum_heart_rate_achieved = 156.0 AND exercise_induced_angina = 0.0 AND oldpeak = 0.0 AND slope = 1.0 AND number_of_major_vessels = 0.0 AND thal = 7.0
  expl: [0, 1, 2, 3, 4, 5, 6, 7, 8, 9, 10, 11, 12]
  lit2imprt: {0: 0.00960607197424295, 1: 0.22405296202461078, 2: 0.11288992649454636, 3: 0.01695812712039714, 4: 0.08882672164357291, 5: 0.00870205316144744, 6: 0.020145952882429166, 7: -0.04164798876509556, 8: -0.0179903145629337, 9: 0.1096004294479039, 10: 0.029492071161466082, 11: 0.06933416976057388, 12: 0.07230405786741692}
  time: 0.08

inst: 46
  explaining: age = 58.0 AND sex = 0.0 AND chest = 4.0 AND resting_blood_pressure = 100.0 AND serum_cholestoral = 248.0 AND fasting_blood_sugar = 0.0 AND resting_electrocardiographic_results = 2.0 AND maximum_heart_rate_achieved = 122.0 AND exercise_induced_angina = 0.0 AND oldpeak = 1.0 AND slope = 2.0 AND number_of_major_vessels = 0.0 AND thal = 3.0
  expl: [0, 1, 2, 3, 4, 5, 6, 7, 8, 9, 10, 11, 12]
  lit2imprt: {0: -0.009712539899509858, 1: 0.22277951728632764, 2: -0.12225923144459502, 3: -0.004479145455624304, 4: -0.07296389276660545, 5: -0.0019107741272435192, 6: -0.023948845939839744, 7: 0.050788716250524585, 8: 0.021184953234404412, 9: -0.11633816356339534, 10: -0.021365375008133715, 11: -0.0934131174945983, 12: -0.06190264654606809}
  time: 0.08

inst: 47
  explaining: age = 58.0 AND sex = 1.0 AND chest = 4.0 AND resting_blood_pressure = 125.0 AND serum_cholestoral = 300.0 AND fasting_blood_sugar = 0.0 AND resting_electrocardiographic_results = 2.0 AND maximum_heart_rate_achieved = 171.0 AND exercise_induced_angina = 0.0 AND oldpeak = 0.0 AND slope = 1.0 AND number_of_major_vessels = 2.0 AND thal = 7.0
  expl: [0, 1, 2, 3, 4, 5, 6, 7, 8, 9, 10, 11, 12]
  lit2imprt: {0: 0.012324136989328502, 1: 0.21226018162050647, 2: 0.12735279220131224, 3: 0.013038409984626657, 4: 0.08365143315538581, 5: -0.008068098864602035, 6: 0.02694774482400941, 7: -0.036769850937257764, 8: -0.005286390723694415, 9: 0.1160033826280431, 10: 0.03882465726175423, 11: 0.07825493170889629, 12: 0.07291106057815168}
  time: 0.07

inst: 48
  explaining: age = 52.0 AND sex = 1.0 AND chest = 1.0 AND resting_blood_pressure = 152.0 AND serum_cholestoral = 298.0 AND fasting_blood_sugar = 1.0 AND resting_electrocardiographic_results = 0.0 AND maximum_heart_rate_achieved = 178.0 AND exercise_induced_angina = 0.0 AND oldpeak = 1.2 AND slope = 2.0 AND number_of_major_vessels = 0.0 AND thal = 7.0
  expl: [0, 1, 2, 3, 4, 5, 6, 7, 8, 9, 10, 11, 12]
  lit2imprt: {0: 0.01110885794831409, 1: 0.22404792583737132, 2: 0.1044929823367986, 3: 0.004172315707633123, 4: 0.09789902369048559, 5: 0.004087966175238635, 6: 0.012877481664770617, 7: -0.04595585392258993, 8: -0.016778425056206595, 9: 0.11332490116984979, 10: 0.029629839342332157, 11: 0.07206017512349394, 12: 0.0794603757465704}
  time: 0.08

inst: 49
  explaining: age = 64.0 AND sex = 1.0 AND chest = 3.0 AND resting_blood_pressure = 125.0 AND serum_cholestoral = 309.0 AND fasting_blood_sugar = 0.0 AND resting_electrocardiographic_results = 0.0 AND maximum_heart_rate_achieved = 131.0 AND exercise_induced_angina = 1.0 AND oldpeak = 1.8 AND slope = 2.0 AND number_of_major_vessels = 0.0 AND thal = 7.0
  expl: [0, 1, 2, 3, 4, 5, 6, 7, 8, 9, 10, 11, 12]
  lit2imprt: {0: 0.01661280220857829, 1: 0.2234181996222963, 2: 0.11494140715280014, 3: 0.013465184285072812, 4: 0.084148523986309, 5: 0.013214368010429307, 6: 0.019625356068875322, 7: -0.041292423750950824, 8: 0.007103819141165049, 9: 0.12052708890254801, 10: 0.02825974421412807, 11: 0.08387671011520255, 12: 0.07520182141055823}
  time: 0.08

inst: 50
  explaining: age = 44.0 AND sex = 1.0 AND chest = 4.0 AND resting_blood_pressure = 112.0 AND serum_cholestoral = 290.0 AND fasting_blood_sugar = 0.0 AND resting_electrocardiographic_results = 2.0 AND maximum_heart_rate_achieved = 153.0 AND exercise_induced_angina = 0.0 AND oldpeak = 0.0 AND slope = 1.0 AND number_of_major_vessels = 1.0 AND thal = 3.0
  expl: [0, 1, 2, 3, 4, 5, 6, 7, 8, 9, 10, 11, 12]
  lit2imprt: {0: 0.017712022723785043, 1: 0.20997470134792587, 2: 0.1266270259434375, 3: 0.006696537965728712, 4: 0.07605650202912188, 5: 0.00758154866449591, 6: 0.03110502192119657, 7: -0.049568811626847537, 8: -0.013923722469829859, 9: 0.11042441526775032, 10: 0.027334408937282242, 11: 0.08265182429452796, 12: 0.07526825785467807}
  time: 0.09

inst: 51
  explaining: age = 51.0 AND sex = 1.0 AND chest = 3.0 AND resting_blood_pressure = 110.0 AND serum_cholestoral = 175.0 AND fasting_blood_sugar = 0.0 AND resting_electrocardiographic_results = 0.0 AND maximum_heart_rate_achieved = 123.0 AND exercise_induced_angina = 0.0 AND oldpeak = 0.6 AND slope = 1.0 AND number_of_major_vessels = 0.0 AND thal = 3.0
  expl: [0, 1, 2, 3, 4, 5, 6, 7, 8, 9, 10, 11, 12]
  lit2imprt: {0: -0.010103007792150325, 1: -0.1853158355278345, 2: -0.11657812439918931, 3: 0.0007216869112403537, 4: -0.08169665120211286, 5: -0.0009292710226335275, 6: -0.021339037369309335, 7: 0.051180010471663054, 8: 0.009571267143549672, 9: -0.1215901825559977, 10: -0.027895254447719824, 11: -0.07827748729935907, 12: -0.0634186010311724}
  time: 0.09

inst: 52
  explaining: age = 55.0 AND sex = 1.0 AND chest = 4.0 AND resting_blood_pressure = 132.0 AND serum_cholestoral = 353.0 AND fasting_blood_sugar = 0.0 AND resting_electrocardiographic_results = 0.0 AND maximum_heart_rate_achieved = 132.0 AND exercise_induced_angina = 1.0 AND oldpeak = 1.2 AND slope = 2.0 AND number_of_major_vessels = 1.0 AND thal = 7.0
  expl: [0, 1, 2, 3, 4, 5, 6, 7, 8, 9, 10, 11, 12]
  lit2imprt: {0: 0.008314518371902516, 1: 0.2284018650665875, 2: 0.12306469221540636, 3: 0.015041620282711552, 4: 0.09219906112836328, 5: -0.00928294681195256, 6: 0.024016447976488497, 7: -0.03929994013466676, 8: 0.003775140968796953, 9: 0.12382041148871924, 10: 0.028665186336066243, 11: 0.07298345216925621, 12: 0.07668974381620908}
  time: 0.07

inst: 53
  explaining: age = 57.0 AND sex = 1.0 AND chest = 4.0 AND resting_blood_pressure = 140.0 AND serum_cholestoral = 192.0 AND fasting_blood_sugar = 0.0 AND resting_electrocardiographic_results = 0.0 AND maximum_heart_rate_achieved = 148.0 AND exercise_induced_angina = 0.0 AND oldpeak = 0.4 AND slope = 2.0 AND number_of_major_vessels = 0.0 AND thal = 6.0
  expl: [0, 1, 2, 3, 4, 5, 6, 7, 8, 9, 10, 11, 12]
  lit2imprt: {0: -0.010068230995752384, 1: -0.1835849833719213, 2: -0.12425884825350911, 3: -0.009951632979215311, 4: -0.08516583333157929, 5: 0.00028243420316002263, 6: -0.02240127677884395, 7: 0.04069292037288333, 8: 0.02109693194477299, 9: -0.12560750115568997, 10: -0.022327882015866947, 11: -0.09165315238188396, 12: -0.07183449886752856}
  time: 0.08
