loading model from  ./temp/lending/lending_train1_data/lending_train1_data_nbestim_25_maxdepth_3_testsplit_0.0.mod.pkl
loading data from  ./temp/lending/lending_train1_data/lending_train1_data_nbestim_25_maxdepth_3_testsplit_0.0.mod.pkl.splitdata.pkl

inst: 0
  explaining: loan_amnt = 5400.00 < loan_amnt <= 10000.00 AND home_ownership = MORTGAGE AND annual_inc = annual_inc > 82000.00 AND desc = desc <= 4.00 AND inq_last_6mths = inq_last_6mths <= 0.00 AND revol_util = revol_util > 72.23 AND last_fico_range_high = last_fico_range_high <= 649.00 AND last_fico_range_low = last_fico_range_low <= 645.00 AND pub_rec_bankruptcies = 0
  expl: [0, 1, 2, 3, 4, 5, 6, 7, 8]
  lit2imprt: {0: -0.02952645849229517, 1: -0.0011768105983933899, 2: -0.039375231982767545, 3: -0.007749396740139375, 4: -0.008935081523561969, 5: -0.0004975496703149169, 6: 0.5478233392553359, 7: -0.0006639328177084982, 8: 0.02532446489840953}
  time: 0.20

inst: 1
  explaining: loan_amnt = loan_amnt > 15000.00 AND home_ownership = MORTGAGE AND annual_inc = 59000.00 < annual_inc <= 82000.00 AND desc = desc <= 4.00 AND inq_last_6mths = inq_last_6mths <= 0.00 AND revol_util = revol_util <= 25.20 AND last_fico_range_high = last_fico_range_high <= 649.00 AND last_fico_range_low = last_fico_range_low <= 645.00 AND pub_rec_bankruptcies = 0
  expl: [0, 1, 2, 3, 4, 5, 6, 7, 8]
  lit2imprt: {0: 0.1009428674326923, 1: -0.0006772447163692028, 2: 0.005969413803313143, 3: -0.008562282435279884, 4: -0.017233953381879226, 5: 0.010692840025814096, 6: 0.5450515922279949, 7: 0.0004910987833989312, 8: 0.021141288124126034}
  time: 0.17

inst: 2
  explaining: loan_amnt = loan_amnt <= 5400.00 AND home_ownership = RENT AND annual_inc = annual_inc <= 40057.66 AND desc = desc <= 4.00 AND inq_last_6mths = inq_last_6mths > 1.00 AND revol_util = revol_util > 72.23 AND last_fico_range_high = last_fico_range_high <= 649.00 AND last_fico_range_low = last_fico_range_low <= 645.00 AND pub_rec_bankruptcies = 0
  expl: [0, 1, 2, 3, 4, 5, 6, 7, 8]
  lit2imprt: {0: -0.08349618334695165, 1: -0.014789978583788319, 2: 0.019251959480660465, 3: -0.01256082566141872, 4: 0.004263206294015373, 5: -0.0008363725287879603, 6: 0.5461576860637433, 7: -0.0007035819619819708, 8: 0.02376344721590376}
  time: 0.18

inst: 3
  explaining: loan_amnt = 10000.00 < loan_amnt <= 15000.00 AND home_ownership = MORTGAGE AND annual_inc = 59000.00 < annual_inc <= 82000.00 AND desc = 145.00 < desc <= 392.00 AND inq_last_6mths = 0.00 < inq_last_6mths <= 1.00 AND revol_util = 49.10 < revol_util <= 72.23 AND last_fico_range_high = last_fico_range_high > 749.00 AND last_fico_range_low = last_fico_range_low > 745.00 AND pub_rec_bankruptcies = 0
  expl: [0, 1, 2, 3, 4, 5, 6, 7, 8]
  lit2imprt: {0: -0.025692573776902684, 1: 0.0005030046126735348, 2: -0.012679176855056302, 3: -0.0015920388420245363, 4: -0.001147253275554614, 5: 0.005515441264564284, 6: 0.5034029846459614, 7: -0.0007693540792971962, 8: -0.020020513415048534}
  time: 0.17

inst: 4
  explaining: loan_amnt = 10000.00 < loan_amnt <= 15000.00 AND home_ownership = MORTGAGE AND annual_inc = 59000.00 < annual_inc <= 82000.00 AND desc = 4.00 < desc <= 145.00 AND inq_last_6mths = inq_last_6mths > 1.00 AND revol_util = 49.10 < revol_util <= 72.23 AND last_fico_range_high = 649.00 < last_fico_range_high <= 699.00 AND last_fico_range_low = 645.00 < last_fico_range_low <= 695.00 AND pub_rec_bankruptcies = 0
  expl: [0, 1, 2, 3, 4, 5, 6, 7, 8]
  lit2imprt: {0: -0.030674177260183726, 1: 0.0023031548579134386, 2: -0.0342590606306296, 3: -0.002018625616541312, 4: -0.01193347512245466, 5: 0.0016347720035232109, 6: 0.08015862640868689, 7: 0.017751591387045677, 8: -0.022076607928091515}
  time: 0.16

inst: 5
  explaining: loan_amnt = 5400.00 < loan_amnt <= 10000.00 AND home_ownership = RENT AND annual_inc = annual_inc <= 40057.66 AND desc = desc > 392.00 AND inq_last_6mths = 0.00 < inq_last_6mths <= 1.00 AND revol_util = revol_util > 72.23 AND last_fico_range_high = last_fico_range_high <= 649.00 AND last_fico_range_low = last_fico_range_low <= 645.00 AND pub_rec_bankruptcies = 0
  expl: [0, 1, 2, 3, 4, 5, 6, 7, 8]
  lit2imprt: {0: -0.03197800229703084, 1: -0.01777921037424441, 2: 0.013074243076666249, 3: -0.004674435712242715, 4: 0.002634615674865749, 5: -0.004415507702560097, 6: 0.5507859340090315, 7: 0.0003847047318316963, 8: 0.02554630949140348}
  time: 0.15

inst: 6
  explaining: loan_amnt = loan_amnt <= 5400.00 AND home_ownership = RENT AND annual_inc = 40057.66 < annual_inc <= 59000.00 AND desc = 4.00 < desc <= 145.00 AND inq_last_6mths = inq_last_6mths <= 0.00 AND revol_util = 49.10 < revol_util <= 72.23 AND last_fico_range_high = last_fico_range_high <= 649.00 AND last_fico_range_low = last_fico_range_low <= 645.00 AND pub_rec_bankruptcies = 1
  expl: [0, 1, 2, 3, 4, 5, 6, 7, 8]
  lit2imprt: {0: -0.08432789799327417, 1: -0.016077363224485178, 2: 0.01618264265683991, 3: -0.0005668479915260417, 4: -0.015799945238489464, 5: -0.0012702655364400315, 6: 0.5368233629648681, 7: 0.0005557057613546231, 8: 0.024787715222753588}
  time: 0.17

inst: 7
  explaining: loan_amnt = 10000.00 < loan_amnt <= 15000.00 AND home_ownership = RENT AND annual_inc = annual_inc <= 40057.66 AND desc = desc <= 4.00 AND inq_last_6mths = inq_last_6mths <= 0.00 AND revol_util = revol_util <= 25.20 AND last_fico_range_high = 649.00 < last_fico_range_high <= 699.00 AND last_fico_range_low = 645.00 < last_fico_range_low <= 695.00 AND pub_rec_bankruptcies = 0
  expl: [0, 1, 2, 3, 4, 5, 6, 7, 8]
  lit2imprt: {0: -0.03451153260199399, 1: 0.024931322686743078, 2: -0.02183563559474536, 3: 0.0012367858046040345, 4: 0.02429756363660243, 5: -0.0031803136377771407, 6: 0.08693322135396603, 7: -0.0012557807544032167, 8: -0.01917982178442865}
  time: 0.20

inst: 8
  explaining: loan_amnt = 5400.00 < loan_amnt <= 10000.00 AND home_ownership = MORTGAGE AND annual_inc = annual_inc > 82000.00 AND desc = desc <= 4.00 AND inq_last_6mths = inq_last_6mths <= 0.00 AND revol_util = 25.20 < revol_util <= 49.10 AND last_fico_range_high = last_fico_range_high > 749.00 AND last_fico_range_low = last_fico_range_low > 745.00 AND pub_rec_bankruptcies = 0
  expl: [0, 1, 2, 3, 4, 5, 6, 7, 8]
  lit2imprt: {0: 0.03203370252450289, 1: -0.005650696165837077, 2: 0.04719468725417524, 3: 0.008100996922038944, 4: -0.0004414942419535964, 5: 0.0017522659729744105, 6: 0.4894638058623351, 7: 0.011427854933952592, 8: -0.02276940466099315}
  time: 0.16

inst: 9
  explaining: loan_amnt = loan_amnt > 15000.00 AND home_ownership = RENT AND annual_inc = 40057.66 < annual_inc <= 59000.00 AND desc = 145.00 < desc <= 392.00 AND inq_last_6mths = inq_last_6mths <= 0.00 AND revol_util = 49.10 < revol_util <= 72.23 AND last_fico_range_high = 649.00 < last_fico_range_high <= 699.00 AND last_fico_range_low = 645.00 < last_fico_range_low <= 695.00 AND pub_rec_bankruptcies = 0
  expl: [0, 1, 2, 3, 4, 5, 6, 7, 8]
  lit2imprt: {0: 0.11430904797988684, 1: -0.015876920165670425, 2: 0.00789885704685779, 3: 0.014058243903114422, 4: -0.03018536228088116, 5: 0.007797290550673818, 6: -0.07719130345086188, 7: 0.0024695880779489533, 8: 0.02183308052778744}
  time: 0.16

inst: 10
  explaining: loan_amnt = 10000.00 < loan_amnt <= 15000.00 AND home_ownership = MORTGAGE AND annual_inc = 40057.66 < annual_inc <= 59000.00 AND desc = 145.00 < desc <= 392.00 AND inq_last_6mths = 0.00 < inq_last_6mths <= 1.00 AND revol_util = 49.10 < revol_util <= 72.23 AND last_fico_range_high = last_fico_range_high <= 649.00 AND last_fico_range_low = last_fico_range_low <= 645.00 AND pub_rec_bankruptcies = 0
  expl: [0, 1, 2, 3, 4, 5, 6, 7, 8]
  lit2imprt: {0: 0.017478411873461316, 1: -0.004012501508473128, 2: 0.02080940810720824, 3: 0.003203184738723781, 4: 0.008374929428467135, 5: -0.014653612371587703, 6: 0.5488506731752754, 7: 0.004225906434997652, 8: 0.020336727154649802}
  time: 0.17

inst: 11
  explaining: loan_amnt = 5400.00 < loan_amnt <= 10000.00 AND home_ownership = OWN AND annual_inc = annual_inc <= 40057.66 AND desc = 145.00 < desc <= 392.00 AND inq_last_6mths = 0.00 < inq_last_6mths <= 1.00 AND revol_util = 49.10 < revol_util <= 72.23 AND last_fico_range_high = last_fico_range_high <= 649.00 AND last_fico_range_low = last_fico_range_low <= 645.00 AND pub_rec_bankruptcies = 0
  expl: [0, 1, 2, 3, 4, 5, 6, 7, 8]
  lit2imprt: {0: -0.031213242614491613, 1: 0.04131117578691341, 2: 0.013157907911052393, 3: 0.006407159731318937, 4: 0.004013243121607417, 5: -0.005331274246337603, 6: 0.5446137708637038, 7: -0.007472081218518234, 8: 0.02579725986273632}
  time: 0.15

inst: 12
  explaining: loan_amnt = loan_amnt > 15000.00 AND home_ownership = MORTGAGE AND annual_inc = annual_inc > 82000.00 AND desc = desc > 392.00 AND inq_last_6mths = inq_last_6mths <= 0.00 AND revol_util = revol_util > 72.23 AND last_fico_range_high = 699.00 < last_fico_range_high <= 749.00 AND last_fico_range_low = 695.00 < last_fico_range_low <= 745.00 AND pub_rec_bankruptcies = 0
  expl: [0, 1, 2, 3, 4, 5, 6, 7, 8]
  lit2imprt: {0: -0.09908884774187875, 1: -0.00149280159162496, 2: 0.03597715681635944, 3: 0.008238985969888058, 4: 0.011131478279013476, 5: 0.0009069524318985653, 6: 0.46105342493321705, 7: 0.004470916924079931, 8: -0.0308603949437234}
  time: 0.16

inst: 13
  explaining: loan_amnt = 10000.00 < loan_amnt <= 15000.00 AND home_ownership = MORTGAGE AND annual_inc = annual_inc > 82000.00 AND desc = desc > 392.00 AND inq_last_6mths = inq_last_6mths <= 0.00 AND revol_util = 49.10 < revol_util <= 72.23 AND last_fico_range_high = 699.00 < last_fico_range_high <= 749.00 AND last_fico_range_low = 695.00 < last_fico_range_low <= 745.00 AND pub_rec_bankruptcies = 0
  expl: [0, 1, 2, 3, 4, 5, 6, 7, 8]
  lit2imprt: {0: -0.02029761399411895, 1: 0.00023372438075825984, 2: 0.02682855284924148, 3: -0.004571037405435973, 4: 0.014917739229178686, 5: -0.003926626224611017, 6: 0.45669894971724806, 7: 0.0035408025601670447, 8: -0.02656609756698964}
  time: 0.15

inst: 14
  explaining: loan_amnt = 10000.00 < loan_amnt <= 15000.00 AND home_ownership = RENT AND annual_inc = annual_inc > 82000.00 AND desc = desc > 392.00 AND inq_last_6mths = 0.00 < inq_last_6mths <= 1.00 AND revol_util = revol_util <= 25.20 AND last_fico_range_high = last_fico_range_high > 749.00 AND last_fico_range_low = last_fico_range_low > 745.00 AND pub_rec_bankruptcies = 0
  expl: [0, 1, 2, 3, 4, 5, 6, 7, 8]
  lit2imprt: {0: 0.001406531798394837, 1: 0.016931226499456407, 2: 0.025973691602261387, 3: 0.00241294288724112, 4: 0.009139950933845866, 5: 0.011780482683362617, 6: 0.5021231171050943, 7: 0.015938996771148333, 8: -0.02086502610332805}
  time: 0.17

inst: 15
  explaining: loan_amnt = loan_amnt > 15000.00 AND home_ownership = MORTGAGE AND annual_inc = annual_inc > 82000.00 AND desc = 145.00 < desc <= 392.00 AND inq_last_6mths = 0.00 < inq_last_6mths <= 1.00 AND revol_util = 25.20 < revol_util <= 49.10 AND last_fico_range_high = 649.00 < last_fico_range_high <= 699.00 AND last_fico_range_low = 645.00 < last_fico_range_low <= 695.00 AND pub_rec_bankruptcies = 1
  expl: [0, 1, 2, 3, 4, 5, 6, 7, 8]
  lit2imprt: {0: -0.10814364959981905, 1: -0.0075372594296594115, 2: 0.04268063815358279, 3: -0.02206998990819929, 4: -0.0030318890964642947, 5: 0.0016692314012792845, 6: 0.07162395503546908, 7: -0.006033288690323565, 8: -0.020746546807011285}
  time: 0.17

inst: 16
  explaining: loan_amnt = loan_amnt <= 5400.00 AND home_ownership = RENT AND annual_inc = annual_inc > 82000.00 AND desc = desc <= 4.00 AND inq_last_6mths = inq_last_6mths > 1.00 AND revol_util = revol_util <= 25.20 AND last_fico_range_high = last_fico_range_high <= 649.00 AND last_fico_range_low = last_fico_range_low <= 645.00 AND pub_rec_bankruptcies = 0
  expl: [0, 1, 2, 3, 4, 5, 6, 7, 8]
  lit2imprt: {0: -0.08581060280821026, 1: -0.014244673312238993, 2: -0.03385459575635545, 3: -0.006176342544106367, 4: 0.009999311333213431, 5: -0.006641565887924053, 6: 0.5431769618830553, 7: -0.002610676640304878, 8: 0.02639438471684717}
  time: 0.15

inst: 17
  explaining: loan_amnt = 5400.00 < loan_amnt <= 10000.00 AND home_ownership = RENT AND annual_inc = annual_inc <= 40057.66 AND desc = 4.00 < desc <= 145.00 AND inq_last_6mths = inq_last_6mths > 1.00 AND revol_util = revol_util <= 25.20 AND last_fico_range_high = last_fico_range_high <= 649.00 AND last_fico_range_low = last_fico_range_low <= 645.00 AND pub_rec_bankruptcies = 0
  expl: [0, 1, 2, 3, 4, 5, 6, 7, 8]
  lit2imprt: {0: -0.03195212093765403, 1: -0.014349943540298974, 2: 0.01174376866325903, 3: 0.00198658433424837, 4: 0.018804935326494132, 5: -0.0024186262130980315, 6: 0.5454203034050304, 7: -0.0032701514767290345, 8: 0.02665192491714665}
  time: 0.17

inst: 18
  explaining: loan_amnt = 5400.00 < loan_amnt <= 10000.00 AND home_ownership = MORTGAGE AND annual_inc = 59000.00 < annual_inc <= 82000.00 AND desc = desc > 392.00 AND inq_last_6mths = inq_last_6mths <= 0.00 AND revol_util = revol_util <= 25.20 AND last_fico_range_high = last_fico_range_high > 749.00 AND last_fico_range_low = last_fico_range_low > 745.00 AND pub_rec_bankruptcies = 0
  expl: [0, 1, 2, 3, 4, 5, 6, 7, 8]
  lit2imprt: {0: 0.02820575999412722, 1: -0.001029106636675395, 2: -0.007972129170421957, 3: 0.015539233601775651, 4: 0.014687025442887481, 5: -0.006475903468180075, 6: 0.5030274234430119, 7: -0.008561209366284801, 8: -0.020580576647539373}
  time: 0.16

inst: 19
  explaining: loan_amnt = 10000.00 < loan_amnt <= 15000.00 AND home_ownership = MORTGAGE AND annual_inc = 59000.00 < annual_inc <= 82000.00 AND desc = 145.00 < desc <= 392.00 AND inq_last_6mths = inq_last_6mths <= 0.00 AND revol_util = 25.20 < revol_util <= 49.10 AND last_fico_range_high = last_fico_range_high <= 649.00 AND last_fico_range_low = last_fico_range_low <= 645.00 AND pub_rec_bankruptcies = 0
  expl: [0, 1, 2, 3, 4, 5, 6, 7, 8]
  lit2imprt: {0: 0.023281246847659795, 1: 0.005412071397792245, 2: 0.01319669427099998, 3: 0.016346886948483633, 4: -0.014553449245371185, 5: 0.015089909585698294, 6: 0.5419329675960197, 7: 0.0018535974838125907, 8: 0.023701288827199636}
  time: 0.16

inst: 20
  explaining: loan_amnt = loan_amnt > 15000.00 AND home_ownership = RENT AND annual_inc = 59000.00 < annual_inc <= 82000.00 AND desc = 145.00 < desc <= 392.00 AND inq_last_6mths = inq_last_6mths > 1.00 AND revol_util = 49.10 < revol_util <= 72.23 AND last_fico_range_high = 699.00 < last_fico_range_high <= 749.00 AND last_fico_range_low = 695.00 < last_fico_range_low <= 745.00 AND pub_rec_bankruptcies = 0
  expl: [0, 1, 2, 3, 4, 5, 6, 7, 8]
  lit2imprt: {0: -0.09588990762767788, 1: 0.03118783609911331, 2: -0.012244203773807012, 3: -0.004779847288373987, 4: -0.028860259553562178, 5: 0.009668277415483066, 6: 0.4619719554909365, 7: 0.014982105110895467, 8: -0.019177225721837315}
  time: 0.18

inst: 21
  explaining: loan_amnt = 5400.00 < loan_amnt <= 10000.00 AND home_ownership = MORTGAGE AND annual_inc = annual_inc > 82000.00 AND desc = 145.00 < desc <= 392.00 AND inq_last_6mths = inq_last_6mths <= 0.00 AND revol_util = revol_util <= 25.20 AND last_fico_range_high = last_fico_range_high > 749.00 AND last_fico_range_low = last_fico_range_low > 745.00 AND pub_rec_bankruptcies = 1
  expl: [0, 1, 2, 3, 4, 5, 6, 7, 8]
  lit2imprt: {0: 0.029471428189425986, 1: 0.0035086053280020653, 2: 0.052968304138075246, 3: -0.0059902110243866815, 4: 0.006285052110098551, 5: -0.013431038875155826, 6: 0.501141363388159, 7: 0.020122534403837374, 8: -0.024677367577767104}
  time: 0.16

inst: 22
  explaining: loan_amnt = 5400.00 < loan_amnt <= 10000.00 AND home_ownership = RENT AND annual_inc = 59000.00 < annual_inc <= 82000.00 AND desc = desc <= 4.00 AND inq_last_6mths = inq_last_6mths > 1.00 AND revol_util = revol_util > 72.23 AND last_fico_range_high = last_fico_range_high <= 649.00 AND last_fico_range_low = last_fico_range_low <= 645.00 AND pub_rec_bankruptcies = 0
  expl: [0, 1, 2, 3, 4, 5, 6, 7, 8]
  lit2imprt: {0: -0.02847239213099532, 1: -0.014764760110425518, 2: 0.010841411475980197, 3: -0.013533347372809772, 4: 0.015272469092306314, 5: 0.002739545357981373, 6: 0.5462581559097222, 7: 0.001363482088301742, 8: 0.02586448195504865}
  time: 0.18

inst: 23
  explaining: loan_amnt = 5400.00 < loan_amnt <= 10000.00 AND home_ownership = RENT AND annual_inc = 59000.00 < annual_inc <= 82000.00 AND desc = desc <= 4.00 AND inq_last_6mths = 0.00 < inq_last_6mths <= 1.00 AND revol_util = 25.20 < revol_util <= 49.10 AND last_fico_range_high = last_fico_range_high <= 649.00 AND last_fico_range_low = last_fico_range_low <= 645.00 AND pub_rec_bankruptcies = 0
  expl: [0, 1, 2, 3, 4, 5, 6, 7, 8]
  lit2imprt: {0: -0.03419279050897819, 1: -0.017037692516447454, 2: 0.005564002131035997, 3: -0.013470295824167228, 4: -0.0007803777476761629, 5: 0.01354879818696499, 6: 0.5431686413769777, 7: 0.0010387399010258769, 8: 0.020113680392432453}
  time: 0.17

inst: 24
  explaining: loan_amnt = 5400.00 < loan_amnt <= 10000.00 AND home_ownership = RENT AND annual_inc = annual_inc <= 40057.66 AND desc = desc > 392.00 AND inq_last_6mths = inq_last_6mths <= 0.00 AND revol_util = 25.20 < revol_util <= 49.10 AND last_fico_range_high = 699.00 < last_fico_range_high <= 749.00 AND last_fico_range_low = 695.00 < last_fico_range_low <= 745.00 AND pub_rec_bankruptcies = 0
  expl: [0, 1, 2, 3, 4, 5, 6, 7, 8]
  lit2imprt: {0: 0.03614863941043034, 1: 0.016548605351591403, 2: -0.02094046083108808, 3: 0.018310689151843574, 4: 0.02251985965668409, 5: -0.007530910702073436, 6: 0.45488512751139815, 7: -0.0017167736427204723, 8: -0.022670632846618105}
  time: 0.17

inst: 25
  explaining: loan_amnt = 10000.00 < loan_amnt <= 15000.00 AND home_ownership = RENT AND annual_inc = 40057.66 < annual_inc <= 59000.00 AND desc = desc > 392.00 AND inq_last_6mths = inq_last_6mths <= 0.00 AND revol_util = revol_util <= 25.20 AND last_fico_range_high = last_fico_range_high > 749.00 AND last_fico_range_low = last_fico_range_low > 745.00 AND pub_rec_bankruptcies = 0
  expl: [0, 1, 2, 3, 4, 5, 6, 7, 8]
  lit2imprt: {0: -0.016491841656321053, 1: 0.024941730950114215, 2: -0.001689475284066003, 3: -0.0011525805972359274, 4: 0.0012670708802950176, 5: -0.001244921871158964, 6: 0.4980002004092027, 7: -0.0036947771400785367, 8: -0.01775563809138664}
  time: 0.16

inst: 26
  explaining: loan_amnt = loan_amnt <= 5400.00 AND home_ownership = RENT AND annual_inc = 40057.66 < annual_inc <= 59000.00 AND desc = desc > 392.00 AND inq_last_6mths = 0.00 < inq_last_6mths <= 1.00 AND revol_util = 49.10 < revol_util <= 72.23 AND last_fico_range_high = last_fico_range_high <= 649.00 AND last_fico_range_low = last_fico_range_low <= 645.00 AND pub_rec_bankruptcies = 0
  expl: [0, 1, 2, 3, 4, 5, 6, 7, 8]
  lit2imprt: {0: -0.07651219722524176, 1: -0.015093250937618595, 2: 0.016538259158333637, 3: -0.004449596881661117, 4: 0.0003872023852965463, 5: -0.01563244298740633, 6: 0.5442870209325819, 7: -0.007613641884352623, 8: 0.023489578477625037}
  time: 0.17

inst: 27
  explaining: loan_amnt = loan_amnt > 15000.00 AND home_ownership = MORTGAGE AND annual_inc = annual_inc > 82000.00 AND desc = 145.00 < desc <= 392.00 AND inq_last_6mths = 0.00 < inq_last_6mths <= 1.00 AND revol_util = 25.20 < revol_util <= 49.10 AND last_fico_range_high = 649.00 < last_fico_range_high <= 699.00 AND last_fico_range_low = 645.00 < last_fico_range_low <= 695.00 AND pub_rec_bankruptcies = 1
  expl: [0, 1, 2, 3, 4, 5, 6, 7, 8]
  lit2imprt: {0: -0.11804447338396427, 1: 0.00629153776848646, 2: 0.056698560216882105, 3: -0.003242233938145857, 4: 0.01456969333454166, 5: -0.00043609457583103703, 6: 0.08023514983983032, 7: -0.000572495054030319, 8: -0.02260856075255171}
  time: 0.16

inst: 28
  explaining: loan_amnt = 5400.00 < loan_amnt <= 10000.00 AND home_ownership = RENT AND annual_inc = 59000.00 < annual_inc <= 82000.00 AND desc = desc <= 4.00 AND inq_last_6mths = inq_last_6mths > 1.00 AND revol_util = 25.20 < revol_util <= 49.10 AND last_fico_range_high = 649.00 < last_fico_range_high <= 699.00 AND last_fico_range_low = 645.00 < last_fico_range_low <= 695.00 AND pub_rec_bankruptcies = 0
  expl: [0, 1, 2, 3, 4, 5, 6, 7, 8]
  lit2imprt: {0: 0.0432400371811775, 1: 0.017290962073092723, 2: 0.005156990696856238, 3: 0.010881312115576032, 4: -0.03417724144276048, 5: -0.010158570228792758, 6: 0.0877517513128438, 7: 0.0020341952847192203, 8: -0.022854878233335867}
  time: 0.17

inst: 29
  explaining: loan_amnt = loan_amnt > 15000.00 AND home_ownership = OWN AND annual_inc = 40057.66 < annual_inc <= 59000.00 AND desc = desc > 392.00 AND inq_last_6mths = inq_last_6mths <= 0.00 AND revol_util = revol_util > 72.23 AND last_fico_range_high = last_fico_range_high <= 649.00 AND last_fico_range_low = last_fico_range_low <= 645.00 AND pub_rec_bankruptcies = 0
  expl: [0, 1, 2, 3, 4, 5, 6, 7, 8]
  lit2imprt: {0: 0.10252057670581038, 1: 0.0438675552697442, 2: -0.0012752853066736478, 3: -0.0002687861873591246, 4: -0.011983014310406865, 5: 0.00427635208601628, 6: 0.5489793531690003, 7: 0.004258891673740805, 8: 0.026402702519863087}
  time: 0.16

inst: 30
  explaining: loan_amnt = 5400.00 < loan_amnt <= 10000.00 AND home_ownership = RENT AND annual_inc = 40057.66 < annual_inc <= 59000.00 AND desc = desc <= 4.00 AND inq_last_6mths = inq_last_6mths <= 0.00 AND revol_util = revol_util > 72.23 AND last_fico_range_high = 649.00 < last_fico_range_high <= 699.00 AND last_fico_range_low = 645.00 < last_fico_range_low <= 695.00 AND pub_rec_bankruptcies = 0
  expl: [0, 1, 2, 3, 4, 5, 6, 7, 8]
  lit2imprt: {0: 0.03271718195130882, 1: 0.0215311963810815, 2: -0.01746580335537469, 3: 0.022788085016265208, 4: 0.003910258704927151, 5: 0.0035763245825925823, 6: 0.0785516485319719, 7: 0.005985703333170608, 8: -0.018565258997558485}
  time: 0.16

inst: 31
  explaining: loan_amnt = 10000.00 < loan_amnt <= 15000.00 AND home_ownership = MORTGAGE AND annual_inc = 59000.00 < annual_inc <= 82000.00 AND desc = 145.00 < desc <= 392.00 AND inq_last_6mths = inq_last_6mths <= 0.00 AND revol_util = revol_util > 72.23 AND last_fico_range_high = 649.00 < last_fico_range_high <= 699.00 AND last_fico_range_low = 645.00 < last_fico_range_low <= 695.00 AND pub_rec_bankruptcies = 0
  expl: [0, 1, 2, 3, 4, 5, 6, 7, 8]
  lit2imprt: {0: -0.012542066148778652, 1: -0.004009359140421282, 2: 0.0011136623418277181, 3: -0.0015448143039501166, 4: 0.01791247998346706, 5: -0.007018093787989579, 6: 0.08568745077655146, 7: 0.00042301718885585346, 8: -0.020999530152828093}
  time: 0.16

inst: 32
  explaining: loan_amnt = 5400.00 < loan_amnt <= 10000.00 AND home_ownership = MORTGAGE AND annual_inc = 40057.66 < annual_inc <= 59000.00 AND desc = 145.00 < desc <= 392.00 AND inq_last_6mths = inq_last_6mths > 1.00 AND revol_util = revol_util <= 25.20 AND last_fico_range_high = last_fico_range_high > 749.00 AND last_fico_range_low = last_fico_range_low > 745.00 AND pub_rec_bankruptcies = 0
  expl: [0, 1, 2, 3, 4, 5, 6, 7, 8]
  lit2imprt: {0: 0.04804997807612745, 1: -0.004475710926562295, 2: -0.019436292590215527, 3: -0.018484491299790885, 4: -0.019046926012040243, 5: -0.0010938093512450054, 6: 0.4983178108171758, 7: 0.005111056264834837, 8: -0.0256297531318269}
  time: 0.16

inst: 33
  explaining: loan_amnt = 5400.00 < loan_amnt <= 10000.00 AND home_ownership = MORTGAGE AND annual_inc = 40057.66 < annual_inc <= 59000.00 AND desc = 4.00 < desc <= 145.00 AND inq_last_6mths = inq_last_6mths <= 0.00 AND revol_util = 25.20 < revol_util <= 49.10 AND last_fico_range_high = last_fico_range_high > 749.00 AND last_fico_range_low = last_fico_range_low > 745.00 AND pub_rec_bankruptcies = 0
  expl: [0, 1, 2, 3, 4, 5, 6, 7, 8]
  lit2imprt: {0: 0.031188750209342482, 1: -0.01303040170947364, 2: -0.009746959529005663, 3: 0.00839537554172293, 4: 0.0030486707473756907, 5: -0.012457221071213033, 6: 0.5038300805701845, 7: -0.0004710225912785889, 8: -0.02344079279561714}
  time: 0.15

inst: 34
  explaining: loan_amnt = loan_amnt <= 5400.00 AND home_ownership = RENT AND annual_inc = annual_inc <= 40057.66 AND desc = desc <= 4.00 AND inq_last_6mths = inq_last_6mths <= 0.00 AND revol_util = 49.10 < revol_util <= 72.23 AND last_fico_range_high = 699.00 < last_fico_range_high <= 749.00 AND last_fico_range_low = 695.00 < last_fico_range_low <= 745.00 AND pub_rec_bankruptcies = 1
  expl: [0, 1, 2, 3, 4, 5, 6, 7, 8]
  lit2imprt: {0: 0.08156051612540129, 1: 0.02296238219529458, 2: -0.012406985581694731, 3: -0.012966214130306, 4: 0.006025639844976622, 5: 0.012372456308675457, 6: 0.4564555190261339, 7: 0.006077754661908292, 8: -0.023308738616637764}
  time: 0.17

inst: 35
  explaining: loan_amnt = loan_amnt > 15000.00 AND home_ownership = MORTGAGE AND annual_inc = 59000.00 < annual_inc <= 82000.00 AND desc = 145.00 < desc <= 392.00 AND inq_last_6mths = 0.00 < inq_last_6mths <= 1.00 AND revol_util = 49.10 < revol_util <= 72.23 AND last_fico_range_high = last_fico_range_high <= 649.00 AND last_fico_range_low = last_fico_range_low <= 645.00 AND pub_rec_bankruptcies = 0
  expl: [0, 1, 2, 3, 4, 5, 6, 7, 8]
  lit2imprt: {0: 0.09566323377154294, 1: -0.0003048277101723376, 2: 0.0017486703738937188, 3: 0.01581786744755234, 4: -0.004178897239322074, 5: -0.011616494007447593, 6: 0.5426034348873205, 7: 0.0005604427999287682, 8: 0.023799038157586445}
  time: 0.17

inst: 36
  explaining: loan_amnt = 10000.00 < loan_amnt <= 15000.00 AND home_ownership = RENT AND annual_inc = annual_inc > 82000.00 AND desc = desc <= 4.00 AND inq_last_6mths = inq_last_6mths > 1.00 AND revol_util = 25.20 < revol_util <= 49.10 AND last_fico_range_high = last_fico_range_high <= 649.00 AND last_fico_range_low = last_fico_range_low <= 645.00 AND pub_rec_bankruptcies = 0
  expl: [0, 1, 2, 3, 4, 5, 6, 7, 8]
  lit2imprt: {0: 0.01935794608353634, 1: -0.014031832256956742, 2: -0.046441615109099096, 3: 0.0017842056507811632, 4: 0.012753896292534579, 5: 0.008780016637805145, 6: 0.5394524152979254, 7: 0.006546835821095809, 8: 0.02521857887759128}
  time: 0.16

inst: 37
  explaining: loan_amnt = loan_amnt <= 5400.00 AND home_ownership = RENT AND annual_inc = 59000.00 < annual_inc <= 82000.00 AND desc = 145.00 < desc <= 392.00 AND inq_last_6mths = inq_last_6mths <= 0.00 AND revol_util = 25.20 < revol_util <= 49.10 AND last_fico_range_high = last_fico_range_high <= 649.00 AND last_fico_range_low = last_fico_range_low <= 645.00 AND pub_rec_bankruptcies = 0
  expl: [0, 1, 2, 3, 4, 5, 6, 7, 8]
  lit2imprt: {0: -0.08418755527213365, 1: -0.018928093579679898, 2: 0.013322585212383676, 3: -9.951512293634459e-05, 4: -0.015229740910346163, 5: 0.0036417359129729456, 6: 0.5349061224976313, 7: 0.005720155585905784, 8: 0.026687251831302827}
  time: 0.17

inst: 38
  explaining: loan_amnt = 5400.00 < loan_amnt <= 10000.00 AND home_ownership = OWN AND annual_inc = 59000.00 < annual_inc <= 82000.00 AND desc = 4.00 < desc <= 145.00 AND inq_last_6mths = 0.00 < inq_last_6mths <= 1.00 AND revol_util = 25.20 < revol_util <= 49.10 AND last_fico_range_high = 649.00 < last_fico_range_high <= 699.00 AND last_fico_range_low = 645.00 < last_fico_range_low <= 695.00 AND pub_rec_bankruptcies = 0
  expl: [0, 1, 2, 3, 4, 5, 6, 7, 8]
  lit2imprt: {0: 0.0275847345264677, 1: -0.05417416595186923, 2: -0.003859198918577139, 3: -0.02003971902970611, 4: -0.000853988341421692, 5: -0.006712513042240666, 6: 0.08545588536585029, 7: 0.008309748448292733, 8: -0.018682287066625718}
  time: 0.14

inst: 39
  explaining: loan_amnt = 5400.00 < loan_amnt <= 10000.00 AND home_ownership = RENT AND annual_inc = 40057.66 < annual_inc <= 59000.00 AND desc = 145.00 < desc <= 392.00 AND inq_last_6mths = inq_last_6mths <= 0.00 AND revol_util = revol_util <= 25.20 AND last_fico_range_high = last_fico_range_high > 749.00 AND last_fico_range_low = last_fico_range_low > 745.00 AND pub_rec_bankruptcies = 0
  expl: [0, 1, 2, 3, 4, 5, 6, 7, 8]
  lit2imprt: {0: 0.04205953018304677, 1: 0.0024976075381054254, 2: -0.014368468997878933, 3: -0.0014324962316888462, 4: 0.015401309289854049, 5: -0.006409627562679153, 6: 0.4951806607706549, 7: -0.001949089691172443, 8: -0.02108825600703363}
  time: 0.17

inst: 40
  explaining: loan_amnt = loan_amnt <= 5400.00 AND home_ownership = RENT AND annual_inc = annual_inc <= 40057.66 AND desc = desc > 392.00 AND inq_last_6mths = inq_last_6mths <= 0.00 AND revol_util = revol_util > 72.23 AND last_fico_range_high = last_fico_range_high > 749.00 AND last_fico_range_low = last_fico_range_low > 745.00 AND pub_rec_bankruptcies = 0
  expl: [0, 1, 2, 3, 4, 5, 6, 7, 8]
  lit2imprt: {0: 0.08485288380412712, 1: 0.01869252024880531, 2: -0.024751279860445397, 3: -0.006508186089727376, 4: 0.01819602743870776, 5: 0.00561151952941847, 6: 0.490189375953057, 7: -0.002850737796407732, 8: -0.02440204613608375}
  time: 0.18

inst: 41
  explaining: loan_amnt = 10000.00 < loan_amnt <= 15000.00 AND home_ownership = RENT AND annual_inc = annual_inc > 82000.00 AND desc = desc <= 4.00 AND inq_last_6mths = 0.00 < inq_last_6mths <= 1.00 AND revol_util = revol_util <= 25.20 AND last_fico_range_high = 699.00 < last_fico_range_high <= 749.00 AND last_fico_range_low = 695.00 < last_fico_range_low <= 745.00 AND pub_rec_bankruptcies = 0
  expl: [0, 1, 2, 3, 4, 5, 6, 7, 8]
  lit2imprt: {0: -0.010602989192501277, 1: 0.013750148439901288, 2: 0.02571791300107284, 3: -0.020316044131249, 4: 0.00507775487265778, 5: -0.009069969814985692, 6: 0.45760508037885744, 7: -0.012245943968958731, 8: -0.02550312563372993}
  time: 0.17

inst: 42
  explaining: loan_amnt = 5400.00 < loan_amnt <= 10000.00 AND home_ownership = MORTGAGE AND annual_inc = annual_inc > 82000.00 AND desc = desc <= 4.00 AND inq_last_6mths = inq_last_6mths <= 0.00 AND revol_util = revol_util <= 25.20 AND last_fico_range_high = last_fico_range_high > 749.00 AND last_fico_range_low = last_fico_range_low > 745.00 AND pub_rec_bankruptcies = 0
  expl: [0, 1, 2, 3, 4, 5, 6, 7, 8]
  lit2imprt: {0: 0.03244998363550905, 1: 0.0005255699301705105, 2: 0.032755351127029556, 3: 0.00463469171730241, 4: 0.009525468927240856, 5: 0.0027970536781365576, 6: 0.4937348625753479, 7: 0.018916914895459432, 8: -0.019658421243633234}
  time: 0.18

inst: 43
  explaining: loan_amnt = 5400.00 < loan_amnt <= 10000.00 AND home_ownership = OWN AND annual_inc = annual_inc > 82000.00 AND desc = desc <= 4.00 AND inq_last_6mths = inq_last_6mths <= 0.00 AND revol_util = 25.20 < revol_util <= 49.10 AND last_fico_range_high = 699.00 < last_fico_range_high <= 749.00 AND last_fico_range_low = 695.00 < last_fico_range_low <= 745.00 AND pub_rec_bankruptcies = 0
  expl: [0, 1, 2, 3, 4, 5, 6, 7, 8]
  lit2imprt: {0: 0.026345976594658774, 1: -0.04229026237117289, 2: 0.04887641317328454, 3: 0.00828007900589853, 4: 0.014350559830509011, 5: -0.01254786565311786, 6: 0.45934162443547955, 7: 0.0047053619864223534, 8: -0.018315659637869554}
  time: 0.16

inst: 44
  explaining: loan_amnt = 5400.00 < loan_amnt <= 10000.00 AND home_ownership = MORTGAGE AND annual_inc = 40057.66 < annual_inc <= 59000.00 AND desc = desc > 392.00 AND inq_last_6mths = inq_last_6mths > 1.00 AND revol_util = revol_util > 72.23 AND last_fico_range_high = last_fico_range_high <= 649.00 AND last_fico_range_low = last_fico_range_low <= 645.00 AND pub_rec_bankruptcies = 0
  expl: [0, 1, 2, 3, 4, 5, 6, 7, 8]
  lit2imprt: {0: -0.03526764467212865, 1: 0.005677123507468748, 2: 0.008831685763419053, 3: 0.0035460402835924398, 4: 0.01734589815136701, 5: 0.0034361899488787734, 6: 0.546183606099103, 7: 0.009923931192654053, 8: 0.024056807452729378}
  time: 0.16

inst: 45
  explaining: loan_amnt = 10000.00 < loan_amnt <= 15000.00 AND home_ownership = MORTGAGE AND annual_inc = 40057.66 < annual_inc <= 59000.00 AND desc = 145.00 < desc <= 392.00 AND inq_last_6mths = inq_last_6mths <= 0.00 AND revol_util = revol_util > 72.23 AND last_fico_range_high = last_fico_range_high <= 649.00 AND last_fico_range_low = last_fico_range_low <= 645.00 AND pub_rec_bankruptcies = 0
  expl: [0, 1, 2, 3, 4, 5, 6, 7, 8]
  lit2imprt: {0: 0.016228121517408503, 1: 0.002623226293111971, 2: 0.006445503228005153, 3: 0.015103018827474092, 4: -0.01027278678320466, 5: 0.0058773413890781355, 6: 0.5411447785891499, 7: 0.001258915174165221, 8: 0.025436032037051765}
  time: 0.16

inst: 46
  explaining: loan_amnt = 5400.00 < loan_amnt <= 10000.00 AND home_ownership = MORTGAGE AND annual_inc = 59000.00 < annual_inc <= 82000.00 AND desc = 145.00 < desc <= 392.00 AND inq_last_6mths = inq_last_6mths <= 0.00 AND revol_util = revol_util <= 25.20 AND last_fico_range_high = 649.00 < last_fico_range_high <= 699.00 AND last_fico_range_low = 645.00 < last_fico_range_low <= 695.00 AND pub_rec_bankruptcies = 0
  expl: [0, 1, 2, 3, 4, 5, 6, 7, 8]
  lit2imprt: {0: 0.05335257125747562, 1: -0.009020145995860523, 2: -0.005187368516364578, 3: -0.0018355950791378326, 4: 0.012215564416060296, 5: -0.002755386511684367, 6: 0.08639818037292045, 7: -0.027549985430232217, 8: -0.02101700465893021}
  time: 0.15

inst: 47
  explaining: loan_amnt = 5400.00 < loan_amnt <= 10000.00 AND home_ownership = RENT AND annual_inc = 40057.66 < annual_inc <= 59000.00 AND desc = desc <= 4.00 AND inq_last_6mths = 0.00 < inq_last_6mths <= 1.00 AND revol_util = 49.10 < revol_util <= 72.23 AND last_fico_range_high = 649.00 < last_fico_range_high <= 699.00 AND last_fico_range_low = 645.00 < last_fico_range_low <= 695.00 AND pub_rec_bankruptcies = 0
  expl: [0, 1, 2, 3, 4, 5, 6, 7, 8]
  lit2imprt: {0: 0.026346716323458048, 1: 0.030226928014531196, 2: -0.00692636812500969, 3: -0.011535662268126053, 4: -0.01050589389654293, 5: -0.001254845683512478, 6: 0.07806732779586636, 7: -0.015595918522112805, 8: -0.02471988942877936}
  time: 0.15

inst: 48
  explaining: loan_amnt = loan_amnt <= 5400.00 AND home_ownership = MORTGAGE AND annual_inc = 40057.66 < annual_inc <= 59000.00 AND desc = 145.00 < desc <= 392.00 AND inq_last_6mths = 0.00 < inq_last_6mths <= 1.00 AND revol_util = 25.20 < revol_util <= 49.10 AND last_fico_range_high = 699.00 < last_fico_range_high <= 749.00 AND last_fico_range_low = 695.00 < last_fico_range_low <= 745.00 AND pub_rec_bankruptcies = 0
  expl: [0, 1, 2, 3, 4, 5, 6, 7, 8]
  lit2imprt: {0: 0.1006929938773625, 1: -0.003370548682801347, 2: 0.0013177403205227507, 3: -0.020847968911298715, 4: 0.0034590805857718666, 5: -0.0038840884037215605, 6: 0.46307781408241533, 7: 0.007855592268584637, 8: -0.02570395843787275}
  time: 0.15

inst: 49
  explaining: loan_amnt = 10000.00 < loan_amnt <= 15000.00 AND home_ownership = MORTGAGE AND annual_inc = 40057.66 < annual_inc <= 59000.00 AND desc = desc > 392.00 AND inq_last_6mths = inq_last_6mths > 1.00 AND revol_util = revol_util > 72.23 AND last_fico_range_high = last_fico_range_high <= 649.00 AND last_fico_range_low = last_fico_range_low <= 645.00 AND pub_rec_bankruptcies = 0
  expl: [0, 1, 2, 3, 4, 5, 6, 7, 8]
  lit2imprt: {0: 0.014294008223904465, 1: 0.004059182486284122, 2: 0.006919426015771055, 3: 0.0027599649392723623, 4: 0.006651193673396877, 5: 0.004116941885265828, 6: 0.5454384700628956, 7: -0.0001055974739229923, 8: 0.02284636828722322}
  time: 0.16

inst: 50
  explaining: loan_amnt = loan_amnt > 15000.00 AND home_ownership = MORTGAGE AND annual_inc = 59000.00 < annual_inc <= 82000.00 AND desc = 4.00 < desc <= 145.00 AND inq_last_6mths = 0.00 < inq_last_6mths <= 1.00 AND revol_util = 49.10 < revol_util <= 72.23 AND last_fico_range_high = 699.00 < last_fico_range_high <= 749.00 AND last_fico_range_low = 695.00 < last_fico_range_low <= 745.00 AND pub_rec_bankruptcies = 0
  expl: [0, 1, 2, 3, 4, 5, 6, 7, 8]
  lit2imprt: {0: -0.09232292324822172, 1: -0.00878926710005788, 2: -0.011565066568987994, 3: -0.009495757241858464, 4: -0.0009840141722588216, 5: 0.003958345709249241, 6: 0.4602474924681338, 7: 0.004934493855185531, 8: -0.025727384168603436}
  time: 0.17

inst: 51
  explaining: loan_amnt = 5400.00 < loan_amnt <= 10000.00 AND home_ownership = MORTGAGE AND annual_inc = 59000.00 < annual_inc <= 82000.00 AND desc = desc <= 4.00 AND inq_last_6mths = 0.00 < inq_last_6mths <= 1.00 AND revol_util = 25.20 < revol_util <= 49.10 AND last_fico_range_high = 699.00 < last_fico_range_high <= 749.00 AND last_fico_range_low = 695.00 < last_fico_range_low <= 745.00 AND pub_rec_bankruptcies = 0
  expl: [0, 1, 2, 3, 4, 5, 6, 7, 8]
  lit2imprt: {0: 0.027684320148454657, 1: -0.0025768997791312375, 2: -0.015737306894250937, 3: 0.010523551559831049, 4: -0.005192388531477811, 5: 0.0004263498316686072, 6: 0.4572063485455912, 7: -0.010466088029238206, 8: -0.021083869390838617}
  time: 0.17

inst: 52
  explaining: loan_amnt = loan_amnt <= 5400.00 AND home_ownership = RENT AND annual_inc = annual_inc <= 40057.66 AND desc = desc <= 4.00 AND inq_last_6mths = inq_last_6mths <= 0.00 AND revol_util = 25.20 < revol_util <= 49.10 AND last_fico_range_high = last_fico_range_high <= 649.00 AND last_fico_range_low = last_fico_range_low <= 645.00 AND pub_rec_bankruptcies = 0
  expl: [0, 1, 2, 3, 4, 5, 6, 7, 8]
  lit2imprt: {0: -0.08245380993762523, 1: -0.009433469418091367, 2: 0.030331762978516856, 3: 0.001933884076475567, 4: -0.01362694838167118, 5: 0.012855028726821595, 6: 0.540915126406139, 7: 0.0016135115435906829, 8: 0.021045514883550887}
  time: 0.15

inst: 53
  explaining: loan_amnt = 5400.00 < loan_amnt <= 10000.00 AND home_ownership = MORTGAGE AND annual_inc = 40057.66 < annual_inc <= 59000.00 AND desc = desc <= 4.00 AND inq_last_6mths = inq_last_6mths <= 0.00 AND revol_util = 25.20 < revol_util <= 49.10 AND last_fico_range_high = last_fico_range_high <= 649.00 AND last_fico_range_low = last_fico_range_low <= 645.00 AND pub_rec_bankruptcies = 0
  expl: [0, 1, 2, 3, 4, 5, 6, 7, 8]
  lit2imprt: {0: -0.025718964775673626, 1: 0.0037427493029531245, 2: -0.0009368920136155347, 3: -0.0004930749661471671, 4: -0.011237830942947991, 5: 0.006112184535026908, 6: 0.5448859129981097, 7: 0.002791258860723885, 8: 0.02621266182288724}
  time: 0.14

inst: 54
  explaining: loan_amnt = loan_amnt <= 5400.00 AND home_ownership = RENT AND annual_inc = annual_inc <= 40057.66 AND desc = 4.00 < desc <= 145.00 AND inq_last_6mths = 0.00 < inq_last_6mths <= 1.00 AND revol_util = revol_util <= 25.20 AND last_fico_range_high = 699.00 < last_fico_range_high <= 749.00 AND last_fico_range_low = 695.00 < last_fico_range_low <= 745.00 AND pub_rec_bankruptcies = 0
  expl: [0, 1, 2, 3, 4, 5, 6, 7, 8]
  lit2imprt: {0: 0.05945039371722883, 1: 0.01717928687670873, 2: -0.013809371490271638, 3: 0.011723681527876012, 4: 0.011390428650380233, 5: 0.008865415195363598, 6: 0.4622253042778621, 7: 0.016923609230320963, 8: -0.014249109885381963}
  time: 0.17

inst: 55
  explaining: loan_amnt = loan_amnt <= 5400.00 AND home_ownership = RENT AND annual_inc = annual_inc <= 40057.66 AND desc = desc > 392.00 AND inq_last_6mths = inq_last_6mths <= 0.00 AND revol_util = revol_util <= 25.20 AND last_fico_range_high = last_fico_range_high <= 649.00 AND last_fico_range_low = last_fico_range_low <= 645.00 AND pub_rec_bankruptcies = 0
  expl: [0, 1, 2, 3, 4, 5, 6, 7, 8]
  lit2imprt: {0: -0.08108983544185457, 1: -0.013859605378760862, 2: 0.019412740555790124, 3: 0.0034555703532460676, 4: -0.009099151386789066, 5: 0.006676891338069233, 6: 0.5384673001639529, 7: 0.0035548673937667577, 8: 0.02662722705534663}
  time: 0.17

inst: 56
  explaining: loan_amnt = loan_amnt > 15000.00 AND home_ownership = MORTGAGE AND annual_inc = 59000.00 < annual_inc <= 82000.00 AND desc = desc <= 4.00 AND inq_last_6mths = inq_last_6mths > 1.00 AND revol_util = 49.10 < revol_util <= 72.23 AND last_fico_range_high = last_fico_range_high <= 649.00 AND last_fico_range_low = last_fico_range_low <= 645.00 AND pub_rec_bankruptcies = 0
  expl: [0, 1, 2, 3, 4, 5, 6, 7, 8]
  lit2imprt: {0: 0.09639535688889728, 1: -0.0014418001745494838, 2: 0.006024786891657552, 3: -0.013323302366623943, 4: 0.014533782187977537, 5: -0.006110690910939124, 6: 0.5416315733817424, 7: 0.0005463464567346618, 8: 0.027189173406477814}
  time: 0.18

inst: 57
  explaining: loan_amnt = loan_amnt <= 5400.00 AND home_ownership = RENT AND annual_inc = annual_inc <= 40057.66 AND desc = 4.00 < desc <= 145.00 AND inq_last_6mths = inq_last_6mths <= 0.00 AND revol_util = revol_util > 72.23 AND last_fico_range_high = last_fico_range_high <= 649.00 AND last_fico_range_low = last_fico_range_low <= 645.00 AND pub_rec_bankruptcies = 0
  expl: [0, 1, 2, 3, 4, 5, 6, 7, 8]
  lit2imprt: {0: -0.08612808944033276, 1: -0.00864212605169653, 2: 0.018922301573023253, 3: -0.0031660278930644536, 4: -0.011295818438626426, 5: 0.0033444787637709845, 6: 0.5452226670527336, 7: 0.0006708762937035223, 8: 0.02168013492826951}
  time: 0.15

inst: 58
  explaining: loan_amnt = 5400.00 < loan_amnt <= 10000.00 AND home_ownership = RENT AND annual_inc = annual_inc <= 40057.66 AND desc = desc <= 4.00 AND inq_last_6mths = 0.00 < inq_last_6mths <= 1.00 AND revol_util = revol_util > 72.23 AND last_fico_range_high = last_fico_range_high <= 649.00 AND last_fico_range_low = last_fico_range_low <= 645.00 AND pub_rec_bankruptcies = 0
  expl: [0, 1, 2, 3, 4, 5, 6, 7, 8]
  lit2imprt: {0: -0.03230018214545275, 1: -0.01344672012391726, 2: 0.019833640202382576, 3: -0.0036114677335926876, 4: 0.0025219008161699854, 5: 0.003976394036362957, 6: 0.5435101581636833, 7: 0.001062167008845701, 8: 0.021518379624335802}
  time: 0.16

inst: 59
  explaining: loan_amnt = loan_amnt <= 5400.00 AND home_ownership = RENT AND annual_inc = annual_inc <= 40057.66 AND desc = 4.00 < desc <= 145.00 AND inq_last_6mths = inq_last_6mths <= 0.00 AND revol_util = 49.10 < revol_util <= 72.23 AND last_fico_range_high = 649.00 < last_fico_range_high <= 699.00 AND last_fico_range_low = 645.00 < last_fico_range_low <= 695.00 AND pub_rec_bankruptcies = 0
  expl: [0, 1, 2, 3, 4, 5, 6, 7, 8]
  lit2imprt: {0: 0.07927401289763672, 1: 0.002999495138212316, 2: -0.014178001818155397, 3: -0.010009780568804551, 4: 0.015310816042203525, 5: 0.006641204982398235, 6: 0.07083842346040824, 7: -0.02358990415561389, 8: -0.01739286622169411}
  time: 0.17

inst: 60
  explaining: loan_amnt = loan_amnt > 15000.00 AND home_ownership = MORTGAGE AND annual_inc = 40057.66 < annual_inc <= 59000.00 AND desc = desc > 392.00 AND inq_last_6mths = 0.00 < inq_last_6mths <= 1.00 AND revol_util = revol_util > 72.23 AND last_fico_range_high = last_fico_range_high > 749.00 AND last_fico_range_low = last_fico_range_low > 745.00 AND pub_rec_bankruptcies = 0
  expl: [0, 1, 2, 3, 4, 5, 6, 7, 8]
  lit2imprt: {0: -0.09547782949530852, 1: 0.0004013013734497856, 2: -0.0028227703732014876, 3: 0.0009871329977065766, 4: -0.007090125637012883, 5: -0.003719822828386744, 6: 0.5104609997012373, 7: -0.00794935734550384, 8: -0.027800339354993094}
  time: 0.17

inst: 61
  explaining: loan_amnt = 5400.00 < loan_amnt <= 10000.00 AND home_ownership = RENT AND annual_inc = annual_inc <= 40057.66 AND desc = desc <= 4.00 AND inq_last_6mths = 0.00 < inq_last_6mths <= 1.00 AND revol_util = revol_util > 72.23 AND last_fico_range_high = 699.00 < last_fico_range_high <= 749.00 AND last_fico_range_low = 695.00 < last_fico_range_low <= 745.00 AND pub_rec_bankruptcies = 0
  expl: [0, 1, 2, 3, 4, 5, 6, 7, 8]
  lit2imprt: {0: 0.03190518014295789, 1: 0.007204259744376354, 2: -0.004564394523393568, 3: 0.0035260804841226877, 4: 0.010156526941664253, 5: -5.838517505537619e-05, 6: 0.4547133428551177, 7: -0.01033303916389389, 8: -0.021875028561615426}
  time: 0.18

inst: 62
  explaining: loan_amnt = 5400.00 < loan_amnt <= 10000.00 AND home_ownership = OWN AND annual_inc = 40057.66 < annual_inc <= 59000.00 AND desc = desc <= 4.00 AND inq_last_6mths = inq_last_6mths > 1.00 AND revol_util = revol_util > 72.23 AND last_fico_range_high = last_fico_range_high <= 649.00 AND last_fico_range_low = last_fico_range_low <= 645.00 AND pub_rec_bankruptcies = 0
  expl: [0, 1, 2, 3, 4, 5, 6, 7, 8]
  lit2imprt: {0: -0.031652908264416815, 1: 0.04861471332569234, 2: 0.007477042655940992, 3: -0.004158353593197306, 4: 0.023255509035627512, 5: 0.002531208726430773, 6: 0.5437554384717735, 7: 0.01019582882107314, 8: 0.023776844630043585}
  time: 0.16

inst: 63
  explaining: loan_amnt = loan_amnt > 15000.00 AND home_ownership = OWN AND annual_inc = 40057.66 < annual_inc <= 59000.00 AND desc = desc > 392.00 AND inq_last_6mths = 0.00 < inq_last_6mths <= 1.00 AND revol_util = 49.10 < revol_util <= 72.23 AND last_fico_range_high = last_fico_range_high <= 649.00 AND last_fico_range_low = last_fico_range_low <= 645.00 AND pub_rec_bankruptcies = 0
  expl: [0, 1, 2, 3, 4, 5, 6, 7, 8]
  lit2imprt: {0: 0.09144495467063365, 1: 0.0447187651071682, 2: 0.011019448538405825, 3: 0.003682118483764381, 4: -0.007863129978421087, 5: -0.007549333905867125, 6: 0.5478578337408826, 7: -0.0007288037321811095, 8: 0.02194131762537919}
  time: 0.15

inst: 64
  explaining: loan_amnt = loan_amnt <= 5400.00 AND home_ownership = RENT AND annual_inc = 40057.66 < annual_inc <= 59000.00 AND desc = 145.00 < desc <= 392.00 AND inq_last_6mths = inq_last_6mths <= 0.00 AND revol_util = revol_util > 72.23 AND last_fico_range_high = last_fico_range_high <= 649.00 AND last_fico_range_low = last_fico_range_low <= 645.00 AND pub_rec_bankruptcies = 0
  expl: [0, 1, 2, 3, 4, 5, 6, 7, 8]
  lit2imprt: {0: -0.0795291931774625, 1: -0.015444856701289561, 2: 0.006444052434876566, 3: 0.007998569297950914, 4: -0.015519597559301518, 5: 0.0023078905979155846, 6: 0.5354990359458235, 7: -0.0020917087726689027, 8: 0.019551464756793008}
  time: 0.17

inst: 65
  explaining: loan_amnt = 10000.00 < loan_amnt <= 15000.00 AND home_ownership = RENT AND annual_inc = annual_inc <= 40057.66 AND desc = desc > 392.00 AND inq_last_6mths = inq_last_6mths <= 0.00 AND revol_util = 49.10 < revol_util <= 72.23 AND last_fico_range_high = last_fico_range_high <= 649.00 AND last_fico_range_low = last_fico_range_low <= 645.00 AND pub_rec_bankruptcies = 0
  expl: [0, 1, 2, 3, 4, 5, 6, 7, 8]
  lit2imprt: {0: 0.021728426095905, 1: -0.013671250534901237, 2: 0.01927941021519658, 3: -0.003255305726972919, 4: -0.01278697273470116, 5: -0.006664810605607502, 6: 0.5432925257938583, 7: 0.005613205920902136, 8: 0.022586708216687894}
  time: 0.17

inst: 66
  explaining: loan_amnt = 5400.00 < loan_amnt <= 10000.00 AND home_ownership = MORTGAGE AND annual_inc = annual_inc > 82000.00 AND desc = desc <= 4.00 AND inq_last_6mths = inq_last_6mths > 1.00 AND revol_util = 49.10 < revol_util <= 72.23 AND last_fico_range_high = 699.00 < last_fico_range_high <= 749.00 AND last_fico_range_low = 695.00 < last_fico_range_low <= 745.00 AND pub_rec_bankruptcies = 0
  expl: [0, 1, 2, 3, 4, 5, 6, 7, 8]
  lit2imprt: {0: 0.03260524532017925, 1: 0.008708204168294677, 2: 0.02946779879075245, 3: 0.011492874399366547, 4: -0.02372728036079298, 5: 0.015930410642076676, 6: 0.45421604927296655, 7: 0.0002662035943270753, 8: -0.021585127121921167}
  time: 0.16

inst: 67
  explaining: loan_amnt = 10000.00 < loan_amnt <= 15000.00 AND home_ownership = OWN AND annual_inc = 59000.00 < annual_inc <= 82000.00 AND desc = desc <= 4.00 AND inq_last_6mths = 0.00 < inq_last_6mths <= 1.00 AND revol_util = revol_util <= 25.20 AND last_fico_range_high = last_fico_range_high <= 649.00 AND last_fico_range_low = last_fico_range_low <= 645.00 AND pub_rec_bankruptcies = 0
  expl: [0, 1, 2, 3, 4, 5, 6, 7, 8]
  lit2imprt: {0: 0.019441827437569406, 1: 0.04783331202509696, 2: 0.017182088932407226, 3: -0.008090155890732498, 4: 0.005372926455893954, 5: -0.0012694905873981543, 6: 0.5463731652848753, 7: -0.00985907611589995, 8: 0.025153676832962185}
  time: 0.17

inst: 68
  explaining: loan_amnt = 5400.00 < loan_amnt <= 10000.00 AND home_ownership = MORTGAGE AND annual_inc = 40057.66 < annual_inc <= 59000.00 AND desc = desc > 392.00 AND inq_last_6mths = inq_last_6mths <= 0.00 AND revol_util = revol_util <= 25.20 AND last_fico_range_high = last_fico_range_high <= 649.00 AND last_fico_range_low = last_fico_range_low <= 645.00 AND pub_rec_bankruptcies = 0
  expl: [0, 1, 2, 3, 4, 5, 6, 7, 8]
  lit2imprt: {0: -0.030314124762609924, 1: 0.006832283262880681, 2: 0.01514470812280713, 3: 0.000534983390875798, 4: -0.013800191582706567, 5: 0.004546348807979131, 6: 0.5510504288737135, 7: 0.003845144713895894, 8: 0.02632958402075085}
  time: 0.13

inst: 69
  explaining: loan_amnt = loan_amnt > 15000.00 AND home_ownership = MORTGAGE AND annual_inc = annual_inc > 82000.00 AND desc = desc <= 4.00 AND inq_last_6mths = inq_last_6mths <= 0.00 AND revol_util = 25.20 < revol_util <= 49.10 AND last_fico_range_high = last_fico_range_high > 749.00 AND last_fico_range_low = last_fico_range_low > 745.00 AND pub_rec_bankruptcies = 0
  expl: [0, 1, 2, 3, 4, 5, 6, 7, 8]
  lit2imprt: {0: -0.10643745342816506, 1: 0.007769929359595283, 2: 0.018991530581244812, 3: -0.006119569100180824, 4: 0.020978472730375706, 5: 0.010291617261633084, 6: 0.5022999004177953, 7: 0.009143151820742783, 8: -0.02729447584383265}
  time: 0.17

inst: 70
  explaining: loan_amnt = 5400.00 < loan_amnt <= 10000.00 AND home_ownership = MORTGAGE AND annual_inc = annual_inc > 82000.00 AND desc = desc <= 4.00 AND inq_last_6mths = inq_last_6mths <= 0.00 AND revol_util = 49.10 < revol_util <= 72.23 AND last_fico_range_high = 649.00 < last_fico_range_high <= 699.00 AND last_fico_range_low = 645.00 < last_fico_range_low <= 695.00 AND pub_rec_bankruptcies = 1
  expl: [0, 1, 2, 3, 4, 5, 6, 7, 8]
  lit2imprt: {0: 0.027841447551512338, 1: -0.002910898921850922, 2: 0.042798482417040803, 3: 0.015318043392979791, 4: 0.015218580732649183, 5: 0.015574479628576762, 6: 0.08660952509468667, 7: -0.026042047955174917, 8: -0.018514869550296586}
  time: 0.17

inst: 71
  explaining: loan_amnt = 5400.00 < loan_amnt <= 10000.00 AND home_ownership = MORTGAGE AND annual_inc = 59000.00 < annual_inc <= 82000.00 AND desc = 145.00 < desc <= 392.00 AND inq_last_6mths = inq_last_6mths <= 0.00 AND revol_util = revol_util <= 25.20 AND last_fico_range_high = last_fico_range_high > 749.00 AND last_fico_range_low = last_fico_range_low > 745.00 AND pub_rec_bankruptcies = 0
  expl: [0, 1, 2, 3, 4, 5, 6, 7, 8]
  lit2imprt: {0: 0.04183632761821374, 1: 0.0006806256946946573, 2: -0.012520400440219074, 3: -0.0022273368890341283, 4: 0.008069786765261877, 5: -0.016508153966839627, 6: 0.5049078296919587, 7: -0.011156320420573714, 8: -0.022237358887070555}
  time: 0.17

inst: 72
  explaining: loan_amnt = loan_amnt > 15000.00 AND home_ownership = MORTGAGE AND annual_inc = 40057.66 < annual_inc <= 59000.00 AND desc = desc <= 4.00 AND inq_last_6mths = inq_last_6mths <= 0.00 AND revol_util = revol_util > 72.23 AND last_fico_range_high = last_fico_range_high <= 649.00 AND last_fico_range_low = last_fico_range_low <= 645.00 AND pub_rec_bankruptcies = 0
  expl: [0, 1, 2, 3, 4, 5, 6, 7, 8]
  lit2imprt: {0: 0.1079853208873137, 1: 0.0019445357560085898, 2: 0.013291242193795016, 3: -0.004877751862151578, 4: -0.009337164458089912, 5: -0.0024994454341345884, 6: 0.5400699252622647, 7: -0.0005259402106142323, 8: 0.026803684403941812}
  time: 0.16

inst: 73
  explaining: loan_amnt = 5400.00 < loan_amnt <= 10000.00 AND home_ownership = RENT AND annual_inc = 59000.00 < annual_inc <= 82000.00 AND desc = desc <= 4.00 AND inq_last_6mths = inq_last_6mths > 1.00 AND revol_util = revol_util <= 25.20 AND last_fico_range_high = last_fico_range_high > 749.00 AND last_fico_range_low = last_fico_range_low > 745.00 AND pub_rec_bankruptcies = 0
  expl: [0, 1, 2, 3, 4, 5, 6, 7, 8]
  lit2imprt: {0: 0.023825502889751465, 1: 0.01690409524129753, 2: -0.004848935555626654, 3: 0.008314736284986832, 4: -0.017436490076300677, 5: 0.0011108893115964317, 6: 0.4975773324418299, 7: -0.007578358306956416, 8: -0.02426462650437647}
  time: 0.15

inst: 74
  explaining: loan_amnt = 5400.00 < loan_amnt <= 10000.00 AND home_ownership = RENT AND annual_inc = annual_inc <= 40057.66 AND desc = 145.00 < desc <= 392.00 AND inq_last_6mths = 0.00 < inq_last_6mths <= 1.00 AND revol_util = 49.10 < revol_util <= 72.23 AND last_fico_range_high = last_fico_range_high <= 649.00 AND last_fico_range_low = last_fico_range_low <= 645.00 AND pub_rec_bankruptcies = 0
  expl: [0, 1, 2, 3, 4, 5, 6, 7, 8]
  lit2imprt: {0: -0.03255759254244954, 1: -0.011131051867291897, 2: 0.012768620201277055, 3: 0.0020279920980764976, 4: 0.003068533693407474, 5: -0.009640970867852748, 6: 0.5520558170437078, 7: -0.001926154088223103, 8: 0.025497694031210508}
  time: 0.15

inst: 75
  explaining: loan_amnt = 10000.00 < loan_amnt <= 15000.00 AND home_ownership = MORTGAGE AND annual_inc = 59000.00 < annual_inc <= 82000.00 AND desc = desc <= 4.00 AND inq_last_6mths = inq_last_6mths > 1.00 AND revol_util = revol_util > 72.23 AND last_fico_range_high = last_fico_range_high <= 649.00 AND last_fico_range_low = last_fico_range_low <= 645.00 AND pub_rec_bankruptcies = 1
  expl: [0, 1, 2, 3, 4, 5, 6, 7, 8]
  lit2imprt: {0: 0.021626287241989468, 1: 0.0027314700367710738, 2: 0.010168751616569228, 3: 0.0003529752457772929, 4: 0.017492318295122877, 5: -0.005512469972094674, 6: 0.5404658554310653, 7: -0.0006237370965328735, 8: 0.02422918775404679}
  time: 0.17

inst: 76
  explaining: loan_amnt = loan_amnt > 15000.00 AND home_ownership = RENT AND annual_inc = 40057.66 < annual_inc <= 59000.00 AND desc = desc > 392.00 AND inq_last_6mths = inq_last_6mths <= 0.00 AND revol_util = revol_util > 72.23 AND last_fico_range_high = last_fico_range_high <= 649.00 AND last_fico_range_low = last_fico_range_low <= 645.00 AND pub_rec_bankruptcies = 1
  expl: [0, 1, 2, 3, 4, 5, 6, 7, 8]
  lit2imprt: {0: 0.10418757118380108, 1: -0.016565692641250664, 2: 0.011788169014630003, 3: -0.0035792916086565254, 4: -0.010906806607462223, 5: 0.01034852611593845, 6: 0.5407816528262237, 7: 0.004294570741270875, 8: 0.026733795335934382}
  time: 0.16

inst: 77
  explaining: loan_amnt = 5400.00 < loan_amnt <= 10000.00 AND home_ownership = MORTGAGE AND annual_inc = 59000.00 < annual_inc <= 82000.00 AND desc = desc > 392.00 AND inq_last_6mths = inq_last_6mths <= 0.00 AND revol_util = revol_util > 72.23 AND last_fico_range_high = last_fico_range_high <= 649.00 AND last_fico_range_low = last_fico_range_low <= 645.00 AND pub_rec_bankruptcies = 0
  expl: [0, 1, 2, 3, 4, 5, 6, 7, 8]
  lit2imprt: {0: -0.030373935277616726, 1: -0.002135055635208852, 2: 0.0027519982710589117, 3: -0.0005287553242351889, 4: -0.009743054083658291, 5: -0.005127655825038985, 6: 0.5493098335132002, 7: -0.002791722345565979, 8: 0.0254078216162993}
  time: 0.16

inst: 78
  explaining: loan_amnt = loan_amnt <= 5400.00 AND home_ownership = RENT AND annual_inc = 40057.66 < annual_inc <= 59000.00 AND desc = desc > 392.00 AND inq_last_6mths = inq_last_6mths <= 0.00 AND revol_util = revol_util > 72.23 AND last_fico_range_high = 649.00 < last_fico_range_high <= 699.00 AND last_fico_range_low = 645.00 < last_fico_range_low <= 695.00 AND pub_rec_bankruptcies = 0
  expl: [0, 1, 2, 3, 4, 5, 6, 7, 8]
  lit2imprt: {0: 0.09306357815252612, 1: 0.011838303463969956, 2: -0.009053000136269878, 3: -0.008963667212467016, 4: 0.011070459796287534, 5: -0.020456653216644596, 6: 0.0784948404475026, 7: -0.011060652501244361, 8: -0.02332258401576144}
  time: 0.17

inst: 79
  explaining: loan_amnt = 10000.00 < loan_amnt <= 15000.00 AND home_ownership = RENT AND annual_inc = 40057.66 < annual_inc <= 59000.00 AND desc = 4.00 < desc <= 145.00 AND inq_last_6mths = 0.00 < inq_last_6mths <= 1.00 AND revol_util = 25.20 < revol_util <= 49.10 AND last_fico_range_high = 649.00 < last_fico_range_high <= 699.00 AND last_fico_range_low = 645.00 < last_fico_range_low <= 695.00 AND pub_rec_bankruptcies = 1
  expl: [0, 1, 2, 3, 4, 5, 6, 7, 8]
  lit2imprt: {0: -0.0193744974801222, 1: 0.014019568286180508, 2: -0.023459688087104347, 3: -0.014187997007360155, 4: 0.010517167776728916, 5: -0.011464047376785991, 6: 0.09071148430511791, 7: -0.006679863915095839, 8: -0.01871318926979606}
  time: 0.17

inst: 80
  explaining: loan_amnt = loan_amnt > 15000.00 AND home_ownership = RENT AND annual_inc = 40057.66 < annual_inc <= 59000.00 AND desc = desc <= 4.00 AND inq_last_6mths = 0.00 < inq_last_6mths <= 1.00 AND revol_util = 49.10 < revol_util <= 72.23 AND last_fico_range_high = last_fico_range_high <= 649.00 AND last_fico_range_low = last_fico_range_low <= 645.00 AND pub_rec_bankruptcies = 1
  expl: [0, 1, 2, 3, 4, 5, 6, 7, 8]
  lit2imprt: {0: 0.09643378238719762, 1: -0.00937150462964603, 2: 0.017122491762009317, 3: -0.004115633545844299, 4: 0.0003046297139299021, 5: -0.009965082779511998, 6: 0.5451393508318956, 7: -0.004271519896738508, 8: 0.022353228784058033}
  time: 0.16

inst: 81
  explaining: loan_amnt = 10000.00 < loan_amnt <= 15000.00 AND home_ownership = RENT AND annual_inc = annual_inc > 82000.00 AND desc = 145.00 < desc <= 392.00 AND inq_last_6mths = inq_last_6mths <= 0.00 AND revol_util = revol_util > 72.23 AND last_fico_range_high = last_fico_range_high <= 649.00 AND last_fico_range_low = last_fico_range_low <= 645.00 AND pub_rec_bankruptcies = 0
  expl: [0, 1, 2, 3, 4, 5, 6, 7, 8]
  lit2imprt: {0: 0.017427980327599252, 1: -0.02138385477591475, 2: -0.0342290371294056, 3: 0.005767183150716745, 4: -0.011152841647598496, 5: 0.00014346357171650162, 6: 0.5501460886973774, 7: -0.005847792158770921, 8: 0.022414917472769753}
  time: 0.18

inst: 82
  explaining: loan_amnt = loan_amnt <= 5400.00 AND home_ownership = MORTGAGE AND annual_inc = annual_inc <= 40057.66 AND desc = 145.00 < desc <= 392.00 AND inq_last_6mths = inq_last_6mths <= 0.00 AND revol_util = 49.10 < revol_util <= 72.23 AND last_fico_range_high = 649.00 < last_fico_range_high <= 699.00 AND last_fico_range_low = 645.00 < last_fico_range_low <= 695.00 AND pub_rec_bankruptcies = 0
  expl: [0, 1, 2, 3, 4, 5, 6, 7, 8]
  lit2imprt: {0: 0.07541251977192663, 1: -0.008486947426636127, 2: -0.022250880715975252, 3: 0.0009144849168770243, 4: 0.00801108075896323, 5: 0.008348180781132931, 6: 0.08575279391527252, 7: -0.006835823816193576, 8: -0.02295130733905991}
  time: 0.19

inst: 83
  explaining: loan_amnt = 5400.00 < loan_amnt <= 10000.00 AND home_ownership = RENT AND annual_inc = 40057.66 < annual_inc <= 59000.00 AND desc = 145.00 < desc <= 392.00 AND inq_last_6mths = inq_last_6mths > 1.00 AND revol_util = 49.10 < revol_util <= 72.23 AND last_fico_range_high = 649.00 < last_fico_range_high <= 699.00 AND last_fico_range_low = 645.00 < last_fico_range_low <= 695.00 AND pub_rec_bankruptcies = 0
  expl: [0, 1, 2, 3, 4, 5, 6, 7, 8]
  lit2imprt: {0: 0.04616902095015581, 1: -0.0004981010460975505, 2: -0.017407556124746152, 3: 0.012884949322928834, 4: 0.002036183140726767, 5: 0.011078933531037529, 6: 0.08438650154500991, 7: -0.007509896719917923, 8: -0.020457704873533576}
  time: 0.18

inst: 84
  explaining: loan_amnt = loan_amnt > 15000.00 AND home_ownership = RENT AND annual_inc = 40057.66 < annual_inc <= 59000.00 AND desc = desc <= 4.00 AND inq_last_6mths = inq_last_6mths <= 0.00 AND revol_util = 49.10 < revol_util <= 72.23 AND last_fico_range_high = 649.00 < last_fico_range_high <= 699.00 AND last_fico_range_low = 645.00 < last_fico_range_low <= 695.00 AND pub_rec_bankruptcies = 0
  expl: [0, 1, 2, 3, 4, 5, 6, 7, 8]
  lit2imprt: {0: 0.1106979078502369, 1: -0.00957058801667067, 2: -0.0018445924971782794, 3: -0.009333931526706692, 4: -0.001180621748193676, 5: -0.0078998622161966, 6: -0.07744722180763638, 7: 0.004541203364727241, 8: 0.027140263198417985}
  time: 0.18

inst: 85
  explaining: loan_amnt = 5400.00 < loan_amnt <= 10000.00 AND home_ownership = OWN AND annual_inc = annual_inc <= 40057.66 AND desc = 145.00 < desc <= 392.00 AND inq_last_6mths = inq_last_6mths <= 0.00 AND revol_util = 25.20 < revol_util <= 49.10 AND last_fico_range_high = last_fico_range_high > 749.00 AND last_fico_range_low = last_fico_range_low > 745.00 AND pub_rec_bankruptcies = 0
  expl: [0, 1, 2, 3, 4, 5, 6, 7, 8]
  lit2imprt: {0: 0.03529757235820324, 1: -0.04370440542089968, 2: -0.014296656654460869, 3: -0.007463008127361601, 4: 0.012086938037028495, 5: -0.00663922598746821, 6: 0.494857038040546, 7: -7.761288885574873e-05, 8: -0.02111558583618709}
  time: 0.16

inst: 86
  explaining: loan_amnt = 5400.00 < loan_amnt <= 10000.00 AND home_ownership = OWN AND annual_inc = 40057.66 < annual_inc <= 59000.00 AND desc = desc > 392.00 AND inq_last_6mths = 0.00 < inq_last_6mths <= 1.00 AND revol_util = revol_util <= 25.20 AND last_fico_range_high = last_fico_range_high <= 649.00 AND last_fico_range_low = last_fico_range_low <= 645.00 AND pub_rec_bankruptcies = 0
  expl: [0, 1, 2, 3, 4, 5, 6, 7, 8]
  lit2imprt: {0: -0.03595721184480752, 1: 0.04818635231760564, 2: 0.0022849257859674306, 3: -0.003572805694070189, 4: 0.005960861121260726, 5: -0.000320350509297467, 6: 0.5507396305075177, 7: -0.00010901668107885384, 8: 0.025284103754661176}
  time: 0.17

inst: 87
  explaining: loan_amnt = loan_amnt > 15000.00 AND home_ownership = MORTGAGE AND annual_inc = annual_inc > 82000.00 AND desc = desc <= 4.00 AND inq_last_6mths = inq_last_6mths <= 0.00 AND revol_util = revol_util <= 25.20 AND last_fico_range_high = last_fico_range_high > 749.00 AND last_fico_range_low = last_fico_range_low > 745.00 AND pub_rec_bankruptcies = 0
  expl: [0, 1, 2, 3, 4, 5, 6, 7, 8]
  lit2imprt: {0: -0.09816660569833867, 1: -0.0069815872612616564, 2: 0.031860541306608446, 3: 0.019473488802180125, 4: 0.004172820271114125, 5: -0.0034031614259325436, 6: 0.5009260971624, 7: 0.0015090205754361998, 8: -0.019505807506506028}
  time: 0.18

inst: 88
  explaining: loan_amnt = 10000.00 < loan_amnt <= 15000.00 AND home_ownership = MORTGAGE AND annual_inc = 59000.00 < annual_inc <= 82000.00 AND desc = 4.00 < desc <= 145.00 AND inq_last_6mths = inq_last_6mths <= 0.00 AND revol_util = 25.20 < revol_util <= 49.10 AND last_fico_range_high = 699.00 < last_fico_range_high <= 749.00 AND last_fico_range_low = 695.00 < last_fico_range_low <= 745.00 AND pub_rec_bankruptcies = 0
  expl: [0, 1, 2, 3, 4, 5, 6, 7, 8]
  lit2imprt: {0: -0.03585898916537529, 1: -0.00395981456058648, 2: -0.013642859712483487, 3: -0.004785598371040334, 4: 0.013196812045126245, 5: -0.020276682656059013, 6: 0.45722376990357005, 7: -0.0032246532719106013, 8: -0.018417124652210244}
  time: 0.16

inst: 89
  explaining: loan_amnt = 5400.00 < loan_amnt <= 10000.00 AND home_ownership = RENT AND annual_inc = annual_inc <= 40057.66 AND desc = 145.00 < desc <= 392.00 AND inq_last_6mths = inq_last_6mths <= 0.00 AND revol_util = revol_util > 72.23 AND last_fico_range_high = 649.00 < last_fico_range_high <= 699.00 AND last_fico_range_low = 645.00 < last_fico_range_low <= 695.00 AND pub_rec_bankruptcies = 0
  expl: [0, 1, 2, 3, 4, 5, 6, 7, 8]
  lit2imprt: {0: 0.03159176860557121, 1: 0.012720719452933932, 2: -0.02462419381325992, 3: -0.007258471624349898, 4: 0.01226014916736496, 5: 0.0006840188142122815, 6: 0.09049174700165007, 7: 0.00038753121501857053, 8: -0.028503322340179726}
  time: 0.15

inst: 90
  explaining: loan_amnt = 10000.00 < loan_amnt <= 15000.00 AND home_ownership = OWN AND annual_inc = annual_inc <= 40057.66 AND desc = 145.00 < desc <= 392.00 AND inq_last_6mths = inq_last_6mths <= 0.00 AND revol_util = revol_util > 72.23 AND last_fico_range_high = last_fico_range_high <= 649.00 AND last_fico_range_low = last_fico_range_low <= 645.00 AND pub_rec_bankruptcies = 0
  expl: [0, 1, 2, 3, 4, 5, 6, 7, 8]
  lit2imprt: {0: 0.026578967324197008, 1: 0.04668521228184769, 2: 0.021849605787276218, 3: 0.007202878951021112, 4: -0.01677519476981711, 5: -0.004202986962549992, 6: 0.5468339037076562, 7: -0.004075024837452447, 8: 0.02480052912304489}
  time: 0.17

inst: 91
  explaining: loan_amnt = 5400.00 < loan_amnt <= 10000.00 AND home_ownership = RENT AND annual_inc = 40057.66 < annual_inc <= 59000.00 AND desc = desc <= 4.00 AND inq_last_6mths = 0.00 < inq_last_6mths <= 1.00 AND revol_util = 25.20 < revol_util <= 49.10 AND last_fico_range_high = last_fico_range_high <= 649.00 AND last_fico_range_low = last_fico_range_low <= 645.00 AND pub_rec_bankruptcies = 0
  expl: [0, 1, 2, 3, 4, 5, 6, 7, 8]
  lit2imprt: {0: -0.03613558360759783, 1: -0.014496004859508414, 2: 0.005421934052991336, 3: -0.0105498193780128, 4: 0.0030059019505047353, 5: 0.01610781722947609, 6: 0.5539479414779044, 7: -0.0024545845674630376, 8: 0.027155581356513043}
  time: 0.18

inst: 92
  explaining: loan_amnt = loan_amnt <= 5400.00 AND home_ownership = RENT AND annual_inc = 40057.66 < annual_inc <= 59000.00 AND desc = 145.00 < desc <= 392.00 AND inq_last_6mths = inq_last_6mths > 1.00 AND revol_util = revol_util <= 25.20 AND last_fico_range_high = 699.00 < last_fico_range_high <= 749.00 AND last_fico_range_low = 695.00 < last_fico_range_low <= 745.00 AND pub_rec_bankruptcies = 1
  expl: [0, 1, 2, 3, 4, 5, 6, 7, 8]
  lit2imprt: {0: 0.08405908646896394, 1: 0.012200087877198075, 2: -0.019083194370902452, 3: -0.01049097560208815, 4: -0.01644592405546203, 5: 0.002521419227279135, 6: 0.46265780761007025, 7: -0.015364668284208342, 8: -0.01754142951756937}
  time: 0.17

inst: 93
  explaining: loan_amnt = 5400.00 < loan_amnt <= 10000.00 AND home_ownership = MORTGAGE AND annual_inc = 59000.00 < annual_inc <= 82000.00 AND desc = 145.00 < desc <= 392.00 AND inq_last_6mths = inq_last_6mths > 1.00 AND revol_util = 25.20 < revol_util <= 49.10 AND last_fico_range_high = 649.00 < last_fico_range_high <= 699.00 AND last_fico_range_low = 645.00 < last_fico_range_low <= 695.00 AND pub_rec_bankruptcies = 0
  expl: [0, 1, 2, 3, 4, 5, 6, 7, 8]
  lit2imprt: {0: 0.04152305369296284, 1: 0.00667426855796168, 2: -0.006748032552576007, 3: -0.013322199205944492, 4: -0.016787637524782614, 5: -0.0016483546999147608, 6: 0.08944504325146549, 7: 0.011109715445681352, 8: -0.020115587792161948}
  time: 0.16

inst: 94
  explaining: loan_amnt = loan_amnt > 15000.00 AND home_ownership = MORTGAGE AND annual_inc = 59000.00 < annual_inc <= 82000.00 AND desc = 145.00 < desc <= 392.00 AND inq_last_6mths = 0.00 < inq_last_6mths <= 1.00 AND revol_util = 49.10 < revol_util <= 72.23 AND last_fico_range_high = last_fico_range_high <= 649.00 AND last_fico_range_low = last_fico_range_low <= 645.00 AND pub_rec_bankruptcies = 0
  expl: [0, 1, 2, 3, 4, 5, 6, 7, 8]
  lit2imprt: {0: 0.0922736095784761, 1: 0.0006741724198654252, 2: 0.0028654244524836184, 3: 0.0037741443191047492, 4: -0.0002700445656015311, 5: -0.0083623920521466, 6: 0.5489435995277374, 7: -0.00022118711186126832, 8: 0.025129970398072562}
  time: 0.18

inst: 95
  explaining: loan_amnt = 5400.00 < loan_amnt <= 10000.00 AND home_ownership = RENT AND annual_inc = annual_inc <= 40057.66 AND desc = desc <= 4.00 AND inq_last_6mths = 0.00 < inq_last_6mths <= 1.00 AND revol_util = revol_util > 72.23 AND last_fico_range_high = 699.00 < last_fico_range_high <= 749.00 AND last_fico_range_low = 695.00 < last_fico_range_low <= 745.00 AND pub_rec_bankruptcies = 0
  expl: [0, 1, 2, 3, 4, 5, 6, 7, 8]
  lit2imprt: {0: 0.025168954584535073, 1: 0.005065800014165721, 2: -0.026400508634004467, 3: -0.00859597228338939, 4: 0.0022107622498233367, 5: -0.011448863788927595, 6: 0.45910579272106045, 7: -0.007911923745943716, 8: -0.020638063722574655}
  time: 0.16

inst: 96
  explaining: loan_amnt = 5400.00 < loan_amnt <= 10000.00 AND home_ownership = MORTGAGE AND annual_inc = 40057.66 < annual_inc <= 59000.00 AND desc = 145.00 < desc <= 392.00 AND inq_last_6mths = 0.00 < inq_last_6mths <= 1.00 AND revol_util = revol_util <= 25.20 AND last_fico_range_high = last_fico_range_high <= 649.00 AND last_fico_range_low = last_fico_range_low <= 645.00 AND pub_rec_bankruptcies = 0
  expl: [0, 1, 2, 3, 4, 5, 6, 7, 8]
  lit2imprt: {0: -0.032177394677108874, 1: 0.005317551305838456, 2: 0.006401557094574045, 3: 0.006435240926646308, 4: -0.0025604765007378825, 5: -0.0008775981065824858, 6: 0.5388289146848178, 7: -0.006315907508292283, 8: 0.024323677712778186}
  time: 0.18

inst: 97
  explaining: loan_amnt = 10000.00 < loan_amnt <= 15000.00 AND home_ownership = OWN AND annual_inc = 40057.66 < annual_inc <= 59000.00 AND desc = desc <= 4.00 AND inq_last_6mths = inq_last_6mths <= 0.00 AND revol_util = 49.10 < revol_util <= 72.23 AND last_fico_range_high = 699.00 < last_fico_range_high <= 749.00 AND last_fico_range_low = 695.00 < last_fico_range_low <= 745.00 AND pub_rec_bankruptcies = 0
  expl: [0, 1, 2, 3, 4, 5, 6, 7, 8]
  lit2imprt: {0: -0.019099282931656043, 1: -0.048114224903865174, 2: 0.004839097999939053, 3: 0.02055806939073773, 4: 0.01617018936003304, 5: 0.00235630796668785, 6: 0.459343862016289, 7: -0.021858846475082554, 8: -0.02967541627989905}
  time: 0.16

inst: 98
  explaining: loan_amnt = loan_amnt > 15000.00 AND home_ownership = MORTGAGE AND annual_inc = annual_inc > 82000.00 AND desc = desc > 392.00 AND inq_last_6mths = 0.00 < inq_last_6mths <= 1.00 AND revol_util = revol_util <= 25.20 AND last_fico_range_high = 649.00 < last_fico_range_high <= 699.00 AND last_fico_range_low = 645.00 < last_fico_range_low <= 695.00 AND pub_rec_bankruptcies = 0
  expl: [0, 1, 2, 3, 4, 5, 6, 7, 8]
  lit2imprt: {0: -0.11736522128812069, 1: -0.011392014490134253, 2: 0.0447798971320459, 3: -0.0009446924666974856, 4: -0.024232181868758702, 5: -0.012763612780131314, 6: 0.08714481427113285, 7: 0.012720255846337259, 8: -0.034788474095912854}
  time: 0.16

inst: 99
  explaining: loan_amnt = loan_amnt <= 5400.00 AND home_ownership = MORTGAGE AND annual_inc = annual_inc > 82000.00 AND desc = desc > 392.00 AND inq_last_6mths = inq_last_6mths <= 0.00 AND revol_util = 49.10 < revol_util <= 72.23 AND last_fico_range_high = 649.00 < last_fico_range_high <= 699.00 AND last_fico_range_low = 645.00 < last_fico_range_low <= 695.00 AND pub_rec_bankruptcies = 0
  expl: [0, 1, 2, 3, 4, 5, 6, 7, 8]
  lit2imprt: {0: 0.07269775724267431, 1: -0.005729596983050297, 2: 0.03425971096468835, 3: 0.00409653444475638, 4: 0.02003013157648765, 5: 0.005334602295825213, 6: 0.0890518953800171, 7: -0.003929888659059736, 8: -0.020637463694067805}
  time: 0.15
