loading model from  ./temp/pima/pima_train1/pima_train1_nbestim_25_maxdepth_3_testsplit_0.0.mod.pkl
loading data from  ./temp/pima/pima_train1/pima_train1_nbestim_25_maxdepth_3_testsplit_0.0.mod.pkl.splitdata.pkl

inst: 0
  explaining: x1 = 10.0 AND x2 = 115.0 AND x3 = 0.0 AND x4 = 0.0 AND x5 = 0.0 AND x6 = 35.3 AND x7 = 0.134 AND x8 = 29.0
  expl: [0, 1, 2, 3, 4, 5, 6, 7]
  lit2imprt: {0: 0.3788503, 1: -0.24473926, 2: 1.0813187, 3: 0.03522054, 4: 0.03187665, 5: 0.36873627, 6: -0.4051562, 7: 0.64965796}
  time: 0.01

inst: 1
  explaining: x1 = 10.0 AND x2 = 168.0 AND x3 = 74.0 AND x4 = 0.0 AND x5 = 0.0 AND x6 = 38.0 AND x7 = 0.537 AND x8 = 34.0
  expl: [0, 1, 2, 3, 4, 5, 6, 7]
  lit2imprt: {0: 0.38850477, 1: 2.1357038, 2: 0.15907031, 3: -0.06129244, 4: 0.010229932, 5: 0.37537876, 6: 0.525208, 7: 0.6429783}
  time: 0.01

inst: 2
  explaining: x1 = 8.0 AND x2 = 99.0 AND x3 = 84.0 AND x4 = 0.0 AND x5 = 0.0 AND x6 = 35.4 AND x7 = 0.388 AND x8 = 50.0
  expl: [0, 1, 2, 3, 4, 5, 6, 7]
  lit2imprt: {0: 0.19531843, 1: -0.8682828, 2: 0.0034697726, 3: 0.10627655, 4: -0.042884372, 5: 0.41692683, 6: -0.11955962, 7: 0.62761945}
  time: 0.01

inst: 3
  explaining: x1 = 11.0 AND x2 = 143.0 AND x3 = 94.0 AND x4 = 33.0 AND x5 = 146.0 AND x6 = 36.6 AND x7 = 0.254 AND x8 = 51.0
  expl: [0, 1, 2, 3, 4, 5, 6, 7]
  lit2imprt: {0: 0.39443192, 1: 0.45566323, 2: -0.14016655, 3: 0.045112737, 4: 0.24198444, 5: 0.3652589, 6: -0.24383922, 7: 0.75996566}
  time: 0.01

inst: 4
  explaining: x1 = 5.0 AND x2 = 117.0 AND x3 = 92.0 AND x4 = 0.0 AND x5 = 0.0 AND x6 = 34.1 AND x7 = 0.337 AND x8 = 38.0
  expl: [0, 1, 2, 3, 4, 5, 6, 7]
  lit2imprt: {0: -0.08065432, 1: -0.0039543584, 2: -0.25948703, 3: 0.030921249, 4: 0.06537239, 5: 0.35783157, 6: -0.0025725672, 7: 0.5287869}
  time: 0.01

inst: 5
  explaining: x1 = 3.0 AND x2 = 180.0 AND x3 = 64.0 AND x4 = 25.0 AND x5 = 70.0 AND x6 = 34.0 AND x7 = 0.271 AND x8 = 26.0
  expl: [0, 1, 2, 3, 4, 5, 6, 7]
  lit2imprt: {0: -0.101838596, 1: 2.5736187, 2: 0.10200505, 3: 0.10530642, 4: -0.14286584, 5: 0.28693002, 6: -0.22828129, 7: -0.111952744}
  time: 0.00

inst: 6
  explaining: x1 = 7.0 AND x2 = 106.0 AND x3 = 92.0 AND x4 = 18.0 AND x5 = 0.0 AND x6 = 22.7 AND x7 = 0.235 AND x8 = 48.0
  expl: [0, 1, 2, 3, 4, 5, 6, 7]
  lit2imprt: {0: 0.11418505, 1: -0.7592802, 2: -0.20583093, 3: 0.053160332, 4: -0.050412983, 5: -1.688081, 6: -0.18856755, 7: 0.6192207}
  time: 0.01

inst: 7
  explaining: x1 = 0.0 AND x2 = 146.0 AND x3 = 82.0 AND x4 = 0.0 AND x5 = 0.0 AND x6 = 40.5 AND x7 = 1.781 AND x8 = 44.0
  expl: [0, 1, 2, 3, 4, 5, 6, 7]
  lit2imprt: {0: -0.11834685, 1: 0.457358, 2: 0.0065254886, 3: 0.036234166, 4: -0.025265569, 5: 0.017757408, 6: 0.28554365, 7: 0.57058764}
  time: 0.00

inst: 8
  explaining: x1 = 2.0 AND x2 = 84.0 AND x3 = 0.0 AND x4 = 0.0 AND x5 = 0.0 AND x6 = 0.0 AND x7 = 0.304 AND x8 = 21.0
  expl: [0, 1, 2, 3, 4, 5, 6, 7]
  lit2imprt: {0: -0.15125063, 1: -1.7386839, 2: 0.42467085, 3: -0.1974704, 4: 0.06144196, 5: -0.8089412, 6: -0.21108833, 7: -0.42028475}
  time: 0.00

inst: 9
  explaining: x1 = 8.0 AND x2 = 133.0 AND x3 = 72.0 AND x4 = 0.0 AND x5 = 0.0 AND x6 = 32.9 AND x7 = 0.27 AND x8 = 39.0
  expl: [0, 1, 2, 3, 4, 5, 6, 7]
  lit2imprt: {0: 0.15241915, 1: 0.44956005, 2: 0.05494056, 3: 0.024935199, 4: 0.03306904, 5: 0.37987962, 6: -0.18072805, 7: 0.34766454}
  time: 0.01

inst: 10
  explaining: x1 = 7.0 AND x2 = 114.0 AND x3 = 66.0 AND x4 = 0.0 AND x5 = 0.0 AND x6 = 32.8 AND x7 = 0.258 AND x8 = 42.0
  expl: [0, 1, 2, 3, 4, 5, 6, 7]
  lit2imprt: {0: 0.14237969, 1: -0.12739885, 2: 0.076526865, 3: 0.027826698, 4: 0.06537239, 5: 0.29635182, 6: -0.1360444, 7: 0.5477823}
  time: 0.00

inst: 11
  explaining: x1 = 0.0 AND x2 = 109.0 AND x3 = 88.0 AND x4 = 30.0 AND x5 = 0.0 AND x6 = 32.5 AND x7 = 0.855 AND x8 = 38.0
  expl: [0, 1, 2, 3, 4, 5, 6, 7]
  lit2imprt: {0: -0.15088786, 1: -0.28924295, 2: -0.19916359, 3: 0.050517004, 4: 0.07441467, 5: 0.3842752, 6: 0.4433808, 7: 0.5375193}
  time: 0.00

inst: 12
  explaining: x1 = 4.0 AND x2 = 146.0 AND x3 = 85.0 AND x4 = 27.0 AND x5 = 100.0 AND x6 = 28.9 AND x7 = 0.189 AND x8 = 27.0
  expl: [0, 1, 2, 3, 4, 5, 6, 7]
  lit2imprt: {0: -0.09471847, 1: 0.7551033, 2: -0.07539946, 3: 0.025703408, 4: -0.106303714, 5: -0.050809365, 6: -0.6991659, 7: -0.20258236}
  time: 0.00

inst: 13
  explaining: x1 = 2.0 AND x2 = 100.0 AND x3 = 66.0 AND x4 = 20.0 AND x5 = 90.0 AND x6 = 32.9 AND x7 = 0.867 AND x8 = 28.0
  expl: [0, 1, 2, 3, 4, 5, 6, 7]
  lit2imprt: {0: -0.102368616, 1: -0.926204, 2: 0.060952224, 3: 0.042924717, 4: -0.14376278, 5: 0.344259, 6: 0.69060314, 7: -0.38222915}
  time: 0.00

inst: 14
  explaining: x1 = 0.0 AND x2 = 101.0 AND x3 = 65.0 AND x4 = 28.0 AND x5 = 0.0 AND x6 = 24.6 AND x7 = 0.237 AND x8 = 22.0
  expl: [0, 1, 2, 3, 4, 5, 6, 7]
  lit2imprt: {0: -0.20785607, 1: -0.86981064, 2: 0.060441386, 3: 0.069491185, 4: 0.073598854, 5: -1.7925369, 6: -0.109276384, 7: -0.5610715}
  time: 0.00

inst: 15
  explaining: x1 = 1.0 AND x2 = 107.0 AND x3 = 68.0 AND x4 = 19.0 AND x5 = 0.0 AND x6 = 26.5 AND x7 = 0.165 AND x8 = 24.0
  expl: [0, 1, 2, 3, 4, 5, 6, 7]
  lit2imprt: {0: -0.16275708, 1: -0.38522184, 2: 0.033037364, 3: 0.056113414, 4: 0.07240646, 5: -0.38728726, 6: -0.519723, 7: -0.55127794}
  time: 0.00

inst: 16
  explaining: x1 = 2.0 AND x2 = 92.0 AND x3 = 62.0 AND x4 = 28.0 AND x5 = 0.0 AND x6 = 31.6 AND x7 = 0.13 AND x8 = 24.0
  expl: [0, 1, 2, 3, 4, 5, 6, 7]
  lit2imprt: {0: -0.12759623, 1: -1.6626778, 2: 0.0333494, 3: -0.17357373, 4: 0.07244368, 5: 0.22620499, 6: -0.57193565, 7: -0.44813156}
  time: 0.01

inst: 17
  explaining: x1 = 1.0 AND x2 = 163.0 AND x3 = 72.0 AND x4 = 0.0 AND x5 = 0.0 AND x6 = 39.0 AND x7 = 1.222 AND x8 = 33.0
  expl: [0, 1, 2, 3, 4, 5, 6, 7]
  lit2imprt: {0: -0.191564, 1: 1.2244529, 2: 0.044280503, 3: 0.030098453, 4: 0.049802836, 5: 0.24192019, 6: 0.6608478, 7: 0.41376674}
  time: 0.00

inst: 18
  explaining: x1 = 2.0 AND x2 = 85.0 AND x3 = 65.0 AND x4 = 0.0 AND x5 = 0.0 AND x6 = 39.6 AND x7 = 0.93 AND x8 = 27.0
  expl: [0, 1, 2, 3, 4, 5, 6, 7]
  lit2imprt: {0: -0.08453719, 1: -1.3975059, 2: 0.060165398, 3: -0.023093302, 4: 0.07744034, 5: 0.38379782, 6: 0.72957283, 7: -0.25279552}
  time: 0.00

inst: 19
  explaining: x1 = 4.0 AND x2 = 97.0 AND x3 = 60.0 AND x4 = 23.0 AND x5 = 0.0 AND x6 = 28.2 AND x7 = 0.443 AND x8 = 22.0
  expl: [0, 1, 2, 3, 4, 5, 6, 7]
  lit2imprt: {0: -0.1272326, 1: -0.93351525, 2: 0.05020527, 3: 0.055690356, 4: 0.073598854, 5: -0.27619606, 6: -0.08355859, 7: -0.60334444}
  time: 0.00

inst: 20
  explaining: x1 = 6.0 AND x2 = 111.0 AND x3 = 64.0 AND x4 = 39.0 AND x5 = 0.0 AND x6 = 34.2 AND x7 = 0.26 AND x8 = 24.0
  expl: [0, 1, 2, 3, 4, 5, 6, 7]
  lit2imprt: {0: -0.14182767, 1: -0.4399193, 2: 0.04902451, 3: -0.12410633, 4: 0.047377568, 5: 0.3989756, 6: -0.1362296, 7: -0.59761316}
  time: 0.00

inst: 21
  explaining: x1 = 0.0 AND x2 = 113.0 AND x3 = 76.0 AND x4 = 0.0 AND x5 = 0.0 AND x6 = 33.3 AND x7 = 0.278 AND x8 = 23.0
  expl: [0, 1, 2, 3, 4, 5, 6, 7]
  lit2imprt: {0: -0.16275708, 1: -0.35514763, 2: -0.051209267, 3: 0.030779773, 4: 0.113430806, 5: 0.397893, 6: -0.13489799, 7: -0.62565094}
  time: 0.00

inst: 22
  explaining: x1 = 1.0 AND x2 = 88.0 AND x3 = 30.0 AND x4 = 42.0 AND x5 = 99.0 AND x6 = 55.0 AND x7 = 0.496 AND x8 = 26.0
  expl: [0, 1, 2, 3, 4, 5, 6, 7]
  lit2imprt: {0: -0.29588282, 1: -1.9188914, 2: 0.0998669, 3: -0.121725656, 4: -0.09495528, 5: 1.3415275, 6: -0.013595352, 7: -0.32288304}
  time: 0.00

inst: 23
  explaining: x1 = 3.0 AND x2 = 120.0 AND x3 = 70.0 AND x4 = 30.0 AND x5 = 135.0 AND x6 = 42.9 AND x7 = 0.452 AND x8 = 30.0
  expl: [0, 1, 2, 3, 4, 5, 6, 7]
  lit2imprt: {0: -0.098360464, 1: -0.08003309, 2: 0.043608624, 3: 0.031689454, 4: -0.033295725, 5: 0.7885342, 6: 0.097590454, 7: 0.23629159}
  time: 0.00

inst: 24
  explaining: x1 = 1.0 AND x2 = 117.0 AND x3 = 88.0 AND x4 = 24.0 AND x5 = 145.0 AND x6 = 34.5 AND x7 = 0.403 AND x8 = 40.0
  expl: [0, 1, 2, 3, 4, 5, 6, 7]
  lit2imprt: {0: -0.12796047, 1: -0.086427644, 2: -0.1797452, 3: 0.034642532, 4: -0.028976886, 5: 0.34450987, 6: -0.0070087328, 7: 0.48713806}
  time: 0.01

inst: 25
  explaining: x1 = 9.0 AND x2 = 122.0 AND x3 = 56.0 AND x4 = 0.0 AND x5 = 0.0 AND x6 = 33.3 AND x7 = 1.114 AND x8 = 33.0
  expl: [0, 1, 2, 3, 4, 5, 6, 7]
  lit2imprt: {0: 0.50495344, 1: -0.23762242, 2: -0.3652875, 3: 0.025887243, 4: 0.041058708, 5: 0.43607154, 6: 0.5825222, 7: 0.83162796}
  time: 0.01

inst: 26
  explaining: x1 = 8.0 AND x2 = 84.0 AND x3 = 74.0 AND x4 = 31.0 AND x5 = 0.0 AND x6 = 38.3 AND x7 = 0.457 AND x8 = 39.0
  expl: [0, 1, 2, 3, 4, 5, 6, 7]
  lit2imprt: {0: 0.2131617, 1: -1.1714784, 2: 0.06167498, 3: 0.7313573, 4: 0.08070678, 5: 0.4298953, 6: -0.052301694, 7: 0.37630507}
  time: 0.01

inst: 27
  explaining: x1 = 9.0 AND x2 = 57.0 AND x3 = 80.0 AND x4 = 37.0 AND x5 = 0.0 AND x6 = 32.8 AND x7 = 0.096 AND x8 = 41.0
  expl: [0, 1, 2, 3, 4, 5, 6, 7]
  lit2imprt: {0: 0.25988728, 1: -1.5400603, 2: -0.05462785, 3: 0.33637297, 4: 0.0795144, 5: 0.26276946, 6: -0.6933637, 7: 0.35922584}
  time: 0.01

inst: 28
  explaining: x1 = 2.0 AND x2 = 106.0 AND x3 = 64.0 AND x4 = 35.0 AND x5 = 119.0 AND x6 = 30.5 AND x7 = 1.4 AND x8 = 34.0
  expl: [0, 1, 2, 3, 4, 5, 6, 7]
  lit2imprt: {0: -0.10009002, 1: -0.5789017, 2: 0.052759666, 3: 0.042310677, 4: -0.026587373, 5: 0.3364389, 6: 0.7317888, 7: 0.59079176}
  time: 0.00

inst: 29
  explaining: x1 = 5.0 AND x2 = 147.0 AND x3 = 78.0 AND x4 = 0.0 AND x5 = 0.0 AND x6 = 33.7 AND x7 = 0.218 AND x8 = 65.0
  expl: [0, 1, 2, 3, 4, 5, 6, 7]
  lit2imprt: {0: -0.14746043, 1: 0.5570684, 2: 0.0022113957, 3: 0.013833368, 4: -0.013008267, 5: 0.27307883, 6: -0.21508807, 7: -0.50486034}
  time: 0.01

inst: 30
  explaining: x1 = 7.0 AND x2 = 152.0 AND x3 = 88.0 AND x4 = 44.0 AND x5 = 0.0 AND x6 = 50.0 AND x7 = 0.337 AND x8 = 36.0
  expl: [0, 1, 2, 3, 4, 5, 6, 7]
  lit2imprt: {0: 0.091713145, 1: 0.5996924, 2: -0.14407568, 3: -0.18844694, 4: 0.07988822, 5: 1.6206704, 6: 0.053595494, 7: 0.34487116}
  time: 0.00

inst: 31
  explaining: x1 = 2.0 AND x2 = 99.0 AND x3 = 52.0 AND x4 = 15.0 AND x5 = 94.0 AND x6 = 24.6 AND x7 = 0.637 AND x8 = 21.0
  expl: [0, 1, 2, 3, 4, 5, 6, 7]
  lit2imprt: {0: -0.19175804, 1: -0.9683104, 2: -0.21503684, 3: 0.013776725, 4: -0.102192074, 5: -1.7050389, 6: 0.03804089, 7: -0.5552052}
  time: 0.00

inst: 32
  explaining: x1 = 1.0 AND x2 = 109.0 AND x3 = 56.0 AND x4 = 21.0 AND x5 = 135.0 AND x6 = 25.2 AND x7 = 0.833 AND x8 = 23.0
  expl: [0, 1, 2, 3, 4, 5, 6, 7]
  lit2imprt: {0: -0.22183509, 1: -0.4641879, 2: -0.22322941, 3: 0.039048485, 4: -0.052195884, 5: -1.6814939, 6: 0.2746306, 7: -0.7594454}
  time: 0.00

inst: 33
  explaining: x1 = 17.0 AND x2 = 163.0 AND x3 = 72.0 AND x4 = 41.0 AND x5 = 114.0 AND x6 = 40.9 AND x7 = 0.817 AND x8 = 47.0
  expl: [0, 1, 2, 3, 4, 5, 6, 7]
  lit2imprt: {0: 0.375301, 1: 1.1034105, 2: 0.037046798, 3: -0.19628441, 4: 0.13315997, 5: 0.29072925, 6: 0.38485157, 7: 0.7146225}
  time: 0.00

inst: 34
  explaining: x1 = 3.0 AND x2 = 148.0 AND x3 = 66.0 AND x4 = 25.0 AND x5 = 0.0 AND x6 = 32.5 AND x7 = 0.256 AND x8 = 22.0
  expl: [0, 1, 2, 3, 4, 5, 6, 7]
  lit2imprt: {0: -0.09471847, 1: 0.6553427, 2: 0.03987347, 3: 0.04372038, 4: 0.113430806, 5: 0.16809092, 6: -0.21832106, 7: -0.5740334}
  time: 0.00

inst: 35
  explaining: x1 = 3.0 AND x2 = 111.0 AND x3 = 90.0 AND x4 = 12.0 AND x5 = 78.0 AND x6 = 28.4 AND x7 = 0.495 AND x8 = 29.0
  expl: [0, 1, 2, 3, 4, 5, 6, 7]
  lit2imprt: {0: -0.13714746, 1: -0.08129927, 2: -0.20724756, 3: 0.025198907, 4: -0.08915599, 5: -0.016593318, 6: 0.010534769, 7: 0.3772348}
  time: 0.00

inst: 36
  explaining: x1 = 6.0 AND x2 = 102.0 AND x3 = 82.0 AND x4 = 0.0 AND x5 = 0.0 AND x6 = 30.8 AND x7 = 0.18 AND x8 = 36.0
  expl: [0, 1, 2, 3, 4, 5, 6, 7]
  lit2imprt: {0: -0.08689859, 1: -0.84432286, 2: -0.05535061, 3: 0.041204467, 4: 0.06418, 5: 0.28954953, 6: -0.690391, 7: 0.53834635}
  time: 0.01

inst: 37
  explaining: x1 = 8.0 AND x2 = 179.0 AND x3 = 72.0 AND x4 = 42.0 AND x5 = 130.0 AND x6 = 32.7 AND x7 = 0.719 AND x8 = 36.0
  expl: [0, 1, 2, 3, 4, 5, 6, 7]
  lit2imprt: {0: 0.14717999, 1: 2.202506, 2: 0.09330494, 3: -0.12724763, 4: -0.03013327, 5: 0.22250669, 6: 0.10174683, 7: 0.36902827}
  time: 0.00

inst: 38
  explaining: x1 = 6.0 AND x2 = 85.0 AND x3 = 78.0 AND x4 = 0.0 AND x5 = 0.0 AND x6 = 31.2 AND x7 = 0.382 AND x8 = 42.0
  expl: [0, 1, 2, 3, 4, 5, 6, 7]
  lit2imprt: {0: -0.0649513, 1: -1.9186292, 2: -0.026123539, 3: -0.19665822, 4: 0.0535876, 5: 0.19967282, 6: -0.18370387, 7: 0.42945355}
  time: 0.01

inst: 39
  explaining: x1 = 1.0 AND x2 = 128.0 AND x3 = 98.0 AND x4 = 41.0 AND x5 = 58.0 AND x6 = 32.0 AND x7 = 1.321 AND x8 = 33.0
  expl: [0, 1, 2, 3, 4, 5, 6, 7]
  lit2imprt: {0: -0.20883062, 1: 0.5202496, 2: -0.27672204, 3: -0.29419887, 4: -0.16366498, 5: 0.46420136, 6: 0.871501, 7: 0.47402468}
  time: 0.00

inst: 40
  explaining: x1 = 7.0 AND x2 = 159.0 AND x3 = 66.0 AND x4 = 0.0 AND x5 = 0.0 AND x6 = 30.4 AND x7 = 0.383 AND x8 = 36.0
  expl: [0, 1, 2, 3, 4, 5, 6, 7]
  lit2imprt: {0: 0.09660354, 1: 1.2887864, 2: 0.044280503, 3: 0.014500195, 4: 0.06537239, 5: 0.16848536, 6: -0.107150346, 7: 0.40570262}
  time: 0.00

inst: 41
  explaining: x1 = 4.0 AND x2 = 148.0 AND x3 = 60.0 AND x4 = 27.0 AND x5 = 318.0 AND x6 = 30.9 AND x7 = 0.15 AND x8 = 29.0
  expl: [0, 1, 2, 3, 4, 5, 6, 7]
  lit2imprt: {0: -0.13017777, 1: 0.5846942, 2: 0.01408737, 3: 0.025703408, 4: -0.023282727, 5: 0.18726309, 6: -0.45087692, 7: 0.10594256}
  time: 0.00

inst: 42
  explaining: x1 = 0.0 AND x2 = 113.0 AND x3 = 80.0 AND x4 = 16.0 AND x5 = 0.0 AND x6 = 31.0 AND x7 = 0.874 AND x8 = 21.0
  expl: [0, 1, 2, 3, 4, 5, 6, 7]
  lit2imprt: {0: -0.19818069, 1: -0.46615842, 2: -0.047474112, 3: 0.031731818, 4: 0.116350055, 5: 0.34377, 6: 0.41430834, 7: -0.71194}
  time: 0.00

inst: 43
  explaining: x1 = 1.0 AND x2 = 138.0 AND x3 = 82.0 AND x4 = 0.0 AND x5 = 0.0 AND x6 = 40.1 AND x7 = 0.236 AND x8 = 28.0
  expl: [0, 1, 2, 3, 4, 5, 6, 7]
  lit2imprt: {0: -0.14902024, 1: 0.57518256, 2: -0.06036031, 3: 0.03528212, 4: 0.11717925, 5: 0.22845833, 6: -0.1562223, 7: -0.11631892}
  time: 0.00

inst: 44
  explaining: x1 = 8.0 AND x2 = 196.0 AND x3 = 76.0 AND x4 = 29.0 AND x5 = 280.0 AND x6 = 37.5 AND x7 = 0.605 AND x8 = 57.0
  expl: [0, 1, 2, 3, 4, 5, 6, 7]
  lit2imprt: {0: 0.15870792, 1: 1.9110625, 2: 0.044775106, 3: 0.035969466, 4: 0.18069765, 5: 0.29894084, 6: 0.1954025, 7: -0.42812192}
  time: 0.01

inst: 45
  explaining: x1 = 5.0 AND x2 = 109.0 AND x3 = 62.0 AND x4 = 41.0 AND x5 = 129.0 AND x6 = 35.8 AND x7 = 0.514 AND x8 = 25.0
  expl: [0, 1, 2, 3, 4, 5, 6, 7]
  lit2imprt: {0: -0.14565136, 1: -0.42660713, 2: -0.11981968, 3: -0.19206499, 4: -0.051317524, 5: 0.40608558, 6: 0.3318875, 7: -0.42607036}
  time: 0.01

inst: 46
  explaining: x1 = 3.0 AND x2 = 162.0 AND x3 = 52.0 AND x4 = 38.0 AND x5 = 0.0 AND x6 = 37.2 AND x7 = 0.652 AND x8 = 24.0
  expl: [0, 1, 2, 3, 4, 5, 6, 7]
  lit2imprt: {0: -0.122235976, 1: 1.3270859, 2: -0.3521804, 3: -0.12343648, 4: 0.05134943, 5: 0.32492167, 6: 0.22251527, 7: -0.5698977}
  time: 0.00

inst: 47
  explaining: x1 = 4.0 AND x2 = 197.0 AND x3 = 70.0 AND x4 = 39.0 AND x5 = 744.0 AND x6 = 36.7 AND x7 = 2.329 AND x8 = 31.0
  expl: [0, 1, 2, 3, 4, 5, 6, 7]
  lit2imprt: {0: -0.14854953, 1: 2.2782419, 2: 0.105740204, 3: 0.009914178, 4: 0.008953123, 5: 0.3886758, 6: 0.38916123, 7: 0.3900788}
  time: 0.01

inst: 48
  explaining: x1 = 4.0 AND x2 = 142.0 AND x3 = 86.0 AND x4 = 0.0 AND x5 = 0.0 AND x6 = 44.0 AND x7 = 0.645 AND x8 = 22.0
  expl: [0, 1, 2, 3, 4, 5, 6, 7]
  lit2imprt: {0: -0.13619864, 1: 0.70235056, 2: -0.2163986, 3: 0.028029753, 4: 0.1413839, 5: 0.8925137, 6: 0.22031192, 7: -0.50602835}
  time: 0.00

inst: 49
  explaining: x1 = 3.0 AND x2 = 74.0 AND x3 = 68.0 AND x4 = 28.0 AND x5 = 45.0 AND x6 = 29.7 AND x7 = 0.293 AND x8 = 23.0
  expl: [0, 1, 2, 3, 4, 5, 6, 7]
  lit2imprt: {0: -0.10940117, 1: -1.6578357, 2: 0.059135504, 3: -0.13451968, 4: 0.039407685, 5: -0.24269933, 6: -0.22304532, 7: -0.595093}
  time: 0.00

inst: 50
  explaining: x1 = 4.0 AND x2 = 91.0 AND x3 = 70.0 AND x4 = 32.0 AND x5 = 88.0 AND x6 = 33.1 AND x7 = 0.446 AND x8 = 22.0
  expl: [0, 1, 2, 3, 4, 5, 6, 7]
  lit2imprt: {0: -0.065502256, 1: -0.9958079, 2: 0.060165398, 3: 0.58494425, 4: -0.13728184, 5: 0.3006401, 6: -0.07780899, 7: -0.46731958}
  time: 0.01

inst: 51
  explaining: x1 = 3.0 AND x2 = 139.0 AND x3 = 54.0 AND x4 = 0.0 AND x5 = 0.0 AND x6 = 25.6 AND x7 = 0.402 AND x8 = 22.0
  expl: [0, 1, 2, 3, 4, 5, 6, 7]
  lit2imprt: {0: 0.06329024, 1: 0.40986478, 2: -0.22606194, 3: 0.015524434, 4: 0.073598854, 5: -1.640328, 6: -0.016050631, 7: -0.54858357}
  time: 0.01

inst: 52
  explaining: x1 = 9.0 AND x2 = 124.0 AND x3 = 70.0 AND x4 = 33.0 AND x5 = 402.0 AND x6 = 35.4 AND x7 = 0.282 AND x8 = 34.0
  expl: [0, 1, 2, 3, 4, 5, 6, 7]
  lit2imprt: {0: 0.50477093, 1: -0.14270446, 2: 0.027438203, 3: 0.045112737, 4: 0.09407419, 5: 0.389361, 6: -0.11507974, 7: 0.83907}
  time: 0.00

inst: 53
  explaining: x1 = 4.0 AND x2 = 95.0 AND x3 = 70.0 AND x4 = 32.0 AND x5 = 0.0 AND x6 = 32.1 AND x7 = 0.612 AND x8 = 24.0
  expl: [0, 1, 2, 3, 4, 5, 6, 7]
  lit2imprt: {0: -0.14762998, 1: -1.1132636, 2: 0.060952224, 3: 0.13057232, 4: 0.118893325, 5: 0.21271302, 6: 0.097878456, 7: -0.5416963}
  time: 0.00

inst: 54
  explaining: x1 = 5.0 AND x2 = 96.0 AND x3 = 74.0 AND x4 = 18.0 AND x5 = 67.0 AND x6 = 33.6 AND x7 = 0.997 AND x8 = 43.0
  expl: [0, 1, 2, 3, 4, 5, 6, 7]
  lit2imprt: {0: -0.047663227, 1: -0.864172, 2: 0.05818974, 3: 0.0626132, 4: -0.19974306, 5: 0.32316756, 6: 0.8576513, 7: 0.7369495}
  time: 0.00

inst: 55
  explaining: x1 = 2.0 AND x2 = 128.0 AND x3 = 64.0 AND x4 = 42.0 AND x5 = 0.0 AND x6 = 40.0 AND x7 = 1.101 AND x8 = 24.0
  expl: [0, 1, 2, 3, 4, 5, 6, 7]
  lit2imprt: {0: -0.13405313, 1: 0.4540454, 2: 0.043608624, 3: -0.29463038, 4: 0.05223445, 5: 0.43727416, 6: 0.3299459, 7: -0.5038383}
  time: 0.01

inst: 56
  explaining: x1 = 2.0 AND x2 = 108.0 AND x3 = 62.0 AND x4 = 32.0 AND x5 = 56.0 AND x6 = 25.2 AND x7 = 0.128 AND x8 = 21.0
  expl: [0, 1, 2, 3, 4, 5, 6, 7]
  lit2imprt: {0: -0.15791413, 1: -0.54443216, 2: 0.026065895, 3: 0.1255876, 4: -0.12742418, 5: -1.5645372, 6: -0.3765718, 7: -0.6293424}
  time: 0.00

inst: 57
  explaining: x1 = 0.0 AND x2 = 104.0 AND x3 = 64.0 AND x4 = 23.0 AND x5 = 116.0 AND x6 = 27.8 AND x7 = 0.454 AND x8 = 23.0
  expl: [0, 1, 2, 3, 4, 5, 6, 7]
  lit2imprt: {0: -0.18420167, 1: -0.66857225, 2: 0.052759666, 3: 0.027248688, 4: -0.055115134, 5: -0.1384794, 6: -0.03852835, 7: -0.73906046}
  time: 0.00

inst: 58
  explaining: x1 = 5.0 AND x2 = 114.0 AND x3 = 74.0 AND x4 = 0.0 AND x5 = 0.0 AND x6 = 24.9 AND x7 = 0.744 AND x8 = 57.0
  expl: [0, 1, 2, 3, 4, 5, 6, 7]
  lit2imprt: {0: -0.124701366, 1: -0.37448496, 2: 0.052060794, 3: 0.0073141, 4: -0.04485055, 5: -1.6552061, 6: 0.27621454, 7: 0.07906671}
  time: 0.00

inst: 59
  explaining: x1 = 7.0 AND x2 = 136.0 AND x3 = 74.0 AND x4 = 26.0 AND x5 = 135.0 AND x6 = 26.0 AND x7 = 0.647 AND x8 = 51.0
  expl: [0, 1, 2, 3, 4, 5, 6, 7]
  lit2imprt: {0: 0.17199966, 1: 0.24591824, 2: 0.049807187, 3: 0.027952574, 4: 0.13849849, 5: -1.7954378, 6: 0.12856619, 7: 0.7364907}
  time: 0.01

inst: 60
  explaining: x1 = 1.0 AND x2 = 119.0 AND x3 = 86.0 AND x4 = 39.0 AND x5 = 220.0 AND x6 = 45.6 AND x7 = 0.808 AND x8 = 29.0
  expl: [0, 1, 2, 3, 4, 5, 6, 7]
  lit2imprt: {0: -0.23804395, 1: -0.119793475, 2: -0.2163986, 3: -0.05363184, 4: 0.053508822, 5: 0.47348005, 6: 0.2577835, 7: 0.21454369}
  time: 0.01

inst: 61
  explaining: x1 = 4.0 AND x2 = 96.0 AND x3 = 56.0 AND x4 = 17.0 AND x5 = 49.0 AND x6 = 20.8 AND x7 = 0.34 AND x8 = 26.0
  expl: [0, 1, 2, 3, 4, 5, 6, 7]
  lit2imprt: {0: -0.021266317, 1: -1.1949883, 2: -0.21503684, 3: 0.06391032, 4: -0.12464885, 5: -1.4212428, 6: -0.07258655, 7: -0.40505922}
  time: 0.00

inst: 62
  explaining: x1 = 2.0 AND x2 = 144.0 AND x3 = 58.0 AND x4 = 33.0 AND x5 = 135.0 AND x6 = 31.6 AND x7 = 0.422 AND x8 = 25.0
  expl: [0, 1, 2, 3, 4, 5, 6, 7]
  lit2imprt: {0: -0.120522894, 1: 0.545408, 2: -0.35285226, 3: 0.048607748, 4: -0.09826879, 5: 0.27027157, 6: -0.09072785, 7: -0.40389743}
  time: 0.00

inst: 63
  explaining: x1 = 2.0 AND x2 = 120.0 AND x3 = 76.0 AND x4 = 37.0 AND x5 = 105.0 AND x6 = 39.7 AND x7 = 0.215 AND x8 = 29.0
  expl: [0, 1, 2, 3, 4, 5, 6, 7]
  lit2imprt: {0: -0.11427692, 1: -0.13036078, 2: -0.06036031, 3: 0.048004232, 4: -0.10902367, 5: 0.41437927, 6: -0.07098015, 7: 0.27177152}
  time: 0.01

inst: 64
  explaining: x1 = 0.0 AND x2 = 137.0 AND x3 = 68.0 AND x4 = 14.0 AND x5 = 148.0 AND x6 = 24.8 AND x7 = 0.143 AND x8 = 21.0
  expl: [0, 1, 2, 3, 4, 5, 6, 7]
  lit2imprt: {0: -0.33268353, 1: 0.3405062, 2: 0.033980303, 3: 0.0047598286, 4: -0.024091424, 5: -1.8497407, 6: -0.264576, 7: -0.54740256}
  time: 0.01

inst: 65
  explaining: x1 = 0.0 AND x2 = 128.0 AND x3 = 68.0 AND x4 = 19.0 AND x5 = 180.0 AND x6 = 30.5 AND x7 = 1.391 AND x8 = 25.0
  expl: [0, 1, 2, 3, 4, 5, 6, 7]
  lit2imprt: {0: -0.21692288, 1: 0.63104326, 2: 0.043608624, 3: 0.02960853, 4: -0.033351623, 5: 0.3140231, 6: 0.50476867, 7: -0.4106219}
  time: 0.00

inst: 66
  explaining: x1 = 4.0 AND x2 = 129.0 AND x3 = 60.0 AND x4 = 12.0 AND x5 = 231.0 AND x6 = 27.5 AND x7 = 0.527 AND x8 = 31.0
  expl: [0, 1, 2, 3, 4, 5, 6, 7]
  lit2imprt: {0: -0.13017777, 1: 0.19854271, 2: -0.12897071, 3: 0.002618934, 4: 0.026544007, 5: -0.3797534, 6: 0.33247122, 7: 0.45513538}
  time: 0.01

inst: 67
  explaining: x1 = 0.0 AND x2 = 124.0 AND x3 = 70.0 AND x4 = 20.0 AND x5 = 0.0 AND x6 = 27.4 AND x7 = 0.254 AND x8 = 36.0
  expl: [0, 1, 2, 3, 4, 5, 6, 7]
  lit2imprt: {0: -0.07667724, 1: 0.055811174, 2: 0.038925473, 3: 0.05322192, 4: 0.02659305, 5: -0.25321853, 6: -0.12946051, 7: 0.60015863}
  time: 0.00

inst: 68
  explaining: x1 = 2.0 AND x2 = 112.0 AND x3 = 75.0 AND x4 = 32.0 AND x5 = 0.0 AND x6 = 35.7 AND x7 = 0.148 AND x8 = 21.0
  expl: [0, 1, 2, 3, 4, 5, 6, 7]
  lit2imprt: {0: -0.13425972, 1: -0.5962824, 2: -0.06624842, 3: 0.12888768, 4: 0.114781685, 5: 0.3805428, 6: -0.56834775, 7: -0.60690933}
  time: 0.01

inst: 69
  explaining: x1 = 2.0 AND x2 = 102.0 AND x3 = 86.0 AND x4 = 36.0 AND x5 = 120.0 AND x6 = 45.5 AND x7 = 0.127 AND x8 = 23.0
  expl: [0, 1, 2, 3, 4, 5, 6, 7]
  lit2imprt: {0: -0.16195324, 1: -1.1077276, 2: -0.21512404, 3: -0.0330473, 4: -0.08846341, 5: 0.48056534, 6: -0.5938391, 7: -0.59856063}
  time: 0.01

inst: 70
  explaining: x1 = 1.0 AND x2 = 0.0 AND x3 = 68.0 AND x4 = 35.0 AND x5 = 0.0 AND x6 = 32.0 AND x7 = 0.389 AND x8 = 22.0
  expl: [0, 1, 2, 3, 4, 5, 6, 7]
  lit2imprt: {0: -0.30089286, 1: -1.5652984, 2: 0.060165398, 3: 0.23751546, 4: 0.1330586, 5: 0.21269596, 6: -0.08319391, 7: -0.5226108}
  time: 0.00

inst: 71
  explaining: x1 = 3.0 AND x2 = 116.0 AND x3 = 0.0 AND x4 = 0.0 AND x5 = 0.0 AND x6 = 23.5 AND x7 = 0.187 AND x8 = 23.0
  expl: [0, 1, 2, 3, 4, 5, 6, 7]
  lit2imprt: {0: -0.0063169263, 1: -0.3062825, 2: 0.89366007, 3: 0.022715224, 4: 0.07240646, 5: -1.290203, 6: -0.24191687, 7: -0.42372462}
  time: 0.00

inst: 72
  explaining: x1 = 4.0 AND x2 = 137.0 AND x3 = 84.0 AND x4 = 0.0 AND x5 = 0.0 AND x6 = 31.2 AND x7 = 0.252 AND x8 = 30.0
  expl: [0, 1, 2, 3, 4, 5, 6, 7]
  lit2imprt: {0: -0.09471847, 1: 0.46220303, 2: -0.06036031, 3: 0.024935199, 4: 0.066425, 5: 0.32258904, 6: -0.20449504, 7: 0.111352816}
  time: 0.01

inst: 73
  explaining: x1 = 1.0 AND x2 = 125.0 AND x3 = 50.0 AND x4 = 40.0 AND x5 = 167.0 AND x6 = 33.3 AND x7 = 0.962 AND x8 = 28.0
  expl: [0, 1, 2, 3, 4, 5, 6, 7]
  lit2imprt: {0: -0.22250545, 1: -0.29623383, 2: 0.036295895, 3: -0.20125884, 4: -0.018048812, 5: 0.41687712, 6: 0.45993072, 7: -0.34095895}
  time: 0.00

inst: 74
  explaining: x1 = 5.0 AND x2 = 189.0 AND x3 = 64.0 AND x4 = 33.0 AND x5 = 325.0 AND x6 = 31.2 AND x7 = 0.583 AND x8 = 29.0
  expl: [0, 1, 2, 3, 4, 5, 6, 7]
  lit2imprt: {0: -0.18289714, 1: 2.5869296, 2: 0.105740204, 3: 0.10852228, 4: -0.041506704, 5: 0.28469527, 6: 0.10948225, 7: 0.31405255}
  time: 0.01

inst: 75
  explaining: x1 = 3.0 AND x2 = 173.0 AND x3 = 82.0 AND x4 = 48.0 AND x5 = 465.0 AND x6 = 38.4 AND x7 = 2.137 AND x8 = 25.0
  expl: [0, 1, 2, 3, 4, 5, 6, 7]
  lit2imprt: {0: -0.14854953, 1: 2.6368222, 2: 0.005506426, 3: -0.29658565, 4: -0.06309294, 5: 0.43541363, 6: 0.44528246, 7: -0.20038381}
  time: 0.01

inst: 76
  explaining: x1 = 2.0 AND x2 = 105.0 AND x3 = 58.0 AND x4 = 40.0 AND x5 = 94.0 AND x6 = 34.9 AND x7 = 0.225 AND x8 = 25.0
  expl: [0, 1, 2, 3, 4, 5, 6, 7]
  lit2imprt: {0: -0.14314905, 1: -0.92680824, 2: -0.3474364, 3: -0.18776569, 4: -0.10318035, 5: 0.39374816, 6: -0.18263258, 7: -0.4475947}
  time: 0.01

inst: 77
  explaining: x1 = 1.0 AND x2 = 109.0 AND x3 = 60.0 AND x4 = 8.0 AND x5 = 182.0 AND x6 = 25.4 AND x7 = 0.947 AND x8 = 21.0
  expl: [0, 1, 2, 3, 4, 5, 6, 7]
  lit2imprt: {0: -0.25431412, 1: -0.41937616, 2: 0.042531773, 3: 0.008603374, 4: -0.019979788, 5: -1.8029977, 6: 0.28438765, 7: -0.76018715}
  time: 0.00

inst: 78
  explaining: x1 = 1.0 AND x2 = 119.0 AND x3 = 54.0 AND x4 = 13.0 AND x5 = 50.0 AND x6 = 22.3 AND x7 = 0.205 AND x8 = 24.0
  expl: [0, 1, 2, 3, 4, 5, 6, 7]
  lit2imprt: {0: -0.18035142, 1: -0.27450866, 2: -0.2297971, 3: 0.027339801, 4: -0.12464885, 5: -1.5586045, 6: -0.11175159, 7: -0.6713986}
  time: 0.00

inst: 79
  explaining: x1 = 8.0 AND x2 = 105.0 AND x3 = 100.0 AND x4 = 36.0 AND x5 = 0.0 AND x6 = 43.3 AND x7 = 0.239 AND x8 = 45.0
  expl: [0, 1, 2, 3, 4, 5, 6, 7]
  lit2imprt: {0: 0.26836815, 1: -0.7162216, 2: -0.13101551, 3: 0.07014741, 4: -0.012443839, 5: 0.692493, 6: -0.14450048, 7: 0.6778971}
  time: 0.01

inst: 80
  explaining: x1 = 3.0 AND x2 = 100.0 AND x3 = 68.0 AND x4 = 23.0 AND x5 = 81.0 AND x6 = 31.6 AND x7 = 0.949 AND x8 = 28.0
  expl: [0, 1, 2, 3, 4, 5, 6, 7]
  lit2imprt: {0: -0.08417356, 1: -0.9468815, 2: 0.060952224, 3: 0.0626132, 4: -0.1633003, 5: 0.30756027, 6: 0.69540733, 7: -0.3480032}
  time: 0.02

inst: 81
  explaining: x1 = 4.0 AND x2 = 116.0 AND x3 = 72.0 AND x4 = 12.0 AND x5 = 87.0 AND x6 = 22.1 AND x7 = 0.463 AND x8 = 37.0
  expl: [0, 1, 2, 3, 4, 5, 6, 7]
  lit2imprt: {0: 0.013727907, 1: -0.17329073, 2: 0.06136269, 3: 0.00039895717, 4: -0.06961847, 5: -1.6881084, 6: 0.041870967, 7: 0.45555648}
  time: 0.00

inst: 82
  explaining: x1 = 0.0 AND x2 = 131.0 AND x3 = 66.0 AND x4 = 40.0 AND x5 = 0.0 AND x6 = 34.3 AND x7 = 0.196 AND x8 = 22.0
  expl: [0, 1, 2, 3, 4, 5, 6, 7]
  lit2imprt: {0: -0.15460281, 1: 0.5022631, 2: 0.02483432, 3: -0.28605062, 4: 0.0472378, 5: 0.3537351, 6: -0.8423483, 7: -0.45807123}
  time: 0.00

inst: 83
  explaining: x1 = 9.0 AND x2 = 72.0 AND x3 = 78.0 AND x4 = 25.0 AND x5 = 0.0 AND x6 = 31.6 AND x7 = 0.28 AND x8 = 38.0
  expl: [0, 1, 2, 3, 4, 5, 6, 7]
  lit2imprt: {0: 0.21598835, 1: -1.8897089, 2: -0.051043034, 3: -0.17357373, 4: 0.021284258, 5: 0.20544502, 6: -0.25396973, 7: 0.3978047}
  time: 0.00

inst: 84
  explaining: x1 = 0.0 AND x2 = 101.0 AND x3 = 62.0 AND x4 = 0.0 AND x5 = 0.0 AND x6 = 21.9 AND x7 = 0.336 AND x8 = 25.0
  expl: [0, 1, 2, 3, 4, 5, 6, 7]
  lit2imprt: {0: -0.20785607, 1: -1.0004077, 2: 0.05072433, 3: 0.034746774, 4: 0.073598854, 5: -1.7058525, 6: -0.04178288, 7: -0.41100195}
  time: 0.00

inst: 85
  explaining: x1 = 1.0 AND x2 = 143.0 AND x3 = 84.0 AND x4 = 23.0 AND x5 = 310.0 AND x6 = 42.4 AND x7 = 1.076 AND x8 = 22.0
  expl: [0, 1, 2, 3, 4, 5, 6, 7]
  lit2imprt: {0: -0.21990314, 1: 0.5435252, 2: -0.056625154, 3: 0.03700237, 4: -0.4093737, 5: 0.63898116, 6: 0.30255422, 7: -0.6509862}
  time: 0.00

inst: 86
  explaining: x1 = 1.0 AND x2 = 143.0 AND x3 = 74.0 AND x4 = 22.0 AND x5 = 61.0 AND x6 = 26.2 AND x7 = 0.256 AND x8 = 21.0
  expl: [0, 1, 2, 3, 4, 5, 6, 7]
  lit2imprt: {0: -0.30020452, 1: 0.24606937, 2: 0.046711028, 3: 0.05489342, 4: -0.12464885, 5: -1.9637318, 6: -0.1491095, 7: -0.5822369}
  time: 0.01

inst: 87
  explaining: x1 = 1.0 AND x2 = 119.0 AND x3 = 88.0 AND x4 = 41.0 AND x5 = 170.0 AND x6 = 45.3 AND x7 = 0.507 AND x8 = 26.0
  expl: [0, 1, 2, 3, 4, 5, 6, 7]
  lit2imprt: {0: -0.19964008, 1: -0.1935316, 2: -0.15063322, 3: -0.19858795, 4: 0.0069850236, 5: 0.6739157, 6: 0.5366762, 7: -0.46050102}
  time: 0.01

inst: 88
  explaining: x1 = 0.0 AND x2 = 94.0 AND x3 = 0.0 AND x4 = 0.0 AND x5 = 0.0 AND x6 = 0.0 AND x7 = 0.256 AND x8 = 25.0
  expl: [0, 1, 2, 3, 4, 5, 6, 7]
  lit2imprt: {0: -0.22700877, 1: -1.6248316, 2: 0.42467085, 3: -0.05959121, 4: 0.04992123, 5: -0.905292, 6: -0.16253647, 7: -0.29171067}
  time: 0.00

inst: 89
  explaining: x1 = 1.0 AND x2 = 181.0 AND x3 = 64.0 AND x4 = 30.0 AND x5 = 180.0 AND x6 = 34.1 AND x7 = 0.328 AND x8 = 38.0
  expl: [0, 1, 2, 3, 4, 5, 6, 7]
  lit2imprt: {0: -0.122522384, 1: 2.2406366, 2: 0.113824174, 3: 0.095964864, 4: -0.016052572, 5: 0.2921652, 6: -0.09218365, 7: 0.35049}
  time: 0.01

inst: 90
  explaining: x1 = 5.0 AND x2 = 147.0 AND x3 = 75.0 AND x4 = 0.0 AND x5 = 0.0 AND x6 = 29.9 AND x7 = 0.434 AND x8 = 28.0
  expl: [0, 1, 2, 3, 4, 5, 6, 7]
  lit2imprt: {0: -0.12430516, 1: 0.80332446, 2: -0.056625154, 3: 0.020635908, 4: 0.112378195, 5: 0.17547853, 6: -0.080772795, 7: -0.0790073}
  time: 0.01

inst: 91
  explaining: x1 = 1.0 AND x2 = 97.0 AND x3 = 70.0 AND x4 = 15.0 AND x5 = 0.0 AND x6 = 18.2 AND x7 = 0.147 AND x8 = 21.0
  expl: [0, 1, 2, 3, 4, 5, 6, 7]
  lit2imprt: {0: -0.20785607, 1: -0.9886221, 2: 0.047710657, 3: 0.039046064, 4: 0.07240646, 5: -1.5829355, 6: -0.372765, 7: -0.3778501}
  time: 0.00

inst: 92
  explaining: x1 = 2.0 AND x2 = 83.0 AND x3 = 66.0 AND x4 = 23.0 AND x5 = 50.0 AND x6 = 32.2 AND x7 = 0.497 AND x8 = 22.0
  expl: [0, 1, 2, 3, 4, 5, 6, 7]
  lit2imprt: {0: -0.12759623, 1: -1.8075626, 2: 0.060165398, 3: -0.13881898, 4: -0.11983458, 5: 0.14612919, 6: -0.13291767, 7: -0.54912895}
  time: 0.00

inst: 93
  explaining: x1 = 4.0 AND x2 = 117.0 AND x3 = 62.0 AND x4 = 12.0 AND x5 = 0.0 AND x6 = 29.7 AND x7 = 0.38 AND x8 = 30.0
  expl: [0, 1, 2, 3, 4, 5, 6, 7]
  lit2imprt: {0: -0.098360464, 1: 0.060603857, 2: 0.042012718, 3: 0.023527404, 4: 0.02659305, 5: -0.047074612, 6: 0.0019409722, 7: 0.35703656}
  time: 0.01

inst: 94
  explaining: x1 = 0.0 AND x2 = 120.0 AND x3 = 74.0 AND x4 = 18.0 AND x5 = 63.0 AND x6 = 30.5 AND x7 = 0.285 AND x8 = 26.0
  expl: [0, 1, 2, 3, 4, 5, 6, 7]
  lit2imprt: {0: -0.14277427, 1: -0.26635408, 2: 0.03987347, 3: 0.051236458, 4: -0.16621955, 5: 0.040306665, 6: -0.16075045, 7: -0.5300154}
  time: 0.00

inst: 95
  explaining: x1 = 0.0 AND x2 = 91.0 AND x3 = 68.0 AND x4 = 32.0 AND x5 = 210.0 AND x6 = 39.9 AND x7 = 0.381 AND x8 = 25.0
  expl: [0, 1, 2, 3, 4, 5, 6, 7]
  lit2imprt: {0: -0.33635217, 1: -1.1041906, 2: 0.060165398, 3: 0.55975735, 4: -0.045360573, 5: 0.61782074, 6: -0.02649012, 7: -0.3803467}
  time: 0.01

inst: 96
  explaining: x1 = 2.0 AND x2 = 100.0 AND x3 = 54.0 AND x4 = 28.0 AND x5 = 105.0 AND x6 = 37.8 AND x7 = 0.498 AND x8 = 24.0
  expl: [0, 1, 2, 3, 4, 5, 6, 7]
  lit2imprt: {0: -0.14542767, 1: -0.87132746, 2: -0.33550867, 3: 0.10704476, 4: -0.14668202, 5: 0.5028683, 6: -0.053580027, 7: -0.5607983}
  time: 0.01

inst: 97
  explaining: x1 = 5.0 AND x2 = 86.0 AND x3 = 68.0 AND x4 = 28.0 AND x5 = 71.0 AND x6 = 30.2 AND x7 = 0.364 AND x8 = 24.0
  expl: [0, 1, 2, 3, 4, 5, 6, 7]
  lit2imprt: {0: -0.13487199, 1: -1.8159508, 2: 0.060165398, 3: -0.13881898, 4: -0.12088719, 5: -0.059440497, 6: -0.17716318, 7: -0.5865945}
  time: 0.01

inst: 98
  explaining: x1 = 1.0 AND x2 = 71.0 AND x3 = 62.0 AND x4 = 0.0 AND x5 = 0.0 AND x6 = 21.8 AND x7 = 0.416 AND x8 = 26.0
  expl: [0, 1, 2, 3, 4, 5, 6, 7]
  lit2imprt: {0: -0.21699475, 1: -1.74611, 2: 0.04993751, 3: -0.14487645, 4: 0.06144196, 5: -1.5616496, 6: -0.107600875, 7: -0.33867243}
  time: 0.00

inst: 99
  explaining: x1 = 5.0 AND x2 = 88.0 AND x3 = 78.0 AND x4 = 30.0 AND x5 = 0.0 AND x6 = 27.6 AND x7 = 0.258 AND x8 = 37.0
  expl: [0, 1, 2, 3, 4, 5, 6, 7]
  lit2imprt: {0: -0.06877497, 1: -1.7071898, 2: -0.03860777, 3: -0.17357373, 4: 0.04139349, 5: -0.051210072, 6: -0.20032847, 7: 0.4909396}
  time: 0.00
