loading model from  ./temp/pima/pima_train1/pima_train1_nbestim_25_maxdepth_3_testsplit_0.0.mod.pkl
loading data from  ./temp/pima/pima_train1/pima_train1_nbestim_25_maxdepth_3_testsplit_0.0.mod.pkl.splitdata.pkl

inst: 0
  explaining: x1 = 10.0 AND x2 = 115.0 AND x3 = 0.0 AND x4 = 0.0 AND x5 = 0.0 AND x6 = 35.3 AND x7 = 0.134 AND x8 = 29.0
  expl: [0, 1, 2, 3, 4, 5, 6, 7]
  lit2imprt: {0: 0.0411581399089154, 1: 0.196723602958373, 2: -0.010348644165019997, 3: -0.00022018221241872736, 4: -0.005517481768116072, 5: 0.11736531395759972, 6: 0.05911225961776689, 7: 0.06139570401538736}
  time: 0.04

inst: 1
  explaining: x1 = 10.0 AND x2 = 168.0 AND x3 = 74.0 AND x4 = 0.0 AND x5 = 0.0 AND x6 = 38.0 AND x7 = 0.537 AND x8 = 34.0
  expl: [0, 1, 2, 3, 4, 5, 6, 7]
  lit2imprt: {0: 0.04180635854607941, 1: 0.19971968100028312, 2: -0.009299270890984621, 3: -0.0020490218124898677, 4: -0.004457419538662371, 5: 0.1216418417879487, 6: 0.054085849594595434, 7: 0.06381172427598862}
  time: 0.03

inst: 2
  explaining: x1 = 8.0 AND x2 = 99.0 AND x3 = 84.0 AND x4 = 0.0 AND x5 = 0.0 AND x6 = 35.4 AND x7 = 0.388 AND x8 = 50.0
  expl: [0, 1, 2, 3, 4, 5, 6, 7]
  lit2imprt: {0: -0.031331447655031326, 1: -0.1814527415228778, 2: 0.006575417239857082, 3: 0.006263014604476482, 4: -0.0021943518434060175, 5: -0.11661546607488597, 6: -0.07027809099687675, 7: -0.05158431845219139}
  time: 0.03

inst: 3
  explaining: x1 = 11.0 AND x2 = 143.0 AND x3 = 94.0 AND x4 = 33.0 AND x5 = 146.0 AND x6 = 36.6 AND x7 = 0.254 AND x8 = 51.0
  expl: [0, 1, 2, 3, 4, 5, 6, 7]
  lit2imprt: {0: 0.04033836345110501, 1: 0.19241726901499231, 2: -0.00798747662331163, 3: -0.010281093758884077, 4: -0.002023945879981234, 5: 0.11790219239800365, 6: 0.06664645674782325, 7: 0.059619974150426816}
  time: 0.02

inst: 4
  explaining: x1 = 5.0 AND x2 = 117.0 AND x3 = 92.0 AND x4 = 0.0 AND x5 = 0.0 AND x6 = 34.1 AND x7 = 0.337 AND x8 = 38.0
  expl: [0, 1, 2, 3, 4, 5, 6, 7]
  lit2imprt: {0: -0.03377276702963124, 1: -0.1880664282769165, 2: 0.009309119246302, 3: -0.0023248804999201336, 4: 0.004427067318271702, 5: -0.1171045351258982, 6: -0.06592699490383318, 7: -0.06890173567356554}
  time: 0.02

inst: 5
  explaining: x1 = 3.0 AND x2 = 180.0 AND x3 = 64.0 AND x4 = 25.0 AND x5 = 70.0 AND x6 = 34.0 AND x7 = 0.271 AND x8 = 26.0
  expl: [0, 1, 2, 3, 4, 5, 6, 7]
  lit2imprt: {0: 0.03050544746045397, 1: 0.2028450795153705, 2: -0.009676558483586234, 3: -0.0045806012302582935, 4: -0.008491542594654778, 5: 0.12258781960462706, 6: 0.059357546874199335, 7: 0.0716939096549075}
  time: 0.03

inst: 6
  explaining: x1 = 7.0 AND x2 = 106.0 AND x3 = 92.0 AND x4 = 18.0 AND x5 = 0.0 AND x6 = 22.7 AND x7 = 0.235 AND x8 = 48.0
  expl: [0, 1, 2, 3, 4, 5, 6, 7]
  lit2imprt: {0: -0.033486518584667335, 1: -0.1761670488672762, 2: 0.0077914229328217835, 3: 0.003168706144277519, 4: 0.001082049006471893, 5: -0.12848928949259691, 6: -0.05863771781391529, 7: -0.056713329470795035}
  time: 0.02

inst: 7
  explaining: x1 = 0.0 AND x2 = 146.0 AND x3 = 82.0 AND x4 = 0.0 AND x5 = 0.0 AND x6 = 40.5 AND x7 = 1.781 AND x8 = 44.0
  expl: [0, 1, 2, 3, 4, 5, 6, 7]
  lit2imprt: {0: 0.02852206186667807, 1: 0.18062111288206742, 2: -0.0097963868609641, 3: 0.002751042793707972, 4: -0.0025994850282919876, 5: 0.13077234925564823, 6: 0.043024258991176755, 7: 0.07301541844833265}
  time: 0.02

inst: 8
  explaining: x1 = 2.0 AND x2 = 84.0 AND x3 = 0.0 AND x4 = 0.0 AND x5 = 0.0 AND x6 = 0.0 AND x7 = 0.304 AND x8 = 21.0
  expl: [0, 1, 2, 3, 4, 5, 6, 7]
  lit2imprt: {0: -0.023359405783774694, 1: -0.14607538545046841, 2: 0.020422765712223605, 3: 0.0037521884039991857, 4: 0.006375385256209085, 5: -0.10117612026550586, 6: -0.03827492196548259, 7: -0.04930294462221457}
  time: 0.03

inst: 9
  explaining: x1 = 8.0 AND x2 = 133.0 AND x3 = 72.0 AND x4 = 0.0 AND x5 = 0.0 AND x6 = 32.9 AND x7 = 0.27 AND x8 = 39.0
  expl: [0, 1, 2, 3, 4, 5, 6, 7]
  lit2imprt: {0: 0.03276534276338045, 1: 0.18799927754568393, 2: -0.0068393823984330615, 3: -0.002219609390811326, 4: 0.0020768215511227104, 5: 0.12548166425328533, 6: 0.06780761400663206, 7: 0.06246002560271923}
  time: 0.03

inst: 10
  explaining: x1 = 7.0 AND x2 = 114.0 AND x3 = 66.0 AND x4 = 0.0 AND x5 = 0.0 AND x6 = 32.8 AND x7 = 0.258 AND x8 = 42.0
  expl: [0, 1, 2, 3, 4, 5, 6, 7]
  lit2imprt: {0: 0.036491308696507165, 1: 0.1854928413391299, 2: -0.00865183788725014, 3: -0.0008309161181337726, 4: -0.0026792621233806737, 5: 0.11828391375833194, 6: 0.06701512000185629, 7: 0.06060794351592943}
  time: 0.03

inst: 11
  explaining: x1 = 0.0 AND x2 = 109.0 AND x3 = 88.0 AND x4 = 30.0 AND x5 = 0.0 AND x6 = 32.5 AND x7 = 0.855 AND x8 = 38.0
  expl: [0, 1, 2, 3, 4, 5, 6, 7]
  lit2imprt: {0: 0.030837843241292653, 1: 0.17805037935327192, 2: -0.00778179606116996, 3: -0.008255885922873976, 4: -0.006018847011079927, 5: 0.12125268010187441, 6: 0.06434470245116715, 7: 0.07071142852425367}
  time: 0.03

inst: 12
  explaining: x1 = 4.0 AND x2 = 146.0 AND x3 = 85.0 AND x4 = 27.0 AND x5 = 100.0 AND x6 = 28.9 AND x7 = 0.189 AND x8 = 27.0
  expl: [0, 1, 2, 3, 4, 5, 6, 7]
  lit2imprt: {0: -0.03615460310492902, 1: -0.19344304227447287, 2: 0.010068045319820947, 3: 0.0056650390748205935, 4: 0.0064109320431651705, 5: -0.12212848273592218, 6: -0.05888858637306724, 7: -0.07195679687648526}
  time: 0.03

inst: 13
  explaining: x1 = 2.0 AND x2 = 100.0 AND x3 = 66.0 AND x4 = 20.0 AND x5 = 90.0 AND x6 = 32.9 AND x7 = 0.867 AND x8 = 28.0
  expl: [0, 1, 2, 3, 4, 5, 6, 7]
  lit2imprt: {0: -0.03395166856405172, 1: -0.17143935487064832, 2: 0.004723724788598972, 3: 0.00600379060982683, 4: 0.007458877183431035, 5: -0.12054378782707544, 6: -0.0578755275921846, 7: -0.07912526383930218}
  time: 0.03

inst: 14
  explaining: x1 = 0.0 AND x2 = 101.0 AND x3 = 65.0 AND x4 = 28.0 AND x5 = 0.0 AND x6 = 24.6 AND x7 = 0.237 AND x8 = 22.0
  expl: [0, 1, 2, 3, 4, 5, 6, 7]
  lit2imprt: {0: -0.0275240527798888, 1: -0.16965726516457263, 2: 0.009662350921000828, 3: 0.0034408596158809614, 4: 0.00611243768340272, 5: -0.1201616093906131, 6: -0.05405906147494756, 7: -0.06737922390638171}
  time: 0.02

inst: 15
  explaining: x1 = 1.0 AND x2 = 107.0 AND x3 = 68.0 AND x4 = 19.0 AND x5 = 0.0 AND x6 = 26.5 AND x7 = 0.165 AND x8 = 24.0
  expl: [0, 1, 2, 3, 4, 5, 6, 7]
  lit2imprt: {0: -0.02550109415521914, 1: -0.1766331446497948, 2: 0.008041885725116228, 3: 0.00293453850095469, 4: 0.003504322750462977, 5: -0.11990475696851151, 6: -0.05688598084824287, 7: -0.06565248105327512}
  time: 0.03

inst: 16
  explaining: x1 = 2.0 AND x2 = 92.0 AND x3 = 62.0 AND x4 = 28.0 AND x5 = 0.0 AND x6 = 31.6 AND x7 = 0.13 AND x8 = 24.0
  expl: [0, 1, 2, 3, 4, 5, 6, 7]
  lit2imprt: {0: -0.031267571202261424, 1: -0.17612894369307916, 2: 0.008921663217910072, 3: 0.005217504956272739, 4: 0.00403181073742443, 5: -0.11379745644649798, 6: -0.05959069835331358, 7: -0.07098298566669706}
  time: 0.02

inst: 17
  explaining: x1 = 1.0 AND x2 = 163.0 AND x3 = 72.0 AND x4 = 0.0 AND x5 = 0.0 AND x6 = 39.0 AND x7 = 1.222 AND x8 = 33.0
  expl: [0, 1, 2, 3, 4, 5, 6, 7]
  lit2imprt: {0: 0.029482007695113225, 1: 0.19282301999024443, 2: -0.01431813799938623, 3: -0.0015020989503923851, 4: -0.009743073008159013, 5: 0.13266974358804304, 6: 0.060050586576470985, 7: 0.07446160831899108}
  time: 0.03

inst: 18
  explaining: x1 = 2.0 AND x2 = 85.0 AND x3 = 65.0 AND x4 = 0.0 AND x5 = 0.0 AND x6 = 39.6 AND x7 = 0.93 AND x8 = 27.0
  expl: [0, 1, 2, 3, 4, 5, 6, 7]
  lit2imprt: {0: -0.03161929496054872, 1: -0.17608273888164386, 2: 0.01040125918797174, 3: 0.0024234855269139395, 4: 0.008894973079526554, 5: -0.10872531306772446, 6: -0.06496379714525112, 7: -0.07771201070877623}
  time: 0.03

inst: 19
  explaining: x1 = 4.0 AND x2 = 97.0 AND x3 = 60.0 AND x4 = 23.0 AND x5 = 0.0 AND x6 = 28.2 AND x7 = 0.443 AND x8 = 22.0
  expl: [0, 1, 2, 3, 4, 5, 6, 7]
  lit2imprt: {0: -0.03383331579663117, 1: -0.1765638885654192, 2: 0.010305111134176707, 3: 0.007080008542136419, 4: 0.007411712509357286, 5: -0.11583309254161189, 6: -0.059201700253807124, 7: -0.07128577841942263}
  time: 0.03

inst: 20
  explaining: x1 = 6.0 AND x2 = 111.0 AND x3 = 64.0 AND x4 = 39.0 AND x5 = 0.0 AND x6 = 34.2 AND x7 = 0.26 AND x8 = 24.0
  expl: [0, 1, 2, 3, 4, 5, 6, 7]
  lit2imprt: {0: -0.03494419581626183, 1: -0.18314580317817547, 2: 0.008968107921813642, 3: 0.010616587326143801, 4: 0.004610078655655619, 5: -0.11121501299367667, 6: -0.06593450144508778, 7: -0.07276998947300159}
  time: 0.03

inst: 21
  explaining: x1 = 0.0 AND x2 = 113.0 AND x3 = 76.0 AND x4 = 0.0 AND x5 = 0.0 AND x6 = 33.3 AND x7 = 0.278 AND x8 = 23.0
  expl: [0, 1, 2, 3, 4, 5, 6, 7]
  lit2imprt: {0: -0.028792887675992127, 1: -0.1790188457284861, 2: 0.005762658625068758, 3: 0.0017728061420115497, 4: 0.008630551219227973, 5: -0.11572791436201832, 6: -0.05530328333644136, 7: -0.071160142023532}
  time: 0.02

inst: 22
  explaining: x1 = 1.0 AND x2 = 88.0 AND x3 = 30.0 AND x4 = 42.0 AND x5 = 99.0 AND x6 = 55.0 AND x7 = 0.496 AND x8 = 26.0
  expl: [0, 1, 2, 3, 4, 5, 6, 7]
  lit2imprt: {0: -0.031123116301991514, 1: -0.19165259721561562, 2: 0.011032465585283159, 3: 0.008932540045029821, 4: 0.009499596207050615, 5: -0.08988143479146403, 6: -0.06494633508068477, 7: -0.07843874187962464}
  time: 0.02

inst: 23
  explaining: x1 = 3.0 AND x2 = 120.0 AND x3 = 70.0 AND x4 = 30.0 AND x5 = 135.0 AND x6 = 42.9 AND x7 = 0.452 AND x8 = 30.0
  expl: [0, 1, 2, 3, 4, 5, 6, 7]
  lit2imprt: {0: 0.033219547151728715, 1: 0.19233639305749942, 2: -0.00801415302294625, 3: -0.007899111683398746, 4: -0.009540454376394994, 5: 0.10929054804105223, 6: 0.06266089570028811, 7: 0.07902815525722369}
  time: 0.03

inst: 24
  explaining: x1 = 1.0 AND x2 = 117.0 AND x3 = 88.0 AND x4 = 24.0 AND x5 = 145.0 AND x6 = 34.5 AND x7 = 0.403 AND x8 = 40.0
  expl: [0, 1, 2, 3, 4, 5, 6, 7]
  lit2imprt: {0: -0.03296028178111655, 1: -0.1818884344432193, 2: 0.011814154570999668, 3: 0.008027459362861783, 4: 0.001129436596827868, 5: -0.11766197780611705, 6: -0.0639061501880659, 7: -0.07291588627612296}
  time: 0.03

inst: 25
  explaining: x1 = 9.0 AND x2 = 122.0 AND x3 = 56.0 AND x4 = 0.0 AND x5 = 0.0 AND x6 = 33.3 AND x7 = 1.114 AND x8 = 33.0
  expl: [0, 1, 2, 3, 4, 5, 6, 7]
  lit2imprt: {0: 0.04256655738800989, 1: 0.1755609232169093, 2: -0.010017876306437377, 3: -0.00010367107769598953, 4: -0.006223244613034593, 5: 0.12892312273968995, 6: 0.062035718888754886, 7: 0.0716189227634118}
  time: 0.02

inst: 26
  explaining: x1 = 8.0 AND x2 = 84.0 AND x3 = 74.0 AND x4 = 31.0 AND x5 = 0.0 AND x6 = 38.3 AND x7 = 0.457 AND x8 = 39.0
  expl: [0, 1, 2, 3, 4, 5, 6, 7]
  lit2imprt: {0: -0.037836344245924566, 1: -0.17961217758094844, 2: 0.005359038672562541, 3: 0.007690988283948017, 4: 0.0022287512038681183, 5: -0.11120403325810822, 6: -0.06538164950065725, 7: -0.06697926735530556}
  time: 0.03

inst: 27
  explaining: x1 = 9.0 AND x2 = 57.0 AND x3 = 80.0 AND x4 = 37.0 AND x5 = 0.0 AND x6 = 32.8 AND x7 = 0.096 AND x8 = 41.0
  expl: [0, 1, 2, 3, 4, 5, 6, 7]
  lit2imprt: {0: -0.038918591145173854, 1: -0.16330430651371566, 2: 0.0066716595914468515, 3: 0.006028889408654191, 4: -0.0006875399995727796, 5: -0.10390145983737809, 6: -0.06780161489561459, 7: -0.05696462842106976}
  time: 0.02

inst: 28
  explaining: x1 = 2.0 AND x2 = 106.0 AND x3 = 64.0 AND x4 = 35.0 AND x5 = 119.0 AND x6 = 30.5 AND x7 = 1.4 AND x8 = 34.0
  expl: [0, 1, 2, 3, 4, 5, 6, 7]
  lit2imprt: {0: 0.03596087349154012, 1: 0.1690017384200632, 2: -0.004151102740601651, 3: -0.005230223369683588, 4: -0.005751525243617619, 5: 0.13054878671274142, 6: 0.06367843967569989, 7: 0.08171106988537545}
  time: 0.03

inst: 29
  explaining: x1 = 5.0 AND x2 = 147.0 AND x3 = 78.0 AND x4 = 0.0 AND x5 = 0.0 AND x6 = 33.7 AND x7 = 0.218 AND x8 = 65.0
  expl: [0, 1, 2, 3, 4, 5, 6, 7]
  lit2imprt: {0: -0.02758115838370081, 1: -0.18498892883990412, 2: 0.009947646675452875, 3: 0.0018484267503819088, 4: 0.0015545903564864036, 5: -0.1261728568777768, 6: -0.07225142277675109, 7: -0.04034416026149094}
  time: 0.03

inst: 30
  explaining: x1 = 7.0 AND x2 = 152.0 AND x3 = 88.0 AND x4 = 44.0 AND x5 = 0.0 AND x6 = 50.0 AND x7 = 0.337 AND x8 = 36.0
  expl: [0, 1, 2, 3, 4, 5, 6, 7]
  lit2imprt: {0: 0.03642334148408687, 1: 0.19898962694895145, 2: -0.013685885090518294, 3: -0.010953325704136874, 4: -0.003257029014977159, 5: 0.1028041904505728, 6: 0.06681370011444097, 7: 0.0694993362395566}
  time: 0.02

inst: 31
  explaining: x1 = 2.0 AND x2 = 99.0 AND x3 = 52.0 AND x4 = 15.0 AND x5 = 94.0 AND x6 = 24.6 AND x7 = 0.637 AND x8 = 21.0
  expl: [0, 1, 2, 3, 4, 5, 6, 7]
  lit2imprt: {0: -0.030321643332739935, 1: -0.17184015952282408, 2: 0.008726023869368932, 3: 0.0033350463608408307, 4: 0.007611358798972361, 5: -0.12069706292629834, 6: -0.05662834888922623, 7: -0.07123832644838704}
  time: 0.02

inst: 32
  explaining: x1 = 1.0 AND x2 = 109.0 AND x3 = 56.0 AND x4 = 21.0 AND x5 = 135.0 AND x6 = 25.2 AND x7 = 0.833 AND x8 = 23.0
  expl: [0, 1, 2, 3, 4, 5, 6, 7]
  lit2imprt: {0: -0.025377980571189392, 1: -0.17549793355930732, 2: 0.00815782383958174, 3: 0.008350880668104835, 4: 0.0038486006535408852, 5: -0.12820631544670014, 6: -0.05687002281059121, 7: -0.07136955445697565}
  time: 0.02

inst: 33
  explaining: x1 = 17.0 AND x2 = 163.0 AND x3 = 72.0 AND x4 = 41.0 AND x5 = 114.0 AND x6 = 40.9 AND x7 = 0.817 AND x8 = 47.0
  expl: [0, 1, 2, 3, 4, 5, 6, 7]
  lit2imprt: {0: 0.0463941806205675, 1: 0.18915877492301675, 2: -0.008308077793421336, 3: -0.0151855166310537, 4: 0.0062572059039924365, 5: 0.11745903582466989, 6: 0.07457794539118419, 7: 0.05390172989919499}
  time: 0.02

inst: 34
  explaining: x1 = 3.0 AND x2 = 148.0 AND x3 = 66.0 AND x4 = 25.0 AND x5 = 0.0 AND x6 = 32.5 AND x7 = 0.256 AND x8 = 22.0
  expl: [0, 1, 2, 3, 4, 5, 6, 7]
  lit2imprt: {0: -0.03725156915835147, 1: -0.19173592242832163, 2: 0.013452974786935763, 3: 0.006231294560170536, 4: 0.007051594562750542, 5: -0.11982836425743408, 6: -0.05759302724598317, 7: -0.07377324828361737}
  time: 0.02

inst: 35
  explaining: x1 = 3.0 AND x2 = 111.0 AND x3 = 90.0 AND x4 = 12.0 AND x5 = 78.0 AND x6 = 28.4 AND x7 = 0.495 AND x8 = 29.0
  expl: [0, 1, 2, 3, 4, 5, 6, 7]
  lit2imprt: {0: -0.03167388718070952, 1: -0.17655846483845508, 2: 0.007098081298927342, 3: 0.00779532609823018, 4: 0.003956196317272933, 5: -0.12132648622895831, 6: -0.059436843021297314, 7: -0.06988852163645616}
  time: 0.02

inst: 36
  explaining: x1 = 6.0 AND x2 = 102.0 AND x3 = 82.0 AND x4 = 0.0 AND x5 = 0.0 AND x6 = 30.8 AND x7 = 0.18 AND x8 = 36.0
  expl: [0, 1, 2, 3, 4, 5, 6, 7]
  lit2imprt: {0: -0.033336375595259655, 1: -0.18157525869601612, 2: 0.009847782137439523, 3: 0.0004895749804859387, 4: -0.0008110466508645697, 5: -0.11607272762448569, 6: -0.06413411309738155, 7: -0.06530026787415175}
  time: 0.03

inst: 37
  explaining: x1 = 8.0 AND x2 = 179.0 AND x3 = 72.0 AND x4 = 42.0 AND x5 = 130.0 AND x6 = 32.7 AND x7 = 0.719 AND x8 = 36.0
  expl: [0, 1, 2, 3, 4, 5, 6, 7]
  lit2imprt: {0: 0.041699106158147176, 1: 0.19830955105203513, 2: -0.013199808035684681, 3: -0.006301687829555231, 4: -0.003929370417637452, 5: 0.12643649973461876, 6: 0.0566177150641922, 7: 0.0657484846975723}
  time: 0.02

inst: 38
  explaining: x1 = 6.0 AND x2 = 85.0 AND x3 = 78.0 AND x4 = 0.0 AND x5 = 0.0 AND x6 = 31.2 AND x7 = 0.382 AND x8 = 42.0
  expl: [0, 1, 2, 3, 4, 5, 6, 7]
  lit2imprt: {0: -0.03363299193952543, 1: -0.1784882073670688, 2: 0.00965107676636432, 3: -0.002596683374217363, 4: -0.0026445125285885548, 5: -0.11915409565605357, 6: -0.06440084070982376, 7: -0.05949171305991734}
  time: 0.03

inst: 39
  explaining: x1 = 1.0 AND x2 = 128.0 AND x3 = 98.0 AND x4 = 41.0 AND x5 = 58.0 AND x6 = 32.0 AND x7 = 1.321 AND x8 = 33.0
  expl: [0, 1, 2, 3, 4, 5, 6, 7]
  lit2imprt: {0: 0.032813546263170984, 1: 0.17717644119657774, 2: -0.007782634746576126, 3: -0.008280881696735751, 4: -0.004611099037073067, 5: 0.12583381017641918, 6: 0.05963821912933414, 7: 0.081849752401524}
  time: 0.03

inst: 40
  explaining: x1 = 7.0 AND x2 = 159.0 AND x3 = 66.0 AND x4 = 0.0 AND x5 = 0.0 AND x6 = 30.4 AND x7 = 0.383 AND x8 = 36.0
  expl: [0, 1, 2, 3, 4, 5, 6, 7]
  lit2imprt: {0: 0.038254932940599125, 1: 0.1939870894244434, 2: -0.010253726564621904, 3: -0.0008761719369936449, 4: -0.006510971717919349, 5: 0.12808656649688135, 6: 0.062435791993343835, 7: 0.0629183424096165}
  time: 0.02

inst: 41
  explaining: x1 = 4.0 AND x2 = 148.0 AND x3 = 60.0 AND x4 = 27.0 AND x5 = 318.0 AND x6 = 30.9 AND x7 = 0.15 AND x8 = 29.0
  expl: [0, 1, 2, 3, 4, 5, 6, 7]
  lit2imprt: {0: -0.029077013922623927, 1: -0.19242579183715836, 2: 0.012822190094130055, 3: 0.004047524688297832, 4: 0.0015494177613818037, 5: -0.11592284993790654, 6: -0.06008610523919564, 7: -0.07340554253255137}
  time: 0.02

inst: 42
  explaining: x1 = 0.0 AND x2 = 113.0 AND x3 = 80.0 AND x4 = 16.0 AND x5 = 0.0 AND x6 = 31.0 AND x7 = 0.874 AND x8 = 21.0
  expl: [0, 1, 2, 3, 4, 5, 6, 7]
  lit2imprt: {0: -0.0305032334530337, 1: -0.1784435826134484, 2: 0.010250186195469385, 3: 0.006259784647335101, 4: 0.00634429200908305, 5: -0.1216882205528429, 6: -0.05793533673505198, 7: -0.08054101730413835}
  time: 0.02

inst: 43
  explaining: x1 = 1.0 AND x2 = 138.0 AND x3 = 82.0 AND x4 = 0.0 AND x5 = 0.0 AND x6 = 40.1 AND x7 = 0.236 AND x8 = 28.0
  expl: [0, 1, 2, 3, 4, 5, 6, 7]
  lit2imprt: {0: -0.031989977105382934, 1: -0.19293245487731228, 2: 0.014040092632647383, 3: 0.001519637477065267, 4: 0.010790112300475713, 5: -0.11116486276853901, 6: -0.06281592872866408, 7: -0.07493350775200032}
  time: 0.02

inst: 44
  explaining: x1 = 8.0 AND x2 = 196.0 AND x3 = 76.0 AND x4 = 29.0 AND x5 = 280.0 AND x6 = 37.5 AND x7 = 0.605 AND x8 = 57.0
  expl: [0, 1, 2, 3, 4, 5, 6, 7]
  lit2imprt: {0: 0.038089005864267174, 1: 0.19701226089876875, 2: -0.01461444052463438, 3: -0.001036154053644154, 4: 0.004144015400580083, 5: 0.12222121855799586, 6: 0.059151885680270085, 7: 0.05541220378816805}
  time: 0.03

inst: 45
  explaining: x1 = 5.0 AND x2 = 109.0 AND x3 = 62.0 AND x4 = 41.0 AND x5 = 129.0 AND x6 = 35.8 AND x7 = 0.514 AND x8 = 25.0
  expl: [0, 1, 2, 3, 4, 5, 6, 7]
  lit2imprt: {0: -0.034749172998581816, 1: -0.18206860092492028, 2: 0.007931501169310165, 3: 0.009011858422049506, 4: 0.007700366859918372, 5: -0.11303718706191387, 6: -0.06392317369022989, 7: -0.0795391235600939}
  time: 0.03

inst: 46
  explaining: x1 = 3.0 AND x2 = 162.0 AND x3 = 52.0 AND x4 = 38.0 AND x5 = 0.0 AND x6 = 37.2 AND x7 = 0.652 AND x8 = 24.0
  expl: [0, 1, 2, 3, 4, 5, 6, 7]
  lit2imprt: {0: 0.034634663749151355, 1: 0.19743661918522848, 2: -0.009137468402270723, 3: -0.01167761314265531, 4: -0.006294771703636349, 5: 0.1206289193648615, 6: 0.058550832395244605, 7: 0.07594357016769379}
  time: 0.03

inst: 47
  explaining: x1 = 4.0 AND x2 = 197.0 AND x3 = 70.0 AND x4 = 39.0 AND x5 = 744.0 AND x6 = 36.7 AND x7 = 2.329 AND x8 = 31.0
  expl: [0, 1, 2, 3, 4, 5, 6, 7]
  lit2imprt: {0: 0.0330256219187551, 1: 0.1285499191401207, 2: -0.006617747372372404, 3: 0.007825665863747071, 4: -0.0007920307769865314, 5: 0.08564300070902968, 6: 0.03048085051257908, 7: 0.06443778065675088}
  time: 0.03

inst: 48
  explaining: x1 = 4.0 AND x2 = 142.0 AND x3 = 86.0 AND x4 = 0.0 AND x5 = 0.0 AND x6 = 44.0 AND x7 = 0.645 AND x8 = 22.0
  expl: [0, 1, 2, 3, 4, 5, 6, 7]
  lit2imprt: {0: 0.03600306005399741, 1: 0.19093103759237387, 2: -0.014623536143154649, 3: -0.001633496063365039, 4: -0.008411491095971935, 5: 0.11812988391359174, 6: 0.06221059695225205, 7: 0.07824722357434484}
  time: 0.02

inst: 49
  explaining: x1 = 3.0 AND x2 = 74.0 AND x3 = 68.0 AND x4 = 28.0 AND x5 = 45.0 AND x6 = 29.7 AND x7 = 0.293 AND x8 = 23.0
  expl: [0, 1, 2, 3, 4, 5, 6, 7]
  lit2imprt: {0: -0.03325489215762517, 1: -0.16711507253315583, 2: 0.007648430136917944, 3: 0.008714505704898064, 4: 0.0054519979241295004, 5: -0.1082125221329902, 6: -0.06085897912569551, 7: -0.07265205133702195}
  time: 0.02

inst: 50
  explaining: x1 = 4.0 AND x2 = 91.0 AND x3 = 70.0 AND x4 = 32.0 AND x5 = 88.0 AND x6 = 33.1 AND x7 = 0.446 AND x8 = 22.0
  expl: [0, 1, 2, 3, 4, 5, 6, 7]
  lit2imprt: {0: -0.03951335578324028, 1: -0.1672723305658364, 2: 0.006491045662856017, 3: 0.007224529177714632, 4: 0.006756447923597694, 5: -0.1100072995215913, 6: -0.06164908978374676, 7: -0.07355807106759853}
  time: 0.02

inst: 51
  explaining: x1 = 3.0 AND x2 = 139.0 AND x3 = 54.0 AND x4 = 0.0 AND x5 = 0.0 AND x6 = 25.6 AND x7 = 0.402 AND x8 = 22.0
  expl: [0, 1, 2, 3, 4, 5, 6, 7]
  lit2imprt: {0: -0.03404450759127704, 1: -0.1849205420994883, 2: 0.006719790777314566, 3: 0.0033997579518007374, 4: 0.006901796090103151, 5: -0.12996919227818904, 6: -0.05560772779920874, 7: -0.07152999026432713}
  time: 0.02

inst: 52
  explaining: x1 = 9.0 AND x2 = 124.0 AND x3 = 70.0 AND x4 = 33.0 AND x5 = 402.0 AND x6 = 35.4 AND x7 = 0.282 AND x8 = 34.0
  expl: [0, 1, 2, 3, 4, 5, 6, 7]
  lit2imprt: {0: 0.04251799656730038, 1: 0.18787081696965122, 2: -0.009850636816959683, 3: -0.0051741013423479065, 4: -0.002668770137673338, 5: 0.11397669266293865, 6: 0.060233408669280175, 7: 0.07763203596389194}
  time: 0.03

inst: 53
  explaining: x1 = 4.0 AND x2 = 95.0 AND x3 = 70.0 AND x4 = 32.0 AND x5 = 0.0 AND x6 = 32.1 AND x7 = 0.612 AND x8 = 24.0
  expl: [0, 1, 2, 3, 4, 5, 6, 7]
  lit2imprt: {0: -0.038409496014917915, 1: -0.17017592171280593, 2: 0.008245763075489946, 3: 0.005264304190042045, 4: 0.007267545997576012, 5: -0.11396197240629578, 6: -0.06213708947157496, 7: -0.06924826718400168}
  time: 0.03

inst: 54
  explaining: x1 = 5.0 AND x2 = 96.0 AND x3 = 74.0 AND x4 = 18.0 AND x5 = 67.0 AND x6 = 33.6 AND x7 = 0.997 AND x8 = 43.0
  expl: [0, 1, 2, 3, 4, 5, 6, 7]
  lit2imprt: {0: 0.037177224808674414, 1: 0.16994951079318998, 2: -0.0029627155164806377, 3: -0.004370300893388045, 4: -0.004768850173528116, 5: 0.12087479785917708, 6: 0.06551946502503683, 7: 0.0680814633820159}
  time: 0.03

inst: 55
  explaining: x1 = 2.0 AND x2 = 128.0 AND x3 = 64.0 AND x4 = 42.0 AND x5 = 0.0 AND x6 = 40.0 AND x7 = 1.101 AND x8 = 24.0
  expl: [0, 1, 2, 3, 4, 5, 6, 7]
  lit2imprt: {0: -0.034093927452410334, 1: -0.18672419353818845, 2: 0.009831300019439751, 3: 0.010424090219781714, 4: 0.008273308374732688, 5: -0.11638904840657636, 6: -0.05855748931722926, 7: -0.08310126253394276}
  time: 0.03

inst: 56
  explaining: x1 = 2.0 AND x2 = 108.0 AND x3 = 62.0 AND x4 = 32.0 AND x5 = 56.0 AND x6 = 25.2 AND x7 = 0.128 AND x8 = 21.0
  expl: [0, 1, 2, 3, 4, 5, 6, 7]
  lit2imprt: {0: -0.03222763820860072, 1: -0.1768213785037938, 2: 0.005524450866374012, 3: 0.0020813749338498373, 4: 0.005693227297346728, 5: -0.1134728806135993, 6: -0.05659712343134362, 7: -0.068286126524866}
  time: 0.03

inst: 57
  explaining: x1 = 0.0 AND x2 = 104.0 AND x3 = 64.0 AND x4 = 23.0 AND x5 = 116.0 AND x6 = 27.8 AND x7 = 0.454 AND x8 = 23.0
  expl: [0, 1, 2, 3, 4, 5, 6, 7]
  lit2imprt: {0: -0.030570774702196664, 1: -0.17908084606677044, 2: 0.013343667603131154, 3: 0.0031077371175441217, 4: 0.005938671916607, 5: -0.12273432766441993, 6: -0.056168463095654715, 7: -0.07489131212454694}
  time: 0.03

inst: 58
  explaining: x1 = 5.0 AND x2 = 114.0 AND x3 = 74.0 AND x4 = 0.0 AND x5 = 0.0 AND x6 = 24.9 AND x7 = 0.744 AND x8 = 57.0
  expl: [0, 1, 2, 3, 4, 5, 6, 7]
  lit2imprt: {0: -0.032374443919839783, 1: -0.178205643239202, 2: 0.007112399592787025, 3: 0.004632178400005476, 4: -0.003825647838871666, 5: -0.13444277761855075, 6: -0.05860581591633225, 7: -0.057018202944900294}
  time: 0.02

inst: 59
  explaining: x1 = 7.0 AND x2 = 136.0 AND x3 = 74.0 AND x4 = 26.0 AND x5 = 135.0 AND x6 = 26.0 AND x7 = 0.647 AND x8 = 51.0
  expl: [0, 1, 2, 3, 4, 5, 6, 7]
  lit2imprt: {0: -0.03294712876926439, 1: -0.185948582908179, 2: 0.005152558398931568, 3: 0.0027606004531824154, 4: -0.004347689062238706, 5: -0.13277286900053248, 6: -0.06534414114243099, 7: -0.06064344430077697}
  time: 0.03

inst: 60
  explaining: x1 = 1.0 AND x2 = 119.0 AND x3 = 86.0 AND x4 = 39.0 AND x5 = 220.0 AND x6 = 45.6 AND x7 = 0.808 AND x8 = 29.0
  expl: [0, 1, 2, 3, 4, 5, 6, 7]
  lit2imprt: {0: -0.027306126182150958, 1: -0.1878200036098911, 2: 0.007092811891747519, 3: 0.006203852700633487, 4: 0.009258793591292792, 5: -0.10054477987548735, 6: -0.06244316011846013, 7: -0.08755268675766628}
  time: 0.02

inst: 61
  explaining: x1 = 4.0 AND x2 = 96.0 AND x3 = 56.0 AND x4 = 17.0 AND x5 = 49.0 AND x6 = 20.8 AND x7 = 0.34 AND x8 = 26.0
  expl: [0, 1, 2, 3, 4, 5, 6, 7]
  lit2imprt: {0: -0.03236006915850421, 1: -0.1707658542416437, 2: 0.007918061485233779, 3: 0.0028219677487129635, 4: 0.0059971220093550355, 5: -0.12192016346679718, 6: -0.05442856197028788, 7: -0.062285444810367345}
  time: 0.02

inst: 62
  explaining: x1 = 2.0 AND x2 = 144.0 AND x3 = 58.0 AND x4 = 33.0 AND x5 = 135.0 AND x6 = 31.6 AND x7 = 0.422 AND x8 = 25.0
  expl: [0, 1, 2, 3, 4, 5, 6, 7]
  lit2imprt: {0: -0.03180713649473047, 1: -0.1921415698490198, 2: 0.01021261959527713, 3: 0.007719113515792487, 4: 0.0067270432451856975, 5: -0.12325629313255097, 6: -0.058893658458440634, 7: -0.07772630803400869}
  time: 0.02

inst: 63
  explaining: x1 = 2.0 AND x2 = 120.0 AND x3 = 76.0 AND x4 = 37.0 AND x5 = 105.0 AND x6 = 39.7 AND x7 = 0.215 AND x8 = 29.0
  expl: [0, 1, 2, 3, 4, 5, 6, 7]
  lit2imprt: {0: -0.03059420017194311, 1: -0.18882327969027546, 2: 0.010245284331652319, 3: 0.008886433713557084, 4: 0.008160605164227725, 5: -0.11263403119441309, 6: -0.06275552414881946, 7: -0.0721035276102121}
  time: 0.03

inst: 64
  explaining: x1 = 0.0 AND x2 = 137.0 AND x3 = 68.0 AND x4 = 14.0 AND x5 = 148.0 AND x6 = 24.8 AND x7 = 0.143 AND x8 = 21.0
  expl: [0, 1, 2, 3, 4, 5, 6, 7]
  lit2imprt: {0: -0.029138666757902294, 1: -0.18540538960263106, 2: 0.009038793713235268, 3: 0.0010870470758447103, 4: 0.0052171580583066845, 5: -0.12323871485854904, 6: -0.05158126465244766, 7: -0.07102818290151303}
  time: 0.03

inst: 65
  explaining: x1 = 0.0 AND x2 = 128.0 AND x3 = 68.0 AND x4 = 19.0 AND x5 = 180.0 AND x6 = 30.5 AND x7 = 1.391 AND x8 = 25.0
  expl: [0, 1, 2, 3, 4, 5, 6, 7]
  lit2imprt: {0: 0.030100594726241523, 1: 0.17579886720685048, 2: -0.007830408525749566, 3: -0.0036057050126587, 4: -0.0009085980035304367, 5: 0.12755525529543998, 6: 0.05091313013019436, 7: 0.08226783633229512}
  time: 0.03

inst: 66
  explaining: x1 = 4.0 AND x2 = 129.0 AND x3 = 60.0 AND x4 = 12.0 AND x5 = 231.0 AND x6 = 27.5 AND x7 = 0.527 AND x8 = 31.0
  expl: [0, 1, 2, 3, 4, 5, 6, 7]
  lit2imprt: {0: -0.03501979273476681, 1: -0.18354359072052892, 2: 0.011665244013253721, 3: 0.0027596091664942846, 4: 0.002189336753242971, 5: -0.12848887485674476, 6: -0.058680504769686455, 7: -0.07244278856474422}
  time: 0.03

inst: 67
  explaining: x1 = 0.0 AND x2 = 124.0 AND x3 = 70.0 AND x4 = 20.0 AND x5 = 0.0 AND x6 = 27.4 AND x7 = 0.254 AND x8 = 36.0
  expl: [0, 1, 2, 3, 4, 5, 6, 7]
  lit2imprt: {0: -0.03071896034468741, 1: -0.18552574212975229, 2: 0.009708579902650864, 3: 0.0037814545164375143, 4: 0.006455699519219903, 5: -0.1276201077559816, 6: -0.056022254895522546, 7: -0.06948361773463123}
  time: 0.02

inst: 68
  explaining: x1 = 2.0 AND x2 = 112.0 AND x3 = 75.0 AND x4 = 32.0 AND x5 = 0.0 AND x6 = 35.7 AND x7 = 0.148 AND x8 = 21.0
  expl: [0, 1, 2, 3, 4, 5, 6, 7]
  lit2imprt: {0: -0.03296982250715893, 1: -0.18479911710364091, 2: 0.012549928973979444, 3: 0.008050237736929481, 4: 0.007204906642966991, 5: -0.11241973880884143, 6: -0.06089916762555893, 7: -0.07423164650151644}
  time: 0.02

inst: 69
  explaining: x1 = 2.0 AND x2 = 102.0 AND x3 = 86.0 AND x4 = 36.0 AND x5 = 120.0 AND x6 = 45.5 AND x7 = 0.127 AND x8 = 23.0
  expl: [0, 1, 2, 3, 4, 5, 6, 7]
  lit2imprt: {0: -0.03335430123437494, 1: -0.18541254144666747, 2: 0.010477149789743269, 3: 0.009394199936512826, 4: 0.005342210276052905, 5: -0.10419910435426236, 6: -0.060191146015622414, 7: -0.07776860123057719}
  time: 0.02

inst: 70
  explaining: x1 = 1.0 AND x2 = 0.0 AND x3 = 68.0 AND x4 = 35.0 AND x5 = 0.0 AND x6 = 32.0 AND x7 = 0.389 AND x8 = 22.0
  expl: [0, 1, 2, 3, 4, 5, 6, 7]
  lit2imprt: {0: -0.030589978804658528, 1: -0.12899302302810559, 2: 0.0006667199076745196, 3: 0.0027606727126759873, 4: 0.005153949123977723, 5: -0.09258029216964503, 6: -0.06314097686817075, 7: -0.0672351145765853}
  time: 0.02

inst: 71
  explaining: x1 = 3.0 AND x2 = 116.0 AND x3 = 0.0 AND x4 = 0.0 AND x5 = 0.0 AND x6 = 23.5 AND x7 = 0.187 AND x8 = 23.0
  expl: [0, 1, 2, 3, 4, 5, 6, 7]
  lit2imprt: {0: -0.030820691099002265, 1: -0.18517286579561318, 2: 0.012164893287329066, 3: 0.0009335813043656893, 4: 0.008354484739628479, 5: -0.12141062821062412, 6: -0.05482260665488704, 7: -0.06424536328344521}
  time: 0.02

inst: 72
  explaining: x1 = 4.0 AND x2 = 137.0 AND x3 = 84.0 AND x4 = 0.0 AND x5 = 0.0 AND x6 = 31.2 AND x7 = 0.252 AND x8 = 30.0
  expl: [0, 1, 2, 3, 4, 5, 6, 7]
  lit2imprt: {0: -0.033666786881896164, 1: -0.18721723265108645, 2: 0.007206481946177751, 3: 0.0031957107500907877, 4: 0.0076385355034520345, 5: -0.12553865548135745, 6: -0.057794836076520376, 7: -0.07156871568460742}
  time: 0.03

inst: 73
  explaining: x1 = 1.0 AND x2 = 125.0 AND x3 = 50.0 AND x4 = 40.0 AND x5 = 167.0 AND x6 = 33.3 AND x7 = 0.962 AND x8 = 28.0
  expl: [0, 1, 2, 3, 4, 5, 6, 7]
  lit2imprt: {0: -0.03290054881916773, 1: -0.1803769596693313, 2: 0.008792974731079012, 3: 0.009499853773243196, 4: 0.008431516460195122, 5: -0.12066323797347965, 6: -0.05671609829567241, 7: -0.08103983258750672}
  time: 0.03

inst: 74
  explaining: x1 = 5.0 AND x2 = 189.0 AND x3 = 64.0 AND x4 = 33.0 AND x5 = 325.0 AND x6 = 31.2 AND x7 = 0.583 AND x8 = 29.0
  expl: [0, 1, 2, 3, 4, 5, 6, 7]
  lit2imprt: {0: 0.04088490985131235, 1: 0.20232254130820454, 2: -0.014327448623705304, 3: -0.0050221614698601836, 4: -0.007824443025799373, 5: 0.12100003923883466, 6: 0.05528449095856361, 7: 0.07307828374728578}
  time: 0.03

inst: 75
  explaining: x1 = 3.0 AND x2 = 173.0 AND x3 = 82.0 AND x4 = 48.0 AND x5 = 465.0 AND x6 = 38.4 AND x7 = 2.137 AND x8 = 25.0
  expl: [0, 1, 2, 3, 4, 5, 6, 7]
  lit2imprt: {0: 0.05362547871444712, 1: 0.17793959090395384, 2: -0.026297721008449668, 3: -0.02187340069950262, 4: -0.014608712967406241, 5: 0.1167552480089191, 6: 0.04425798755446761, 7: 0.08045959510679944}
  time: 0.02

inst: 76
  explaining: x1 = 2.0 AND x2 = 105.0 AND x3 = 58.0 AND x4 = 40.0 AND x5 = 94.0 AND x6 = 34.9 AND x7 = 0.225 AND x8 = 25.0
  expl: [0, 1, 2, 3, 4, 5, 6, 7]
  lit2imprt: {0: -0.02802056062055364, 1: -0.17817487562178547, 2: 0.00958900317988757, 3: 0.005532807104906099, 4: 0.006345980014624778, 5: -0.10711958432788973, 6: -0.06030329616363602, 7: -0.07261615208465465}
  time: 0.03

inst: 77
  explaining: x1 = 1.0 AND x2 = 109.0 AND x3 = 60.0 AND x4 = 8.0 AND x5 = 182.0 AND x6 = 25.4 AND x7 = 0.947 AND x8 = 21.0
  expl: [0, 1, 2, 3, 4, 5, 6, 7]
  lit2imprt: {0: -0.03020429278807572, 1: -0.1696131272798709, 2: 0.005406611321689181, 3: 0.0040209172920474, 4: 0.0067727737657297385, 5: -0.1237068415749538, 6: -0.05529077156658866, 7: -0.08204244731387607}
  time: 0.02

inst: 78
  explaining: x1 = 1.0 AND x2 = 119.0 AND x3 = 54.0 AND x4 = 13.0 AND x5 = 50.0 AND x6 = 22.3 AND x7 = 0.205 AND x8 = 24.0
  expl: [0, 1, 2, 3, 4, 5, 6, 7]
  lit2imprt: {0: -0.028967302063489204, 1: -0.1772168721995613, 2: 0.009463648512647947, 3: 0.0009072080257655299, 4: 0.007213577263651299, 5: -0.1209710754733329, 6: -0.05019598988211224, 7: -0.07100739522676462}
  time: 0.02

inst: 79
  explaining: x1 = 8.0 AND x2 = 105.0 AND x3 = 100.0 AND x4 = 36.0 AND x5 = 0.0 AND x6 = 43.3 AND x7 = 0.239 AND x8 = 45.0
  expl: [0, 1, 2, 3, 4, 5, 6, 7]
  lit2imprt: {0: -0.04117699200313643, 1: -0.18633047683102608, 2: 0.007530333263169832, 3: 0.009228851105896971, 4: 0.004636163280526728, 5: -0.10722451263320042, 6: -0.07027048183071989, 7: -0.05826963321305128}
  time: 0.02

inst: 80
  explaining: x1 = 3.0 AND x2 = 100.0 AND x3 = 68.0 AND x4 = 23.0 AND x5 = 81.0 AND x6 = 31.6 AND x7 = 0.949 AND x8 = 28.0
  expl: [0, 1, 2, 3, 4, 5, 6, 7]
  lit2imprt: {0: -0.03913961188764833, 1: -0.17590127395599517, 2: 0.006043157727390032, 3: 0.004861176683702186, 4: 0.0027810800386645395, 5: -0.12136396954578972, 6: -0.060513478720914636, 7: -0.07079709862914058}
  time: 0.03

inst: 81
  explaining: x1 = 4.0 AND x2 = 116.0 AND x3 = 72.0 AND x4 = 12.0 AND x5 = 87.0 AND x6 = 22.1 AND x7 = 0.463 AND x8 = 37.0
  expl: [0, 1, 2, 3, 4, 5, 6, 7]
  lit2imprt: {0: -0.03193126476973855, 1: -0.1816766187195772, 2: 0.007278545213148538, 3: 0.005911381080737443, 4: 0.0007954982170466216, 5: -0.12480783738679124, 6: -0.05691516084729255, 7: -0.06876326274148488}
  time: 0.02

inst: 82
  explaining: x1 = 0.0 AND x2 = 131.0 AND x3 = 66.0 AND x4 = 40.0 AND x5 = 0.0 AND x6 = 34.3 AND x7 = 0.196 AND x8 = 22.0
  expl: [0, 1, 2, 3, 4, 5, 6, 7]
  lit2imprt: {0: -0.02886627305202071, 1: -0.18752522189044654, 2: 0.011233037001884348, 3: 0.01014347537819006, 4: 0.006341952845607262, 5: -0.11887472063765378, 6: -0.05844785159464492, 7: -0.07515622837293409}
  time: 0.03

inst: 83
  explaining: x1 = 9.0 AND x2 = 72.0 AND x3 = 78.0 AND x4 = 25.0 AND x5 = 0.0 AND x6 = 31.6 AND x7 = 0.28 AND x8 = 38.0
  expl: [0, 1, 2, 3, 4, 5, 6, 7]
  lit2imprt: {0: -0.03344057240467835, 1: -0.16557896367703617, 2: 0.004129535884542183, 3: 0.0021011289198160773, 4: 0.003788399898395598, 5: -0.1132361835096199, 6: -0.06679088346338678, 7: -0.059817915658056754}
  time: 0.03

inst: 84
  explaining: x1 = 0.0 AND x2 = 101.0 AND x3 = 62.0 AND x4 = 0.0 AND x5 = 0.0 AND x6 = 21.9 AND x7 = 0.336 AND x8 = 25.0
  expl: [0, 1, 2, 3, 4, 5, 6, 7]
  lit2imprt: {0: -0.02700897419621448, 1: -0.16459507476798316, 2: 0.008966408363820198, 3: 0.000875488529712272, 4: 0.009234939529843578, 5: -0.12352175668752467, 6: -0.052235950382534285, 7: -0.06661313929279479}
  time: 0.03

inst: 85
  explaining: x1 = 1.0 AND x2 = 143.0 AND x3 = 84.0 AND x4 = 23.0 AND x5 = 310.0 AND x6 = 42.4 AND x7 = 1.076 AND x8 = 22.0
  expl: [0, 1, 2, 3, 4, 5, 6, 7]
  lit2imprt: {0: -0.034993956035430485, 1: -0.18944184729040447, 2: 0.01274208141180124, 3: 0.005564369719177899, 4: 0.008537968040214424, 5: -0.11439942132641312, 6: -0.057756424410708114, 7: -0.09200923605008768}
  time: 0.03

inst: 86
  explaining: x1 = 1.0 AND x2 = 143.0 AND x3 = 74.0 AND x4 = 22.0 AND x5 = 61.0 AND x6 = 26.2 AND x7 = 0.256 AND x8 = 21.0
  expl: [0, 1, 2, 3, 4, 5, 6, 7]
  lit2imprt: {0: -0.032498405970667193, 1: -0.18806394921354208, 2: 0.009185830672639441, 3: 0.005388758708975688, 4: 0.008256830355232088, 5: -0.12241310273276305, 6: -0.0543318067127654, 7: -0.070993082904096}
  time: 0.03

inst: 87
  explaining: x1 = 1.0 AND x2 = 119.0 AND x3 = 88.0 AND x4 = 41.0 AND x5 = 170.0 AND x6 = 45.3 AND x7 = 0.507 AND x8 = 26.0
  expl: [0, 1, 2, 3, 4, 5, 6, 7]
  lit2imprt: {0: -0.03135446585413584, 1: -0.18810176644286164, 2: 0.009620831455733465, 3: 0.014866813934305164, 4: 0.004949881691586277, 5: -0.10923022166304962, 6: -0.062284720018735376, 7: -0.08233648336464597}
  time: 0.03

inst: 88
  explaining: x1 = 0.0 AND x2 = 94.0 AND x3 = 0.0 AND x4 = 0.0 AND x5 = 0.0 AND x6 = 0.0 AND x7 = 0.256 AND x8 = 25.0
  expl: [0, 1, 2, 3, 4, 5, 6, 7]
  lit2imprt: {0: -0.020515672980828896, 1: -0.1437361163374079, 2: 0.018057546110368226, 3: -0.00021414721577499087, 4: -0.0036814404585894084, 5: -0.09777445302903286, 6: -0.03700301906082485, 7: -0.052788368075743164}
  time: 0.03

inst: 89
  explaining: x1 = 1.0 AND x2 = 181.0 AND x3 = 64.0 AND x4 = 30.0 AND x5 = 180.0 AND x6 = 34.1 AND x7 = 0.328 AND x8 = 38.0
  expl: [0, 1, 2, 3, 4, 5, 6, 7]
  lit2imprt: {0: 0.033461031442319676, 1: 0.20171131132865422, 2: -0.01164127860649066, 3: -0.003874438758387967, 4: -0.0019623145207276725, 5: 0.1198849819644194, 6: 0.05725512432344345, 7: 0.07061513213470222}
  time: 0.03

inst: 90
  explaining: x1 = 5.0 AND x2 = 147.0 AND x3 = 75.0 AND x4 = 0.0 AND x5 = 0.0 AND x6 = 29.9 AND x7 = 0.434 AND x8 = 28.0
  expl: [0, 1, 2, 3, 4, 5, 6, 7]
  lit2imprt: {0: 0.03547466662788948, 1: 0.19359780466000878, 2: -0.007380124758977651, 3: -0.0003544349044427231, 4: -0.0022650559114642498, 5: 0.1270367646140555, 6: 0.0568128316858829, 7: 0.0671856482764597}
  time: 0.03

inst: 91
  explaining: x1 = 1.0 AND x2 = 97.0 AND x3 = 70.0 AND x4 = 15.0 AND x5 = 0.0 AND x6 = 18.2 AND x7 = 0.147 AND x8 = 21.0
  expl: [0, 1, 2, 3, 4, 5, 6, 7]
  lit2imprt: {0: -0.02462689410131464, 1: -0.16599624121396844, 2: 0.008483599895225095, 3: 0.0008140917125736012, 4: 0.005584171481705621, 5: -0.1136075696162123, 6: -0.051852005215056465, 7: -0.0618956451538156}
  time: 0.02

inst: 92
  explaining: x1 = 2.0 AND x2 = 83.0 AND x3 = 66.0 AND x4 = 23.0 AND x5 = 50.0 AND x6 = 32.2 AND x7 = 0.497 AND x8 = 22.0
  expl: [0, 1, 2, 3, 4, 5, 6, 7]
  lit2imprt: {0: -0.03193304111432852, 1: -0.1723927820410786, 2: 0.003134471309862686, 3: 0.0035244542566981747, 4: 0.008103013169512733, 5: -0.10978163964454854, 6: -0.0624557359006964, 7: -0.07591729524122108}
  time: 0.03

inst: 93
  explaining: x1 = 4.0 AND x2 = 117.0 AND x3 = 62.0 AND x4 = 12.0 AND x5 = 0.0 AND x6 = 29.7 AND x7 = 0.38 AND x8 = 30.0
  expl: [0, 1, 2, 3, 4, 5, 6, 7]
  lit2imprt: {0: -0.0319161310596541, 1: -0.18302794160319974, 2: 0.006116746433806511, 3: -0.0020290925069462408, 4: 0.0072604834907837095, 5: -0.12061017633127297, 6: -0.061173026123116404, 7: -0.0653305517559226}
  time: 0.03

inst: 94
  explaining: x1 = 0.0 AND x2 = 120.0 AND x3 = 74.0 AND x4 = 18.0 AND x5 = 63.0 AND x6 = 30.5 AND x7 = 0.285 AND x8 = 26.0
  expl: [0, 1, 2, 3, 4, 5, 6, 7]
  lit2imprt: {0: -0.03037639275332412, 1: -0.1801096655612737, 2: 0.01059297036237377, 3: 0.0024157176611619272, 4: 0.00489530007933573, 5: -0.11937233712240307, 6: -0.05873830876162201, 7: -0.07340698143975877}
  time: 0.03

inst: 95
  explaining: x1 = 0.0 AND x2 = 91.0 AND x3 = 68.0 AND x4 = 32.0 AND x5 = 210.0 AND x6 = 39.9 AND x7 = 0.381 AND x8 = 25.0
  expl: [0, 1, 2, 3, 4, 5, 6, 7]
  lit2imprt: {0: -0.0315383387110772, 1: -0.17559633551339054, 2: 0.011727045939819039, 3: 0.010994799363998801, 4: 0.0062567594289791055, 5: -0.10130404417443456, 6: -0.06263679316416942, 7: -0.08182164975361267}
  time: 0.02

inst: 96
  explaining: x1 = 2.0 AND x2 = 100.0 AND x3 = 54.0 AND x4 = 28.0 AND x5 = 105.0 AND x6 = 37.8 AND x7 = 0.498 AND x8 = 24.0
  expl: [0, 1, 2, 3, 4, 5, 6, 7]
  lit2imprt: {0: -0.032985726483128426, 1: -0.1831411237595397, 2: 0.010250947993335308, 3: 0.004055922574542194, 4: 0.007601213323809366, 5: -0.1062566694224398, 6: -0.06420915277574599, 7: -0.07527752978195439}
  time: 0.02

inst: 97
  explaining: x1 = 5.0 AND x2 = 86.0 AND x3 = 68.0 AND x4 = 28.0 AND x5 = 71.0 AND x6 = 30.2 AND x7 = 0.364 AND x8 = 24.0
  expl: [0, 1, 2, 3, 4, 5, 6, 7]
  lit2imprt: {0: -0.03555469674918656, 1: -0.17318607643377057, 2: 0.008456355260753565, 3: 0.010005352802923188, 4: 0.0037368322957319487, 5: -0.11585490028075368, 6: -0.061280351541885374, 7: -0.07152344537229119}
  time: 0.02

inst: 98
  explaining: x1 = 1.0 AND x2 = 71.0 AND x3 = 62.0 AND x4 = 0.0 AND x5 = 0.0 AND x6 = 21.8 AND x7 = 0.416 AND x8 = 26.0
  expl: [0, 1, 2, 3, 4, 5, 6, 7]
  lit2imprt: {0: -0.022927277732649933, 1: -0.1588757915449027, 2: 0.00778737735141856, 3: 0.0026372915492916113, 4: 0.00666568080743553, 5: -0.11793848567723077, 6: -0.05956003897787469, 7: -0.06565963288916603}
  time: 0.03

inst: 99
  explaining: x1 = 5.0 AND x2 = 88.0 AND x3 = 78.0 AND x4 = 30.0 AND x5 = 0.0 AND x6 = 27.6 AND x7 = 0.258 AND x8 = 37.0
  expl: [0, 1, 2, 3, 4, 5, 6, 7]
  lit2imprt: {0: -0.03046959634297423, 1: -0.17032812923396615, 2: 0.013738888277881282, 3: 0.008174869945410864, 4: 0.0007429992006269029, 5: -0.11599349145870377, 6: -0.06342340761089178, 7: -0.0626147396980666}
  time: 0.03
